Removed Pin From Net: NetName=GND Pin=C1-1
Removed Pin From Net: NetName=GND Pin=C3-1
Removed Pin From Net: NetName=GND Pin=C4-1
Removed Pin From Net: NetName=GND Pin=C5-1
Removed Pin From Net: NetName=GND Pin=C6-1
Removed Pin From Net: NetName=GND Pin=C7-1
Removed Pin From Net: NetName=GND Pin=C8-1
Removed Pin From Net: NetName=GND Pin=C9-1
Removed Pin From Net: NetName=GND Pin=C10-1
Removed Pin From Net: NetName=GND Pin=C11-1
Removed Pin From Net: NetName=GND Pin=C12-1
Removed Pin From Net: NetName=GND Pin=C13-1
Removed Pin From Net: NetName=GND Pin=C14-1
Removed Pin From Net: NetName=GND Pin=C15-1
Removed Pin From Net: NetName=GND Pin=C16-1
Removed Pin From Net: NetName=GND Pin=C17-1
Removed Pin From Net: NetName=GND Pin=C18-1
Removed Pin From Net: NetName=GND Pin=C19-1
Removed Pin From Net: NetName=GND Pin=C63-2
Removed Pin From Net: NetName=GND Pin=C65-1
Removed Pin From Net: NetName=GND Pin=C66-1
Removed Pin From Net: NetName=GND Pin=C70-2
Removed Pin From Net: NetName=GND Pin=C71-1
Removed Pin From Net: NetName=GND Pin=C?-2
Removed Pin From Net: NetName=GND Pin=K1-1
Removed Pin From Net: NetName=GND Pin=R1-1
Removed Pin From Net: NetName=GND Pin=R2-1
Removed Pin From Net: NetName=GND Pin=U1-16
Removed Pin From Net: NetName=GND Pin=U1-31
Removed Pin From Net: NetName=GND Pin=U1-38
Removed Pin From Net: NetName=GND Pin=U1-51
Removed Pin From Net: NetName=GND Pin=U1-61
Removed Pin From Net: NetName=GND Pin=U1-83
Removed Pin From Net: NetName=GND Pin=U1-94
Removed Pin From Net: NetName=GND Pin=U1-107
Removed Pin From Net: NetName=GND Pin=U1-120
Removed Pin From Net: NetName=GND Pin=U1-130
Removed Pin From Net: NetName=GND Pin=U2-6
Removed Pin From Net: NetName=GND Pin=U2-8
Removed Pin From Net: NetName=GND Pin=U2-10
Removed Pin From Net: NetName=GND Pin=U2-12
Removed Pin From Net: NetName=GND Pin=U2-14
Removed Pin From Net: NetName=GND Pin=U2-16
Removed Pin From Net: NetName=GND Pin=U2-18
Removed Pin From Net: NetName=GND Pin=U2-20
Removed Pin From Net: NetName=GND Pin=U?-3
Removed Pin From Net: NetName=GND Pin=U?-9
Removed Pin From Net: NetName=GND Pin=U?-14
Removed Pin From Net: NetName=GND Pin=U?-16
Removed Pin From Net: NetName=GND Pin=U?-19
Removed Pin From Net: NetName=GND Pin=U?-29
Removed Pin From Net: NetName=GND Pin=U?-48
Removed Pin From Net: NetName=GND Pin=X1-2
Removed Pin From Net: NetName=GND Pin=X1-4
Removed Pin From Net: NetName=GND Pin=X2-2
Removed Pin From Net: NetName=GND Pin=X2-4
Change Component DesignItemId : Designator=C1 Old DesignItemId=Capacitor New DesignItemId=Capacitor-0805
Change Component DesignItemId : Designator=C2 Old DesignItemId=Capacitor New DesignItemId=电解电容
Change Component DesignItemId : Designator=U2 Old DesignItemId=J New DesignItemId=LH10-10B15
Change Component DesignItemId : Designator=U1 Old DesignItemId=STM32F407Z New DesignItemId=FC-LX1D
Change Component DesignItemId : Designator=K1 Old DesignItemId=按键 New DesignItemId=开关
Change Component Footprint: Designator=C1 Old Footprint=0603 New Footprint=0805
Change Component Footprint: Designator=C2 Old Footprint=0603 New Footprint=贴片铝电容-8*10.3
Change Component Footprint: Designator=U2 Old Footprint=JTAG-20 New Footprint=LH10-10B15
Change Component Footprint: Designator=U1 Old Footprint=Stm32f407ZET6 - duplicate New Footprint=FC-LX1D
Change Component Footprint: Designator=K1 Old Footprint=贴片按键 New Footprint=T型接头
Change Component Comment : Designator=C2 Old Comment=Capacitor-0805 New Comment=电解电容
Change Component Comment : Designator=U2 Old Comment=JTAG New Comment=LH10-10B15
Change Component Comment : Designator=U1 Old Comment=STM32F407ZET6 New Comment=FC-LX1D
Change Component Comment : Designator=K1 Old Comment=按键 New Comment=开关
Added Component: Designator=D1(SMBJ20A)
Added Component: Designator=J1(三脚航空插头)
Added Component: Designator=P1(MOLEX-2)
Added Pin To Net: NetName=GND Pin=C1-2
Added Pin To Net: NetName=GND Pin=D1-1
Added Pin To Net: NetName=GND Pin=P1-2
Added Pin To Net: NetName=GND Pin=P1-2
Added Pin To Net: NetName=GND Pin=P1-2
Added Pin To Net: NetName=GND(AC) Pin=J1-3
Added Pin To Net: NetName=GND(AC) Pin=U1-1
Added Pin To Net: NetName=GND(AC) Pin=U2-1
Added Net: Name=GND(AC)
Added Pin To Net: NetName=NetJ1_1 Pin=J1-1
Added Pin To Net: NetName=NetJ1_1 Pin=K1-1
Added Net: Name=NetJ1_1
Added Pin To Net: NetName=NetJ1_2 Pin=J1-2
Added Pin To Net: NetName=NetJ1_2 Pin=U1-2
Added Net: Name=NetJ1_2
Added Pin To Net: NetName=NetK1_2 Pin=K1-2
Added Pin To Net: NetName=NetK1_2 Pin=U1-3
Added Net: Name=NetK1_2
Added Pin To Net: NetName=NetU1_4 Pin=U1-4
Added Pin To Net: NetName=NetU1_4 Pin=U2-3
Added Net: Name=NetU1_4
Added Pin To Net: NetName=NetU1_5 Pin=U1-5
Added Pin To Net: NetName=NetU1_5 Pin=U2-2
Added Net: Name=NetU1_5
Added Pin To Net: NetName=VCC15 Pin=C1-1
Added Pin To Net: NetName=VCC15 Pin=C2-2
Added Pin To Net: NetName=VCC15 Pin=D1-2
Added Pin To Net: NetName=VCC15 Pin=P1-1
Added Pin To Net: NetName=VCC15 Pin=U2-8
Added Net: Name=VCC15
Added Class: Name=HighPower
Added Room: Name=HighPower
