Added Component: Designator=B1(BNC)
Added Component: Designator=C1(0603)
Added Component: Designator=C2(0603)
Added Component: Designator=C3(0603)
Added Component: Designator=C4(0603)
Added Component: Designator=C5(0603)
Added Component: Designator=C6(0603)
Added Component: Designator=C7(0603)
Added Component: Designator=C8(0603)
Added Component: Designator=C9(0603)
Added Component: Designator=C10(0603)
Added Component: Designator=C11(0603)
Added Component: Designator=C12(0603)
Added Component: Designator=C13(0603)
Added Component: Designator=C14(0603)
Added Component: Designator=C15(0603)
Added Component: Designator=C16(0603)
Added Component: Designator=C17(0603)
Added Component: Designator=C18(0603)
Added Component: Designator=C19(0603)
Added Component: Designator=C20(0603)
Added Component: Designator=C21(0603)
Added Component: Designator=C22(0603)
Added Component: Designator=C23(0603)
Added Component: Designator=C24(0603)
Added Component: Designator=C25(0603)
Added Component: Designator=C26(0603)
Added Component: Designator=C27(0805)
Added Component: Designator=C28(3528)
Added Component: Designator=C29(0805)
Added Component: Designator=C30(0603)
Added Component: Designator=C31(贴片铝电容-8*10.3)
Added Component: Designator=C32(0805)
Added Component: Designator=C33(3528)
Added Component: Designator=C34(0805)
Added Component: Designator=C35(贴片铝电容-10*10)
Added Component: Designator=C36(0805)
Added Component: Designator=C37(贴片铝电容-8*10.3)
Added Component: Designator=C38(0805)
Added Component: Designator=C39(贴片铝电容-8*10.3)
Added Component: Designator=C40(0805)
Added Component: Designator=C41(0805)
Added Component: Designator=C42(贴片铝电容-10*10)
Added Component: Designator=C43(贴片铝电容-8*10.3)
Added Component: Designator=C44(0805)
Added Component: Designator=C45(0805)
Added Component: Designator=C46(贴片铝电容-8*10.3)
Added Component: Designator=C47(0805)
Added Component: Designator=C48(钽电容1206（A3216）)
Added Component: Designator=C49(钽电容1206（A3216）)
Added Component: Designator=C50(0805)
Added Component: Designator=C51(0805)
Added Component: Designator=C52(钽电容1206（A3216）)
Added Component: Designator=C53(钽电容1206（A3216）)
Added Component: Designator=C54(0805)
Added Component: Designator=C55(0805)
Added Component: Designator=C56(钽电容1206（A3216）)
Added Component: Designator=C57(钽电容1206（A3216）)
Added Component: Designator=C58(0805)
Added Component: Designator=C59(0603)
Added Component: Designator=C60(钽电容1206（A3216）)
Added Component: Designator=C61(0603)
Added Component: Designator=C62(0603)
Added Component: Designator=C63(0603)
Added Component: Designator=C64(0603)
Added Component: Designator=C65(0603)
Added Component: Designator=C66(钽电容1206（A3216）)
Added Component: Designator=C67(钽电容1206（A3216）)
Added Component: Designator=C68(0603)
Added Component: Designator=C69(0603)
Added Component: Designator=C70(0603)
Added Component: Designator=C71(0603)
Added Component: Designator=C72(0603)
Added Component: Designator=C73(钽电容1206（A3216）)
Added Component: Designator=C74(0603)
Added Component: Designator=C75(0603)
Added Component: Designator=C76(0603)
Added Component: Designator=C77(0603)
Added Component: Designator=C78(钽电容1206（A3216）)
Added Component: Designator=C79(钽电容1206（A3216）)
Added Component: Designator=C80(0603)
Added Component: Designator=C81(0603)
Added Component: Designator=C82(0603)
Added Component: Designator=C83(0603)
Added Component: Designator=C84(0603)
Added Component: Designator=C85(0603)
Added Component: Designator=C86(0603)
Added Component: Designator=C87(0603)
Added Component: Designator=C88(0603)
Added Component: Designator=C89(0603)
Added Component: Designator=C90(0603)
Added Component: Designator=C91(0603)
Added Component: Designator=C92(0603)
Added Component: Designator=C93(0603)
Added Component: Designator=C94(0603)
Added Component: Designator=C95(0603)
Added Component: Designator=C96(0603)
Added Component: Designator=C97(0603)
Added Component: Designator=C98(0603)
Added Component: Designator=C99(0603)
Added Component: Designator=C100(0603)
Added Component: Designator=C101(0603)
Added Component: Designator=C102(0603)
Added Component: Designator=C103(0603)
Added Component: Designator=C104(0603)
Added Component: Designator=C105(0603)
Added Component: Designator=C106(0603)
Added Component: Designator=C107(0603)
Added Component: Designator=C108(0603)
Added Component: Designator=C109(0603)
Added Component: Designator=C110(0603)
Added Component: Designator=C111(0603)
Added Component: Designator=C112(0603)
Added Component: Designator=C113(0603)
Added Component: Designator=C114(0603)
Added Component: Designator=C115(0603)
Added Component: Designator=C116(0603)
Added Component: Designator=C117(0603)
Added Component: Designator=C118(0805)
Added Component: Designator=C119(0603)
Added Component: Designator=C120(0603)
Added Component: Designator=C121(0603)
Added Component: Designator=C122(0603)
Added Component: Designator=C123(0603)
Added Component: Designator=D1(SMBJ20A)
Added Component: Designator=D2(IN5824)
Added Component: Designator=D3(IN5824)
Added Component: Designator=D4(IN5824)
Added Component: Designator=D5(IN5824)
Added Component: Designator=D6(IN5824)
Added Component: Designator=D7(IN5824)
Added Component: Designator=D8(IN5824)
Added Component: Designator=J1(DB9)
Added Component: Designator=J2(三脚航空插头)
Added Component: Designator=K1(贴片按键)
Added Component: Designator=K2(选择开关)
Added Component: Designator=K3(T型接头)
Added Component: Designator=K4(选择开关)
Added Component: Designator=L1(0805)
Added Component: Designator=L2(色环电感0307)
Added Component: Designator=L3(SLF6025   电感)
Added Component: Designator=L4(SLF6025   电感)
Added Component: Designator=L5(0805)
Added Component: Designator=L6(0805)
Added Component: Designator=L7(0805)
Added Component: Designator=L8(0805)
Added Component: Designator=L9(0805)
Added Component: Designator=L10(0805)
Added Component: Designator=L11(1206)
Added Component: Designator=L12(Inductor  12*12)
Added Component: Designator=L13(工字电感0608)
Added Component: Designator=LED1(外插小灯)
Added Component: Designator=LED2(外插小灯)
Added Component: Designator=LED3(外插小灯)
Added Component: Designator=LED4(外插小灯)
Added Component: Designator=LED5(外插小灯)
Added Component: Designator=LED6(外插小灯)
Added Component: Designator=LED7(外插小灯)
Added Component: Designator=LED8(外插小灯)
Added Component: Designator=Q1(BC847B)
Added Component: Designator=Q2(BC847B)
Added Component: Designator=Q3(BC847B)
Added Component: Designator=Q4(BC847B)
Added Component: Designator=Q5(BC847B)
Added Component: Designator=Q6(BC847B)
Added Component: Designator=Q7(BC847B)
Added Component: Designator=Q8(BC847B)
Added Component: Designator=Q9(BC847B)
Added Component: Designator=Q10(BC847B)
Added Component: Designator=Q11(BC847B)
Added Component: Designator=R1(0603)
Added Component: Designator=R2(0603)
Added Component: Designator=R3(0603)
Added Component: Designator=R4(0603)
Added Component: Designator=R5(0603)
Added Component: Designator=R6(0603)
Added Component: Designator=R7(0603)
Added Component: Designator=R8(0603)
Added Component: Designator=R9(0603)
Added Component: Designator=R10(0603)
Added Component: Designator=R11(0603)
Added Component: Designator=R12(0603)
Added Component: Designator=R13(0603)
Added Component: Designator=R14(0603)
Added Component: Designator=R15(0603)
Added Component: Designator=R16(0603)
Added Component: Designator=R17(0603)
Added Component: Designator=R18(0603)
Added Component: Designator=R19(0603)
Added Component: Designator=R20(0603)
Added Component: Designator=R21(0603)
Added Component: Designator=R22(0603)
Added Component: Designator=R23(0603)
Added Component: Designator=R24(0603)
Added Component: Designator=R25(0603)
Added Component: Designator=R26(0603)
Added Component: Designator=R27(0603)
Added Component: Designator=R28(0603)
Added Component: Designator=R29(0603)
Added Component: Designator=R30(0603)
Added Component: Designator=R31(0603)
Added Component: Designator=R32(0603)
Added Component: Designator=R33(0603)
Added Component: Designator=R34(0603)
Added Component: Designator=R35(0603)
Added Component: Designator=R36(0603)
Added Component: Designator=R37(0603)
Added Component: Designator=R38(0603)
Added Component: Designator=R39(0603)
Added Component: Designator=R40(0603)
Added Component: Designator=R41(0603)
Added Component: Designator=R42(0603)
Added Component: Designator=R43(0603)
Added Component: Designator=R44(0603)
Added Component: Designator=R45(0603)
Added Component: Designator=R46(0603)
Added Component: Designator=R47(0603)
Added Component: Designator=R48(0603)
Added Component: Designator=R49(0603)
Added Component: Designator=R50(0603)
Added Component: Designator=R51(0603)
Added Component: Designator=R52(0603)
Added Component: Designator=R53(0603)
Added Component: Designator=R54(0603)
Added Component: Designator=R55(0603)
Added Component: Designator=R56(0603)
Added Component: Designator=R57(0603)
Added Component: Designator=R58(0603)
Added Component: Designator=R59(0603)
Added Component: Designator=R60(0603)
Added Component: Designator=R61(0603)
Added Component: Designator=R62(0603)
Added Component: Designator=R63(0603)
Added Component: Designator=R64(0603)
Added Component: Designator=R65(0603)
Added Component: Designator=R66(0603)
Added Component: Designator=R67(0603)
Added Component: Designator=R68(0603)
Added Component: Designator=R69(0603)
Added Component: Designator=R70(0603)
Added Component: Designator=R71(0603)
Added Component: Designator=R72(0603)
Added Component: Designator=R73(0603)
Added Component: Designator=R74(0603)
Added Component: Designator=R75(0603)
Added Component: Designator=R76(0603)
Added Component: Designator=R77(0603)
Added Component: Designator=R78(0603)
Added Component: Designator=R79(0603)
Added Component: Designator=R80(0603)
Added Component: Designator=R81(0603)
Added Component: Designator=R82(0603)
Added Component: Designator=R83(0603)
Added Component: Designator=R84(0603)
Added Component: Designator=R85(0603)
Added Component: Designator=R86(0603)
Added Component: Designator=R87(0603)
Added Component: Designator=R88(0603)
Added Component: Designator=R89(0603)
Added Component: Designator=R90(0603)
Added Component: Designator=R91(0603)
Added Component: Designator=R92(0603)
Added Component: Designator=R93(0603)
Added Component: Designator=R94(0603)
Added Component: Designator=R95(0603)
Added Component: Designator=R96(0603)
Added Component: Designator=R97(0603)
Added Component: Designator=R98(0603)
Added Component: Designator=R99(0603)
Added Component: Designator=R100(0603)
Added Component: Designator=R101(0603)
Added Component: Designator=R102(0603)
Added Component: Designator=R103(0603)
Added Component: Designator=R104(0603)
Added Component: Designator=R105(0603)
Added Component: Designator=R106(0603)
Added Component: Designator=R107(0603)
Added Component: Designator=R108(0603)
Added Component: Designator=R109(0603)
Added Component: Designator=R110(0603)
Added Component: Designator=R111(0603)
Added Component: Designator=R112(0603)
Added Component: Designator=U1(Stm32f407ZET6 - duplicate)
Added Component: Designator=U2(JTAG-20)
Added Component: Designator=U3(AT24C02)
Added Component: Designator=U4(MAX3485)
Added Component: Designator=U5(MAX3232)
Added Component: Designator=U6(FDC6326L)
Added Component: Designator=U7(FC-LX1D)
Added Component: Designator=U8(LH10-10B15)
Added Component: Designator=U9(LM2596)
Added Component: Designator=U10(LM2596)
Added Component: Designator=U11(LM2596)
Added Component: Designator=U12(LT1963)
Added Component: Designator=U13(LT1963)
Added Component: Designator=U14(LT1963)
Added Component: Designator=U15(RJ45)
Added Component: Designator=U16(W5200-Chip)
Added Component: Designator=U17(RJ45)
Added Component: Designator=U18(W5200-Chip)
Added Component: Designator=U19(SM2200)
Added Component: Designator=U20(OPA564AIDWDR)
Added Component: Designator=X1(3225无源晶振)
Added Component: Designator=X2(3225无源晶振)
Added Component: Designator=X3(3225无源晶振)
Added Component: Designator=X4(3225无源晶振)
Added Pin To Net: NetName=GND Pin=B1-1
Added Pin To Net: NetName=GND Pin=B1-1
Added Pin To Net: NetName=GND Pin=B1-1
Added Pin To Net: NetName=GND Pin=B1-1
Added Pin To Net: NetName=SIGNAL Pin=B1-2
Added Pin To Net: NetName=GND Pin=C1-1
Added Pin To Net: NetName=VDD3.3 Pin=C1-2
Added Pin To Net: NetName=GND Pin=C2-1
Added Pin To Net: NetName=VDD3.3 Pin=C2-2
Added Pin To Net: NetName=GND Pin=C3-1
Added Pin To Net: NetName=VDD3.3 Pin=C3-2
Added Pin To Net: NetName=GND Pin=C4-1
Added Pin To Net: NetName=VDD3.3 Pin=C4-2
Added Pin To Net: NetName=GND Pin=C5-1
Added Pin To Net: NetName=VDD3.3 Pin=C5-2
Added Pin To Net: NetName=GND Pin=C6-1
Added Pin To Net: NetName=VDD3.3 Pin=C6-2
Added Pin To Net: NetName=GND Pin=C7-1
Added Pin To Net: NetName=VDD3.3 Pin=C7-2
Added Pin To Net: NetName=GND Pin=C8-1
Added Pin To Net: NetName=VDD3.3 Pin=C8-2
Added Pin To Net: NetName=GND Pin=C9-1
Added Pin To Net: NetName=VDD3.3 Pin=C9-2
Added Pin To Net: NetName=GND Pin=C10-1
Added Pin To Net: NetName=VDD3.3 Pin=C10-2
Added Pin To Net: NetName=GND Pin=C11-1
Added Pin To Net: NetName=VDD3.3 Pin=C11-2
Added Pin To Net: NetName=GND Pin=C12-1
Added Pin To Net: NetName=VDD3.3 Pin=C12-2
Added Pin To Net: NetName=GND Pin=C13-1
Added Pin To Net: NetName=NetC13_2 Pin=C13-2
Added Pin To Net: NetName=GND Pin=C14-1
Added Pin To Net: NetName=VDD Pin=C14-2
Added Pin To Net: NetName=GND Pin=C15-1
Added Pin To Net: NetName=NetC15_2 Pin=C15-2
Added Pin To Net: NetName=GND Pin=C16-1
Added Pin To Net: NetName=NetC16_2 Pin=C16-2
Added Pin To Net: NetName=GND Pin=C17-1
Added Pin To Net: NetName=OSC_IN Pin=C17-2
Added Pin To Net: NetName=GND Pin=C18-1
Added Pin To Net: NetName=NRST Pin=C18-2
Added Pin To Net: NetName=GND Pin=C19-1
Added Pin To Net: NetName=OSC_OUT Pin=C19-2
Added Pin To Net: NetName=VDD3.3 Pin=C20-1
Added Pin To Net: NetName=GND Pin=C20-2
Added Pin To Net: NetName=GND Pin=C21-1
Added Pin To Net: NetName=VDD3.3 Pin=C21-2
Added Pin To Net: NetName=GND Pin=C22-1
Added Pin To Net: NetName=VDD3.3 Pin=C22-2
Added Pin To Net: NetName=NetC23_1 Pin=C23-1
Added Pin To Net: NetName=NetC23_2 Pin=C23-2
Added Pin To Net: NetName=NetC24_1 Pin=C24-1
Added Pin To Net: NetName=GND Pin=C24-2
Added Pin To Net: NetName=NetC25_1 Pin=C25-1
Added Pin To Net: NetName=NetC25_2 Pin=C25-2
Added Pin To Net: NetName=NetC26_1 Pin=C26-1
Added Pin To Net: NetName=GND Pin=C26-2
Added Pin To Net: NetName=NetC27_1 Pin=C27-1
Added Pin To Net: NetName=AFE_VCC Pin=C27-2
Added Pin To Net: NetName=GND Pin=C28-1
Added Pin To Net: NetName=VCC15 Pin=C28-2
Added Pin To Net: NetName=GND Pin=C29-1
Added Pin To Net: NetName=VCC15 Pin=C29-2
Added Pin To Net: NetName=GND Pin=C30-1
Added Pin To Net: NetName=VDD3.3 Pin=C30-2
Added Pin To Net: NetName=GND Pin=C31-1
Added Pin To Net: NetName=VCC15 Pin=C31-2
Added Pin To Net: NetName=GND Pin=C32-1
Added Pin To Net: NetName=VCC15 Pin=C32-2
Added Pin To Net: NetName=GND Pin=C33-1
Added Pin To Net: NetName=AFE_VCC Pin=C33-2
Added Pin To Net: NetName=GND Pin=C34-1
Added Pin To Net: NetName=AFE_VCC Pin=C34-2
Added Pin To Net: NetName=GND Pin=C35-1
Added Pin To Net: NetName=VCC15 Pin=C35-2
Added Pin To Net: NetName=GND Pin=C36-1
Added Pin To Net: NetName=VCC15 Pin=C36-2
Added Pin To Net: NetName=GND Pin=C37-1
Added Pin To Net: NetName=VCC Pin=C37-2
Added Pin To Net: NetName=GND Pin=C38-1
Added Pin To Net: NetName=VCC Pin=C38-2
Added Pin To Net: NetName=GND Pin=C39-1
Added Pin To Net: NetName=VCC15 Pin=C39-2
Added Pin To Net: NetName=GND Pin=C40-1
Added Pin To Net: NetName=VCC15 Pin=C40-2
Added Pin To Net: NetName=GND Pin=C41-1
Added Pin To Net: NetName=VCC5 Pin=C41-2
Added Pin To Net: NetName=GND Pin=C42-1
Added Pin To Net: NetName=VCC15 Pin=C42-2
Added Pin To Net: NetName=GND Pin=C43-1
Added Pin To Net: NetName=VCC5 Pin=C43-2
Added Pin To Net: NetName=GND Pin=C44-1
Added Pin To Net: NetName=VCC15 Pin=C44-2
Added Pin To Net: NetName=GND Pin=C45-1
Added Pin To Net: NetName=VDD5 Pin=C45-2
Added Pin To Net: NetName=GND Pin=C46-1
Added Pin To Net: NetName=VDD5 Pin=C46-2
Added Pin To Net: NetName=VDD5 Pin=C47-1
Added Pin To Net: NetName=GND Pin=C47-2
Added Pin To Net: NetName=GND Pin=C48-1
Added Pin To Net: NetName=VDD5 Pin=C48-2
Added Pin To Net: NetName=GND Pin=C49-1
Added Pin To Net: NetName=VDD3.3 Pin=C49-2
Added Pin To Net: NetName=VDD3.3 Pin=C50-1
Added Pin To Net: NetName=GND Pin=C50-2
Added Pin To Net: NetName=VCC5 Pin=C51-1
Added Pin To Net: NetName=GND Pin=C51-2
Added Pin To Net: NetName=GND Pin=C52-1
Added Pin To Net: NetName=VCC5 Pin=C52-2
Added Pin To Net: NetName=GND Pin=C53-1
Added Pin To Net: NetName=VCC-3.3 Pin=C53-2
Added Pin To Net: NetName=VCC-3.3 Pin=C54-1
Added Pin To Net: NetName=GND Pin=C54-2
Added Pin To Net: NetName=VDD5 Pin=C55-1
Added Pin To Net: NetName=GND Pin=C55-2
Added Pin To Net: NetName=GND Pin=C56-1
Added Pin To Net: NetName=VDD5 Pin=C56-2
Added Pin To Net: NetName=GND Pin=C57-1
Added Pin To Net: NetName=VDD-3.3 Pin=C57-2
Added Pin To Net: NetName=VDD-3.3 Pin=C58-1
Added Pin To Net: NetName=GND Pin=C58-2
Added Pin To Net: NetName=3V3A1 Pin=C59-1
Added Pin To Net: NetName=GND Pin=C59-2
Added Pin To Net: NetName=GND Pin=C60-1
Added Pin To Net: NetName=1.8V1 Pin=C60-2
Added Pin To Net: NetName=GND Pin=C61-1
Added Pin To Net: NetName=1.8V1 Pin=C61-2
Added Pin To Net: NetName=NetC62_1 Pin=C62-1
Added Pin To Net: NetName=GND Pin=C62-2
Added Pin To Net: NetName=3V3D1 Pin=C63-1
Added Pin To Net: NetName=GND Pin=C63-2
Added Pin To Net: NetName=NetC64_1 Pin=C64-1
Added Pin To Net: NetName=GND Pin=C64-2
Added Pin To Net: NetName=GND Pin=C65-1
Added Pin To Net: NetName=XI1 Pin=C65-2
Added Pin To Net: NetName=GND Pin=C66-1
Added Pin To Net: NetName=VCC-3.3 Pin=C66-2
Added Pin To Net: NetName=GND Pin=C67-1
Added Pin To Net: NetName=XTALVDD1 Pin=C67-2
Added Pin To Net: NetName=GND Pin=C68-1
Added Pin To Net: NetName=VCC-3.3 Pin=C68-2
Added Pin To Net: NetName=GND Pin=C69-1
Added Pin To Net: NetName=XTALVDD1 Pin=C69-2
Added Pin To Net: NetName=3V3A1 Pin=C70-1
Added Pin To Net: NetName=GND Pin=C70-2
Added Pin To Net: NetName=GND Pin=C71-1
Added Pin To Net: NetName=XO1 Pin=C71-2
Added Pin To Net: NetName=3V3A2 Pin=C72-1
Added Pin To Net: NetName=GND Pin=C72-2
Added Pin To Net: NetName=GND Pin=C73-1
Added Pin To Net: NetName=1.8V2 Pin=C73-2
Added Pin To Net: NetName=GND Pin=C74-1
Added Pin To Net: NetName=1.8V2 Pin=C74-2
Added Pin To Net: NetName=NetC75_1 Pin=C75-1
Added Pin To Net: NetName=GND Pin=C75-2
Added Pin To Net: NetName=3V3D2 Pin=C76-1
Added Pin To Net: NetName=GND Pin=C76-2
Added Pin To Net: NetName=GND Pin=C77-1
Added Pin To Net: NetName=XI2 Pin=C77-2
Added Pin To Net: NetName=GND Pin=C78-1
Added Pin To Net: NetName=VCC-3.3 Pin=C78-2
Added Pin To Net: NetName=GND Pin=C79-1
Added Pin To Net: NetName=XTALVDD2 Pin=C79-2
Added Pin To Net: NetName=GND Pin=C80-1
Added Pin To Net: NetName=VCC-3.3 Pin=C80-2
Added Pin To Net: NetName=GND Pin=C81-1
Added Pin To Net: NetName=XTALVDD2 Pin=C81-2
Added Pin To Net: NetName=NetC82_1 Pin=C82-1
Added Pin To Net: NetName=GND Pin=C82-2
Added Pin To Net: NetName=GND Pin=C83-1
Added Pin To Net: NetName=XO2 Pin=C83-2
Added Pin To Net: NetName=3V3A2 Pin=C84-1
Added Pin To Net: NetName=GND Pin=C84-2
Added Pin To Net: NetName=NetC85_1 Pin=C85-1
Added Pin To Net: NetName=NetC85_2 Pin=C85-2
Added Pin To Net: NetName=GND Pin=C86-1
Added Pin To Net: NetName=VDD-3.3 Pin=C86-2
Added Pin To Net: NetName=NetC87_1 Pin=C87-1
Added Pin To Net: NetName=NetC87_2 Pin=C87-2
Added Pin To Net: NetName=NetC88_1 Pin=C88-1
Added Pin To Net: NetName=DAC_OUT Pin=C88-2
Added Pin To Net: NetName=GND Pin=C89-1
Added Pin To Net: NetName=NetC89_2 Pin=C89-2
Added Pin To Net: NetName=GND Pin=C90-1
Added Pin To Net: NetName=VDD2.5 Pin=C90-2
Added Pin To Net: NetName=GND Pin=C91-1
Added Pin To Net: NetName=VDD2.5 Pin=C91-2
Added Pin To Net: NetName=GND Pin=C92-1
Added Pin To Net: NetName=VDD2.5 Pin=C92-2
Added Pin To Net: NetName=GND Pin=C93-1
Added Pin To Net: NetName=VDD2.5 Pin=C93-2
Added Pin To Net: NetName=NetC94_1 Pin=C94-1
Added Pin To Net: NetName=NetC87_1 Pin=C94-2
Added Pin To Net: NetName=GND Pin=C95-1
Added Pin To Net: NetName=NetC95_2 Pin=C95-2
Added Pin To Net: NetName=SIGNAL Pin=C96-1
Added Pin To Net: NetName=NetC96_2 Pin=C96-2
Added Pin To Net: NetName=NetC97_1 Pin=C97-1
Added Pin To Net: NetName=GND Pin=C97-2
Added Pin To Net: NetName=GND Pin=C98-1
Added Pin To Net: NetName=VDD-3.3 Pin=C98-2
Added Pin To Net: NetName=GND Pin=C99-1
Added Pin To Net: NetName=VDD-3.3 Pin=C99-2
Added Pin To Net: NetName=GND Pin=C100-1
Added Pin To Net: NetName=VDD-3.3 Pin=C100-2
Added Pin To Net: NetName=GND Pin=C101-1
Added Pin To Net: NetName=VDD-3.3 Pin=C101-2
Added Pin To Net: NetName=GND Pin=C102-1
Added Pin To Net: NetName=BASE Pin=C102-2
Added Pin To Net: NetName=NetC103_1 Pin=C103-1
Added Pin To Net: NetName=GND Pin=C103-2
Added Pin To Net: NetName=GND Pin=C104-1
Added Pin To Net: NetName=VDD2.5 Pin=C104-2
Added Pin To Net: NetName=GND Pin=C105-1
Added Pin To Net: NetName=VDD2.5 Pin=C105-2
Added Pin To Net: NetName=GND Pin=C106-1
Added Pin To Net: NetName=NetC106_2 Pin=C106-2
Added Pin To Net: NetName=ADC_IN Pin=C107-1
Added Pin To Net: NetName=NetC107_2 Pin=C107-2
Added Pin To Net: NetName=GND Pin=C108-1
Added Pin To Net: NetName=VDD-3.3 Pin=C108-2
Added Pin To Net: NetName=GND Pin=C109-1
Added Pin To Net: NetName=VDD-3.3 Pin=C109-2
Added Pin To Net: NetName=GND Pin=C110-1
Added Pin To Net: NetName=VDD-3.3 Pin=C110-2
Added Pin To Net: NetName=GND Pin=C111-1
Added Pin To Net: NetName=VDD-3.3 Pin=C111-2
Added Pin To Net: NetName=GND Pin=C112-1
Added Pin To Net: NetName=VDD-3.3 Pin=C112-2
Added Pin To Net: NetName=GND Pin=C113-1
Added Pin To Net: NetName=VDD-3.3 Pin=C113-2
Added Pin To Net: NetName=GND Pin=C114-1
Added Pin To Net: NetName=VDD_CORE Pin=C114-2
Added Pin To Net: NetName=GND Pin=C115-1
Added Pin To Net: NetName=VDD_CORE Pin=C115-2
Added Pin To Net: NetName=GND Pin=C116-1
Added Pin To Net: NetName=VDD_CORE Pin=C116-2
Added Pin To Net: NetName=GND Pin=C117-1
Added Pin To Net: NetName=VDD_CORE Pin=C117-2
Added Pin To Net: NetName=NetC118_1 Pin=C118-1
Added Pin To Net: NetName=NetC118_2 Pin=C118-2
Added Pin To Net: NetName=NetC119_1 Pin=C119-1
Added Pin To Net: NetName=NetC119_2 Pin=C119-2
Added Pin To Net: NetName=NetC118_1 Pin=C120-1
Added Pin To Net: NetName=GND Pin=C120-2
Added Pin To Net: NetName=GND Pin=C121-2
Added Pin To Net: NetName=NetC122_1 Pin=C122-1
Added Pin To Net: NetName=GND Pin=C122-2
Added Pin To Net: NetName=XIN Pin=C123-1
Added Pin To Net: NetName=GND Pin=C123-2
Added Pin To Net: NetName=GND Pin=D1-1
Added Pin To Net: NetName=VCC15 Pin=D1-2
Added Pin To Net: NetName=GND Pin=D2-1
Added Pin To Net: NetName=NetD2_2 Pin=D2-2
Added Pin To Net: NetName=GND Pin=D3-1
Added Pin To Net: NetName=NetD3_2 Pin=D3-2
Added Pin To Net: NetName=GND Pin=D4-1
Added Pin To Net: NetName=NetD4_2 Pin=D4-2
Added Pin To Net: NetName=NetC85_1 Pin=D5-1
Added Pin To Net: NetName=AFE_VCC Pin=D5-2
Added Pin To Net: NetName=NetC96_2 Pin=D6-1
Added Pin To Net: NetName=AFE_VCC Pin=D6-2
Added Pin To Net: NetName=GND Pin=D7-1
Added Pin To Net: NetName=NetC85_1 Pin=D7-2
Added Pin To Net: NetName=GND Pin=D8-1
Added Pin To Net: NetName=NetC96_2 Pin=D8-2
Added Pin To Net: NetName=GND Pin=J1-0
Added Pin To Net: NetName=RS485_N Pin=J1-1
Added Pin To Net: NetName=RS232_RX Pin=J1-2
Added Pin To Net: NetName=RS232_TX Pin=J1-3
Added Pin To Net: NetName=GND Pin=J1-5
Added Pin To Net: NetName=RS485_P Pin=J1-6
Added Pin To Net: NetName=GND Pin=J1-10
Added Pin To Net: NetName=NetJ2_1 Pin=J2-1
Added Pin To Net: NetName=NetJ2_2 Pin=J2-2
Added Pin To Net: NetName=GND(AC) Pin=J2-3
Added Pin To Net: NetName=GND Pin=K1-1
Added Pin To Net: NetName=NRST Pin=K1-2
Added Pin To Net: NetName=NetK2_1 Pin=K2-1
Added Pin To Net: NetName=NetK2_1 Pin=K2-1
Added Pin To Net: NetName=NetK2_2 Pin=K2-2
Added Pin To Net: NetName=NetK2_2 Pin=K2-2
Added Pin To Net: NetName=VCC Pin=K2-3
Added Pin To Net: NetName=VCC Pin=K2-3
Added Pin To Net: NetName=NetJ2_1 Pin=K3-1
Added Pin To Net: NetName=NetK2_2 Pin=K3-2
Added Pin To Net: NetName=NetK4_1 Pin=K4-1
Added Pin To Net: NetName=NetK4_1 Pin=K4-1
Added Pin To Net: NetName=NetJ2_2 Pin=K4-2
Added Pin To Net: NetName=NetJ2_2 Pin=K4-2
Added Pin To Net: NetName=GND Pin=K4-3
Added Pin To Net: NetName=GND Pin=K4-3
Added Pin To Net: NetName=VDD3.3 Pin=L1-1
Added Pin To Net: NetName=VDD Pin=L1-2
Added Pin To Net: NetName=NetD2_2 Pin=L2-1
Added Pin To Net: NetName=VCC15 Pin=L2-2
Added Pin To Net: NetName=NetD3_2 Pin=L3-1
Added Pin To Net: NetName=VCC5 Pin=L3-2
Added Pin To Net: NetName=NetD4_2 Pin=L4-1
Added Pin To Net: NetName=VDD5 Pin=L4-2
Added Pin To Net: NetName=NetL5_1 Pin=L5-1
Added Pin To Net: NetName=1.8V1 Pin=L5-2
Added Pin To Net: NetName=VCC-3.3 Pin=L6-1
Added Pin To Net: NetName=3V3D1 Pin=L6-2
Added Pin To Net: NetName=VCC-3.3 Pin=L7-1
Added Pin To Net: NetName=3V3A1 Pin=L7-2
Added Pin To Net: NetName=NetL8_1 Pin=L8-1
Added Pin To Net: NetName=1.8V2 Pin=L8-2
Added Pin To Net: NetName=VCC-3.3 Pin=L9-1
Added Pin To Net: NetName=3V3D2 Pin=L9-2
Added Pin To Net: NetName=VCC-3.3 Pin=L10-1
Added Pin To Net: NetName=3V3A2 Pin=L10-2
Added Pin To Net: NetName=NetC85_1 Pin=L11-1
Added Pin To Net: NetName=NetC96_2 Pin=L11-2
Added Pin To Net: NetName=NetC118_1 Pin=L12-1
Added Pin To Net: NetName=NetC119_2 Pin=L12-2
Added Pin To Net: NetName=GND Pin=L13-1
Added Pin To Net: NetName=NetC118_1 Pin=L13-2
Added Pin To Net: NetName=VDD3.3 Pin=LED1-1
Added Pin To Net: NetName=NetLED1_2 Pin=LED1-2
Added Pin To Net: NetName=VDD3.3 Pin=LED2-1
Added Pin To Net: NetName=NetLED2_2 Pin=LED2-2
Added Pin To Net: NetName=VDD3.3 Pin=LED3-1
Added Pin To Net: NetName=NetLED3_2 Pin=LED3-2
Added Pin To Net: NetName=VDD3.3 Pin=LED4-1
Added Pin To Net: NetName=NetLED4_2 Pin=LED4-2
Added Pin To Net: NetName=VDD3.3 Pin=LED5-1
Added Pin To Net: NetName=NetLED5_2 Pin=LED5-2
Added Pin To Net: NetName=NetLED6_1 Pin=LED6-1
Added Pin To Net: NetName=GND Pin=LED6-2
Added Pin To Net: NetName=VDD-3.3 Pin=LED7-1
Added Pin To Net: NetName=NetLED7_2 Pin=LED7-2
Added Pin To Net: NetName=VDD-3.3 Pin=LED8-1
Added Pin To Net: NetName=NetLED8_2 Pin=LED8-2
Added Pin To Net: NetName=GND Pin=Q1-1
Added Pin To Net: NetName=NetQ1_2 Pin=Q1-2
Added Pin To Net: NetName=NetQ1_3 Pin=Q1-3
Added Pin To Net: NetName=GND Pin=Q2-1
Added Pin To Net: NetName=NetQ2_2 Pin=Q2-2
Added Pin To Net: NetName=NetQ2_3 Pin=Q2-3
Added Pin To Net: NetName=GND Pin=Q3-1
Added Pin To Net: NetName=NetQ3_2 Pin=Q3-2
Added Pin To Net: NetName=NetQ3_3 Pin=Q3-3
Added Pin To Net: NetName=GND Pin=Q4-1
Added Pin To Net: NetName=NetQ4_2 Pin=Q4-2
Added Pin To Net: NetName=NetQ4_3 Pin=Q4-3
Added Pin To Net: NetName=GND Pin=Q5-1
Added Pin To Net: NetName=NetQ5_2 Pin=Q5-2
Added Pin To Net: NetName=NetQ5_3 Pin=Q5-3
Added Pin To Net: NetName=GND Pin=Q6-1
Added Pin To Net: NetName=NetQ6_2 Pin=Q6-2
Added Pin To Net: NetName=NetQ6_3 Pin=Q6-3
Added Pin To Net: NetName=VDD3.3 Pin=Q7-1
Added Pin To Net: NetName=NetQ7_2 Pin=Q7-2
Added Pin To Net: NetName=NetQ7_3 Pin=Q7-3
Added Pin To Net: NetName=GND Pin=Q8-1
Added Pin To Net: NetName=NetQ8_2 Pin=Q8-2
Added Pin To Net: NetName=NetQ8_3 Pin=Q8-3
Added Pin To Net: NetName=GND Pin=Q9-1
Added Pin To Net: NetName=NetQ9_2 Pin=Q9-2
Added Pin To Net: NetName=NetQ9_3 Pin=Q9-3
Added Pin To Net: NetName=GND Pin=Q10-1
Added Pin To Net: NetName=NetQ10_2 Pin=Q10-2
Added Pin To Net: NetName=NetQ10_3 Pin=Q10-3
Added Pin To Net: NetName=GND Pin=Q11-1
Added Pin To Net: NetName=NetQ11_2 Pin=Q11-2
Added Pin To Net: NetName=NetQ11_3 Pin=Q11-3
Added Pin To Net: NetName=GND Pin=R1-1
Added Pin To Net: NetName=BOOT0 Pin=R1-2
Added Pin To Net: NetName=GND Pin=R2-1
Added Pin To Net: NetName=BOOT1 Pin=R2-2
Added Pin To Net: NetName=TCK Pin=R3-1
Added Pin To Net: NetName=VDD3.3 Pin=R3-2
Added Pin To Net: NetName=NTRST Pin=R4-1
Added Pin To Net: NetName=VDD3.3 Pin=R4-2
Added Pin To Net: NetName=TDI Pin=R5-1
Added Pin To Net: NetName=VDD3.3 Pin=R5-2
Added Pin To Net: NetName=TMS Pin=R6-1
Added Pin To Net: NetName=VDD3.3 Pin=R6-2
Added Pin To Net: NetName=TDO Pin=R7-1
Added Pin To Net: NetName=VDD3.3 Pin=R7-2
Added Pin To Net: NetName=NRST Pin=R8-1
Added Pin To Net: NetName=VDD3.3 Pin=R8-2
Added Pin To Net: NetName=NetR9_1 Pin=R9-1
Added Pin To Net: NetName=GND Pin=R9-2
Added Pin To Net: NetName=VDD3.3 Pin=R10-1
Added Pin To Net: NetName=NetR10_2 Pin=R10-2
Added Pin To Net: NetName=NetR11_1 Pin=R11-1
Added Pin To Net: NetName=NetR11_2 Pin=R11-2
Added Pin To Net: NetName=RS485_P Pin=R12-1
Added Pin To Net: NetName=NetR9_1 Pin=R12-2
Added Pin To Net: NetName=VDD3.3 Pin=R13-1
Added Pin To Net: NetName=NetR13_2 Pin=R13-2
Added Pin To Net: NetName=RS485_P Pin=R14-1
Added Pin To Net: NetName=RS485_N Pin=R14-2
Added Pin To Net: NetName=GND Pin=R15-1
Added Pin To Net: NetName=NetR15_2 Pin=R15-2
Added Pin To Net: NetName=RS485_N Pin=R16-1
Added Pin To Net: NetName=NetR16_2 Pin=R16-2
Added Pin To Net: NetName=VDD3.3 Pin=R17-1
Added Pin To Net: NetName=NetR16_2 Pin=R17-2
Added Pin To Net: NetName=NetR18_1 Pin=R18-1
Added Pin To Net: NetName=NetR18_2 Pin=R18-2
Added Pin To Net: NetName=NetQ1_3 Pin=R19-1
Added Pin To Net: NetName=NetLED1_2 Pin=R19-2
Added Pin To Net: NetName=NetQ2_3 Pin=R20-1
Added Pin To Net: NetName=NetLED2_2 Pin=R20-2
Added Pin To Net: NetName=NetQ3_3 Pin=R21-1
Added Pin To Net: NetName=NetLED3_2 Pin=R21-2
Added Pin To Net: NetName=NetQ4_3 Pin=R22-1
Added Pin To Net: NetName=NetLED4_2 Pin=R22-2
Added Pin To Net: NetName=NetQ1_2 Pin=R23-1
Added Pin To Net: NetName=NetR23_2 Pin=R23-2
Added Pin To Net: NetName=NetQ2_2 Pin=R24-1
Added Pin To Net: NetName=NetR24_2 Pin=R24-2
Added Pin To Net: NetName=NetQ3_2 Pin=R25-1
Added Pin To Net: NetName=NetR25_2 Pin=R25-2
Added Pin To Net: NetName=NetQ4_2 Pin=R26-1
Added Pin To Net: NetName=NetR26_2 Pin=R26-2
Added Pin To Net: NetName=NetR27_1 Pin=R27-1
Added Pin To Net: NetName=NetR27_2 Pin=R27-2
Added Pin To Net: NetName=NetR28_1 Pin=R28-1
Added Pin To Net: NetName=NetR28_2 Pin=R28-2
Added Pin To Net: NetName=NetQ5_3 Pin=R29-1
Added Pin To Net: NetName=NetLED5_2 Pin=R29-2
Added Pin To Net: NetName=NetQ5_2 Pin=R30-1
Added Pin To Net: NetName=NetR30_2 Pin=R30-2
Added Pin To Net: NetName=GND Pin=R31-1
Added Pin To Net: NetName=NetR31_2 Pin=R31-2
Added Pin To Net: NetName=VCC Pin=R32-1
Added Pin To Net: NetName=NetC27_1 Pin=R32-2
Added Pin To Net: NetName=NetR33_1 Pin=R33-1
Added Pin To Net: NetName=VDD3.3 Pin=R33-2
Added Pin To Net: NetName=GND Pin=R34-1
Added Pin To Net: NetName=NetR33_1 Pin=R34-2
Added Pin To Net: NetName=GND Pin=R35-1
Added Pin To Net: NetName=AFE_VCC Pin=R35-2
Added Pin To Net: NetName=NetLED6_1 Pin=R36-1
Added Pin To Net: NetName=VDD5 Pin=R36-2
Added Pin To Net: NetName=VDD5 Pin=R37-1
Added Pin To Net: NetName=NetQ6_3 Pin=R37-2
Added Pin To Net: NetName=NetQ6_2 Pin=R38-1
Added Pin To Net: NetName=NetR38_2 Pin=R38-2
Added Pin To Net: NetName=GND Pin=R39-1
Added Pin To Net: NetName=NetQ6_2 Pin=R39-2
Added Pin To Net: NetName=NetQ7_2 Pin=R40-1
Added Pin To Net: NetName=NetR40_2 Pin=R40-2
Added Pin To Net: NetName=GND Pin=R41-1
Added Pin To Net: NetName=NetQ7_3 Pin=R41-2
Added Pin To Net: NetName=GND Pin=R42-1
Added Pin To Net: NetName=PWDN1 Pin=R42-2
Added Pin To Net: NetName=3V3D1 Pin=R43-1
Added Pin To Net: NetName=1M0 Pin=R43-2
Added Pin To Net: NetName=NetR44_1 Pin=R44-1
Added Pin To Net: NetName=3V3A1 Pin=R44-2
Added Pin To Net: NetName=3V3D1 Pin=R45-1
Added Pin To Net: NetName=1M1 Pin=R45-2
Added Pin To Net: NetName=3V3D1 Pin=R46-1
Added Pin To Net: NetName=1M2 Pin=R46-2
Added Pin To Net: NetName=3V3D1 Pin=R47-1
Added Pin To Net: NetName=1M3 Pin=R47-2
Added Pin To Net: NetName=NetR48_1 Pin=R48-1
Added Pin To Net: NetName=3V3A1 Pin=R48-2
Added Pin To Net: NetName=3V3D1 Pin=R49-1
Added Pin To Net: NetName=RSV1 Pin=R49-2
Added Pin To Net: NetName=3V3D1 Pin=R50-1
Added Pin To Net: NetName=ANE1 Pin=R50-2
Added Pin To Net: NetName=3V3D1 Pin=R51-1
Added Pin To Net: NetName=DUP1 Pin=R51-2
Added Pin To Net: NetName=3V3D1 Pin=R52-1
Added Pin To Net: NetName=SPD1 Pin=R52-2
Added Pin To Net: NetName=3V3D1 Pin=R53-1
Added Pin To Net: NetName=RESET1 Pin=R53-2
Added Pin To Net: NetName=3V3D1 Pin=R54-1
Added Pin To Net: NetName=INT1 Pin=R54-2
Added Pin To Net: NetName=3V3D1 Pin=R55-1
Added Pin To Net: NetName=SCS1 Pin=R55-2
Added Pin To Net: NetName=TX1_P Pin=R56-1
Added Pin To Net: NetName=NetC62_1 Pin=R56-2
Added Pin To Net: NetName=GND Pin=R57-1
Added Pin To Net: NetName=NetR57_2 Pin=R57-2
Added Pin To Net: NetName=TX1_N Pin=R58-1
Added Pin To Net: NetName=NetC62_1 Pin=R58-2
Added Pin To Net: NetName=RX1_P Pin=R59-1
Added Pin To Net: NetName=NetC64_1 Pin=R59-2
Added Pin To Net: NetName=RX1_N Pin=R60-1
Added Pin To Net: NetName=NetC64_1 Pin=R60-2
Added Pin To Net: NetName=XI1 Pin=R61-1
Added Pin To Net: NetName=XO1 Pin=R61-2
Added Pin To Net: NetName=NetR62_1 Pin=R62-1
Added Pin To Net: NetName=3V3A2 Pin=R62-2
Added Pin To Net: NetName=GND Pin=R63-1
Added Pin To Net: NetName=PWDN2 Pin=R63-2
Added Pin To Net: NetName=3V3D2 Pin=R64-1
Added Pin To Net: NetName=2M0 Pin=R64-2
Added Pin To Net: NetName=NetR65_1 Pin=R65-1
Added Pin To Net: NetName=3V3A2 Pin=R65-2
Added Pin To Net: NetName=3V3D2 Pin=R66-1
Added Pin To Net: NetName=2M1 Pin=R66-2
Added Pin To Net: NetName=3V3D2 Pin=R67-1
Added Pin To Net: NetName=2M2 Pin=R67-2
Added Pin To Net: NetName=3V3D2 Pin=R68-1
Added Pin To Net: NetName=2M3 Pin=R68-2
Added Pin To Net: NetName=3V3D2 Pin=R69-1
Added Pin To Net: NetName=RSV2 Pin=R69-2
Added Pin To Net: NetName=3V3D2 Pin=R70-1
Added Pin To Net: NetName=ANE2 Pin=R70-2
Added Pin To Net: NetName=3V3D2 Pin=R71-1
Added Pin To Net: NetName=DUP2 Pin=R71-2
Added Pin To Net: NetName=3V3D2 Pin=R72-1
Added Pin To Net: NetName=SPD2 Pin=R72-2
Added Pin To Net: NetName=3V3D2 Pin=R73-1
Added Pin To Net: NetName=RESET2 Pin=R73-2
Added Pin To Net: NetName=3V3D2 Pin=R74-1
Added Pin To Net: NetName=INT2 Pin=R74-2
Added Pin To Net: NetName=3V3D2 Pin=R75-1
Added Pin To Net: NetName=SCS2 Pin=R75-2
Added Pin To Net: NetName=GND Pin=R76-1
Added Pin To Net: NetName=NetR76_2 Pin=R76-2
Added Pin To Net: NetName=TX2_P Pin=R77-1
Added Pin To Net: NetName=NetC75_1 Pin=R77-2
Added Pin To Net: NetName=TX2_N Pin=R78-1
Added Pin To Net: NetName=NetC75_1 Pin=R78-2
Added Pin To Net: NetName=RX2_P Pin=R79-1
Added Pin To Net: NetName=NetC82_1 Pin=R79-2
Added Pin To Net: NetName=XI2 Pin=R80-1
Added Pin To Net: NetName=XO2 Pin=R80-2
Added Pin To Net: NetName=RX2_N Pin=R81-1
Added Pin To Net: NetName=NetC82_1 Pin=R81-2
Added Pin To Net: NetName=NetC97_1 Pin=R82-1
Added Pin To Net: NetName=NetC85_1 Pin=R82-2
Added Pin To Net: NetName=NetC95_2 Pin=R83-1
Added Pin To Net: NetName=NetC87_1 Pin=R83-2
Added Pin To Net: NetName=NetC88_1 Pin=R84-1
Added Pin To Net: NetName=NetC95_2 Pin=R84-2
Added Pin To Net: NetName=NetC95_2 Pin=R85-1
Added Pin To Net: NetName=NetC87_2 Pin=R85-2
Added Pin To Net: NetName=NetC94_1 Pin=R86-1
Added Pin To Net: NetName=NetC97_1 Pin=R86-2
Added Pin To Net: NetName=NetC97_1 Pin=R87-1
Added Pin To Net: NetName=NetC85_2 Pin=R87-2
Added Pin To Net: NetName=BASE Pin=R88-1
Added Pin To Net: NetName=VDD-3.3 Pin=R88-2
Added Pin To Net: NetName=NetC103_1 Pin=R89-1
Added Pin To Net: NetName=AFE_VCC Pin=R89-2
Added Pin To Net: NetName=GND Pin=R90-1
Added Pin To Net: NetName=BASE Pin=R90-2
Added Pin To Net: NetName=GND Pin=R91-1
Added Pin To Net: NetName=NetC103_1 Pin=R91-2
Added Pin To Net: NetName=GND Pin=R92-1
Added Pin To Net: NetName=TX_EN Pin=R92-2
Added Pin To Net: NetName=GND Pin=R93-1
Added Pin To Net: NetName=NetC106_2 Pin=R93-2
Added Pin To Net: NetName=NetR94_1 Pin=R94-1
Added Pin To Net: NetName=ADC_IN Pin=R94-2
Added Pin To Net: NetName=NetC118_2 Pin=R95-1
Added Pin To Net: NetName=NetR94_1 Pin=R95-2
Added Pin To Net: NetName=NetC119_1 Pin=R96-1
Added Pin To Net: NetName=SIGNAL Pin=R96-2
Added Pin To Net: NetName=NetR94_1 Pin=R97-1
Added Pin To Net: NetName=NetC107_2 Pin=R97-2
Added Pin To Net: NetName=GND Pin=R98-1
Added Pin To Net: NetName=NetC118_1 Pin=R98-2
Added Pin To Net: NetName=NetQ8_3 Pin=R99-1
Added Pin To Net: NetName=NetC118_1 Pin=R99-2
Added Pin To Net: NetName=NetQ9_3 Pin=R100-1
Added Pin To Net: NetName=NetC118_1 Pin=R100-2
Added Pin To Net: NetName=INT Pin=R101-1
Added Pin To Net: NetName=VDD-3.3 Pin=R101-2
Added Pin To Net: NetName=RST1 Pin=R102-1
Added Pin To Net: NetName=VDD-3.3 Pin=R102-2
Added Pin To Net: NetName=NetQ9_2 Pin=R103-1
Added Pin To Net: NetName=AGC_0 Pin=R103-2
Added Pin To Net: NetName=BWSEL Pin=R104-1
Added Pin To Net: NetName=GND Pin=R104-2
Added Pin To Net: NetName=NetQ8_2 Pin=R105-1
Added Pin To Net: NetName=AGC_1 Pin=R105-2
Added Pin To Net: NetName=NetQ11_3 Pin=R106-1
Added Pin To Net: NetName=NetLED7_2 Pin=R106-2
Added Pin To Net: NetName=NetQ10_3 Pin=R107-1
Added Pin To Net: NetName=NetLED8_2 Pin=R107-2
Added Pin To Net: NetName=SHDN Pin=R108-1
Added Pin To Net: NetName=GND Pin=R108-2
Added Pin To Net: NetName=XOUT Pin=R109-1
Added Pin To Net: NetName=NetC122_1 Pin=R109-2
Added Pin To Net: NetName=NetQ11_2 Pin=R110-1
Added Pin To Net: NetName=TX_LED Pin=R110-2
Added Pin To Net: NetName=RX_LED Pin=R111-1
Added Pin To Net: NetName=NetQ10_2 Pin=R111-2
Added Pin To Net: NetName=XIN Pin=R112-1
Added Pin To Net: NetName=XOUT Pin=R112-2
Added Pin To Net: NetName=GND Pin=U1-16
Added Pin To Net: NetName=VDD3.3 Pin=U1-17
Added Pin To Net: NetName=OSC_IN Pin=U1-23
Added Pin To Net: NetName=OSC_OUT Pin=U1-24
Added Pin To Net: NetName=NRST Pin=U1-25
Added Pin To Net: NetName=VDD Pin=U1-30
Added Pin To Net: NetName=VDD Pin=U1-33
Added Pin To Net: NetName=INT Pin=U1-34
Added Pin To Net: NetName=RST1 Pin=U1-35
Added Pin To Net: NetName=RESET2 Pin=U1-36
Added Pin To Net: NetName=PWDN2 Pin=U1-37
Added Pin To Net: NetName=GND Pin=U1-38
Added Pin To Net: NetName=VDD3.3 Pin=U1-39
Added Pin To Net: NetName=SCS2 Pin=U1-40
Added Pin To Net: NetName=SCLK2 Pin=U1-41
Added Pin To Net: NetName=MISO2 Pin=U1-42
Added Pin To Net: NetName=MOSI2 Pin=U1-43
Added Pin To Net: NetName=INT2 Pin=U1-45
Added Pin To Net: NetName=BOOT1 Pin=U1-48
Added Pin To Net: NetName=GND Pin=U1-51
Added Pin To Net: NetName=VDD3.3 Pin=U1-52
Added Pin To Net: NetName=GND Pin=U1-61
Added Pin To Net: NetName=VDD3.3 Pin=U1-62
Added Pin To Net: NetName=RESET1 Pin=U1-65
Added Pin To Net: NetName=PWDN1 Pin=U1-66
Added Pin To Net: NetName=INT1 Pin=U1-67
Added Pin To Net: NetName=NetC16_2 Pin=U1-71
Added Pin To Net: NetName=VDD3.3 Pin=U1-72
Added Pin To Net: NetName=SCS1 Pin=U1-73
Added Pin To Net: NetName=SCLK1 Pin=U1-74
Added Pin To Net: NetName=MISO1 Pin=U1-75
Added Pin To Net: NetName=MOSI1 Pin=U1-76
Added Pin To Net: NetName=NetR18_1 Pin=U1-77
Added Pin To Net: NetName=NetR11_1 Pin=U1-78
Added Pin To Net: NetName=NetR15_2 Pin=U1-80
Added Pin To Net: NetName=NetR10_2 Pin=U1-81
Added Pin To Net: NetName=NetR13_2 Pin=U1-82
Added Pin To Net: NetName=GND Pin=U1-83
Added Pin To Net: NetName=VDD3.3 Pin=U1-84
Added Pin To Net: NetName=NetR40_2 Pin=U1-92
Added Pin To Net: NetName=GND Pin=U1-94
Added Pin To Net: NetName=VDD3.3 Pin=U1-95
Added Pin To Net: NetName=NetR28_1 Pin=U1-100
Added Pin To Net: NetName=NetR27_1 Pin=U1-101
Added Pin To Net: NetName=NetR38_2 Pin=U1-103
Added Pin To Net: NetName=TMS Pin=U1-105
Added Pin To Net: NetName=NetC13_2 Pin=U1-106
Added Pin To Net: NetName=GND Pin=U1-107
Added Pin To Net: NetName=VDD3.3 Pin=U1-108
Added Pin To Net: NetName=TCK Pin=U1-109
Added Pin To Net: NetName=TDI Pin=U1-110
Added Pin To Net: NetName=SPI3_CLK Pin=U1-111
Added Pin To Net: NetName=SPI3_MISO Pin=U1-112
Added Pin To Net: NetName=SPI3_MOSI Pin=U1-113
Added Pin To Net: NetName=SPI3_NSS Pin=U1-114
Added Pin To Net: NetName=GND Pin=U1-120
Added Pin To Net: NetName=VDD3.3 Pin=U1-121
Added Pin To Net: NetName=GND Pin=U1-130
Added Pin To Net: NetName=VDD3.3 Pin=U1-131
Added Pin To Net: NetName=TDO Pin=U1-133
Added Pin To Net: NetName=NTRST Pin=U1-134
Added Pin To Net: NetName=NetR30_2 Pin=U1-137
Added Pin To Net: NetName=BOOT0 Pin=U1-138
Added Pin To Net: NetName=NetR26_2 Pin=U1-139
Added Pin To Net: NetName=NetR23_2 Pin=U1-140
Added Pin To Net: NetName=NetR24_2 Pin=U1-141
Added Pin To Net: NetName=NetR25_2 Pin=U1-142
Added Pin To Net: NetName=GND Pin=U1-143
Added Pin To Net: NetName=VDD3.3 Pin=U1-144
Added Pin To Net: NetName=NetC15_2 Pin=U2-1
Added Pin To Net: NetName=NetC15_2 Pin=U2-2
Added Pin To Net: NetName=NTRST Pin=U2-3
Added Pin To Net: NetName=GND Pin=U2-4
Added Pin To Net: NetName=TDI Pin=U2-5
Added Pin To Net: NetName=GND Pin=U2-6
Added Pin To Net: NetName=TMS Pin=U2-7
Added Pin To Net: NetName=GND Pin=U2-8
Added Pin To Net: NetName=TCK Pin=U2-9
Added Pin To Net: NetName=GND Pin=U2-10
Added Pin To Net: NetName=GND Pin=U2-12
Added Pin To Net: NetName=TDO Pin=U2-13
Added Pin To Net: NetName=GND Pin=U2-14
Added Pin To Net: NetName=NRST Pin=U2-15
Added Pin To Net: NetName=GND Pin=U2-16
Added Pin To Net: NetName=GND Pin=U2-18
Added Pin To Net: NetName=GND Pin=U2-20
Added Pin To Net: NetName=GND Pin=U3-1
Added Pin To Net: NetName=GND Pin=U3-2
Added Pin To Net: NetName=GND Pin=U3-3
Added Pin To Net: NetName=GND Pin=U3-4
Added Pin To Net: NetName=NetR13_2 Pin=U3-5
Added Pin To Net: NetName=NetR10_2 Pin=U3-6
Added Pin To Net: NetName=GND Pin=U3-7
Added Pin To Net: NetName=VDD3.3 Pin=U3-8
Added Pin To Net: NetName=NetR11_2 Pin=U4-1
Added Pin To Net: NetName=NetR15_2 Pin=U4-2
Added Pin To Net: NetName=NetR15_2 Pin=U4-3
Added Pin To Net: NetName=NetR18_2 Pin=U4-4
Added Pin To Net: NetName=GND Pin=U4-5
Added Pin To Net: NetName=NetR16_2 Pin=U4-6
Added Pin To Net: NetName=NetR9_1 Pin=U4-7
Added Pin To Net: NetName=VDD3.3 Pin=U4-8
Added Pin To Net: NetName=NetC23_2 Pin=U5-1
Added Pin To Net: NetName=NetC24_1 Pin=U5-2
Added Pin To Net: NetName=NetC23_1 Pin=U5-3
Added Pin To Net: NetName=NetC25_2 Pin=U5-4
Added Pin To Net: NetName=NetC25_1 Pin=U5-5
Added Pin To Net: NetName=NetC26_1 Pin=U5-6
Added Pin To Net: NetName=RS232_RX Pin=U5-7
Added Pin To Net: NetName=RS232_TX Pin=U5-8
Added Pin To Net: NetName=NetR28_2 Pin=U5-9
Added Pin To Net: NetName=NetR27_2 Pin=U5-10
Added Pin To Net: NetName=GND Pin=U5-11
Added Pin To Net: NetName=GND Pin=U5-13
Added Pin To Net: NetName=GND Pin=U5-15
Added Pin To Net: NetName=VDD3.3 Pin=U5-16
Added Pin To Net: NetName=NetR31_2 Pin=U6-1
Added Pin To Net: NetName=AFE_VCC Pin=U6-2
Added Pin To Net: NetName=AFE_VCC Pin=U6-3
Added Pin To Net: NetName=VCC Pin=U6-4
Added Pin To Net: NetName=NetR33_1 Pin=U6-5
Added Pin To Net: NetName=NetC27_1 Pin=U6-6
Added Pin To Net: NetName=GND(AC) Pin=U7-1
Added Pin To Net: NetName=NetK4_1 Pin=U7-2
Added Pin To Net: NetName=NetK2_1 Pin=U7-3
Added Pin To Net: NetName=NetU7_4 Pin=U7-4
Added Pin To Net: NetName=NetU7_5 Pin=U7-5
Added Pin To Net: NetName=GND(AC) Pin=U8-1
Added Pin To Net: NetName=NetU7_5 Pin=U8-2
Added Pin To Net: NetName=NetU7_4 Pin=U8-3
Added Pin To Net: NetName=VCC15 Pin=U8-4
Added Pin To Net: NetName=GND Pin=U8-8
Added Pin To Net: NetName=VCC Pin=U9-1
Added Pin To Net: NetName=NetD2_2 Pin=U9-2
Added Pin To Net: NetName=GND Pin=U9-3
Added Pin To Net: NetName=VCC15 Pin=U9-4
Added Pin To Net: NetName=GND Pin=U9-5
Added Pin To Net: NetName=GND Pin=U9-6
Added Pin To Net: NetName=VCC15 Pin=U10-1
Added Pin To Net: NetName=NetD3_2 Pin=U10-2
Added Pin To Net: NetName=GND Pin=U10-3
Added Pin To Net: NetName=VCC5 Pin=U10-4
Added Pin To Net: NetName=NetQ6_3 Pin=U10-5
Added Pin To Net: NetName=GND Pin=U10-6
Added Pin To Net: NetName=VCC15 Pin=U11-1
Added Pin To Net: NetName=NetD4_2 Pin=U11-2
Added Pin To Net: NetName=GND Pin=U11-3
Added Pin To Net: NetName=VDD5 Pin=U11-4
Added Pin To Net: NetName=GND Pin=U11-5
Added Pin To Net: NetName=GND Pin=U11-6
Added Pin To Net: NetName=VDD3.3 Pin=U12-1
Added Pin To Net: NetName=VDD3.3 Pin=U12-2
Added Pin To Net: NetName=GND Pin=U12-3
Added Pin To Net: NetName=VDD5 Pin=U12-5
Added Pin To Net: NetName=GND Pin=U12-6
Added Pin To Net: NetName=GND Pin=U12-7
Added Pin To Net: NetName=VDD5 Pin=U12-8
Added Pin To Net: NetName=VCC-3.3 Pin=U13-1
Added Pin To Net: NetName=VCC-3.3 Pin=U13-2
Added Pin To Net: NetName=GND Pin=U13-3
Added Pin To Net: NetName=VCC5 Pin=U13-5
Added Pin To Net: NetName=GND Pin=U13-6
Added Pin To Net: NetName=GND Pin=U13-7
Added Pin To Net: NetName=VCC5 Pin=U13-8
Added Pin To Net: NetName=VDD-3.3 Pin=U14-1
Added Pin To Net: NetName=VDD-3.3 Pin=U14-2
Added Pin To Net: NetName=GND Pin=U14-3
Added Pin To Net: NetName=NetQ7_3 Pin=U14-5
Added Pin To Net: NetName=GND Pin=U14-6
Added Pin To Net: NetName=GND Pin=U14-7
Added Pin To Net: NetName=VDD5 Pin=U14-8
Added Pin To Net: NetName=TX1_P Pin=U15-1
Added Pin To Net: NetName=TX1_N Pin=U15-2
Added Pin To Net: NetName=RX1_P Pin=U15-3
Added Pin To Net: NetName=3V3A1 Pin=U15-4
Added Pin To Net: NetName=3V3A1 Pin=U15-5
Added Pin To Net: NetName=RX1_N Pin=U15-6
Added Pin To Net: NetName=GND Pin=U15-8
Added Pin To Net: NetName=NetR48_1 Pin=U15-9
Added Pin To Net: NetName=1M2 Pin=U15-10
Added Pin To Net: NetName=1M0 Pin=U15-11
Added Pin To Net: NetName=NetR44_1 Pin=U15-12
Added Pin To Net: NetName=XI1 Pin=U16-1
Added Pin To Net: NetName=XO1 Pin=U16-2
Added Pin To Net: NetName=1M2 Pin=U16-3
Added Pin To Net: NetName=1M1 Pin=U16-4
Added Pin To Net: NetName=1M0 Pin=U16-5
Added Pin To Net: NetName=1M3 Pin=U16-6
Added Pin To Net: NetName=RSV1 Pin=U16-7
Added Pin To Net: NetName=1.8V1 Pin=U16-8
Added Pin To Net: NetName=GND Pin=U16-9
Added Pin To Net: NetName=GND Pin=U16-10
Added Pin To Net: NetName=3V3A1 Pin=U16-11
Added Pin To Net: NetName=NetR57_2 Pin=U16-12
Added Pin To Net: NetName=GND Pin=U16-13
Added Pin To Net: NetName=NetL5_1 Pin=U16-14
Added Pin To Net: NetName=3V3A1 Pin=U16-15
Added Pin To Net: NetName=XTALVDD1 Pin=U16-16
Added Pin To Net: NetName=TX1_P Pin=U16-17
Added Pin To Net: NetName=TX1_N Pin=U16-18
Added Pin To Net: NetName=GND Pin=U16-19
Added Pin To Net: NetName=RX1_P Pin=U16-20
Added Pin To Net: NetName=RX1_N Pin=U16-21
Added Pin To Net: NetName=GND Pin=U16-22
Added Pin To Net: NetName=3V3A1 Pin=U16-23
Added Pin To Net: NetName=GND Pin=U16-24
Added Pin To Net: NetName=1.8V1 Pin=U16-25
Added Pin To Net: NetName=GND Pin=U16-26
Added Pin To Net: NetName=3V3D1 Pin=U16-27
Added Pin To Net: NetName=GND Pin=U16-28
Added Pin To Net: NetName=ANE1 Pin=U16-29
Added Pin To Net: NetName=DUP1 Pin=U16-30
Added Pin To Net: NetName=SPD1 Pin=U16-31
Added Pin To Net: NetName=GND Pin=U16-32
Added Pin To Net: NetName=GND Pin=U16-33
Added Pin To Net: NetName=GND Pin=U16-34
Added Pin To Net: NetName=GND Pin=U16-35
Added Pin To Net: NetName=GND Pin=U16-36
Added Pin To Net: NetName=GND Pin=U16-37
Added Pin To Net: NetName=GND Pin=U16-38
Added Pin To Net: NetName=GND Pin=U16-39
Added Pin To Net: NetName=INT1 Pin=U16-40
Added Pin To Net: NetName=SCS1 Pin=U16-41
Added Pin To Net: NetName=SCLK1 Pin=U16-42
Added Pin To Net: NetName=MOSI1 Pin=U16-43
Added Pin To Net: NetName=MISO1 Pin=U16-44
Added Pin To Net: NetName=PWDN1 Pin=U16-45
Added Pin To Net: NetName=RESET1 Pin=U16-46
Added Pin To Net: NetName=3V3D1 Pin=U16-47
Added Pin To Net: NetName=GND Pin=U16-48
Added Pin To Net: NetName=TX2_P Pin=U17-1
Added Pin To Net: NetName=TX2_N Pin=U17-2
Added Pin To Net: NetName=RX2_P Pin=U17-3
Added Pin To Net: NetName=3V3A2 Pin=U17-4
Added Pin To Net: NetName=3V3A2 Pin=U17-5
Added Pin To Net: NetName=RX2_N Pin=U17-6
Added Pin To Net: NetName=GND Pin=U17-8
Added Pin To Net: NetName=NetR65_1 Pin=U17-9
Added Pin To Net: NetName=2M2 Pin=U17-10
Added Pin To Net: NetName=2M0 Pin=U17-11
Added Pin To Net: NetName=NetR62_1 Pin=U17-12
Added Pin To Net: NetName=XI2 Pin=U18-1
Added Pin To Net: NetName=XO2 Pin=U18-2
Added Pin To Net: NetName=2M2 Pin=U18-3
Added Pin To Net: NetName=2M1 Pin=U18-4
Added Pin To Net: NetName=2M0 Pin=U18-5
Added Pin To Net: NetName=2M3 Pin=U18-6
Added Pin To Net: NetName=RSV2 Pin=U18-7
Added Pin To Net: NetName=1.8V2 Pin=U18-8
Added Pin To Net: NetName=GND Pin=U18-9
Added Pin To Net: NetName=GND Pin=U18-10
Added Pin To Net: NetName=3V3A2 Pin=U18-11
Added Pin To Net: NetName=NetR76_2 Pin=U18-12
Added Pin To Net: NetName=GND Pin=U18-13
Added Pin To Net: NetName=NetL8_1 Pin=U18-14
Added Pin To Net: NetName=3V3A2 Pin=U18-15
Added Pin To Net: NetName=XTALVDD2 Pin=U18-16
Added Pin To Net: NetName=TX2_P Pin=U18-17
Added Pin To Net: NetName=TX2_N Pin=U18-18
Added Pin To Net: NetName=GND Pin=U18-19
Added Pin To Net: NetName=RX2_P Pin=U18-20
Added Pin To Net: NetName=RX2_N Pin=U18-21
Added Pin To Net: NetName=GND Pin=U18-22
Added Pin To Net: NetName=3V3A2 Pin=U18-23
Added Pin To Net: NetName=GND Pin=U18-24
Added Pin To Net: NetName=1.8V2 Pin=U18-25
Added Pin To Net: NetName=GND Pin=U18-26
Added Pin To Net: NetName=3V3D2 Pin=U18-27
Added Pin To Net: NetName=GND Pin=U18-28
Added Pin To Net: NetName=ANE2 Pin=U18-29
Added Pin To Net: NetName=DUP2 Pin=U18-30
Added Pin To Net: NetName=SPD2 Pin=U18-31
Added Pin To Net: NetName=GND Pin=U18-32
Added Pin To Net: NetName=GND Pin=U18-33
Added Pin To Net: NetName=GND Pin=U18-34
Added Pin To Net: NetName=GND Pin=U18-35
Added Pin To Net: NetName=GND Pin=U18-36
Added Pin To Net: NetName=GND Pin=U18-37
Added Pin To Net: NetName=GND Pin=U18-38
Added Pin To Net: NetName=GND Pin=U18-39
Added Pin To Net: NetName=INT2 Pin=U18-40
Added Pin To Net: NetName=SCS2 Pin=U18-41
Added Pin To Net: NetName=SCLK2 Pin=U18-42
Added Pin To Net: NetName=MOSI2 Pin=U18-43
Added Pin To Net: NetName=MISO2 Pin=U18-44
Added Pin To Net: NetName=PWDN2 Pin=U18-45
Added Pin To Net: NetName=RESET2 Pin=U18-46
Added Pin To Net: NetName=3V3D2 Pin=U18-47
Added Pin To Net: NetName=GND Pin=U18-48
Added Pin To Net: NetName=ADC_IN Pin=U19-1
Added Pin To Net: NetName=BASE Pin=U19-2
Added Pin To Net: NetName=NetC107_2 Pin=U19-3
Added Pin To Net: NetName=NetC87_1 Pin=U19-4
Added Pin To Net: NetName=BASE Pin=U19-5
Added Pin To Net: NetName=NetC87_2 Pin=U19-6
Added Pin To Net: NetName=GND Pin=U19-7
Added Pin To Net: NetName=VDD2.5 Pin=U19-8
Added Pin To Net: NetName=VDD-3.3 Pin=U19-9
Added Pin To Net: NetName=GND Pin=U19-10
Added Pin To Net: NetName=DAC_OUT Pin=U19-11
Added Pin To Net: NetName=VDD2.5 Pin=U19-12
Added Pin To Net: NetName=GND Pin=U19-13
Added Pin To Net: NetName=VDD2.5 Pin=U19-14
Added Pin To Net: NetName=TX_EN Pin=U19-15
Added Pin To Net: NetName=AGC_1 Pin=U19-16
Added Pin To Net: NetName=GND Pin=U19-17
Added Pin To Net: NetName=VDD-3.3 Pin=U19-18
Added Pin To Net: NetName=GND Pin=U19-19
Added Pin To Net: NetName=VDD_CORE Pin=U19-20
Added Pin To Net: NetName=AGC_0 Pin=U19-21
Added Pin To Net: NetName=TX_LED Pin=U19-22
Added Pin To Net: NetName=RX_LED Pin=U19-23
Added Pin To Net: NetName=RST1 Pin=U19-24
Added Pin To Net: NetName=INT Pin=U19-25
Added Pin To Net: NetName=BWSEL Pin=U19-26
Added Pin To Net: NetName=GND Pin=U19-27
Added Pin To Net: NetName=SHDN Pin=U19-28
Added Pin To Net: NetName=VDD-3.3 Pin=U19-29
Added Pin To Net: NetName=XIN Pin=U19-30
Added Pin To Net: NetName=XOUT Pin=U19-31
Added Pin To Net: NetName=GND Pin=U19-32
Added Pin To Net: NetName=SPI3_MISO Pin=U19-33
Added Pin To Net: NetName=SPI3_MOSI Pin=U19-34
Added Pin To Net: NetName=SPI3_CLK Pin=U19-35
Added Pin To Net: NetName=SPI3_NSS Pin=U19-36
Added Pin To Net: NetName=GND Pin=U19-37
Added Pin To Net: NetName=GND Pin=U19-38
Added Pin To Net: NetName=GND Pin=U19-39
Added Pin To Net: NetName=VDD-3.3 Pin=U19-40
Added Pin To Net: NetName=GND Pin=U19-41
Added Pin To Net: NetName=VDD_CORE Pin=U19-42
Added Pin To Net: NetName=GND Pin=U19-43
Added Pin To Net: NetName=VDD2.5 Pin=U19-44
Added Pin To Net: NetName=VDD-3.3 Pin=U19-45
Added Pin To Net: NetName=GND Pin=U19-46
Added Pin To Net: NetName=NetC89_2 Pin=U19-47
Added Pin To Net: NetName=ADC_IN Pin=U19-48
Added Pin To Net: NetName=GND Pin=U20-1
Added Pin To Net: NetName=GND Pin=U20-1
Added Pin To Net: NetName=GND Pin=U20-1
Added Pin To Net: NetName=GND Pin=U20-1
Added Pin To Net: NetName=GND Pin=U20-1
Added Pin To Net: NetName=GND Pin=U20-1
Added Pin To Net: NetName=AFE_VCC Pin=U20-2
Added Pin To Net: NetName=AFE_VCC Pin=U20-2
Added Pin To Net: NetName=AFE_VCC Pin=U20-2
Added Pin To Net: NetName=AFE_VCC Pin=U20-2
Added Pin To Net: NetName=TX_EN Pin=U20-4
Added Pin To Net: NetName=NetC103_1 Pin=U20-5
Added Pin To Net: NetName=NetC85_2 Pin=U20-6
Added Pin To Net: NetName=VDD-3.3 Pin=U20-7
Added Pin To Net: NetName=NetC106_2 Pin=U20-9
Added Pin To Net: NetName=NetC85_1 Pin=U20-15
Added Pin To Net: NetName=NetC85_1 Pin=U20-15
Added Pin To Net: NetName=OSC_IN Pin=X1-1
Added Pin To Net: NetName=GND Pin=X1-2
Added Pin To Net: NetName=OSC_OUT Pin=X1-3
Added Pin To Net: NetName=GND Pin=X1-4
Added Pin To Net: NetName=XI1 Pin=X2-1
Added Pin To Net: NetName=GND Pin=X2-2
Added Pin To Net: NetName=XO1 Pin=X2-3
Added Pin To Net: NetName=GND Pin=X2-4
Added Pin To Net: NetName=XI2 Pin=X3-1
Added Pin To Net: NetName=GND Pin=X3-2
Added Pin To Net: NetName=XO2 Pin=X3-3
Added Pin To Net: NetName=GND Pin=X3-4
Added Pin To Net: NetName=XIN Pin=X4-1
Added Pin To Net: NetName=GND Pin=X4-2
Added Pin To Net: NetName=NetC122_1 Pin=X4-3
Added Pin To Net: NetName=GND Pin=X4-4
Added Member To Class: ClassName=U_SM2200 Member=Component B1 BNC
Added Member To Class: ClassName=U_MCU Member=Component C1 Capacitor-0805
Added Member To Class: ClassName=U_MCU Member=Component C2 Capacitor-0805
Added Member To Class: ClassName=U_MCU Member=Component C3 Capacitor-0805
Added Member To Class: ClassName=U_MCU Member=Component C4 Capacitor-0805
Added Member To Class: ClassName=U_MCU Member=Component C5 Capacitor-0805
Added Member To Class: ClassName=U_MCU Member=Component C6 Capacitor-0805
Added Member To Class: ClassName=U_MCU Member=Component C7 Capacitor-0805
Added Member To Class: ClassName=U_MCU Member=Component C8 Capacitor-0805
Added Member To Class: ClassName=U_MCU Member=Component C9 Capacitor-0805
Added Member To Class: ClassName=U_MCU Member=Component C10 Capacitor-0805
Added Member To Class: ClassName=U_MCU Member=Component C11 Capacitor-0805
Added Member To Class: ClassName=U_MCU Member=Component C12 Capacitor-0805
Added Member To Class: ClassName=U_MCU Member=Component C13 Capacitor-0603
Added Member To Class: ClassName=U_MCU Member=Component C14 Capacitor-0805
Added Member To Class: ClassName=U_MCU Member=Component C15 Capacitor-0805
Added Member To Class: ClassName=U_MCU Member=Component C16 Capacitor-0603
Added Member To Class: ClassName=U_MCU Member=Component C17 Capacitor-0805
Added Member To Class: ClassName=U_MCU Member=Component C18 Capacitor-0805
Added Member To Class: ClassName=U_MCU Member=Component C19 Capacitor-0805
Added Member To Class: ClassName=U_Module Member=Component C20 Capacitor-0603
Added Member To Class: ClassName=U_Module Member=Component C21 Capacitor-0603
Added Member To Class: ClassName=U_Module Member=Component C22 Capacitor-0603
Added Member To Class: ClassName=U_Module Member=Component C23 Capacitor-0603
Added Member To Class: ClassName=U_Module Member=Component C24 Capacitor-0603
Added Member To Class: ClassName=U_Module Member=Component C25 Capacitor-0603
Added Member To Class: ClassName=U_Module Member=Component C26 Capacitor-0603
Added Member To Class: ClassName=U_Power Member=Component C27 Capacitor-0805
Added Member To Class: ClassName=U_Power Member=Component C28 电解电容
Added Member To Class: ClassName=U_Power Member=Component C29 Capacitor-0805
Added Member To Class: ClassName=U_Power Member=Component C30 Capacitor-0805
Added Member To Class: ClassName=U_Power Member=Component C31 电解电容
Added Member To Class: ClassName=U_Power Member=Component C32 Capacitor-0805
Added Member To Class: ClassName=U_Power Member=Component C33 电解电容
Added Member To Class: ClassName=U_Power Member=Component C34 Capacitor-0805
Added Member To Class: ClassName=U_Power Member=Component C35 电解电容
Added Member To Class: ClassName=U_Power Member=Component C36 Capacitor-0805
Added Member To Class: ClassName=U_Power Member=Component C37 电解电容
Added Member To Class: ClassName=U_Power Member=Component C38 Capacitor-0805
Added Member To Class: ClassName=U_Power Member=Component C39 电解电容
Added Member To Class: ClassName=U_Power Member=Component C40 Capacitor-0805
Added Member To Class: ClassName=U_Power Member=Component C41 Capacitor-0805
Added Member To Class: ClassName=U_Power Member=Component C42 电解电容
Added Member To Class: ClassName=U_Power Member=Component C43 电解电容
Added Member To Class: ClassName=U_Power Member=Component C44 Capacitor-0805
Added Member To Class: ClassName=U_Power Member=Component C45 Capacitor-0805
Added Member To Class: ClassName=U_Power Member=Component C46 电解电容
Added Member To Class: ClassName=U_Power Member=Component C47 Capacitor-0805
Added Member To Class: ClassName=U_Power Member=Component C48 电解电容
Added Member To Class: ClassName=U_Power Member=Component C49 电解电容
Added Member To Class: ClassName=U_Power Member=Component C50 Capacitor-0805
Added Member To Class: ClassName=U_Power Member=Component C51 Capacitor-0805
Added Member To Class: ClassName=U_Power Member=Component C52 电解电容
Added Member To Class: ClassName=U_Power Member=Component C53 电解电容
Added Member To Class: ClassName=U_Power Member=Component C54 Capacitor-0805
Added Member To Class: ClassName=U_Power Member=Component C55 Capacitor-0805
Added Member To Class: ClassName=U_Power Member=Component C56 电解电容
Added Member To Class: ClassName=U_Power Member=Component C57 电解电容
Added Member To Class: ClassName=U_Power Member=Component C58 Capacitor-0805
Added Member To Class: ClassName=U_RJ45-1 Member=Component C59 Capacitor-0603
Added Member To Class: ClassName=U_RJ45-1 Member=Component C60 电解电容
Added Member To Class: ClassName=U_RJ45-1 Member=Component C61 Capacitor-0603
Added Member To Class: ClassName=U_RJ45-1 Member=Component C62 Capacitor-0603
Added Member To Class: ClassName=U_RJ45-1 Member=Component C63 Capacitor-0603
Added Member To Class: ClassName=U_RJ45-1 Member=Component C64 Capacitor-0603
Added Member To Class: ClassName=U_RJ45-1 Member=Component C65 Capacitor-0603
Added Member To Class: ClassName=U_RJ45-1 Member=Component C66 电解电容
Added Member To Class: ClassName=U_RJ45-1 Member=Component C67 电解电容
Added Member To Class: ClassName=U_RJ45-1 Member=Component C68 Capacitor-0603
Added Member To Class: ClassName=U_RJ45-1 Member=Component C69 Capacitor-0603
Added Member To Class: ClassName=U_RJ45-1 Member=Component C70 Capacitor-0603
Added Member To Class: ClassName=U_RJ45-1 Member=Component C71 Capacitor-0603
Added Member To Class: ClassName=U_RJ45-2 Member=Component C72 Capacitor-0603
Added Member To Class: ClassName=U_RJ45-2 Member=Component C73 电解电容
Added Member To Class: ClassName=U_RJ45-2 Member=Component C74 Capacitor-0603
Added Member To Class: ClassName=U_RJ45-2 Member=Component C75 Capacitor-0603
Added Member To Class: ClassName=U_RJ45-2 Member=Component C76 Capacitor-0603
Added Member To Class: ClassName=U_RJ45-2 Member=Component C77 Capacitor-0603
Added Member To Class: ClassName=U_RJ45-2 Member=Component C78 电解电容
Added Member To Class: ClassName=U_RJ45-2 Member=Component C79 电解电容
Added Member To Class: ClassName=U_RJ45-2 Member=Component C80 Capacitor-0603
Added Member To Class: ClassName=U_RJ45-2 Member=Component C81 Capacitor-0603
Added Member To Class: ClassName=U_RJ45-2 Member=Component C82 Capacitor-0603
Added Member To Class: ClassName=U_RJ45-2 Member=Component C83 Capacitor-0603
Added Member To Class: ClassName=U_RJ45-2 Member=Component C84 Capacitor-0603
Added Member To Class: ClassName=U_SM2200 Member=Component C85 Capacitor-0603
Added Member To Class: ClassName=U_SM2200 Member=Component C86 Capacitor-0603
Added Member To Class: ClassName=U_SM2200 Member=Component C87 Capacitor-0603
Added Member To Class: ClassName=U_SM2200 Member=Component C88 Capacitor-0603
Added Member To Class: ClassName=U_SM2200 Member=Component C89 Capacitor-0805
Added Member To Class: ClassName=U_SM2200 Member=Component C90 Capacitor-0805
Added Member To Class: ClassName=U_SM2200 Member=Component C91 Capacitor-0805
Added Member To Class: ClassName=U_SM2200 Member=Component C92 Capacitor-0805
Added Member To Class: ClassName=U_SM2200 Member=Component C93 Capacitor-0805
Added Member To Class: ClassName=U_SM2200 Member=Component C94 Capacitor-0603
Added Member To Class: ClassName=U_SM2200 Member=Component C95 Capacitor-0603
Added Member To Class: ClassName=U_SM2200 Member=Component C96 Capacitor-0603
Added Member To Class: ClassName=U_SM2200 Member=Component C97 Capacitor-0603
Added Member To Class: ClassName=U_SM2200 Member=Component C98 Capacitor-0805
Added Member To Class: ClassName=U_SM2200 Member=Component C99 Capacitor-0805
Added Member To Class: ClassName=U_SM2200 Member=Component C100 Capacitor-0805
Added Member To Class: ClassName=U_SM2200 Member=Component C101 Capacitor-0805
Added Member To Class: ClassName=U_SM2200 Member=Component C102 Capacitor-0603
Added Member To Class: ClassName=U_SM2200 Member=Component C103 Capacitor-0603
Added Member To Class: ClassName=U_SM2200 Member=Component C104 Capacitor-0805
Added Member To Class: ClassName=U_SM2200 Member=Component C105 Capacitor-0805
Added Member To Class: ClassName=U_SM2200 Member=Component C106 Capacitor-0603
Added Member To Class: ClassName=U_SM2200 Member=Component C107 Capacitor-0603
Added Member To Class: ClassName=U_SM2200 Member=Component C108 Capacitor-0805
Added Member To Class: ClassName=U_SM2200 Member=Component C109 Capacitor-0805
Added Member To Class: ClassName=U_SM2200 Member=Component C110 Capacitor-0805
Added Member To Class: ClassName=U_SM2200 Member=Component C111 Capacitor-0805
Added Member To Class: ClassName=U_SM2200 Member=Component C112 Capacitor-0805
Added Member To Class: ClassName=U_SM2200 Member=Component C113 Capacitor-0805
Added Member To Class: ClassName=U_SM2200 Member=Component C114 Capacitor-0805
Added Member To Class: ClassName=U_SM2200 Member=Component C115 Capacitor-0805
Added Member To Class: ClassName=U_SM2200 Member=Component C116 Capacitor-0805
Added Member To Class: ClassName=U_SM2200 Member=Component C117 Capacitor-0805
Added Member To Class: ClassName=U_SM2200 Member=Component C118 Capacitor-0603
Added Member To Class: ClassName=U_SM2200 Member=Component C119 Capacitor-0603
Added Member To Class: ClassName=U_SM2200 Member=Component C120 Capacitor-0603
Added Member To Class: ClassName=U_SM2200 Member=Component C121 Capacitor-0603
Added Member To Class: ClassName=U_SM2200 Member=Component C122 Capacitor-0805
Added Member To Class: ClassName=U_SM2200 Member=Component C123 Capacitor-0805
Added Member To Class: ClassName=U_Power Member=Component D1 SMBJ20A
Added Member To Class: ClassName=U_Power Member=Component D2 IN5824
Added Member To Class: ClassName=U_Power Member=Component D3 IN5824
Added Member To Class: ClassName=U_Power Member=Component D4 IN5824
Added Member To Class: ClassName=U_SM2200 Member=Component D5 SSA34
Added Member To Class: ClassName=U_SM2200 Member=Component D6 SSA34
Added Member To Class: ClassName=U_SM2200 Member=Component D7 SSA34
Added Member To Class: ClassName=U_SM2200 Member=Component D8 SSA34
Added Member To Class: ClassName=U_Module Member=Component J1 DB9
Added Member To Class: ClassName=U_Power Member=Component J2 三脚航空插头
Added Member To Class: ClassName=U_MCU Member=Component K1 按键
Added Member To Class: ClassName=U_Power Member=Component K2 选择开关
Added Member To Class: ClassName=U_Power Member=Component K3 开关
Added Member To Class: ClassName=U_Power Member=Component K4 选择开关
Added Member To Class: ClassName=U_MCU Member=Component L1 Inductor
Added Member To Class: ClassName=U_Power Member=Component L2 Inductor
Added Member To Class: ClassName=U_Power Member=Component L3 Inductor
Added Member To Class: ClassName=U_Power Member=Component L4 Inductor
Added Member To Class: ClassName=U_RJ45-1 Member=Component L5 Inductor
Added Member To Class: ClassName=U_RJ45-1 Member=Component L6 Inductor
Added Member To Class: ClassName=U_RJ45-1 Member=Component L7 Inductor
Added Member To Class: ClassName=U_RJ45-2 Member=Component L8 Inductor
Added Member To Class: ClassName=U_RJ45-2 Member=Component L9 Inductor
Added Member To Class: ClassName=U_RJ45-2 Member=Component L10 Inductor
Added Member To Class: ClassName=U_SM2200 Member=Component L11 Inductor
Added Member To Class: ClassName=U_SM2200 Member=Component L12 Inductor
Added Member To Class: ClassName=U_SM2200 Member=Component L13 Inductor
Added Member To Class: ClassName=U_Module Member=Component LED1 LED
Added Member To Class: ClassName=U_Module Member=Component LED2 LED
Added Member To Class: ClassName=U_Module Member=Component LED3 LED
Added Member To Class: ClassName=U_Module Member=Component LED4 LED
Added Member To Class: ClassName=U_Module Member=Component LED5 LED
Added Member To Class: ClassName=U_Power Member=Component LED6 LED
Added Member To Class: ClassName=U_SM2200 Member=Component LED7 LED
Added Member To Class: ClassName=U_SM2200 Member=Component LED8 LED
Added Member To Class: ClassName=U_Module Member=Component Q1 BC847
Added Member To Class: ClassName=U_Module Member=Component Q2 BC847
Added Member To Class: ClassName=U_Module Member=Component Q3 BC847
Added Member To Class: ClassName=U_Module Member=Component Q4 BC847
Added Member To Class: ClassName=U_Module Member=Component Q5 BC847
Added Member To Class: ClassName=U_Power Member=Component Q6 BC847
Added Member To Class: ClassName=U_Power Member=Component Q7 BC587B
Added Member To Class: ClassName=U_SM2200 Member=Component Q8 BC847
Added Member To Class: ClassName=U_SM2200 Member=Component Q9 BC847
Added Member To Class: ClassName=U_SM2200 Member=Component Q10 BC847
Added Member To Class: ClassName=U_SM2200 Member=Component Q11 BC847
Added Member To Class: ClassName=U_MCU Member=Component R1 Resistor-0805
Added Member To Class: ClassName=U_MCU Member=Component R2 Resistor-0805
Added Member To Class: ClassName=U_MCU Member=Component R3 Resistor-0805
Added Member To Class: ClassName=U_MCU Member=Component R4 Resistor-0805
Added Member To Class: ClassName=U_MCU Member=Component R5 Resistor-0805
Added Member To Class: ClassName=U_MCU Member=Component R6 Resistor-0805
Added Member To Class: ClassName=U_MCU Member=Component R7 Resistor-0805
Added Member To Class: ClassName=U_MCU Member=Component R8 Resistor-0805
Added Member To Class: ClassName=U_Module Member=Component R9 Resistor-0603
Added Member To Class: ClassName=U_Module Member=Component R10 Resistor-0603
Added Member To Class: ClassName=U_Module Member=Component R11 Resistor-0603
Added Member To Class: ClassName=U_Module Member=Component R12 Resistor-0603
Added Member To Class: ClassName=U_Module Member=Component R13 Resistor-0603
Added Member To Class: ClassName=U_Module Member=Component R14 Resistor-0603
Added Member To Class: ClassName=U_Module Member=Component R15 Resistor-0603
Added Member To Class: ClassName=U_Module Member=Component R16 Resistor-0603
Added Member To Class: ClassName=U_Module Member=Component R17 Resistor-0603
Added Member To Class: ClassName=U_Module Member=Component R18 Resistor-0603
Added Member To Class: ClassName=U_Module Member=Component R19 Resistor-0603
Added Member To Class: ClassName=U_Module Member=Component R20 Resistor-0603
Added Member To Class: ClassName=U_Module Member=Component R21 Resistor-0603
Added Member To Class: ClassName=U_Module Member=Component R22 Resistor-0603
Added Member To Class: ClassName=U_Module Member=Component R23 Resistor-0603
Added Member To Class: ClassName=U_Module Member=Component R24 Resistor-0603
Added Member To Class: ClassName=U_Module Member=Component R25 Resistor-0603
Added Member To Class: ClassName=U_Module Member=Component R26 Resistor-0603
Added Member To Class: ClassName=U_Module Member=Component R27 Resistor-0603
Added Member To Class: ClassName=U_Module Member=Component R28 Resistor-0603
Added Member To Class: ClassName=U_Module Member=Component R29 Resistor-0603
Added Member To Class: ClassName=U_Module Member=Component R30 Resistor-0603
Added Member To Class: ClassName=U_Power Member=Component R31 Resistor-0603
Added Member To Class: ClassName=U_Power Member=Component R32 Resistor-0603
Added Member To Class: ClassName=U_Power Member=Component R33 Resistor-0603
Added Member To Class: ClassName=U_Power Member=Component R34 Resistor-0603
Added Member To Class: ClassName=U_Power Member=Component R35 Resistor-0603
Added Member To Class: ClassName=U_Power Member=Component R36 Resistor-0603
Added Member To Class: ClassName=U_Power Member=Component R37 Resistor-0603
Added Member To Class: ClassName=U_Power Member=Component R38 Resistor-0603
Added Member To Class: ClassName=U_Power Member=Component R39 Resistor-0603
Added Member To Class: ClassName=U_Power Member=Component R40 Resistor-0603
Added Member To Class: ClassName=U_Power Member=Component R41 Resistor-0603
Added Member To Class: ClassName=U_RJ45-1 Member=Component R42 Resistor-0603
Added Member To Class: ClassName=U_RJ45-1 Member=Component R43 Resistor-0603
Added Member To Class: ClassName=U_RJ45-1 Member=Component R44 Resistor-0603
Added Member To Class: ClassName=U_RJ45-1 Member=Component R45 Resistor-0603
Added Member To Class: ClassName=U_RJ45-1 Member=Component R46 Resistor-0603
Added Member To Class: ClassName=U_RJ45-1 Member=Component R47 Resistor-0603
Added Member To Class: ClassName=U_RJ45-1 Member=Component R48 Resistor-0603
Added Member To Class: ClassName=U_RJ45-1 Member=Component R49 Resistor-0603
Added Member To Class: ClassName=U_RJ45-1 Member=Component R50 Resistor-0603
Added Member To Class: ClassName=U_RJ45-1 Member=Component R51 Resistor-0603
Added Member To Class: ClassName=U_RJ45-1 Member=Component R52 Resistor-0603
Added Member To Class: ClassName=U_RJ45-1 Member=Component R53 Resistor-0603
Added Member To Class: ClassName=U_RJ45-1 Member=Component R54 Resistor-0603
Added Member To Class: ClassName=U_RJ45-1 Member=Component R55 Resistor-0603
Added Member To Class: ClassName=U_RJ45-1 Member=Component R56 Resistor-0603
Added Member To Class: ClassName=U_RJ45-1 Member=Component R57 Resistor-0603
Added Member To Class: ClassName=U_RJ45-1 Member=Component R58 Resistor-0603
Added Member To Class: ClassName=U_RJ45-1 Member=Component R59 Resistor-0603
Added Member To Class: ClassName=U_RJ45-1 Member=Component R60 Resistor-0603
Added Member To Class: ClassName=U_RJ45-1 Member=Component R61 Resistor-0603
Added Member To Class: ClassName=U_RJ45-2 Member=Component R62 Resistor-0603
Added Member To Class: ClassName=U_RJ45-2 Member=Component R63 Resistor-0603
Added Member To Class: ClassName=U_RJ45-2 Member=Component R64 Resistor-0603
Added Member To Class: ClassName=U_RJ45-2 Member=Component R65 Resistor-0603
Added Member To Class: ClassName=U_RJ45-2 Member=Component R66 Resistor-0603
Added Member To Class: ClassName=U_RJ45-2 Member=Component R67 Resistor-0603
Added Member To Class: ClassName=U_RJ45-2 Member=Component R68 Resistor-0603
Added Member To Class: ClassName=U_RJ45-2 Member=Component R69 Resistor-0603
Added Member To Class: ClassName=U_RJ45-2 Member=Component R70 Resistor-0603
Added Member To Class: ClassName=U_RJ45-2 Member=Component R71 Resistor-0603
Added Member To Class: ClassName=U_RJ45-2 Member=Component R72 Resistor-0603
Added Member To Class: ClassName=U_RJ45-2 Member=Component R73 Resistor-0603
Added Member To Class: ClassName=U_RJ45-2 Member=Component R74 Resistor-0603
Added Member To Class: ClassName=U_RJ45-2 Member=Component R75 Resistor-0603
Added Member To Class: ClassName=U_RJ45-2 Member=Component R76 Resistor-0603
Added Member To Class: ClassName=U_RJ45-2 Member=Component R77 Resistor-0603
Added Member To Class: ClassName=U_RJ45-2 Member=Component R78 Resistor-0603
Added Member To Class: ClassName=U_RJ45-2 Member=Component R79 Resistor-0603
Added Member To Class: ClassName=U_RJ45-2 Member=Component R80 Resistor-0603
Added Member To Class: ClassName=U_RJ45-2 Member=Component R81 Resistor-0603
Added Member To Class: ClassName=U_SM2200 Member=Component R82 Resistor-0603
Added Member To Class: ClassName=U_SM2200 Member=Component R83 Resistor-0603
Added Member To Class: ClassName=U_SM2200 Member=Component R84 Resistor-0603
Added Member To Class: ClassName=U_SM2200 Member=Component R85 Resistor-0603
Added Member To Class: ClassName=U_SM2200 Member=Component R86 Resistor-0603
Added Member To Class: ClassName=U_SM2200 Member=Component R87 Resistor-0603
Added Member To Class: ClassName=U_SM2200 Member=Component R88 Resistor-0603
Added Member To Class: ClassName=U_SM2200 Member=Component R89 Resistor-0603
Added Member To Class: ClassName=U_SM2200 Member=Component R90 Resistor-0603
Added Member To Class: ClassName=U_SM2200 Member=Component R91 Resistor-0603
Added Member To Class: ClassName=U_SM2200 Member=Component R92 Resistor-0603
Added Member To Class: ClassName=U_SM2200 Member=Component R93 Resistor-0603
Added Member To Class: ClassName=U_SM2200 Member=Component R94 Resistor-0603
Added Member To Class: ClassName=U_SM2200 Member=Component R95 Resistor-0603
Added Member To Class: ClassName=U_SM2200 Member=Component R96 Resistor-0603
Added Member To Class: ClassName=U_SM2200 Member=Component R97 Resistor-0603
Added Member To Class: ClassName=U_SM2200 Member=Component R98 Resistor-0603
Added Member To Class: ClassName=U_SM2200 Member=Component R99 Resistor-0603
Added Member To Class: ClassName=U_SM2200 Member=Component R100 Resistor-0603
Added Member To Class: ClassName=U_SM2200 Member=Component R101 Resistor-0805
Added Member To Class: ClassName=U_SM2200 Member=Component R102 Resistor-0805
Added Member To Class: ClassName=U_SM2200 Member=Component R103 Resistor-0603
Added Member To Class: ClassName=U_SM2200 Member=Component R104 Resistor-0805
Added Member To Class: ClassName=U_SM2200 Member=Component R105 Resistor-0603
Added Member To Class: ClassName=U_SM2200 Member=Component R106 Resistor-0805
Added Member To Class: ClassName=U_SM2200 Member=Component R107 Resistor-0805
Added Member To Class: ClassName=U_SM2200 Member=Component R108 Resistor-0805
Added Member To Class: ClassName=U_SM2200 Member=Component R109 Resistor-0805
Added Member To Class: ClassName=U_SM2200 Member=Component R110 Resistor-0805
Added Member To Class: ClassName=U_SM2200 Member=Component R111 Resistor-0805
Added Member To Class: ClassName=U_SM2200 Member=Component R112 Resistor-0805
Added Member To Class: ClassName=U_MCU Member=Component U1 STM32F407ZET6
Added Member To Class: ClassName=U_MCU Member=Component U2 JTAG
Added Member To Class: ClassName=U_Module Member=Component U3 AT24C02
Added Member To Class: ClassName=U_Module Member=Component U4 MAX3485
Added Member To Class: ClassName=U_Module Member=Component U5 MAX3232
Added Member To Class: ClassName=U_Power Member=Component U6 FDC6326L
Added Member To Class: ClassName=U_Power Member=Component U7 FC-LX1D
Added Member To Class: ClassName=U_Power Member=Component U8 LH10-10B15
Added Member To Class: ClassName=U_Power Member=Component U9 LM2596
Added Member To Class: ClassName=U_Power Member=Component U10 LM2596
Added Member To Class: ClassName=U_Power Member=Component U11 LM2596
Added Member To Class: ClassName=U_Power Member=Component U12 LT1963
Added Member To Class: ClassName=U_Power Member=Component U13 LT1963
Added Member To Class: ClassName=U_Power Member=Component U14 LT1963
Added Member To Class: ClassName=U_RJ45-1 Member=Component U15 RJ45
Added Member To Class: ClassName=U_RJ45-1 Member=Component U16 W5200-Chip
Added Member To Class: ClassName=U_RJ45-2 Member=Component U17 RJ45
Added Member To Class: ClassName=U_RJ45-2 Member=Component U18 W5200-Chip
Added Member To Class: ClassName=U_SM2200 Member=Component U19 SM2200
Added Member To Class: ClassName=U_SM2200 Member=Component U20 OPA564AIDWDR
Added Member To Class: ClassName=U_MCU Member=Component X1 3225无源晶振
Added Member To Class: ClassName=U_RJ45-1 Member=Component X2 3225无源晶振
Added Member To Class: ClassName=U_RJ45-2 Member=Component X3 3225无源晶振
Added Member To Class: ClassName=U_SM2200 Member=Component X4 3225无源晶振
