Added Net: Name=1.8V1
Added Net: Name=1.8V2
Added Net: Name=1M0
Added Net: Name=1M1
Added Net: Name=1M2
Added Net: Name=1M3
Added Net: Name=2M0
Added Net: Name=2M1
Added Net: Name=2M2
Added Net: Name=2M3
Added Net: Name=3V3A1
Added Net: Name=3V3A2
Added Net: Name=3V3D1
Added Net: Name=3V3D2
Added Net: Name=ADC_IN
Added Net: Name=AFE_VCC
Added Net: Name=AGC_0
Added Net: Name=AGC_1
Added Net: Name=ANE1
Added Net: Name=ANE2
Added Net: Name=BASE
Added Net: Name=BOOT0
Added Net: Name=BOOT1
Added Net: Name=BWSEL
Added Net: Name=DAC_OUT
Added Net: Name=DUP1
Added Net: Name=DUP2
Added Net: Name=GND(AC)
Added Net: Name=GND
Added Net: Name=INT1
Added Net: Name=INT2
Added Net: Name=INT
Added Net: Name=MISO1
Added Net: Name=MISO2
Added Net: Name=MOSI1
Added Net: Name=MOSI2
Added Net: Name=NetC13_2
Added Net: Name=NetC15_2
Added Net: Name=NetC16_2
Added Net: Name=NetC23_1
Added Net: Name=NetC23_2
Added Net: Name=NetC24_1
Added Net: Name=NetC25_1
Added Net: Name=NetC25_2
Added Net: Name=NetC26_1
Added Net: Name=NetC27_1
Added Net: Name=NetC62_1
Added Net: Name=NetC64_1
Added Net: Name=NetC75_1
Added Net: Name=NetC82_1
Added Net: Name=NetC85_1
Added Net: Name=NetC85_2
Added Net: Name=NetC87_1
Added Net: Name=NetC87_2
Added Net: Name=NetC88_1
Added Net: Name=NetC89_2
Added Net: Name=NetC94_1
Added Net: Name=NetC95_2
Added Net: Name=NetC96_2
Added Net: Name=NetC97_1
Added Net: Name=NetC103_1
Added Net: Name=NetC106_2
Added Net: Name=NetC107_2
Added Net: Name=NetC118_1
Added Net: Name=NetC118_2
Added Net: Name=NetC119_1
Added Net: Name=NetC119_2
Added Net: Name=NetC122_1
Added Net: Name=NetD2_2
Added Net: Name=NetD3_2
Added Net: Name=NetD4_2
Added Net: Name=NetJ2_1
Added Net: Name=NetJ2_2
Added Net: Name=NetK2_1
Added Net: Name=NetK2_2
Added Net: Name=NetK4_1
Added Net: Name=NetL5_1
Added Net: Name=NetL8_1
Added Net: Name=NetLED1_2
Added Net: Name=NetLED2_2
Added Net: Name=NetLED3_2
Added Net: Name=NetLED4_2
Added Net: Name=NetLED5_2
Added Net: Name=NetLED6_1
Added Net: Name=NetLED7_2
Added Net: Name=NetLED8_2
Added Net: Name=NetQ1_2
Added Net: Name=NetQ1_3
Added Net: Name=NetQ2_2
Added Net: Name=NetQ2_3
Added Net: Name=NetQ3_2
Added Net: Name=NetQ3_3
Added Net: Name=NetQ4_2
Added Net: Name=NetQ4_3
Added Net: Name=NetQ5_2
Added Net: Name=NetQ5_3
Added Net: Name=NetQ6_2
Added Net: Name=NetQ6_3
Added Net: Name=NetQ7_2
Added Net: Name=NetQ7_3
Added Net: Name=NetQ8_2
Added Net: Name=NetQ8_3
Added Net: Name=NetQ9_2
Added Net: Name=NetQ9_3
Added Net: Name=NetQ10_2
Added Net: Name=NetQ10_3
Added Net: Name=NetQ11_2
Added Net: Name=NetQ11_3
Added Net: Name=NetR9_1
Added Net: Name=NetR10_2
Added Net: Name=NetR11_1
Added Net: Name=NetR11_2
Added Net: Name=NetR13_2
Added Net: Name=NetR15_2
Added Net: Name=NetR16_2
Added Net: Name=NetR18_1
Added Net: Name=NetR18_2
Added Net: Name=NetR23_2
Added Net: Name=NetR24_2
Added Net: Name=NetR25_2
Added Net: Name=NetR26_2
Added Net: Name=NetR27_1
Added Net: Name=NetR27_2
Added Net: Name=NetR28_1
Added Net: Name=NetR28_2
Added Net: Name=NetR30_2
Added Net: Name=NetR31_2
Added Net: Name=NetR33_1
Added Net: Name=NetR38_2
Added Net: Name=NetR40_2
Added Net: Name=NetR44_1
Added Net: Name=NetR48_1
Added Net: Name=NetR57_2
Added Net: Name=NetR62_1
Added Net: Name=NetR65_1
Added Net: Name=NetR76_2
Added Net: Name=NetR94_1
Added Net: Name=NetU7_4
Added Net: Name=NetU7_5
Added Net: Name=NRST
Added Net: Name=NTRST
Added Net: Name=OSC_IN
Added Net: Name=OSC_OUT
Added Net: Name=PWDN1
Added Net: Name=PWDN2
Added Net: Name=RESET1
Added Net: Name=RESET2
Added Net: Name=RS232_RX
Added Net: Name=RS232_TX
Added Net: Name=RS485_N
Added Net: Name=RS485_P
Added Net: Name=RST1
Added Net: Name=RSV1
Added Net: Name=RSV2
Added Net: Name=RX1_N
Added Net: Name=RX1_P
Added Net: Name=RX2_N
Added Net: Name=RX2_P
Added Net: Name=RX_LED
Added Net: Name=SCLK1
Added Net: Name=SCLK2
Added Net: Name=SCS1
Added Net: Name=SCS2
Added Net: Name=SHDN
Added Net: Name=SIGNAL
Added Net: Name=SPD1
Added Net: Name=SPD2
Added Net: Name=SPI3_CLK
Added Net: Name=SPI3_MISO
Added Net: Name=SPI3_MOSI
Added Net: Name=SPI3_NSS
Added Net: Name=TCK
Added Net: Name=TDI
Added Net: Name=TDO
Added Net: Name=TMS
Added Net: Name=TX1_N
Added Net: Name=TX1_P
Added Net: Name=TX2_N
Added Net: Name=TX2_P
Added Net: Name=TX_EN
Added Net: Name=TX_LED
Added Net: Name=VCC5
Added Net: Name=VCC15
Added Net: Name=VCC-3.3
Added Net: Name=VCC
Added Net: Name=VDD2.5
Added Net: Name=VDD3.3
Added Net: Name=VDD5
Added Net: Name=VDD-3.3
Added Net: Name=VDD_CORE
Added Net: Name=VDD
Added Net: Name=XI1
Added Net: Name=XI2
Added Net: Name=XIN
Added Net: Name=XO1
Added Net: Name=XO2
Added Net: Name=XOUT
Added Net: Name=XTALVDD1
Added Net: Name=XTALVDD2
Added Class: Name=U_MCU
Added Class: Name=U_Module
Added Class: Name=U_Power
Added Class: Name=U_RJ45-1
Added Class: Name=U_RJ45-2
Added Class: Name=U_SM2200
Added Differential Pair: Name=RS485
Added Differential Pair: Name=RX1
Added Differential Pair: Name=RX2
Added Differential Pair: Name=TX1
Added Differential Pair: Name=TX2
Added Room: Name=U_MCU
Added Room: Name=U_Module
Added Room: Name=U_Power
Added Room: Name=U_RJ45-1
Added Room: Name=U_RJ45-2
Added Room: Name=U_SM2200
