Added Component: Designator=B1(BNC)
Added Component: Designator=C1(0603)
Added Component: Designator=C2(0603)
Added Component: Designator=C3(0603)
Added Component: Designator=C4(0603)
Added Component: Designator=C5(0603)
Added Component: Designator=C6(0603)
Added Component: Designator=C7(0603)
Added Component: Designator=C8(0603)
Added Component: Designator=C9(0603)
Added Component: Designator=C10(0603)
Added Component: Designator=C11(0603)
Added Component: Designator=C12(0603)
Added Component: Designator=C13(0603)
Added Component: Designator=C14(0805)
Added Component: Designator=C15(0603)
Added Component: Designator=C16(0603)
Added Component: Designator=C17(0603)
Added Component: Designator=C18(0603)
Added Component: Designator=C19(0603)
Added Component: Designator=C20(0603)
Added Component: Designator=C21(0603)
Added Component: Designator=C22(0603)
Added Component: Designator=C23(0603)
Added Component: Designator=C24(0603)
Added Component: Designator=C25(0603)
Added Component: Designator=C26(0603)
Added Component: Designator=C27(0603)
Added Component: Designator=C28(0603)
Added Component: Designator=C29(0603)
Added Component: Designator=C30(0603)
Added Component: Designator=C31(0603)
Added Component: Designator=C32(0603)
Added Component: Designator=C33(0603)
Added Component: Designator=C34(0603)
Added Component: Designator=C35(0603)
Added Component: Designator=C36(0603)
Added Component: Designator=C37(0603)
Added Component: Designator=C38(0603)
Added Component: Designator=C39(0603)
Added Component: Designator=C40(0603)
Added Component: Designator=C41(0603)
Added Component: Designator=C42(0603)
Added Component: Designator=C43(0603)
Added Component: Designator=C44(0603)
Added Component: Designator=C45(0603)
Added Component: Designator=C46(0603)
Added Component: Designator=C47(0603)
Added Component: Designator=C48(0603)
Added Component: Designator=C49(0603)
Added Component: Designator=C50(0603)
Added Component: Designator=C51(0603)
Added Component: Designator=C52(0603)
Added Component: Designator=C53(0603)
Added Component: Designator=C54(0603)
Added Component: Designator=C55(0603)
Added Component: Designator=C56(0603)
Added Component: Designator=C57(0603)
Added Component: Designator=C58(0603)
Added Component: Designator=C59(0603)
Added Component: Designator=C60(0603)
Added Component: Designator=C61(0603)
Added Component: Designator=C62(0603)
Added Component: Designator=C63(0603)
Added Component: Designator=C64(0603)
Added Component: Designator=C65(0805)
Added Component: Designator=C66(0805)
Added Component: Designator=C67(贴片铝电容-8*10.3)
Added Component: Designator=C68(贴片铝电容-10*10)
Added Component: Designator=C69(0805)
Added Component: Designator=C70(0805)
Added Component: Designator=C71(贴片铝电容-8*10.3)
Added Component: Designator=C72(贴片铝电容-10*10)
Added Component: Designator=C73(0805)
Added Component: Designator=C74(0805)
Added Component: Designator=C75(贴片铝电容-8*10.3)
Added Component: Designator=C76(0805)
Added Component: Designator=C77(钽电容1206（A3216）)
Added Component: Designator=C78(钽电容1206（A3216）)
Added Component: Designator=C79(0805)
Added Component: Designator=C80(0805)
Added Component: Designator=C81(钽电容1206（A3216）)
Added Component: Designator=C82(钽电容1206（A3216）)
Added Component: Designator=C83(0805)
Added Component: Designator=C84(0805)
Added Component: Designator=C85(钽电容1206（A3216）)
Added Component: Designator=C86(钽电容1206（A3216）)
Added Component: Designator=C87(0805)
Added Component: Designator=C88(0603)
Added Component: Designator=C89(钽电容1206（A3216）)
Added Component: Designator=C90(0603)
Added Component: Designator=C91(0603)
Added Component: Designator=C92(0603)
Added Component: Designator=C93(钽电容1206（A3216）)
Added Component: Designator=C94(钽电容1206（A3216）)
Added Component: Designator=C95(0603)
Added Component: Designator=C96(0603)
Added Component: Designator=C97(0603)
Added Component: Designator=C98(0603)
Added Component: Designator=C99(0603)
Added Component: Designator=C100(0603)
Added Component: Designator=C101(0603)
Added Component: Designator=C102(钽电容1206（A3216）)
Added Component: Designator=C103(0603)
Added Component: Designator=C104(0603)
Added Component: Designator=C105(0603)
Added Component: Designator=C106(钽电容1206（A3216）)
Added Component: Designator=C107(钽电容1206（A3216）)
Added Component: Designator=C108(0603)
Added Component: Designator=C109(0603)
Added Component: Designator=C110(0603)
Added Component: Designator=C111(0603)
Added Component: Designator=C112(0603)
Added Component: Designator=C113(0603)
Added Component: Designator=D1(IN5824)
Added Component: Designator=D2(IN5824)
Added Component: Designator=D3(IN5824)
Added Component: Designator=D4(IN5824)
Added Component: Designator=D5(SMBJ20A)
Added Component: Designator=D6(IN5824)
Added Component: Designator=D7(IN5824)
Added Component: Designator=J1(三芯蛙座)
Added Component: Designator=K1(贴片按键)
Added Component: Designator=K2(T型接头)
Added Component: Designator=L1(1206)
Added Component: Designator=L2(Inductor  12*12)
Added Component: Designator=L3(工字电感0608)
Added Component: Designator=L4(0805)
Added Component: Designator=L5(SLF6025   电感)
Added Component: Designator=L6(SLF6025   电感)
Added Component: Designator=L7(0805)
Added Component: Designator=L8(0805)
Added Component: Designator=L9(0805)
Added Component: Designator=L10(0805)
Added Component: Designator=L11(0805)
Added Component: Designator=L12(0805)
Added Component: Designator=L13(0805)
Added Component: Designator=L14(0805)
Added Component: Designator=LED1(外插小灯)
Added Component: Designator=LED2(外插小灯)
Added Component: Designator=LED3(外插小灯)
Added Component: Designator=LED4(外插小灯)
Added Component: Designator=LED5(外插小灯)
Added Component: Designator=LED6(外插小灯)
Added Component: Designator=LED7(外插小灯)
Added Component: Designator=Q1(BC847B)
Added Component: Designator=Q2(BC847B)
Added Component: Designator=Q3(BC847B)
Added Component: Designator=Q4(BC847B)
Added Component: Designator=Q5(BC847B)
Added Component: Designator=Q6(BC847B)
Added Component: Designator=Q7(BC847B)
Added Component: Designator=Q8(BC847B)
Added Component: Designator=Q9(BC847B)
Added Component: Designator=Q10(BC847B)
Added Component: Designator=R1(0603)
Added Component: Designator=R2(0603)
Added Component: Designator=R3(0603)
Added Component: Designator=R4(0603)
Added Component: Designator=R5(0603)
Added Component: Designator=R6(0603)
Added Component: Designator=R7(0603)
Added Component: Designator=R8(0603)
Added Component: Designator=R9(0603)
Added Component: Designator=R10(0603)
Added Component: Designator=R11(0603)
Added Component: Designator=R12(0603)
Added Component: Designator=R13(0603)
Added Component: Designator=R14(0603)
Added Component: Designator=R15(0603)
Added Component: Designator=R16(0603)
Added Component: Designator=R17(0603)
Added Component: Designator=R18(0603)
Added Component: Designator=R19(0603)
Added Component: Designator=R20(0603)
Added Component: Designator=R21(0603)
Added Component: Designator=R22(0603)
Added Component: Designator=R23(0603)
Added Component: Designator=R24(0603)
Added Component: Designator=R25(0603)
Added Component: Designator=R26(0603)
Added Component: Designator=R27(0603)
Added Component: Designator=R28(0603)
Added Component: Designator=R29(0603)
Added Component: Designator=R30(0603)
Added Component: Designator=R31(0603)
Added Component: Designator=R32(0603)
Added Component: Designator=R33(0603)
Added Component: Designator=R34(0603)
Added Component: Designator=R35(0603)
Added Component: Designator=R36(0603)
Added Component: Designator=R37(0603)
Added Component: Designator=R38(0603)
Added Component: Designator=R39(0603)
Added Component: Designator=R40(0603)
Added Component: Designator=R41(0603)
Added Component: Designator=R42(0603)
Added Component: Designator=R43(0603)
Added Component: Designator=R44(0603)
Added Component: Designator=R45(0603)
Added Component: Designator=R46(0603)
Added Component: Designator=R47(0603)
Added Component: Designator=R48(0603)
Added Component: Designator=R49(0603)
Added Component: Designator=R50(0603)
Added Component: Designator=R51(0603)
Added Component: Designator=R52(0603)
Added Component: Designator=R53(0603)
Added Component: Designator=R54(0603)
Added Component: Designator=R55(0603)
Added Component: Designator=R56(0603)
Added Component: Designator=R57(0603)
Added Component: Designator=R58(0603)
Added Component: Designator=R59(0603)
Added Component: Designator=R60(0603)
Added Component: Designator=R61(0603)
Added Component: Designator=R62(0603)
Added Component: Designator=R63(0603)
Added Component: Designator=R64(0603)
Added Component: Designator=R65(0603)
Added Component: Designator=R66(0603)
Added Component: Designator=R67(0603)
Added Component: Designator=R68(0603)
Added Component: Designator=R69(0603)
Added Component: Designator=R70(0603)
Added Component: Designator=R71(0603)
Added Component: Designator=R72(0603)
Added Component: Designator=R73(0603)
Added Component: Designator=R74(0603)
Added Component: Designator=R75(0603)
Added Component: Designator=R76(0603)
Added Component: Designator=R77(0603)
Added Component: Designator=R78(0603)
Added Component: Designator=R79(0603)
Added Component: Designator=R80(0603)
Added Component: Designator=R81(0603)
Added Component: Designator=R82(0603)
Added Component: Designator=R83(0603)
Added Component: Designator=R84(0603)
Added Component: Designator=R85(0603)
Added Component: Designator=R86(0603)
Added Component: Designator=R87(0603)
Added Component: Designator=R88(0603)
Added Component: Designator=R89(0603)
Added Component: Designator=R90(0603)
Added Component: Designator=R91(0603)
Added Component: Designator=R92(0603)
Added Component: Designator=R93(0603)
Added Component: Designator=R94(0603)
Added Component: Designator=R95(0603)
Added Component: Designator=R96(0603)
Added Component: Designator=R97(0603)
Added Component: Designator=R98(0603)
Added Component: Designator=R99(0603)
Added Component: Designator=R100(0603)
Added Component: Designator=R101(0603)
Added Component: Designator=R102(0603)
Added Component: Designator=R103(0603)
Added Component: Designator=R104(0603)
Added Component: Designator=R105(0603)
Added Component: Designator=R106(0603)
Added Component: Designator=R107(0603)
Added Component: Designator=R108(0603)
Added Component: Designator=R109(0603)
Added Component: Designator=R110(0603)
Added Component: Designator=T1(跳线 100mil)
Added Component: Designator=T2(跳线 100mil)
Added Component: Designator=U1(SM2200)
Added Component: Designator=U2(OPA564AIDWDR)
Added Component: Designator=U3(Stm32f407ZET6 - duplicate)
Added Component: Designator=U4(JTAG-20)
Added Component: Designator=U6(MAX3485)
Added Component: Designator=U7(MAX3232)
Added Component: Designator=U8(LH10-10B15)
Added Component: Designator=U9(FDC6326L)
Added Component: Designator=U10(FC-LX1D)
Added Component: Designator=U11(LM2596)
Added Component: Designator=U12(LM2596)
Added Component: Designator=U13(LT1963)
Added Component: Designator=U14(LT1963)
Added Component: Designator=U15(LT1963)
Added Component: Designator=U16(RJ45)
Added Component: Designator=U17(W5200-Chip)
Added Component: Designator=U18(RJ45)
Added Component: Designator=U19(W5200-Chip)
Added Component: Designator=X1(3225无源晶振)
Added Component: Designator=X2(3225无源晶振)
Added Component: Designator=X3(有源晶振7050)
Added Component: Designator=X4(有源晶振7050)
Added Pin To Net: NetName=1.8V1 Pin=C102-2
Added Pin To Net: NetName=1.8V1 Pin=C103-2
Added Pin To Net: NetName=1.8V1 Pin=L11-2
Added Pin To Net: NetName=1.8V1 Pin=U19-8
Added Pin To Net: NetName=1.8V1 Pin=U19-25
Added Net: Name=1.8V1
Added Pin To Net: NetName=1.8V2 Pin=C89-2
Added Pin To Net: NetName=1.8V2 Pin=C90-2
Added Pin To Net: NetName=1.8V2 Pin=L7-2
Added Pin To Net: NetName=1.8V2 Pin=U17-8
Added Pin To Net: NetName=1.8V2 Pin=U17-25
Added Net: Name=1.8V2
Added Pin To Net: NetName=1M0 Pin=R92-2
Added Pin To Net: NetName=1M0 Pin=U18-11
Added Pin To Net: NetName=1M0 Pin=U19-5
Added Net: Name=1M0
Added Pin To Net: NetName=1M1 Pin=R94-2
Added Pin To Net: NetName=1M1 Pin=U19-4
Added Net: Name=1M1
Added Pin To Net: NetName=1M2 Pin=R95-2
Added Pin To Net: NetName=1M2 Pin=U18-10
Added Pin To Net: NetName=1M2 Pin=U19-3
Added Net: Name=1M2
Added Pin To Net: NetName=1M3 Pin=R96-2
Added Pin To Net: NetName=1M3 Pin=U19-6
Added Net: Name=1M3
Added Pin To Net: NetName=2M0 Pin=R72-2
Added Pin To Net: NetName=2M0 Pin=U16-11
Added Pin To Net: NetName=2M0 Pin=U17-5
Added Net: Name=2M0
Added Pin To Net: NetName=2M1 Pin=R74-2
Added Pin To Net: NetName=2M1 Pin=U17-4
Added Net: Name=2M1
Added Pin To Net: NetName=2M2 Pin=R75-2
Added Pin To Net: NetName=2M2 Pin=U16-10
Added Pin To Net: NetName=2M2 Pin=U17-3
Added Net: Name=2M2
Added Pin To Net: NetName=2M3 Pin=R76-2
Added Pin To Net: NetName=2M3 Pin=U17-6
Added Net: Name=2M3
Added Pin To Net: NetName=3V3A1 Pin=C101-1
Added Pin To Net: NetName=3V3A1 Pin=C113-1
Added Pin To Net: NetName=3V3A1 Pin=L14-2
Added Pin To Net: NetName=3V3A1 Pin=U18-4
Added Pin To Net: NetName=3V3A1 Pin=U18-5
Added Pin To Net: NetName=3V3A1 Pin=U19-11
Added Pin To Net: NetName=3V3A1 Pin=U19-15
Added Pin To Net: NetName=3V3A1 Pin=U19-23
Added Net: Name=3V3A1
Added Pin To Net: NetName=3V3A2 Pin=C88-1
Added Pin To Net: NetName=3V3A2 Pin=C100-1
Added Pin To Net: NetName=3V3A2 Pin=L10-2
Added Pin To Net: NetName=3V3A2 Pin=U16-4
Added Pin To Net: NetName=3V3A2 Pin=U16-5
Added Pin To Net: NetName=3V3A2 Pin=U17-11
Added Pin To Net: NetName=3V3A2 Pin=U17-15
Added Pin To Net: NetName=3V3A2 Pin=U17-23
Added Net: Name=3V3A2
Added Pin To Net: NetName=3V3D1 Pin=C110-1
Added Pin To Net: NetName=3V3D1 Pin=L12-2
Added Pin To Net: NetName=3V3D1 Pin=U19-27
Added Pin To Net: NetName=3V3D1 Pin=U19-47
Added Net: Name=3V3D1
Added Pin To Net: NetName=3V3D2 Pin=C97-1
Added Pin To Net: NetName=3V3D2 Pin=L8-2
Added Pin To Net: NetName=3V3D2 Pin=U17-27
Added Pin To Net: NetName=3V3D2 Pin=U17-47
Added Net: Name=3V3D2
Added Pin To Net: NetName=ADC_IN Pin=C32-2
Added Pin To Net: NetName=ADC_IN Pin=R29-1
Added Pin To Net: NetName=ADC_IN Pin=T1-1
Added Pin To Net: NetName=ADC_IN Pin=U1-1
Added Net: Name=ADC_IN
Added Pin To Net: NetName=AFE_VCC Pin=C65-2
Added Pin To Net: NetName=AFE_VCC Pin=D1-2
Added Pin To Net: NetName=AFE_VCC Pin=D2-2
Added Pin To Net: NetName=AFE_VCC Pin=R13-2
Added Pin To Net: NetName=AFE_VCC Pin=R64-2
Added Pin To Net: NetName=AFE_VCC Pin=U2-2
Added Pin To Net: NetName=AFE_VCC Pin=U9-2
Added Pin To Net: NetName=AFE_VCC Pin=U9-3
Added Net: Name=AFE_VCC
Added Pin To Net: NetName=AGC_0 Pin=R28-2
Added Pin To Net: NetName=AGC_0 Pin=U1-21
Added Net: Name=AGC_0
Added Pin To Net: NetName=AGC_1 Pin=R27-2
Added Pin To Net: NetName=AGC_1 Pin=U1-16
Added Net: Name=AGC_1
Added Pin To Net: NetName=ANE1 Pin=R99-2
Added Pin To Net: NetName=ANE1 Pin=U19-29
Added Net: Name=ANE1
Added Pin To Net: NetName=ANE2 Pin=R79-2
Added Pin To Net: NetName=ANE2 Pin=U17-29
Added Net: Name=ANE2
Added Pin To Net: NetName=BASE Pin=C11-2
Added Pin To Net: NetName=BASE Pin=R12-1
Added Pin To Net: NetName=BASE Pin=R14-2
Added Pin To Net: NetName=BASE Pin=U1-2
Added Pin To Net: NetName=BASE Pin=U1-5
Added Net: Name=BASE
Added Pin To Net: NetName=BOOT0 Pin=R32-2
Added Pin To Net: NetName=BOOT0 Pin=U3-138
Added Net: Name=BOOT0
Added Pin To Net: NetName=BOOT1 Pin=R33-2
Added Pin To Net: NetName=BOOT1 Pin=U3-48
Added Net: Name=BOOT1
Added Pin To Net: NetName=BWSEL Pin=R3-1
Added Pin To Net: NetName=BWSEL Pin=U1-26
Added Net: Name=BWSEL
Added Pin To Net: NetName=DAC_OUT Pin=C5-2
Added Pin To Net: NetName=DAC_OUT Pin=T2-1
Added Net: Name=DAC_OUT
Added Pin To Net: NetName=DUP1 Pin=R100-2
Added Pin To Net: NetName=DUP1 Pin=U19-30
Added Net: Name=DUP1
Added Pin To Net: NetName=DUP2 Pin=R80-2
Added Pin To Net: NetName=DUP2 Pin=U17-30
Added Net: Name=DUP2
Added Pin To Net: NetName=GND Pin=B1-1
Added Pin To Net: NetName=GND Pin=B1-1
Added Pin To Net: NetName=GND Pin=B1-1
Added Pin To Net: NetName=GND Pin=B1-1
Added Pin To Net: NetName=GND Pin=C2-1
Added Pin To Net: NetName=GND Pin=C3-2
Added Pin To Net: NetName=GND Pin=C6-2
Added Pin To Net: NetName=GND Pin=C8-1
Added Pin To Net: NetName=GND Pin=C10-2
Added Pin To Net: NetName=GND Pin=C11-1
Added Pin To Net: NetName=GND Pin=C12-2
Added Pin To Net: NetName=GND Pin=C13-1
Added Pin To Net: NetName=GND Pin=C16-2
Added Pin To Net: NetName=GND Pin=C17-1
Added Pin To Net: NetName=GND Pin=C18-1
Added Pin To Net: NetName=GND Pin=C19-1
Added Pin To Net: NetName=GND Pin=C20-1
Added Pin To Net: NetName=GND Pin=C21-1
Added Pin To Net: NetName=GND Pin=C22-1
Added Pin To Net: NetName=GND Pin=C23-1
Added Pin To Net: NetName=GND Pin=C24-1
Added Pin To Net: NetName=GND Pin=C25-1
Added Pin To Net: NetName=GND Pin=C26-1
Added Pin To Net: NetName=GND Pin=C27-1
Added Pin To Net: NetName=GND Pin=C28-1
Added Pin To Net: NetName=GND Pin=C29-1
Added Pin To Net: NetName=GND Pin=C30-1
Added Pin To Net: NetName=GND Pin=C31-1
Added Pin To Net: NetName=GND Pin=C33-2
Added Pin To Net: NetName=GND Pin=C34-1
Added Pin To Net: NetName=GND Pin=C35-1
Added Pin To Net: NetName=GND Pin=C36-1
Added Pin To Net: NetName=GND Pin=C37-1
Added Pin To Net: NetName=GND Pin=C38-1
Added Pin To Net: NetName=GND Pin=C39-1
Added Pin To Net: NetName=GND Pin=C40-1
Added Pin To Net: NetName=GND Pin=C41-1
Added Pin To Net: NetName=GND Pin=C42-1
Added Pin To Net: NetName=GND Pin=C43-1
Added Pin To Net: NetName=GND Pin=C44-1
Added Pin To Net: NetName=GND Pin=C45-1
Added Pin To Net: NetName=GND Pin=C46-1
Added Pin To Net: NetName=GND Pin=C47-1
Added Pin To Net: NetName=GND Pin=C48-1
Added Pin To Net: NetName=GND Pin=C49-1
Added Pin To Net: NetName=GND Pin=C50-1
Added Pin To Net: NetName=GND Pin=C51-1
Added Pin To Net: NetName=GND Pin=C52-1
Added Pin To Net: NetName=GND Pin=C53-1
Added Pin To Net: NetName=GND Pin=C54-1
Added Pin To Net: NetName=GND Pin=C55-1
Added Pin To Net: NetName=GND Pin=C56-1
Added Pin To Net: NetName=GND Pin=C57-1
Added Pin To Net: NetName=GND Pin=C58-2
Added Pin To Net: NetName=GND Pin=C59-1
Added Pin To Net: NetName=GND Pin=C60-1
Added Pin To Net: NetName=GND Pin=C62-2
Added Pin To Net: NetName=GND Pin=C64-2
Added Pin To Net: NetName=GND Pin=C66-1
Added Pin To Net: NetName=GND Pin=C67-1
Added Pin To Net: NetName=GND Pin=C69-1
Added Pin To Net: NetName=GND Pin=C70-1
Added Pin To Net: NetName=GND Pin=C71-1
Added Pin To Net: NetName=GND Pin=C72-1
Added Pin To Net: NetName=GND Pin=C73-1
Added Pin To Net: NetName=GND Pin=C74-1
Added Pin To Net: NetName=GND Pin=C75-1
Added Pin To Net: NetName=GND Pin=C76-2
Added Pin To Net: NetName=GND Pin=C77-1
Added Pin To Net: NetName=GND Pin=C78-1
Added Pin To Net: NetName=GND Pin=C79-2
Added Pin To Net: NetName=GND Pin=C80-2
Added Pin To Net: NetName=GND Pin=C81-1
Added Pin To Net: NetName=GND Pin=C82-1
Added Pin To Net: NetName=GND Pin=C83-2
Added Pin To Net: NetName=GND Pin=C84-2
Added Pin To Net: NetName=GND Pin=C85-1
Added Pin To Net: NetName=GND Pin=C86-1
Added Pin To Net: NetName=GND Pin=C87-2
Added Pin To Net: NetName=GND Pin=C88-2
Added Pin To Net: NetName=GND Pin=C89-1
Added Pin To Net: NetName=GND Pin=C90-1
Added Pin To Net: NetName=GND Pin=C91-2
Added Pin To Net: NetName=GND Pin=C92-2
Added Pin To Net: NetName=GND Pin=C93-1
Added Pin To Net: NetName=GND Pin=C94-1
Added Pin To Net: NetName=GND Pin=C95-1
Added Pin To Net: NetName=GND Pin=C96-1
Added Pin To Net: NetName=GND Pin=C97-2
Added Pin To Net: NetName=GND Pin=C98-2
Added Pin To Net: NetName=GND Pin=C99-2
Added Pin To Net: NetName=GND Pin=C100-2
Added Pin To Net: NetName=GND Pin=C101-2
Added Pin To Net: NetName=GND Pin=C102-1
Added Pin To Net: NetName=GND Pin=C103-1
Added Pin To Net: NetName=GND Pin=C104-2
Added Pin To Net: NetName=GND Pin=C105-2
Added Pin To Net: NetName=GND Pin=C106-1
Added Pin To Net: NetName=GND Pin=C107-1
Added Pin To Net: NetName=GND Pin=C108-1
Added Pin To Net: NetName=GND Pin=C109-1
Added Pin To Net: NetName=GND Pin=C110-2
Added Pin To Net: NetName=GND Pin=C111-2
Added Pin To Net: NetName=GND Pin=C112-2
Added Pin To Net: NetName=GND Pin=C113-2
Added Pin To Net: NetName=GND Pin=D3-1
Added Pin To Net: NetName=GND Pin=D4-1
Added Pin To Net: NetName=GND Pin=D5-1
Added Pin To Net: NetName=GND Pin=D6-1
Added Pin To Net: NetName=GND Pin=D7-1
Added Pin To Net: NetName=GND Pin=K1-1
Added Pin To Net: NetName=GND Pin=L3-1
Added Pin To Net: NetName=GND Pin=LED7-2
Added Pin To Net: NetName=GND Pin=Q1-1
Added Pin To Net: NetName=GND Pin=Q2-1
Added Pin To Net: NetName=GND Pin=Q3-1
Added Pin To Net: NetName=GND Pin=Q4-1
Added Pin To Net: NetName=GND Pin=Q5-1
Added Pin To Net: NetName=GND Pin=Q6-1
Added Pin To Net: NetName=GND Pin=Q7-1
Added Pin To Net: NetName=GND Pin=Q8-1
Added Pin To Net: NetName=GND Pin=Q9-1
Added Pin To Net: NetName=GND Pin=R3-2
Added Pin To Net: NetName=GND Pin=R4-2
Added Pin To Net: NetName=GND Pin=R14-1
Added Pin To Net: NetName=GND Pin=R15-1
Added Pin To Net: NetName=GND Pin=R18-1
Added Pin To Net: NetName=GND Pin=R19-1
Added Pin To Net: NetName=GND Pin=R26-1
Added Pin To Net: NetName=GND Pin=R32-1
Added Pin To Net: NetName=GND Pin=R33-1
Added Pin To Net: NetName=GND Pin=R40-2
Added Pin To Net: NetName=GND Pin=R60-1
Added Pin To Net: NetName=GND Pin=R63-1
Added Pin To Net: NetName=GND Pin=R64-1
Added Pin To Net: NetName=GND Pin=R68-1
Added Pin To Net: NetName=GND Pin=R70-1
Added Pin To Net: NetName=GND Pin=R71-1
Added Pin To Net: NetName=GND Pin=R86-1
Added Pin To Net: NetName=GND Pin=R91-1
Added Pin To Net: NetName=GND Pin=R106-1
Added Pin To Net: NetName=GND Pin=U1-7
Added Pin To Net: NetName=GND Pin=U1-10
Added Pin To Net: NetName=GND Pin=U1-13
Added Pin To Net: NetName=GND Pin=U1-17
Added Pin To Net: NetName=GND Pin=U1-19
Added Pin To Net: NetName=GND Pin=U1-27
Added Pin To Net: NetName=GND Pin=U1-32
Added Pin To Net: NetName=GND Pin=U1-37
Added Pin To Net: NetName=GND Pin=U1-38
Added Pin To Net: NetName=GND Pin=U1-39
Added Pin To Net: NetName=GND Pin=U1-41
Added Pin To Net: NetName=GND Pin=U1-43
Added Pin To Net: NetName=GND Pin=U1-46
Added Pin To Net: NetName=GND Pin=U2-1
Added Pin To Net: NetName=GND Pin=U3-16
Added Pin To Net: NetName=GND Pin=U3-38
Added Pin To Net: NetName=GND Pin=U3-51
Added Pin To Net: NetName=GND Pin=U3-61
Added Pin To Net: NetName=GND Pin=U3-83
Added Pin To Net: NetName=GND Pin=U3-94
Added Pin To Net: NetName=GND Pin=U3-107
Added Pin To Net: NetName=GND Pin=U3-120
Added Pin To Net: NetName=GND Pin=U3-130
Added Pin To Net: NetName=GND Pin=U3-143
Added Pin To Net: NetName=GND Pin=U4-4
Added Pin To Net: NetName=GND Pin=U4-6
Added Pin To Net: NetName=GND Pin=U4-8
Added Pin To Net: NetName=GND Pin=U4-10
Added Pin To Net: NetName=GND Pin=U4-12
Added Pin To Net: NetName=GND Pin=U4-14
Added Pin To Net: NetName=GND Pin=U4-16
Added Pin To Net: NetName=GND Pin=U4-18
Added Pin To Net: NetName=GND Pin=U4-20
Added Pin To Net: NetName=GND Pin=U6-5
Added Pin To Net: NetName=GND Pin=U7-11
Added Pin To Net: NetName=GND Pin=U7-13
Added Pin To Net: NetName=GND Pin=U7-15
Added Pin To Net: NetName=GND Pin=U8-4
Added Pin To Net: NetName=GND Pin=U11-3
Added Pin To Net: NetName=GND Pin=U11-6
Added Pin To Net: NetName=GND Pin=U12-3
Added Pin To Net: NetName=GND Pin=U12-5
Added Pin To Net: NetName=GND Pin=U12-6
Added Pin To Net: NetName=GND Pin=U13-3
Added Pin To Net: NetName=GND Pin=U13-6
Added Pin To Net: NetName=GND Pin=U13-7
Added Pin To Net: NetName=GND Pin=U14-3
Added Pin To Net: NetName=GND Pin=U14-6
Added Pin To Net: NetName=GND Pin=U14-7
Added Pin To Net: NetName=GND Pin=U15-3
Added Pin To Net: NetName=GND Pin=U15-6
Added Pin To Net: NetName=GND Pin=U15-7
Added Pin To Net: NetName=GND Pin=U16-8
Added Pin To Net: NetName=GND Pin=U17-9
Added Pin To Net: NetName=GND Pin=U17-10
Added Pin To Net: NetName=GND Pin=U17-13
Added Pin To Net: NetName=GND Pin=U17-19
Added Pin To Net: NetName=GND Pin=U17-22
Added Pin To Net: NetName=GND Pin=U17-24
Added Pin To Net: NetName=GND Pin=U17-26
Added Pin To Net: NetName=GND Pin=U17-28
Added Pin To Net: NetName=GND Pin=U17-32
Added Pin To Net: NetName=GND Pin=U17-33
Added Pin To Net: NetName=GND Pin=U17-34
Added Pin To Net: NetName=GND Pin=U17-35
Added Pin To Net: NetName=GND Pin=U17-36
Added Pin To Net: NetName=GND Pin=U17-37
Added Pin To Net: NetName=GND Pin=U17-38
Added Pin To Net: NetName=GND Pin=U17-39
Added Pin To Net: NetName=GND Pin=U17-48
Added Pin To Net: NetName=GND Pin=U18-8
Added Pin To Net: NetName=GND Pin=U19-9
Added Pin To Net: NetName=GND Pin=U19-10
Added Pin To Net: NetName=GND Pin=U19-13
Added Pin To Net: NetName=GND Pin=U19-19
Added Pin To Net: NetName=GND Pin=U19-22
Added Pin To Net: NetName=GND Pin=U19-24
Added Pin To Net: NetName=GND Pin=U19-26
Added Pin To Net: NetName=GND Pin=U19-28
Added Pin To Net: NetName=GND Pin=U19-32
Added Pin To Net: NetName=GND Pin=U19-33
Added Pin To Net: NetName=GND Pin=U19-34
Added Pin To Net: NetName=GND Pin=U19-35
Added Pin To Net: NetName=GND Pin=U19-36
Added Pin To Net: NetName=GND Pin=U19-37
Added Pin To Net: NetName=GND Pin=U19-38
Added Pin To Net: NetName=GND Pin=U19-39
Added Pin To Net: NetName=GND Pin=U19-48
Added Pin To Net: NetName=GND Pin=X1-2
Added Pin To Net: NetName=GND Pin=X1-4
Added Pin To Net: NetName=GND Pin=X2-2
Added Pin To Net: NetName=GND Pin=X2-4
Added Pin To Net: NetName=GND Pin=X3-2
Added Pin To Net: NetName=GND Pin=X4-2
Added Net: Name=GND
Added Pin To Net: NetName=INT1 Pin=R103-2
Added Pin To Net: NetName=INT1 Pin=U3-117
Added Pin To Net: NetName=INT1 Pin=U19-40
Added Net: Name=INT1
Added Pin To Net: NetName=INT2 Pin=R83-2
Added Pin To Net: NetName=INT2 Pin=U3-79
Added Pin To Net: NetName=INT2 Pin=U17-40
Added Net: Name=INT2
Added Pin To Net: NetName=INT Pin=R2-1
Added Pin To Net: NetName=INT Pin=U1-25
Added Pin To Net: NetName=INT Pin=U3-45
Added Net: Name=INT
Added Pin To Net: NetName=MISO1 Pin=U3-112
Added Pin To Net: NetName=MISO1 Pin=U19-44
Added Net: Name=MISO1
Added Pin To Net: NetName=MISO2 Pin=U3-75
Added Pin To Net: NetName=MISO2 Pin=U17-44
Added Net: Name=MISO2
Added Pin To Net: NetName=MOSI1 Pin=U3-113
Added Pin To Net: NetName=MOSI1 Pin=U19-43
Added Net: Name=MOSI1
Added Pin To Net: NetName=MOSI2 Pin=U3-76
Added Pin To Net: NetName=MOSI2 Pin=U17-43
Added Net: Name=MOSI2
Added Pin To Net: NetName=NetC1_1 Pin=C1-1
Added Pin To Net: NetName=NetC1_1 Pin=D1-1
Added Pin To Net: NetName=NetC1_1 Pin=D3-2
Added Pin To Net: NetName=NetC1_1 Pin=L1-1
Added Pin To Net: NetName=NetC1_1 Pin=R1-2
Added Pin To Net: NetName=NetC1_1 Pin=U2-15
Added Net: Name=NetC1_1
Added Pin To Net: NetName=NetC1_2 Pin=C1-2
Added Pin To Net: NetName=NetC1_2 Pin=R11-2
Added Pin To Net: NetName=NetC1_2 Pin=U2-6
Added Net: Name=NetC1_2
Added Pin To Net: NetName=NetC3_1 Pin=C3-1
Added Pin To Net: NetName=NetC3_1 Pin=R6-2
Added Pin To Net: NetName=NetC3_1 Pin=X1-3
Added Net: Name=NetC3_1
Added Pin To Net: NetName=NetC4_1 Pin=C4-1
Added Pin To Net: NetName=NetC4_1 Pin=C7-2
Added Pin To Net: NetName=NetC4_1 Pin=R5-2
Added Pin To Net: NetName=NetC4_1 Pin=U1-4
Added Net: Name=NetC4_1
Added Pin To Net: NetName=NetC4_2 Pin=C4-2
Added Pin To Net: NetName=NetC4_2 Pin=R8-2
Added Pin To Net: NetName=NetC4_2 Pin=U1-6
Added Net: Name=NetC4_2
Added Pin To Net: NetName=NetC5_1 Pin=C5-1
Added Pin To Net: NetName=NetC5_1 Pin=R7-1
Added Net: Name=NetC5_1
Added Pin To Net: NetName=NetC7_1 Pin=C7-1
Added Pin To Net: NetName=NetC7_1 Pin=R10-1
Added Net: Name=NetC7_1
Added Pin To Net: NetName=NetC8_2 Pin=C8-2
Added Pin To Net: NetName=NetC8_2 Pin=R5-1
Added Pin To Net: NetName=NetC8_2 Pin=R7-2
Added Pin To Net: NetName=NetC8_2 Pin=R8-1
Added Net: Name=NetC8_2
Added Pin To Net: NetName=NetC9_2 Pin=C9-2
Added Pin To Net: NetName=NetC9_2 Pin=D2-1
Added Pin To Net: NetName=NetC9_2 Pin=D4-2
Added Pin To Net: NetName=NetC9_2 Pin=L1-2
Added Net: Name=NetC9_2
Added Pin To Net: NetName=NetC10_1 Pin=C10-1
Added Pin To Net: NetName=NetC10_1 Pin=R1-1
Added Pin To Net: NetName=NetC10_1 Pin=R10-2
Added Pin To Net: NetName=NetC10_1 Pin=R11-1
Added Net: Name=NetC10_1
Added Pin To Net: NetName=NetC12_1 Pin=C12-1
Added Pin To Net: NetName=NetC12_1 Pin=R13-1
Added Pin To Net: NetName=NetC12_1 Pin=R15-2
Added Pin To Net: NetName=NetC12_1 Pin=U2-5
Added Net: Name=NetC12_1
Added Pin To Net: NetName=NetC13_2 Pin=C13-2
Added Pin To Net: NetName=NetC13_2 Pin=R18-2
Added Pin To Net: NetName=NetC13_2 Pin=U2-9
Added Net: Name=NetC13_2
Added Pin To Net: NetName=NetC14_1 Pin=C14-1
Added Pin To Net: NetName=NetC14_1 Pin=C16-1
Added Pin To Net: NetName=NetC14_1 Pin=L2-1
Added Pin To Net: NetName=NetC14_1 Pin=L3-2
Added Pin To Net: NetName=NetC14_1 Pin=R23-2
Added Pin To Net: NetName=NetC14_1 Pin=R25-2
Added Pin To Net: NetName=NetC14_1 Pin=R26-2
Added Net: Name=NetC14_1
Added Pin To Net: NetName=NetC14_2 Pin=C14-2
Added Pin To Net: NetName=NetC14_2 Pin=R24-1
Added Net: Name=NetC14_2
Added Pin To Net: NetName=NetC15_1 Pin=C15-1
Added Pin To Net: NetName=NetC15_1 Pin=R22-1
Added Net: Name=NetC15_1
Added Pin To Net: NetName=NetC15_2 Pin=C15-2
Added Pin To Net: NetName=NetC15_2 Pin=L2-2
Added Net: Name=NetC15_2
Added Pin To Net: NetName=NetC21_2 Pin=C21-2
Added Pin To Net: NetName=NetC21_2 Pin=U1-47
Added Net: Name=NetC21_2
Added Pin To Net: NetName=NetC32_1 Pin=C32-1
Added Pin To Net: NetName=NetC32_1 Pin=R30-1
Added Pin To Net: NetName=NetC32_1 Pin=U1-3
Added Net: Name=NetC32_1
Added Pin To Net: NetName=NetC33_1 Pin=C33-1
Added Pin To Net: NetName=NetC33_1 Pin=R24-2
Added Pin To Net: NetName=NetC33_1 Pin=R29-2
Added Pin To Net: NetName=NetC33_1 Pin=R30-2
Added Net: Name=NetC33_1
Added Pin To Net: NetName=NetC51_2 Pin=C51-2
Added Pin To Net: NetName=NetC51_2 Pin=U3-106
Added Net: Name=NetC51_2
Added Pin To Net: NetName=NetC54_2 Pin=C54-2
Added Pin To Net: NetName=NetC54_2 Pin=U4-1
Added Pin To Net: NetName=NetC54_2 Pin=U4-2
Added Net: Name=NetC54_2
Added Pin To Net: NetName=NetC55_2 Pin=C55-2
Added Pin To Net: NetName=NetC55_2 Pin=U3-71
Added Net: Name=NetC55_2
Added Pin To Net: NetName=NetC61_1 Pin=C61-1
Added Pin To Net: NetName=NetC61_1 Pin=U7-3
Added Net: Name=NetC61_1
Added Pin To Net: NetName=NetC61_2 Pin=C61-2
Added Pin To Net: NetName=NetC61_2 Pin=U7-1
Added Net: Name=NetC61_2
Added Pin To Net: NetName=NetC62_1 Pin=C62-1
Added Pin To Net: NetName=NetC62_1 Pin=U7-2
Added Net: Name=NetC62_1
Added Pin To Net: NetName=NetC63_1 Pin=C63-1
Added Pin To Net: NetName=NetC63_1 Pin=U7-5
Added Net: Name=NetC63_1
Added Pin To Net: NetName=NetC63_2 Pin=C63-2
Added Pin To Net: NetName=NetC63_2 Pin=U7-4
Added Net: Name=NetC63_2
Added Pin To Net: NetName=NetC64_1 Pin=C64-1
Added Pin To Net: NetName=NetC64_1 Pin=U7-6
Added Net: Name=NetC64_1
Added Pin To Net: NetName=NetC65_1 Pin=C65-1
Added Pin To Net: NetName=NetC65_1 Pin=R61-2
Added Pin To Net: NetName=NetC65_1 Pin=U9-6
Added Net: Name=NetC65_1
Added Pin To Net: NetName=NetC91_1 Pin=C91-1
Added Pin To Net: NetName=NetC91_1 Pin=R85-2
Added Pin To Net: NetName=NetC91_1 Pin=R87-2
Added Net: Name=NetC91_1
Added Pin To Net: NetName=NetC92_1 Pin=C92-1
Added Pin To Net: NetName=NetC92_1 Pin=R88-2
Added Pin To Net: NetName=NetC92_1 Pin=R89-2
Added Net: Name=NetC92_1
Added Pin To Net: NetName=NetC98_1 Pin=C98-1
Added Pin To Net: NetName=NetC98_1 Pin=C99-1
Added Pin To Net: NetName=NetC98_1 Pin=L9-2
Added Pin To Net: NetName=NetC98_1 Pin=X3-4
Added Net: Name=NetC98_1
Added Pin To Net: NetName=NetC104_1 Pin=C104-1
Added Pin To Net: NetName=NetC104_1 Pin=R105-2
Added Pin To Net: NetName=NetC104_1 Pin=R107-2
Added Net: Name=NetC104_1
Added Pin To Net: NetName=NetC105_1 Pin=C105-1
Added Pin To Net: NetName=NetC105_1 Pin=R108-2
Added Pin To Net: NetName=NetC105_1 Pin=R109-2
Added Net: Name=NetC105_1
Added Pin To Net: NetName=NetC111_1 Pin=C111-1
Added Pin To Net: NetName=NetC111_1 Pin=C112-1
Added Pin To Net: NetName=NetC111_1 Pin=L13-2
Added Pin To Net: NetName=NetC111_1 Pin=X4-4
Added Net: Name=NetC111_1
Added Pin To Net: NetName=NetD6_2 Pin=D6-2
Added Pin To Net: NetName=NetD6_2 Pin=L5-1
Added Pin To Net: NetName=NetD6_2 Pin=U11-2
Added Net: Name=NetD6_2
Added Pin To Net: NetName=NetD7_2 Pin=D7-2
Added Pin To Net: NetName=NetD7_2 Pin=L6-1
Added Pin To Net: NetName=NetD7_2 Pin=U12-2
Added Net: Name=NetD7_2
Added Pin To Net: NetName=NetJ1_1 Pin=J1-1
Added Pin To Net: NetName=NetJ1_1 Pin=U10-3
Added Net: Name=NetJ1_1
Added Pin To Net: NetName=NetJ1_2 Pin=J1-2
Added Pin To Net: NetName=NetJ1_2 Pin=U8-1
Added Pin To Net: NetName=NetJ1_2 Pin=U10-1
Added Net: Name=NetJ1_2
Added Pin To Net: NetName=NetJ1_3 Pin=J1-3
Added Pin To Net: NetName=NetJ1_3 Pin=K2-1
Added Net: Name=NetJ1_3
Added Pin To Net: NetName=NetK2_2 Pin=K2-2
Added Pin To Net: NetName=NetK2_2 Pin=U10-2
Added Net: Name=NetK2_2
Added Pin To Net: NetName=NetL7_1 Pin=L7-1
Added Pin To Net: NetName=NetL7_1 Pin=U17-14
Added Net: Name=NetL7_1
Added Pin To Net: NetName=NetL11_1 Pin=L11-1
Added Pin To Net: NetName=NetL11_1 Pin=U19-14
Added Net: Name=NetL11_1
Added Pin To Net: NetName=NetLED1_2 Pin=LED1-2
Added Pin To Net: NetName=NetLED1_2 Pin=R16-2
Added Net: Name=NetLED1_2
Added Pin To Net: NetName=NetLED2_2 Pin=LED2-2
Added Pin To Net: NetName=NetLED2_2 Pin=R17-2
Added Net: Name=NetLED2_2
Added Pin To Net: NetName=NetLED3_2 Pin=LED3-2
Added Pin To Net: NetName=NetLED3_2 Pin=R50-2
Added Net: Name=NetLED3_2
Added Pin To Net: NetName=NetLED4_2 Pin=LED4-2
Added Pin To Net: NetName=NetLED4_2 Pin=R51-2
Added Net: Name=NetLED4_2
Added Pin To Net: NetName=NetLED5_2 Pin=LED5-2
Added Pin To Net: NetName=NetLED5_2 Pin=R52-2
Added Net: Name=NetLED5_2
Added Pin To Net: NetName=NetLED6_2 Pin=LED6-2
Added Pin To Net: NetName=NetLED6_2 Pin=R53-2
Added Net: Name=NetLED6_2
Added Pin To Net: NetName=NetLED7_1 Pin=LED7-1
Added Pin To Net: NetName=NetLED7_1 Pin=R66-1
Added Net: Name=NetLED7_1
Added Pin To Net: NetName=NetQ1_2 Pin=Q1-2
Added Pin To Net: NetName=NetQ1_2 Pin=R21-2
Added Net: Name=NetQ1_2
Added Pin To Net: NetName=NetQ1_3 Pin=Q1-3
Added Pin To Net: NetName=NetQ1_3 Pin=R17-1
Added Net: Name=NetQ1_3
Added Pin To Net: NetName=NetQ2_2 Pin=Q2-2
Added Pin To Net: NetName=NetQ2_2 Pin=R20-1
Added Net: Name=NetQ2_2
Added Pin To Net: NetName=NetQ2_3 Pin=Q2-3
Added Pin To Net: NetName=NetQ2_3 Pin=R16-1
Added Net: Name=NetQ2_3
Added Pin To Net: NetName=NetQ3_2 Pin=Q3-2
Added Pin To Net: NetName=NetQ3_2 Pin=R27-1
Added Net: Name=NetQ3_2
Added Pin To Net: NetName=NetQ3_3 Pin=Q3-3
Added Pin To Net: NetName=NetQ3_3 Pin=R23-1
Added Net: Name=NetQ3_3
Added Pin To Net: NetName=NetQ4_2 Pin=Q4-2
Added Pin To Net: NetName=NetQ4_2 Pin=R28-1
Added Net: Name=NetQ4_2
Added Pin To Net: NetName=NetQ4_3 Pin=Q4-3
Added Pin To Net: NetName=NetQ4_3 Pin=R25-1
Added Net: Name=NetQ4_3
Added Pin To Net: NetName=NetQ5_2 Pin=Q5-2
Added Pin To Net: NetName=NetQ5_2 Pin=R54-1
Added Net: Name=NetQ5_2
Added Pin To Net: NetName=NetQ5_3 Pin=Q5-3
Added Pin To Net: NetName=NetQ5_3 Pin=R50-1
Added Net: Name=NetQ5_3
Added Pin To Net: NetName=NetQ6_2 Pin=Q6-2
Added Pin To Net: NetName=NetQ6_2 Pin=R55-1
Added Net: Name=NetQ6_2
Added Pin To Net: NetName=NetQ6_3 Pin=Q6-3
Added Pin To Net: NetName=NetQ6_3 Pin=R51-1
Added Net: Name=NetQ6_3
Added Pin To Net: NetName=NetQ7_2 Pin=Q7-2
Added Pin To Net: NetName=NetQ7_2 Pin=R56-1
Added Net: Name=NetQ7_2
Added Pin To Net: NetName=NetQ7_3 Pin=Q7-3
Added Pin To Net: NetName=NetQ7_3 Pin=R52-1
Added Net: Name=NetQ7_3
Added Pin To Net: NetName=NetQ8_2 Pin=Q8-2
Added Pin To Net: NetName=NetQ8_2 Pin=R57-1
Added Net: Name=NetQ8_2
Added Pin To Net: NetName=NetQ8_3 Pin=Q8-3
Added Pin To Net: NetName=NetQ8_3 Pin=R53-1
Added Net: Name=NetQ8_3
Added Pin To Net: NetName=NetQ9_2 Pin=Q9-2
Added Pin To Net: NetName=NetQ9_2 Pin=R67-1
Added Pin To Net: NetName=NetQ9_2 Pin=R68-2
Added Net: Name=NetQ9_2
Added Pin To Net: NetName=NetQ9_3 Pin=Q9-3
Added Pin To Net: NetName=NetQ9_3 Pin=R65-2
Added Pin To Net: NetName=NetQ9_3 Pin=U11-5
Added Net: Name=NetQ9_3
Added Pin To Net: NetName=NetQ10_2 Pin=Q10-2
Added Pin To Net: NetName=NetQ10_2 Pin=R69-1
Added Net: Name=NetQ10_2
Added Pin To Net: NetName=NetQ10_3 Pin=Q10-3
Added Pin To Net: NetName=NetQ10_3 Pin=R70-2
Added Pin To Net: NetName=NetQ10_3 Pin=U15-5
Added Net: Name=NetQ10_3
Added Pin To Net: NetName=NetR40_1 Pin=R40-1
Added Pin To Net: NetName=NetR40_1 Pin=R43-2
Added Pin To Net: NetName=NetR40_1 Pin=U6-7
Added Net: Name=NetR40_1
Added Pin To Net: NetName=NetR41_1 Pin=R41-1
Added Pin To Net: NetName=NetR41_1 Pin=U3-37
Added Net: Name=NetR41_1
Added Pin To Net: NetName=NetR41_2 Pin=R41-2
Added Pin To Net: NetName=NetR41_2 Pin=U6-1
Added Net: Name=NetR41_2
Added Pin To Net: NetName=NetR42_2 Pin=R42-2
Added Pin To Net: NetName=NetR42_2 Pin=U3-54
Added Net: Name=NetR42_2
Added Pin To Net: NetName=NetR45_2 Pin=R45-2
Added Pin To Net: NetName=NetR45_2 Pin=U3-55
Added Net: Name=NetR45_2
Added Pin To Net: NetName=NetR46_2 Pin=R46-2
Added Pin To Net: NetName=NetR46_2 Pin=U3-35
Added Pin To Net: NetName=NetR46_2 Pin=U6-2
Added Pin To Net: NetName=NetR46_2 Pin=U6-3
Added Net: Name=NetR46_2
Added Pin To Net: NetName=NetR47_2 Pin=R47-2
Added Pin To Net: NetName=NetR47_2 Pin=R48-2
Added Pin To Net: NetName=NetR47_2 Pin=U6-6
Added Net: Name=NetR47_2
Added Pin To Net: NetName=NetR49_1 Pin=R49-1
Added Pin To Net: NetName=NetR49_1 Pin=U3-36
Added Net: Name=NetR49_1
Added Pin To Net: NetName=NetR49_2 Pin=R49-2
Added Pin To Net: NetName=NetR49_2 Pin=U6-4
Added Net: Name=NetR49_2
Added Pin To Net: NetName=NetR54_2 Pin=R54-2
Added Pin To Net: NetName=NetR54_2 Pin=U3-91
Added Net: Name=NetR54_2
Added Pin To Net: NetName=NetR55_2 Pin=R55-2
Added Pin To Net: NetName=NetR55_2 Pin=U3-90
Added Net: Name=NetR55_2
Added Pin To Net: NetName=NetR56_2 Pin=R56-2
Added Pin To Net: NetName=NetR56_2 Pin=U3-92
Added Net: Name=NetR56_2
Added Pin To Net: NetName=NetR57_2 Pin=R57-2
Added Pin To Net: NetName=NetR57_2 Pin=U3-89
Added Net: Name=NetR57_2
Added Pin To Net: NetName=NetR58_1 Pin=R58-1
Added Pin To Net: NetName=NetR58_1 Pin=U3-101
Added Net: Name=NetR58_1
Added Pin To Net: NetName=NetR58_2 Pin=R58-2
Added Pin To Net: NetName=NetR58_2 Pin=U7-10
Added Net: Name=NetR58_2
Added Pin To Net: NetName=NetR59_1 Pin=R59-1
Added Pin To Net: NetName=NetR59_1 Pin=U3-100
Added Net: Name=NetR59_1
Added Pin To Net: NetName=NetR59_2 Pin=R59-2
Added Pin To Net: NetName=NetR59_2 Pin=U7-9
Added Net: Name=NetR59_2
Added Pin To Net: NetName=NetR60_2 Pin=R60-2
Added Pin To Net: NetName=NetR60_2 Pin=U9-1
Added Net: Name=NetR60_2
Added Pin To Net: NetName=NetR62_1 Pin=R62-1
Added Pin To Net: NetName=NetR62_1 Pin=R63-2
Added Pin To Net: NetName=NetR62_1 Pin=U9-5
Added Net: Name=NetR62_1
Added Pin To Net: NetName=NetR67_2 Pin=R67-2
Added Pin To Net: NetName=NetR67_2 Pin=U3-13
Added Net: Name=NetR67_2
Added Pin To Net: NetName=NetR69_2 Pin=R69-2
Added Pin To Net: NetName=NetR69_2 Pin=U3-12
Added Net: Name=NetR69_2
Added Pin To Net: NetName=NetR73_1 Pin=R73-1
Added Pin To Net: NetName=NetR73_1 Pin=U16-12
Added Net: Name=NetR73_1
Added Pin To Net: NetName=NetR77_1 Pin=R77-1
Added Pin To Net: NetName=NetR77_1 Pin=U16-9
Added Net: Name=NetR77_1
Added Pin To Net: NetName=NetR86_2 Pin=R86-2
Added Pin To Net: NetName=NetR86_2 Pin=U17-12
Added Net: Name=NetR86_2
Added Pin To Net: NetName=NetR90_1 Pin=R90-1
Added Pin To Net: NetName=NetR90_1 Pin=X3-3
Added Net: Name=NetR90_1
Added Pin To Net: NetName=NetR93_1 Pin=R93-1
Added Pin To Net: NetName=NetR93_1 Pin=U18-12
Added Net: Name=NetR93_1
Added Pin To Net: NetName=NetR97_1 Pin=R97-1
Added Pin To Net: NetName=NetR97_1 Pin=U18-9
Added Net: Name=NetR97_1
Added Pin To Net: NetName=NetR106_2 Pin=R106-2
Added Pin To Net: NetName=NetR106_2 Pin=U19-12
Added Net: Name=NetR106_2
Added Pin To Net: NetName=NetR110_1 Pin=R110-1
Added Pin To Net: NetName=NetR110_1 Pin=X4-3
Added Net: Name=NetR110_1
Added Pin To Net: NetName=NetT1_2 Pin=T1-2
Added Pin To Net: NetName=NetT1_2 Pin=U1-48
Added Net: Name=NetT1_2
Added Pin To Net: NetName=NetT2_2 Pin=T2-2
Added Pin To Net: NetName=NetT2_2 Pin=U1-11
Added Net: Name=NetT2_2
Added Pin To Net: NetName=NetU8_2 Pin=U8-2
Added Pin To Net: NetName=NetU8_2 Pin=U10-5
Added Net: Name=NetU8_2
Added Pin To Net: NetName=NetU8_3 Pin=U8-3
Added Pin To Net: NetName=NetU8_3 Pin=U10-4
Added Net: Name=NetU8_3
Added Pin To Net: NetName=NRST Pin=C53-2
Added Pin To Net: NetName=NRST Pin=K1-2
Added Pin To Net: NetName=NRST Pin=R34-1
Added Pin To Net: NetName=NRST Pin=U3-25
Added Pin To Net: NetName=NRST Pin=U4-15
Added Net: Name=NRST
Added Pin To Net: NetName=NTRST Pin=R36-1
Added Pin To Net: NetName=NTRST Pin=U3-134
Added Pin To Net: NetName=NTRST Pin=U4-3
Added Net: Name=NTRST
Added Pin To Net: NetName=OSC_IN Pin=C56-2
Added Pin To Net: NetName=OSC_IN Pin=U3-23
Added Pin To Net: NetName=OSC_IN Pin=X2-1
Added Net: Name=OSC_IN
Added Pin To Net: NetName=OSC_OUT Pin=C57-2
Added Pin To Net: NetName=OSC_OUT Pin=U3-24
Added Pin To Net: NetName=OSC_OUT Pin=X2-3
Added Net: Name=OSC_OUT
Added Pin To Net: NetName=PWDN1 Pin=R91-2
Added Pin To Net: NetName=PWDN1 Pin=U3-116
Added Pin To Net: NetName=PWDN1 Pin=U19-45
Added Net: Name=PWDN1
Added Pin To Net: NetName=PWDN2 Pin=R71-2
Added Pin To Net: NetName=PWDN2 Pin=U3-78
Added Pin To Net: NetName=PWDN2 Pin=U17-45
Added Net: Name=PWDN2
Added Pin To Net: NetName=RESET1 Pin=R102-2
Added Pin To Net: NetName=RESET1 Pin=U3-115
Added Pin To Net: NetName=RESET1 Pin=U19-46
Added Net: Name=RESET1
Added Pin To Net: NetName=RESET2 Pin=R82-2
Added Pin To Net: NetName=RESET2 Pin=U3-77
Added Pin To Net: NetName=RESET2 Pin=U17-46
Added Net: Name=RESET2
Added Pin To Net: NetName=RS232_RX Pin=U7-7
Added Net: Name=RS232_RX
Added Pin To Net: NetName=RS232_TX Pin=U7-8
Added Net: Name=RS232_TX
Added Pin To Net: NetName=RS485_A Pin=R44-2
Added Pin To Net: NetName=RS485_A Pin=R47-1
Added Net: Name=RS485_A
Added Pin To Net: NetName=RS485_B Pin=R43-1
Added Pin To Net: NetName=RS485_B Pin=R44-1
Added Net: Name=RS485_B
Added Pin To Net: NetName=RST1 Pin=R31-2
Added Pin To Net: NetName=RST1 Pin=U1-24
Added Pin To Net: NetName=RST1 Pin=U3-44
Added Net: Name=RST1
Added Pin To Net: NetName=RSV1 Pin=R98-2
Added Pin To Net: NetName=RSV1 Pin=U19-7
Added Net: Name=RSV1
Added Pin To Net: NetName=RSV2 Pin=R78-2
Added Pin To Net: NetName=RSV2 Pin=U17-7
Added Net: Name=RSV2
Added Pin To Net: NetName=RX_LED Pin=R21-1
Added Pin To Net: NetName=RX_LED Pin=U1-23
Added Net: Name=RX_LED
Added Pin To Net: NetName=RXN1 Pin=R109-1
Added Pin To Net: NetName=RXN1 Pin=U18-6
Added Pin To Net: NetName=RXN1 Pin=U19-21
Added Net: Name=RXN1
Added Pin To Net: NetName=RXN2 Pin=R89-1
Added Pin To Net: NetName=RXN2 Pin=U16-6
Added Pin To Net: NetName=RXN2 Pin=U17-21
Added Net: Name=RXN2
Added Pin To Net: NetName=RXP1 Pin=R108-1
Added Pin To Net: NetName=RXP1 Pin=U18-3
Added Pin To Net: NetName=RXP1 Pin=U19-20
Added Net: Name=RXP1
Added Pin To Net: NetName=RXP2 Pin=R88-1
Added Pin To Net: NetName=RXP2 Pin=U16-3
Added Pin To Net: NetName=RXP2 Pin=U17-20
Added Net: Name=RXP2
Added Pin To Net: NetName=SCLK1 Pin=U3-111
Added Pin To Net: NetName=SCLK1 Pin=U19-42
Added Net: Name=SCLK1
Added Pin To Net: NetName=SCLK2 Pin=U3-74
Added Pin To Net: NetName=SCLK2 Pin=U17-42
Added Net: Name=SCLK2
Added Pin To Net: NetName=SCS1 Pin=R104-2
Added Pin To Net: NetName=SCS1 Pin=U3-114
Added Pin To Net: NetName=SCS1 Pin=U19-41
Added Net: Name=SCS1
Added Pin To Net: NetName=SCS2 Pin=R84-2
Added Pin To Net: NetName=SCS2 Pin=U3-73
Added Pin To Net: NetName=SCS2 Pin=U17-41
Added Net: Name=SCS2
Added Pin To Net: NetName=SHDN Pin=R4-1
Added Pin To Net: NetName=SHDN Pin=U1-28
Added Net: Name=SHDN
Added Pin To Net: NetName=SIGNAL Pin=B1-2
Added Pin To Net: NetName=SIGNAL Pin=C9-1
Added Pin To Net: NetName=SIGNAL Pin=R22-2
Added Net: Name=SIGNAL
Added Pin To Net: NetName=SPD1 Pin=R101-2
Added Pin To Net: NetName=SPD1 Pin=U19-31
Added Net: Name=SPD1
Added Pin To Net: NetName=SPD2 Pin=R81-2
Added Pin To Net: NetName=SPD2 Pin=U17-31
Added Net: Name=SPD2
Added Pin To Net: NetName=SPI1_CLK Pin=U1-35
Added Pin To Net: NetName=SPI1_CLK Pin=U3-41
Added Net: Name=SPI1_CLK
Added Pin To Net: NetName=SPI1_MISO Pin=U1-33
Added Pin To Net: NetName=SPI1_MISO Pin=U3-42
Added Net: Name=SPI1_MISO
Added Pin To Net: NetName=SPI1_MOSI Pin=U1-34
Added Pin To Net: NetName=SPI1_MOSI Pin=U3-43
Added Net: Name=SPI1_MOSI
Added Pin To Net: NetName=SPI1_NSS Pin=U1-36
Added Pin To Net: NetName=SPI1_NSS Pin=U3-40
Added Net: Name=SPI1_NSS
Added Pin To Net: NetName=TCK Pin=R35-1
Added Pin To Net: NetName=TCK Pin=U3-109
Added Pin To Net: NetName=TCK Pin=U4-9
Added Net: Name=TCK
Added Pin To Net: NetName=TDI Pin=R37-1
Added Pin To Net: NetName=TDI Pin=U3-110
Added Pin To Net: NetName=TDI Pin=U4-5
Added Net: Name=TDI
Added Pin To Net: NetName=TDO Pin=R39-1
Added Pin To Net: NetName=TDO Pin=U3-133
Added Pin To Net: NetName=TDO Pin=U4-13
Added Net: Name=TDO
Added Pin To Net: NetName=TMS Pin=R38-1
Added Pin To Net: NetName=TMS Pin=U3-105
Added Pin To Net: NetName=TMS Pin=U4-7
Added Net: Name=TMS
Added Pin To Net: NetName=TX_EN Pin=R19-2
Added Pin To Net: NetName=TX_EN Pin=U1-15
Added Pin To Net: NetName=TX_EN Pin=U2-4
Added Net: Name=TX_EN
Added Pin To Net: NetName=TX_LED Pin=R20-2
Added Pin To Net: NetName=TX_LED Pin=U1-22
Added Net: Name=TX_LED
Added Pin To Net: NetName=TXN1 Pin=R107-1
Added Pin To Net: NetName=TXN1 Pin=U18-2
Added Pin To Net: NetName=TXN1 Pin=U19-18
Added Net: Name=TXN1
Added Pin To Net: NetName=TXN2 Pin=R87-1
Added Pin To Net: NetName=TXN2 Pin=U16-2
Added Pin To Net: NetName=TXN2 Pin=U17-18
Added Net: Name=TXN2
Added Pin To Net: NetName=TXP1 Pin=R105-1
Added Pin To Net: NetName=TXP1 Pin=U18-1
Added Pin To Net: NetName=TXP1 Pin=U19-17
Added Net: Name=TXP1
Added Pin To Net: NetName=TXP2 Pin=R85-1
Added Pin To Net: NetName=TXP2 Pin=U16-1
Added Pin To Net: NetName=TXP2 Pin=U17-17
Added Net: Name=TXP2
Added Pin To Net: NetName=VCC3.3 Pin=R48-1
Added Net: Name=VCC3.3
Added Pin To Net: NetName=VCC5 Pin=C70-2
Added Pin To Net: NetName=VCC5 Pin=C71-2
Added Pin To Net: NetName=VCC5 Pin=C80-1
Added Pin To Net: NetName=VCC5 Pin=C81-2
Added Pin To Net: NetName=VCC5 Pin=L5-2
Added Pin To Net: NetName=VCC5 Pin=U11-4
Added Pin To Net: NetName=VCC5 Pin=U14-5
Added Pin To Net: NetName=VCC5 Pin=U14-8
Added Net: Name=VCC5
Added Pin To Net: NetName=VCC-3.3 Pin=C82-2
Added Pin To Net: NetName=VCC-3.3 Pin=C83-1
Added Pin To Net: NetName=VCC-3.3 Pin=C93-2
Added Pin To Net: NetName=VCC-3.3 Pin=C95-2
Added Pin To Net: NetName=VCC-3.3 Pin=C106-2
Added Pin To Net: NetName=VCC-3.3 Pin=C108-2
Added Pin To Net: NetName=VCC-3.3 Pin=L8-1
Added Pin To Net: NetName=VCC-3.3 Pin=L9-1
Added Pin To Net: NetName=VCC-3.3 Pin=L10-1
Added Pin To Net: NetName=VCC-3.3 Pin=L12-1
Added Pin To Net: NetName=VCC-3.3 Pin=L13-1
Added Pin To Net: NetName=VCC-3.3 Pin=L14-1
Added Pin To Net: NetName=VCC-3.3 Pin=R72-1
Added Pin To Net: NetName=VCC-3.3 Pin=R73-2
Added Pin To Net: NetName=VCC-3.3 Pin=R74-1
Added Pin To Net: NetName=VCC-3.3 Pin=R75-1
Added Pin To Net: NetName=VCC-3.3 Pin=R76-1
Added Pin To Net: NetName=VCC-3.3 Pin=R77-2
Added Pin To Net: NetName=VCC-3.3 Pin=R78-1
Added Pin To Net: NetName=VCC-3.3 Pin=R79-1
Added Pin To Net: NetName=VCC-3.3 Pin=R80-1
Added Pin To Net: NetName=VCC-3.3 Pin=R81-1
Added Pin To Net: NetName=VCC-3.3 Pin=R82-1
Added Pin To Net: NetName=VCC-3.3 Pin=R83-1
Added Pin To Net: NetName=VCC-3.3 Pin=R84-1
Added Pin To Net: NetName=VCC-3.3 Pin=R92-1
Added Pin To Net: NetName=VCC-3.3 Pin=R93-2
Added Pin To Net: NetName=VCC-3.3 Pin=R94-1
Added Pin To Net: NetName=VCC-3.3 Pin=R95-1
Added Pin To Net: NetName=VCC-3.3 Pin=R96-1
Added Pin To Net: NetName=VCC-3.3 Pin=R97-2
Added Pin To Net: NetName=VCC-3.3 Pin=R98-1
Added Pin To Net: NetName=VCC-3.3 Pin=R99-1
Added Pin To Net: NetName=VCC-3.3 Pin=R100-1
Added Pin To Net: NetName=VCC-3.3 Pin=R101-1
Added Pin To Net: NetName=VCC-3.3 Pin=R102-1
Added Pin To Net: NetName=VCC-3.3 Pin=R103-1
Added Pin To Net: NetName=VCC-3.3 Pin=R104-1
Added Pin To Net: NetName=VCC-3.3 Pin=U14-1
Added Pin To Net: NetName=VCC-3.3 Pin=U14-2
Added Net: Name=VCC-3.3
Added Pin To Net: NetName=VCC Pin=C66-2
Added Pin To Net: NetName=VCC Pin=C67-2
Added Pin To Net: NetName=VCC Pin=C68-2
Added Pin To Net: NetName=VCC Pin=C69-2
Added Pin To Net: NetName=VCC Pin=C72-2
Added Pin To Net: NetName=VCC Pin=C73-2
Added Pin To Net: NetName=VCC Pin=D5-2
Added Pin To Net: NetName=VCC Pin=R61-1
Added Pin To Net: NetName=VCC Pin=U8-8
Added Pin To Net: NetName=VCC Pin=U9-4
Added Pin To Net: NetName=VCC Pin=U11-1
Added Pin To Net: NetName=VCC Pin=U12-1
Added Net: Name=VCC
Added Pin To Net: NetName=VDD2.5 Pin=C22-2
Added Pin To Net: NetName=VDD2.5 Pin=C23-2
Added Pin To Net: NetName=VDD2.5 Pin=C24-2
Added Pin To Net: NetName=VDD2.5 Pin=C25-2
Added Pin To Net: NetName=VDD2.5 Pin=C38-2
Added Pin To Net: NetName=VDD2.5 Pin=C39-2
Added Pin To Net: NetName=VDD2.5 Pin=U1-8
Added Pin To Net: NetName=VDD2.5 Pin=U1-12
Added Pin To Net: NetName=VDD2.5 Pin=U1-14
Added Pin To Net: NetName=VDD2.5 Pin=U1-44
Added Net: Name=VDD2.5
Added Pin To Net: NetName=VDD3.3 Pin=C40-2
Added Pin To Net: NetName=VDD3.3 Pin=C41-2
Added Pin To Net: NetName=VDD3.3 Pin=C42-2
Added Pin To Net: NetName=VDD3.3 Pin=C43-2
Added Pin To Net: NetName=VDD3.3 Pin=C44-2
Added Pin To Net: NetName=VDD3.3 Pin=C45-2
Added Pin To Net: NetName=VDD3.3 Pin=C46-2
Added Pin To Net: NetName=VDD3.3 Pin=C47-2
Added Pin To Net: NetName=VDD3.3 Pin=C48-2
Added Pin To Net: NetName=VDD3.3 Pin=C49-2
Added Pin To Net: NetName=VDD3.3 Pin=C50-2
Added Pin To Net: NetName=VDD3.3 Pin=C58-1
Added Pin To Net: NetName=VDD3.3 Pin=C59-2
Added Pin To Net: NetName=VDD3.3 Pin=C60-2
Added Pin To Net: NetName=VDD3.3 Pin=C78-2
Added Pin To Net: NetName=VDD3.3 Pin=C79-1
Added Pin To Net: NetName=VDD3.3 Pin=L4-1
Added Pin To Net: NetName=VDD3.3 Pin=LED3-1
Added Pin To Net: NetName=VDD3.3 Pin=LED4-1
Added Pin To Net: NetName=VDD3.3 Pin=LED5-1
Added Pin To Net: NetName=VDD3.3 Pin=LED6-1
Added Pin To Net: NetName=VDD3.3 Pin=Q10-1
Added Pin To Net: NetName=VDD3.3 Pin=R34-2
Added Pin To Net: NetName=VDD3.3 Pin=R35-2
Added Pin To Net: NetName=VDD3.3 Pin=R36-2
Added Pin To Net: NetName=VDD3.3 Pin=R37-2
Added Pin To Net: NetName=VDD3.3 Pin=R38-2
Added Pin To Net: NetName=VDD3.3 Pin=R39-2
Added Pin To Net: NetName=VDD3.3 Pin=R42-1
Added Pin To Net: NetName=VDD3.3 Pin=R45-1
Added Pin To Net: NetName=VDD3.3 Pin=R62-2
Added Pin To Net: NetName=VDD3.3 Pin=U3-17
Added Pin To Net: NetName=VDD3.3 Pin=U3-39
Added Pin To Net: NetName=VDD3.3 Pin=U3-52
Added Pin To Net: NetName=VDD3.3 Pin=U3-62
Added Pin To Net: NetName=VDD3.3 Pin=U3-72
Added Pin To Net: NetName=VDD3.3 Pin=U3-84
Added Pin To Net: NetName=VDD3.3 Pin=U3-95
Added Pin To Net: NetName=VDD3.3 Pin=U3-108
Added Pin To Net: NetName=VDD3.3 Pin=U3-121
Added Pin To Net: NetName=VDD3.3 Pin=U3-131
Added Pin To Net: NetName=VDD3.3 Pin=U3-144
Added Pin To Net: NetName=VDD3.3 Pin=U6-8
Added Pin To Net: NetName=VDD3.3 Pin=U7-16
Added Pin To Net: NetName=VDD3.3 Pin=U13-1
Added Pin To Net: NetName=VDD3.3 Pin=U13-2
Added Net: Name=VDD3.3
Added Pin To Net: NetName=VDD5 Pin=C74-2
Added Pin To Net: NetName=VDD5 Pin=C75-2
Added Pin To Net: NetName=VDD5 Pin=C76-1
Added Pin To Net: NetName=VDD5 Pin=C77-2
Added Pin To Net: NetName=VDD5 Pin=C84-1
Added Pin To Net: NetName=VDD5 Pin=C85-2
Added Pin To Net: NetName=VDD5 Pin=L6-2
Added Pin To Net: NetName=VDD5 Pin=R65-1
Added Pin To Net: NetName=VDD5 Pin=R66-2
Added Pin To Net: NetName=VDD5 Pin=U12-4
Added Pin To Net: NetName=VDD5 Pin=U13-5
Added Pin To Net: NetName=VDD5 Pin=U13-8
Added Pin To Net: NetName=VDD5 Pin=U15-8
Added Net: Name=VDD5
Added Pin To Net: NetName=VDD-3.3 Pin=C2-2
Added Pin To Net: NetName=VDD-3.3 Pin=C26-2
Added Pin To Net: NetName=VDD-3.3 Pin=C27-2
Added Pin To Net: NetName=VDD-3.3 Pin=C28-2
Added Pin To Net: NetName=VDD-3.3 Pin=C29-2
Added Pin To Net: NetName=VDD-3.3 Pin=C30-2
Added Pin To Net: NetName=VDD-3.3 Pin=C31-2
Added Pin To Net: NetName=VDD-3.3 Pin=C34-2
Added Pin To Net: NetName=VDD-3.3 Pin=C35-2
Added Pin To Net: NetName=VDD-3.3 Pin=C36-2
Added Pin To Net: NetName=VDD-3.3 Pin=C37-2
Added Pin To Net: NetName=VDD-3.3 Pin=C86-2
Added Pin To Net: NetName=VDD-3.3 Pin=C87-1
Added Pin To Net: NetName=VDD-3.3 Pin=LED1-1
Added Pin To Net: NetName=VDD-3.3 Pin=LED2-1
Added Pin To Net: NetName=VDD-3.3 Pin=R2-2
Added Pin To Net: NetName=VDD-3.3 Pin=R12-2
Added Pin To Net: NetName=VDD-3.3 Pin=R31-1
Added Pin To Net: NetName=VDD-3.3 Pin=U1-9
Added Pin To Net: NetName=VDD-3.3 Pin=U1-18
Added Pin To Net: NetName=VDD-3.3 Pin=U1-29
Added Pin To Net: NetName=VDD-3.3 Pin=U1-40
Added Pin To Net: NetName=VDD-3.3 Pin=U1-45
Added Pin To Net: NetName=VDD-3.3 Pin=U2-7
Added Pin To Net: NetName=VDD-3.3 Pin=U15-1
Added Pin To Net: NetName=VDD-3.3 Pin=U15-2
Added Net: Name=VDD-3.3
Added Pin To Net: NetName=VDD_CORE Pin=C17-2
Added Pin To Net: NetName=VDD_CORE Pin=C18-2
Added Pin To Net: NetName=VDD_CORE Pin=C19-2
Added Pin To Net: NetName=VDD_CORE Pin=C20-2
Added Pin To Net: NetName=VDD_CORE Pin=U1-20
Added Pin To Net: NetName=VDD_CORE Pin=U1-42
Added Net: Name=VDD_CORE
Added Pin To Net: NetName=VDD Pin=C52-2
Added Pin To Net: NetName=VDD Pin=L4-2
Added Pin To Net: NetName=VDD Pin=U3-30
Added Pin To Net: NetName=VDD Pin=U3-33
Added Net: Name=VDD
Added Pin To Net: NetName=XI1 Pin=R110-2
Added Pin To Net: NetName=XI1 Pin=U19-1
Added Net: Name=XI1
Added Pin To Net: NetName=XI2 Pin=R90-2
Added Pin To Net: NetName=XI2 Pin=U17-1
Added Net: Name=XI2
Added Pin To Net: NetName=XIN Pin=C6-1
Added Pin To Net: NetName=XIN Pin=R9-1
Added Pin To Net: NetName=XIN Pin=U1-30
Added Pin To Net: NetName=XIN Pin=X1-1
Added Net: Name=XIN
Added Pin To Net: NetName=XO1 Pin=U19-2
Added Net: Name=XO1
Added Pin To Net: NetName=XO2 Pin=U17-2
Added Net: Name=XO2
Added Pin To Net: NetName=XOUT Pin=R6-1
Added Pin To Net: NetName=XOUT Pin=R9-2
Added Pin To Net: NetName=XOUT Pin=U1-31
Added Net: Name=XOUT
Added Pin To Net: NetName=XTALVDD1 Pin=C107-2
Added Pin To Net: NetName=XTALVDD1 Pin=C109-2
Added Pin To Net: NetName=XTALVDD1 Pin=U19-16
Added Net: Name=XTALVDD1
Added Pin To Net: NetName=XTALVDD2 Pin=C94-2
Added Pin To Net: NetName=XTALVDD2 Pin=C96-2
Added Pin To Net: NetName=XTALVDD2 Pin=U17-16
Added Net: Name=XTALVDD2
Added Class: Name=U_GC2200
Added Class: Name=U_MCU
Added Class: Name=U_Module
Added Class: Name=U_Power
Added Class: Name=U_RJ45-2
Added Class: Name=U_RJ45
Added Room: Name=U_GC2200
Added Room: Name=U_MCU
Added Room: Name=U_Module
Added Room: Name=U_Power
Added Room: Name=U_RJ45
Added Room: Name=U_RJ45-2
