Removed Pin From Net: NetName=GND Pin=C1-1
Removed Pin From Net: NetName=GND Pin=C2-2
Removed Pin From Net: NetName=GND Pin=C3-1
Removed Pin From Net: NetName=GND Pin=C5-1
Removed Pin From Net: NetName=GND Pin=C6-1
Removed Pin From Net: NetName=GND Pin=C8-2
Removed Pin From Net: NetName=GND Pin=C9-2
Removed Pin From Net: NetName=GND Pin=C10-2
Removed Pin From Net: NetName=GND Pin=C11-2
Removed Pin From Net: NetName=GND Pin=C12-2
Removed Pin From Net: NetName=GND Pin=C13-2
Removed Pin From Net: NetName=GND Pin=C14-1
Removed Pin From Net: NetName=GND Pin=C15-2
Removed Pin From Net: NetName=GND Pin=C16-2
Removed Pin From Net: NetName=GND Pin=C17-2
Removed Pin From Net: NetName=GND Pin=C18-2
Removed Pin From Net: NetName=GND Pin=C19-2
Removed Pin From Net: NetName=GND Pin=C20-2
Removed Pin From Net: NetName=GND Pin=C21-2
Removed Pin From Net: NetName=GND Pin=C22-2
Removed Pin From Net: NetName=GND Pin=C23-1
Removed Pin From Net: NetName=VCC-3.3 Pin=C23-2
Removed Pin From Net: NetName=GND Pin=C24-1
Removed Pin From Net: NetName=VCC-3.3 Pin=C24-2
Removed Pin From Net: NetName=VCC-3.3 Pin=L1-1
Removed Pin From Net: NetName=VCC-3.3 Pin=L2-1
Removed Pin From Net: NetName=GND Pin=R8-1
Removed Pin From Net: NetName=GND Pin=R9-2
Removed Pin From Net: NetName=SPI2_NSS Pin=R10-1
Removed Pin From Net: NetName=GND Pin=R13-1
Removed Pin From Net: NetName=GND Pin=R15-1
Removed Pin From Net: NetName=GND Pin=R17-1
Removed Pin From Net: NetName=GND Pin=R19-1
Removed Pin From Net: NetName=GND Pin=R20-1
Removed Pin From Net: NetName=GND Pin=U1-3
Removed Pin From Net: NetName=GND Pin=U1-9
Removed Pin From Net: NetName=GND Pin=U1-14
Removed Pin From Net: NetName=GND Pin=U1-16
Removed Pin From Net: NetName=GND Pin=U1-19
Removed Pin From Net: NetName=GND Pin=U1-29
Removed Pin From Net: NetName=SPI2_NSS Pin=U1-32
Removed Pin From Net: NetName=SPI2_CLK Pin=U1-33
Removed Pin From Net: NetName=SPI2_MISO Pin=U1-34
Removed Pin From Net: NetName=SPI2_MOSI Pin=U1-35
Removed Pin From Net: NetName=GND Pin=U1-48
Removed Pin From Net: NetName=GND Pin=X1-2
Removed Pin From Net: NetName=GND Pin=X1-4
Removed Member From Class: ClassName=U_W5500_1 Member=C1
Removed Member From Class: ClassName=U_W5500_1 Member=C2
Removed Member From Class: ClassName=U_W5500_1 Member=C3
Removed Member From Class: ClassName=U_W5500_1 Member=C4
Removed Member From Class: ClassName=U_W5500_1 Member=C5
Removed Member From Class: ClassName=U_W5500_1 Member=C6
Removed Member From Class: ClassName=U_W5500_1 Member=C7
Removed Member From Class: ClassName=U_W5500_1 Member=C8
Removed Member From Class: ClassName=U_W5500_1 Member=C9
Removed Member From Class: ClassName=U_W5500_1 Member=C10
Removed Member From Class: ClassName=U_W5500_1 Member=C11
Removed Member From Class: ClassName=U_W5500_1 Member=C12
Removed Member From Class: ClassName=U_W5500_1 Member=C13
Removed Member From Class: ClassName=U_W5500_1 Member=C14
Removed Member From Class: ClassName=U_W5500_1 Member=C15
Removed Member From Class: ClassName=U_W5500_1 Member=C16
Removed Member From Class: ClassName=U_W5500_1 Member=C17
Removed Member From Class: ClassName=U_W5500_1 Member=C18
Removed Member From Class: ClassName=U_W5500_1 Member=C19
Removed Member From Class: ClassName=U_W5500_1 Member=C20
Removed Member From Class: ClassName=U_W5500_1 Member=C21
Removed Member From Class: ClassName=U_W5500_1 Member=C22
Removed Member From Class: ClassName=U_W5500_1 Member=C23
Removed Member From Class: ClassName=U_W5500_1 Member=C24
Removed Member From Class: ClassName=U_W5500_1 Member=L1
Removed Member From Class: ClassName=U_W5500_1 Member=L2
Removed Member From Class: ClassName=U_W5500_1 Member=R1
Removed Member From Class: ClassName=U_W5500_1 Member=R2
Removed Member From Class: ClassName=U_W5500_1 Member=R3
Removed Member From Class: ClassName=U_W5500_1 Member=R4
Removed Member From Class: ClassName=U_W5500_1 Member=R5
Removed Member From Class: ClassName=U_W5500_1 Member=R6
Removed Member From Class: ClassName=U_W5500_1 Member=R7
Removed Member From Class: ClassName=U_W5500_1 Member=R8
Removed Member From Class: ClassName=U_W5500_1 Member=R9
Removed Member From Class: ClassName=U_W5500_1 Member=R10
Removed Member From Class: ClassName=U_W5500_1 Member=R11
Removed Member From Class: ClassName=U_W5500_1 Member=R12
Removed Member From Class: ClassName=U_W5500_1 Member=R13
Removed Member From Class: ClassName=U_W5500_1 Member=R14
Removed Member From Class: ClassName=U_W5500_1 Member=R15
Removed Member From Class: ClassName=U_W5500_1 Member=R16
Removed Member From Class: ClassName=U_W5500_1 Member=R17
Removed Member From Class: ClassName=U_W5500_1 Member=R18
Removed Member From Class: ClassName=U_W5500_1 Member=R19
Removed Member From Class: ClassName=U_W5500_1 Member=R20
Removed Member From Class: ClassName=U_W5500_1 Member=U1
Removed Member From Class: ClassName=U_W5500_1 Member=U2
Removed Member From Class: ClassName=U_W5500_1 Member=X1
Added Component: Designator=C1_A(0603)
Added Component: Designator=C1_B(0603)
Added Component: Designator=C2_A(0603)
Added Component: Designator=C2_B(0603)
Added Component: Designator=C3_A(0603)
Added Component: Designator=C3_B(0603)
Added Component: Designator=C4_A(0603)
Added Component: Designator=C4_B(0603)
Added Component: Designator=C5_A(0603)
Added Component: Designator=C5_B(0603)
Added Component: Designator=C6_A(0603)
Added Component: Designator=C6_B(0603)
Added Component: Designator=C7_A(0603)
Added Component: Designator=C7_B(0603)
Added Component: Designator=C8_A(0603)
Added Component: Designator=C8_B(0603)
Added Component: Designator=C9_A(0603)
Added Component: Designator=C9_B(0603)
Added Component: Designator=C10_A(0603)
Added Component: Designator=C10_B(0603)
Added Component: Designator=C11_A(0603)
Added Component: Designator=C11_B(0603)
Added Component: Designator=C12_A(0603)
Added Component: Designator=C12_B(0603)
Added Component: Designator=C13_A(0603)
Added Component: Designator=C13_B(0603)
Added Component: Designator=C14_A(0603)
Added Component: Designator=C14_B(0603)
Added Component: Designator=C15_A(0603)
Added Component: Designator=C15_B(0603)
Added Component: Designator=C16_A(0603)
Added Component: Designator=C16_B(0603)
Added Component: Designator=C17_A(0603)
Added Component: Designator=C17_B(0603)
Added Component: Designator=C18_A(0603)
Added Component: Designator=C18_B(0603)
Added Component: Designator=C19_A(0603)
Added Component: Designator=C19_B(0603)
Added Component: Designator=C20_A(0603)
Added Component: Designator=C20_B(0603)
Added Component: Designator=C21_A(0603)
Added Component: Designator=C21_B(0603)
Added Component: Designator=C22_A(0603)
Added Component: Designator=C22_B(0603)
Added Component: Designator=C23_A(0603)
Added Component: Designator=C23_B(0603)
Added Component: Designator=C24_A(钽电容1206（A3216）)
Added Component: Designator=C24_B(钽电容1206（A3216）)
Added Component: Designator=L1_A(0805)
Added Component: Designator=L1_B(0805)
Added Component: Designator=L2_A(0805)
Added Component: Designator=L2_B(0805)
Added Component: Designator=R1_A(0603)
Added Component: Designator=R1_B(0603)
Added Component: Designator=R2_A(0603)
Added Component: Designator=R2_B(0603)
Added Component: Designator=R3_A(0603)
Added Component: Designator=R3_B(0603)
Added Component: Designator=R4_A(0603)
Added Component: Designator=R4_B(0603)
Added Component: Designator=R5_A(0603)
Added Component: Designator=R5_B(0603)
Added Component: Designator=R6_A(0603)
Added Component: Designator=R6_B(0603)
Added Component: Designator=R7_A(0603)
Added Component: Designator=R7_B(0603)
Added Component: Designator=R8_A(0603)
Added Component: Designator=R8_B(0603)
Added Component: Designator=R9_A(0603)
Added Component: Designator=R9_B(0603)
Added Component: Designator=R10_A(0603)
Added Component: Designator=R10_B(0603)
Added Component: Designator=R11_A(0603)
Added Component: Designator=R11_B(0603)
Added Component: Designator=R12_A(0603)
Added Component: Designator=R12_B(0603)
Added Component: Designator=R13_A(0603)
Added Component: Designator=R13_B(0603)
Added Component: Designator=R14_A(0603)
Added Component: Designator=R14_B(0603)
Added Component: Designator=R15_A(0603)
Added Component: Designator=R15_B(0603)
Added Component: Designator=R16_A(0603)
Added Component: Designator=R16_B(0603)
Added Component: Designator=R17_A(0603)
Added Component: Designator=R17_B(0603)
Added Component: Designator=R18_A(0603)
Added Component: Designator=R18_B(0603)
Added Component: Designator=R19_A(0603)
Added Component: Designator=R19_B(0603)
Added Component: Designator=R20_A(0603)
Added Component: Designator=R20_B(0603)
Added Component: Designator=U1_A(W5500)
Added Component: Designator=U1_B(W5500)
Added Component: Designator=U2_A(RJ45)
Added Component: Designator=U2_B(RJ45)
Added Component: Designator=X1_A(3225无源晶振)
Added Component: Designator=X1_B(3225无源晶振)
Added Pin To Net: NetName=GND Pin=C1_A-1
Added Pin To Net: NetName=GND Pin=C1_B-1
Added Pin To Net: NetName=GND Pin=C2_A-2
Added Pin To Net: NetName=GND Pin=C2_B-2
Added Pin To Net: NetName=GND Pin=C3_A-1
Added Pin To Net: NetName=GND Pin=C3_B-1
Added Pin To Net: NetName=GND Pin=C5_A-1
Added Pin To Net: NetName=GND Pin=C5_B-1
Added Pin To Net: NetName=GND Pin=C6_A-1
Added Pin To Net: NetName=GND Pin=C6_B-1
Added Pin To Net: NetName=GND Pin=C8_A-2
Added Pin To Net: NetName=GND Pin=C8_B-2
Added Pin To Net: NetName=GND Pin=C9_A-2
Added Pin To Net: NetName=GND Pin=C9_B-2
Added Pin To Net: NetName=GND Pin=C10_A-2
Added Pin To Net: NetName=GND Pin=C10_B-2
Added Pin To Net: NetName=GND Pin=C11_A-2
Added Pin To Net: NetName=GND Pin=C11_B-2
Added Pin To Net: NetName=GND Pin=C12_A-2
Added Pin To Net: NetName=GND Pin=C12_B-2
Added Pin To Net: NetName=GND Pin=C13_A-2
Added Pin To Net: NetName=GND Pin=C13_B-2
Added Pin To Net: NetName=GND Pin=C14_A-1
Added Pin To Net: NetName=GND Pin=C14_B-1
Added Pin To Net: NetName=GND Pin=C15_A-2
Added Pin To Net: NetName=GND Pin=C15_B-2
Added Pin To Net: NetName=GND Pin=C16_A-2
Added Pin To Net: NetName=GND Pin=C16_B-2
Added Pin To Net: NetName=GND Pin=C17_A-2
Added Pin To Net: NetName=GND Pin=C17_B-2
Added Pin To Net: NetName=GND Pin=C18_A-2
Added Pin To Net: NetName=GND Pin=C18_B-2
Added Pin To Net: NetName=GND Pin=C19_A-2
Added Pin To Net: NetName=GND Pin=C19_B-2
Added Pin To Net: NetName=GND Pin=C20_A-2
Added Pin To Net: NetName=GND Pin=C20_B-2
Added Pin To Net: NetName=GND Pin=C21_A-2
Added Pin To Net: NetName=GND Pin=C21_B-2
Added Pin To Net: NetName=GND Pin=C22_A-2
Added Pin To Net: NetName=GND Pin=C22_B-2
Added Pin To Net: NetName=GND Pin=C23_A-1
Added Pin To Net: NetName=VCC-3.3 Pin=C23_A-2
Added Pin To Net: NetName=GND Pin=C23_B-1
Added Pin To Net: NetName=VCC-3.3 Pin=C23_B-2
Added Pin To Net: NetName=GND Pin=C24_A-1
Added Pin To Net: NetName=VCC-3.3 Pin=C24_A-2
Added Pin To Net: NetName=GND Pin=C24_B-1
Added Pin To Net: NetName=VCC-3.3 Pin=C24_B-2
Added Pin To Net: NetName=VCC-3.3 Pin=L1_A-1
Added Pin To Net: NetName=VCC-3.3 Pin=L1_B-1
Added Pin To Net: NetName=VCC-3.3 Pin=L2_A-1
Added Pin To Net: NetName=VCC-3.3 Pin=L2_B-1
Added Pin To Net: NetName=GND Pin=R8_A-1
Added Pin To Net: NetName=GND Pin=R8_B-1
Added Pin To Net: NetName=GND Pin=R9_A-2
Added Pin To Net: NetName=GND Pin=R9_B-2
Added Pin To Net: NetName=SPI2_NSS Pin=R10_A-1
Added Pin To Net: NetName=SPI1_NSS Pin=R10_B-1
Added Pin To Net: NetName=GND Pin=R13_A-1
Added Pin To Net: NetName=GND Pin=R13_B-1
Added Pin To Net: NetName=GND Pin=R15_A-1
Added Pin To Net: NetName=GND Pin=R15_B-1
Added Pin To Net: NetName=GND Pin=R17_A-1
Added Pin To Net: NetName=GND Pin=R17_B-1
Added Pin To Net: NetName=GND Pin=R19_A-1
Added Pin To Net: NetName=GND Pin=R19_B-1
Added Pin To Net: NetName=GND Pin=R20_A-1
Added Pin To Net: NetName=GND Pin=R20_B-1
Added Pin To Net: NetName=GND Pin=U1_A-3
Added Pin To Net: NetName=GND Pin=U1_A-9
Added Pin To Net: NetName=GND Pin=U1_A-14
Added Pin To Net: NetName=GND Pin=U1_A-16
Added Pin To Net: NetName=GND Pin=U1_A-19
Added Pin To Net: NetName=GND Pin=U1_A-29
Added Pin To Net: NetName=SPI2_NSS Pin=U1_A-32
Added Pin To Net: NetName=SPI2_CLK Pin=U1_A-33
Added Pin To Net: NetName=SPI2_MISO Pin=U1_A-34
Added Pin To Net: NetName=SPI2_MOSI Pin=U1_A-35
Added Pin To Net: NetName=GND Pin=U1_A-48
Added Pin To Net: NetName=GND Pin=U1_B-3
Added Pin To Net: NetName=GND Pin=U1_B-9
Added Pin To Net: NetName=GND Pin=U1_B-14
Added Pin To Net: NetName=GND Pin=U1_B-16
Added Pin To Net: NetName=GND Pin=U1_B-19
Added Pin To Net: NetName=GND Pin=U1_B-29
Added Pin To Net: NetName=SPI1_NSS Pin=U1_B-32
Added Pin To Net: NetName=SPI1_CLK Pin=U1_B-33
Added Pin To Net: NetName=SPI1_MISO Pin=U1_B-34
Added Pin To Net: NetName=SPI1_MOSI Pin=U1_B-35
Added Pin To Net: NetName=GND Pin=U1_B-48
Added Pin To Net: NetName=GND Pin=X1_A-2
Added Pin To Net: NetName=GND Pin=X1_A-4
Added Pin To Net: NetName=GND Pin=X1_B-2
Added Pin To Net: NetName=GND Pin=X1_B-4
Added Pin To Net: NetName=3V3A1_A Pin=C5_A-2
Added Pin To Net: NetName=3V3A1_A Pin=C5_B-2
Added Pin To Net: NetName=3V3A1_A Pin=C15_A-1
Added Pin To Net: NetName=3V3A1_A Pin=C15_B-1
Added Pin To Net: NetName=3V3A1_A Pin=C16_A-1
Added Pin To Net: NetName=3V3A1_A Pin=C16_B-1
Added Pin To Net: NetName=3V3A1_A Pin=C17_A-1
Added Pin To Net: NetName=3V3A1_A Pin=C17_B-1
Added Pin To Net: NetName=3V3A1_A Pin=C18_A-1
Added Pin To Net: NetName=3V3A1_A Pin=C18_B-1
Added Pin To Net: NetName=3V3A1_A Pin=C19_A-1
Added Pin To Net: NetName=3V3A1_A Pin=C19_B-1
Added Pin To Net: NetName=3V3A1_A Pin=C20_A-1
Added Pin To Net: NetName=3V3A1_A Pin=C20_B-1
Added Pin To Net: NetName=3V3A1_A Pin=C21_A-1
Added Pin To Net: NetName=3V3A1_A Pin=C21_B-1
Added Pin To Net: NetName=3V3A1_A Pin=L1_A-2
Added Pin To Net: NetName=3V3A1_A Pin=L1_B-2
Added Pin To Net: NetName=3V3A1_A Pin=R2_A-2
Added Pin To Net: NetName=3V3A1_A Pin=R2_B-2
Added Pin To Net: NetName=3V3A1_A Pin=R3_A-2
Added Pin To Net: NetName=3V3A1_A Pin=R3_B-2
Added Pin To Net: NetName=3V3A1_A Pin=R5_A-2
Added Pin To Net: NetName=3V3A1_A Pin=R5_B-2
Added Pin To Net: NetName=3V3A1_A Pin=R7_A-2
Added Pin To Net: NetName=3V3A1_A Pin=R7_B-2
Added Pin To Net: NetName=3V3A1_A Pin=R14_A-2
Added Pin To Net: NetName=3V3A1_A Pin=R14_B-2
Added Pin To Net: NetName=3V3A1_A Pin=R16_A-2
Added Pin To Net: NetName=3V3A1_A Pin=R16_B-2
Added Pin To Net: NetName=3V3A1_A Pin=R18_A-2
Added Pin To Net: NetName=3V3A1_A Pin=R18_B-2
Added Pin To Net: NetName=3V3A1_A Pin=U1_A-4
Added Pin To Net: NetName=3V3A1_A Pin=U1_A-8
Added Pin To Net: NetName=3V3A1_A Pin=U1_A-11
Added Pin To Net: NetName=3V3A1_A Pin=U1_A-15
Added Pin To Net: NetName=3V3A1_A Pin=U1_A-17
Added Pin To Net: NetName=3V3A1_A Pin=U1_B-4
Added Pin To Net: NetName=3V3A1_A Pin=U1_B-8
Added Pin To Net: NetName=3V3A1_A Pin=U1_B-11
Added Pin To Net: NetName=3V3A1_A Pin=U1_B-15
Added Pin To Net: NetName=3V3A1_A Pin=U1_B-17
Added Pin To Net: NetName=3V3A1_A Pin=U2_A-4
Added Pin To Net: NetName=3V3A1_A Pin=U2_B-4
Added Net: Name=3V3A1_A
Added Pin To Net: NetName=3V3D1_A Pin=C8_A-1
Added Pin To Net: NetName=3V3D1_A Pin=C9_A-1
Added Pin To Net: NetName=3V3D1_A Pin=C10_A-1
Added Pin To Net: NetName=3V3D1_A Pin=C11_A-1
Added Pin To Net: NetName=3V3D1_A Pin=C22_A-1
Added Pin To Net: NetName=3V3D1_A Pin=L2_A-2
Added Pin To Net: NetName=3V3D1_A Pin=R10_A-2
Added Pin To Net: NetName=3V3D1_A Pin=R11_A-2
Added Pin To Net: NetName=3V3D1_A Pin=R12_A-1
Added Pin To Net: NetName=3V3D1_A Pin=U1_A-21
Added Pin To Net: NetName=3V3D1_A Pin=U1_A-28
Added Net: Name=3V3D1_A
Added Pin To Net: NetName=3V3D1_B Pin=C8_B-1
Added Pin To Net: NetName=3V3D1_B Pin=C9_B-1
Added Pin To Net: NetName=3V3D1_B Pin=C10_B-1
Added Pin To Net: NetName=3V3D1_B Pin=C11_B-1
Added Pin To Net: NetName=3V3D1_B Pin=C22_B-1
Added Pin To Net: NetName=3V3D1_B Pin=L2_B-2
Added Pin To Net: NetName=3V3D1_B Pin=R10_B-2
Added Pin To Net: NetName=3V3D1_B Pin=R11_B-2
Added Pin To Net: NetName=3V3D1_B Pin=R12_B-1
Added Pin To Net: NetName=3V3D1_B Pin=U1_B-21
Added Pin To Net: NetName=3V3D1_B Pin=U1_B-28
Added Net: Name=3V3D1_B
Added Pin To Net: NetName=ACTLED1_A Pin=U1_A-27
Added Pin To Net: NetName=ACTLED1_A Pin=U2_A-11
Added Net: Name=ACTLED1_A
Added Pin To Net: NetName=ACTLED1_B Pin=U1_B-27
Added Pin To Net: NetName=ACTLED1_B Pin=U2_B-11
Added Net: Name=ACTLED1_B
Added Pin To Net: NetName=LINKLED1_A Pin=U1_A-25
Added Pin To Net: NetName=LINKLED1_A Pin=U2_A-10
Added Net: Name=LINKLED1_A
Added Pin To Net: NetName=LINKLED1_B Pin=U1_B-25
Added Pin To Net: NetName=LINKLED1_B Pin=U2_B-10
Added Net: Name=LINKLED1_B
Added Pin To Net: NetName=NetC2_A_1 Pin=C2_A-1
Added Pin To Net: NetName=NetC2_A_1 Pin=U2_A-14
Added Net: Name=NetC2_A_1
Added Pin To Net: NetName=NetC2_B_1 Pin=C2_B-1
Added Pin To Net: NetName=NetC2_B_1 Pin=U2_B-14
Added Net: Name=NetC2_B_1
Added Pin To Net: NetName=NetC4_A_2 Pin=C4_A-2
Added Pin To Net: NetName=NetC4_A_2 Pin=U2_A-3
Added Net: Name=NetC4_A_2
Added Pin To Net: NetName=NetC4_B_2 Pin=C4_B-2
Added Pin To Net: NetName=NetC4_B_2 Pin=U2_B-3
Added Net: Name=NetC4_B_2
Added Pin To Net: NetName=NetC6_A_2 Pin=C6_A-2
Added Pin To Net: NetName=NetC6_A_2 Pin=R4_A-2
Added Pin To Net: NetName=NetC6_A_2 Pin=R6_A-1
Added Pin To Net: NetName=NetC6_A_2 Pin=U2_A-5
Added Net: Name=NetC6_A_2
Added Pin To Net: NetName=NetC6_B_2 Pin=C6_B-2
Added Pin To Net: NetName=NetC6_B_2 Pin=R4_B-2
Added Pin To Net: NetName=NetC6_B_2 Pin=R6_B-1
Added Pin To Net: NetName=NetC6_B_2 Pin=U2_B-5
Added Net: Name=NetC6_B_2
Added Pin To Net: NetName=NetC7_A_2 Pin=C7_A-2
Added Pin To Net: NetName=NetC7_A_2 Pin=U2_A-6
Added Net: Name=NetC7_A_2
Added Pin To Net: NetName=NetC7_B_2 Pin=C7_B-2
Added Pin To Net: NetName=NetC7_B_2 Pin=U2_B-6
Added Net: Name=NetC7_B_2
Added Pin To Net: NetName=NetC12_A_1 Pin=C12_A-1
Added Pin To Net: NetName=NetC12_A_1 Pin=U1_A-20
Added Net: Name=NetC12_A_1
Added Pin To Net: NetName=NetC12_B_1 Pin=C12_B-1
Added Pin To Net: NetName=NetC12_B_1 Pin=U1_B-20
Added Net: Name=NetC12_B_1
Added Pin To Net: NetName=NetC13_A_1 Pin=C13_A-1
Added Pin To Net: NetName=NetC13_A_1 Pin=U2_A-8
Added Pin To Net: NetName=NetC13_A_1 Pin=U2_A-13
Added Net: Name=NetC13_A_1
Added Pin To Net: NetName=NetC13_B_1 Pin=C13_B-1
Added Pin To Net: NetName=NetC13_B_1 Pin=U2_B-8
Added Pin To Net: NetName=NetC13_B_1 Pin=U2_B-13
Added Net: Name=NetC13_B_1
Added Pin To Net: NetName=NetC14_A_2 Pin=C14_A-2
Added Pin To Net: NetName=NetC14_A_2 Pin=U1_A-22
Added Net: Name=NetC14_A_2
Added Pin To Net: NetName=NetC14_B_2 Pin=C14_B-2
Added Pin To Net: NetName=NetC14_B_2 Pin=U1_B-22
Added Net: Name=NetC14_B_2
Added Pin To Net: NetName=NetR5_A_1 Pin=R5_A-1
Added Pin To Net: NetName=NetR5_A_1 Pin=U2_A-9
Added Net: Name=NetR5_A_1
Added Pin To Net: NetName=NetR5_B_1 Pin=R5_B-1
Added Pin To Net: NetName=NetR5_B_1 Pin=U2_B-9
Added Net: Name=NetR5_B_1
Added Pin To Net: NetName=NetR7_A_1 Pin=R7_A-1
Added Pin To Net: NetName=NetR7_A_1 Pin=U2_A-12
Added Net: Name=NetR7_A_1
Added Pin To Net: NetName=NetR7_B_1 Pin=R7_B-1
Added Pin To Net: NetName=NetR7_B_1 Pin=U2_B-12
Added Net: Name=NetR7_B_1
Added Pin To Net: NetName=NetR8_A_2 Pin=R8_A-2
Added Pin To Net: NetName=NetR8_A_2 Pin=U1_A-23
Added Net: Name=NetR8_A_2
Added Pin To Net: NetName=NetR8_B_2 Pin=R8_B-2
Added Pin To Net: NetName=NetR8_B_2 Pin=U1_B-23
Added Net: Name=NetR8_B_2
Added Pin To Net: NetName=NetR9_A_1 Pin=R9_A-1
Added Pin To Net: NetName=NetR9_A_1 Pin=U1_A-10
Added Net: Name=NetR9_A_1
Added Pin To Net: NetName=NetR9_B_1 Pin=R9_B-1
Added Pin To Net: NetName=NetR9_B_1 Pin=U1_B-10
Added Net: Name=NetR9_B_1
Added Pin To Net: NetName=NetR11_A_1 Pin=R11_A-1
Added Pin To Net: NetName=NetR11_A_1 Pin=U1_A-36
Added Pin To Net: NetName=NetR11_A_1 Pin=U15-67
Added Net: Name=NetR11_A_1
Added Pin To Net: NetName=NetR11_B_1 Pin=R11_B-1
Added Pin To Net: NetName=NetR11_B_1 Pin=U1_B-36
Added Pin To Net: NetName=NetR11_B_1 Pin=U15-45
Added Net: Name=NetR11_B_1
Added Pin To Net: NetName=NetR12_A_2 Pin=R12_A-2
Added Pin To Net: NetName=NetR12_A_2 Pin=U1_A-37
Added Pin To Net: NetName=NetR12_A_2 Pin=U15-65
Added Net: Name=NetR12_A_2
Added Pin To Net: NetName=NetR12_B_2 Pin=R12_B-2
Added Pin To Net: NetName=NetR12_B_2 Pin=U1_B-37
Added Pin To Net: NetName=NetR12_B_2 Pin=U15-36
Added Net: Name=NetR12_B_2
Added Pin To Net: NetName=NetR13_A_2 Pin=R13_A-2
Added Pin To Net: NetName=NetR13_A_2 Pin=U1_A-38
Added Net: Name=NetR13_A_2
Added Pin To Net: NetName=NetR13_B_2 Pin=R13_B-2
Added Pin To Net: NetName=NetR13_B_2 Pin=U1_B-38
Added Net: Name=NetR13_B_2
Added Pin To Net: NetName=NetR14_A_1 Pin=R14_A-1
Added Pin To Net: NetName=NetR14_A_1 Pin=U1_A-45
Added Net: Name=NetR14_A_1
Added Pin To Net: NetName=NetR14_B_1 Pin=R14_B-1
Added Pin To Net: NetName=NetR14_B_1 Pin=U1_B-45
Added Net: Name=NetR14_B_1
Added Pin To Net: NetName=NetR15_A_2 Pin=R15_A-2
Added Pin To Net: NetName=NetR15_A_2 Pin=U1_A-39
Added Net: Name=NetR15_A_2
Added Pin To Net: NetName=NetR15_B_2 Pin=R15_B-2
Added Pin To Net: NetName=NetR15_B_2 Pin=U1_B-39
Added Net: Name=NetR15_B_2
Added Pin To Net: NetName=NetR16_A_1 Pin=R16_A-1
Added Pin To Net: NetName=NetR16_A_1 Pin=U1_A-44
Added Net: Name=NetR16_A_1
Added Pin To Net: NetName=NetR16_B_1 Pin=R16_B-1
Added Pin To Net: NetName=NetR16_B_1 Pin=U1_B-44
Added Net: Name=NetR16_B_1
Added Pin To Net: NetName=NetR17_A_2 Pin=R17_A-2
Added Pin To Net: NetName=NetR17_A_2 Pin=U1_A-40
Added Net: Name=NetR17_A_2
Added Pin To Net: NetName=NetR17_B_2 Pin=R17_B-2
Added Pin To Net: NetName=NetR17_B_2 Pin=U1_B-40
Added Net: Name=NetR17_B_2
Added Pin To Net: NetName=NetR18_A_1 Pin=R18_A-1
Added Pin To Net: NetName=NetR18_A_1 Pin=U1_A-43
Added Net: Name=NetR18_A_1
Added Pin To Net: NetName=NetR18_B_1 Pin=R18_B-1
Added Pin To Net: NetName=NetR18_B_1 Pin=U1_B-43
Added Net: Name=NetR18_B_1
Added Pin To Net: NetName=NetR19_A_2 Pin=R19_A-2
Added Pin To Net: NetName=NetR19_A_2 Pin=U1_A-41
Added Net: Name=NetR19_A_2
Added Pin To Net: NetName=NetR19_B_2 Pin=R19_B-2
Added Pin To Net: NetName=NetR19_B_2 Pin=U1_B-41
Added Net: Name=NetR19_B_2
Added Pin To Net: NetName=NetR20_A_2 Pin=R20_A-2
Added Pin To Net: NetName=NetR20_A_2 Pin=U1_A-42
Added Net: Name=NetR20_A_2
Added Pin To Net: NetName=NetR20_B_2 Pin=R20_B-2
Added Pin To Net: NetName=NetR20_B_2 Pin=U1_B-42
Added Net: Name=NetR20_B_2
Added Pin To Net: NetName=RX1_A_N Pin=C7_A-1
Added Pin To Net: NetName=RX1_A_N Pin=R6_A-2
Added Pin To Net: NetName=RX1_A_N Pin=U1_A-5
Added Net: Name=RX1_A_N
Added Pin To Net: NetName=RX1_A_P Pin=C4_A-1
Added Pin To Net: NetName=RX1_A_P Pin=R4_A-1
Added Pin To Net: NetName=RX1_A_P Pin=U1_A-6
Added Net: Name=RX1_A_P
Added Pin To Net: NetName=RX1_B_N Pin=C7_B-1
Added Pin To Net: NetName=RX1_B_N Pin=R6_B-2
Added Pin To Net: NetName=RX1_B_N Pin=U1_B-5
Added Net: Name=RX1_B_N
Added Pin To Net: NetName=RX1_B_P Pin=C4_B-1
Added Pin To Net: NetName=RX1_B_P Pin=R4_B-1
Added Pin To Net: NetName=RX1_B_P Pin=U1_B-6
Added Net: Name=RX1_B_P
Added Pin To Net: NetName=TX1_A_N Pin=R3_A-1
Added Pin To Net: NetName=TX1_A_N Pin=U1_A-1
Added Pin To Net: NetName=TX1_A_N Pin=U2_A-2
Added Net: Name=TX1_A_N
Added Pin To Net: NetName=TX1_A_P Pin=R2_A-1
Added Pin To Net: NetName=TX1_A_P Pin=U1_A-2
Added Pin To Net: NetName=TX1_A_P Pin=U2_A-1
Added Net: Name=TX1_A_P
Added Pin To Net: NetName=TX1_B_N Pin=R3_B-1
Added Pin To Net: NetName=TX1_B_N Pin=U1_B-1
Added Pin To Net: NetName=TX1_B_N Pin=U2_B-2
Added Net: Name=TX1_B_N
Added Pin To Net: NetName=TX1_B_P Pin=R2_B-1
Added Pin To Net: NetName=TX1_B_P Pin=U1_B-2
Added Pin To Net: NetName=TX1_B_P Pin=U2_B-1
Added Net: Name=TX1_B_P
Added Pin To Net: NetName=XI1_A Pin=C3_A-2
Added Pin To Net: NetName=XI1_A Pin=R1_A-1
Added Pin To Net: NetName=XI1_A Pin=U1_A-30
Added Pin To Net: NetName=XI1_A Pin=X1_A-1
Added Net: Name=XI1_A
Added Pin To Net: NetName=XI1_B Pin=C3_B-2
Added Pin To Net: NetName=XI1_B Pin=R1_B-1
Added Pin To Net: NetName=XI1_B Pin=U1_B-30
Added Pin To Net: NetName=XI1_B Pin=X1_B-1
Added Net: Name=XI1_B
Added Pin To Net: NetName=XO1_A Pin=C1_A-2
Added Pin To Net: NetName=XO1_A Pin=R1_A-2
Added Pin To Net: NetName=XO1_A Pin=U1_A-31
Added Pin To Net: NetName=XO1_A Pin=X1_A-3
Added Net: Name=XO1_A
Added Pin To Net: NetName=XO1_B Pin=C1_B-2
Added Pin To Net: NetName=XO1_B Pin=R1_B-2
Added Pin To Net: NetName=XO1_B Pin=U1_B-31
Added Pin To Net: NetName=XO1_B Pin=X1_B-3
Added Net: Name=XO1_B
Change Class Name : Old Net Name=U_W5500_1 New Net Name=A
Added Class: Name=B
Added Differential Pair: Name=RX1_A
Added Differential Pair: Name=RX1_B
Added Differential Pair: Name=TX1_A
Added Differential Pair: Name=TX1_B
Added Class: Name=W5500_1
Added Member To Class: ClassName=A Member=Component C1_A (C1) Capacitor-0603
Added Member To Class: ClassName=A Member=Component C2_A (C2) Capacitor-0603
Added Member To Class: ClassName=A Member=Component C3_A (C3) Capacitor-0603
Added Member To Class: ClassName=A Member=Component C4_A (C4) Capacitor-0603
Added Member To Class: ClassName=A Member=Component C5_A (C5) Capacitor-0603
Added Member To Class: ClassName=A Member=Component C6_A (C6) Capacitor-0603
Added Member To Class: ClassName=A Member=Component C7_A (C7) Capacitor-0603
Added Member To Class: ClassName=A Member=Component C8_A (C8) Capacitor-0603
Added Member To Class: ClassName=A Member=Component C9_A (C9) Capacitor-0603
Added Member To Class: ClassName=A Member=Component C10_A (C10) Capacitor-0603
Added Member To Class: ClassName=A Member=Component C11_A (C11) Capacitor-0603
Added Member To Class: ClassName=A Member=Component C12_A (C12) Capacitor-0805
Added Member To Class: ClassName=A Member=Component C13_A (C13) Capacitor-0603
Added Member To Class: ClassName=A Member=Component C14_A (C14) Capacitor-0603
Added Member To Class: ClassName=A Member=Component C15_A (C15) Capacitor-0603
Added Member To Class: ClassName=A Member=Component C16_A (C16) Capacitor-0603
Added Member To Class: ClassName=A Member=Component C17_A (C17) Capacitor-0603
Added Member To Class: ClassName=A Member=Component C18_A (C18) Capacitor-0603
Added Member To Class: ClassName=A Member=Component C19_A (C19) Capacitor-0603
Added Member To Class: ClassName=A Member=Component C20_A (C20) Capacitor-0603
Added Member To Class: ClassName=A Member=Component C21_A (C21) Capacitor-0603
Added Member To Class: ClassName=A Member=Component C22_A (C22) Capacitor-0603
Added Member To Class: ClassName=A Member=Component C23_A (C23) Capacitor-0603
Added Member To Class: ClassName=A Member=Component C24_A (C24) 电解电容
Added Member To Class: ClassName=A Member=Component L1_A (L1) Inductor
Added Member To Class: ClassName=A Member=Component L2_A (L2) Inductor
Added Member To Class: ClassName=A Member=Component R1_A (R1) Resistor-0603
Added Member To Class: ClassName=A Member=Component R2_A (R2) Resistor-0603
Added Member To Class: ClassName=A Member=Component R3_A (R3) Resistor-0603
Added Member To Class: ClassName=A Member=Component R4_A (R4) Resistor-0603
Added Member To Class: ClassName=A Member=Component R5_A (R5) Resistor-0603
Added Member To Class: ClassName=A Member=Component R6_A (R6) Resistor-0603
Added Member To Class: ClassName=A Member=Component R7_A (R7) Resistor-0603
Added Member To Class: ClassName=A Member=Component R8_A (R8) Resistor-0603
Added Member To Class: ClassName=A Member=Component R9_A (R9) Resistor-0603
Added Member To Class: ClassName=A Member=Component R10_A (R10) Resistor-0603
Added Member To Class: ClassName=A Member=Component R11_A (R11) Resistor-0603
Added Member To Class: ClassName=A Member=Component R12_A (R12) Resistor-0603
Added Member To Class: ClassName=A Member=Component R13_A (R13) Resistor-0603
Added Member To Class: ClassName=A Member=Component R14_A (R14) Resistor-0603
Added Member To Class: ClassName=A Member=Component R15_A (R15) Resistor-0603
Added Member To Class: ClassName=A Member=Component R16_A (R16) Resistor-0603
Added Member To Class: ClassName=A Member=Component R17_A (R17) Resistor-0603
Added Member To Class: ClassName=A Member=Component R18_A (R18) Resistor-0603
Added Member To Class: ClassName=A Member=Component R19_A (R19) Resistor-0603
Added Member To Class: ClassName=A Member=Component R20_A (R20) Resistor-0603
Added Member To Class: ClassName=A Member=Component U1_A (U1) W5500
Added Member To Class: ClassName=A Member=Component U2_A (U2) RJ45
Added Member To Class: ClassName=A Member=Component X1_A (X1) 3225无源晶振
Added Room: Name=A
Added Room: Name=B
Added Room: Name=U_MCU
Added Room: Name=U_Module
Added Room: Name=U_Power
Added Room: Name=U_SM2200
