Added Component: Designator=C25(钽电容1206（A3216）)
Added Component: Designator=C26(0603)
Added Component: Designator=C27(0603)
Added Component: Designator=C28(0603)
Added Component: Designator=C29(0603)
Added Component: Designator=C30(0603)
Added Component: Designator=C31(0603)
Added Component: Designator=C32(0603)
Added Component: Designator=C33(0603)
Added Component: Designator=C34(0603)
Added Component: Designator=C35(0603)
Added Component: Designator=C36(0603)
Added Component: Designator=C37(0603)
Added Component: Designator=C38(0603)
Added Component: Designator=C39(0603)
Added Component: Designator=C40(0603)
Added Component: Designator=C41(0603)
Added Component: Designator=C42(0603)
Added Component: Designator=C43(0603)
Added Component: Designator=C44(0603)
Added Component: Designator=C45(0603)
Added Component: Designator=C46(0603)
Added Component: Designator=C47(0603)
Added Component: Designator=C48(0603)
Added Component: Designator=L3(0805)
Added Component: Designator=L4(0805)
Added Component: Designator=R21(0603)
Added Component: Designator=R22(0603)
Added Component: Designator=R23(0603)
Added Component: Designator=R24(0603)
Added Component: Designator=R25(0603)
Added Component: Designator=R26(0603)
Added Component: Designator=R27(0603)
Added Component: Designator=R28(0603)
Added Component: Designator=R29(0603)
Added Component: Designator=R30(0603)
Added Component: Designator=R31(0603)
Added Component: Designator=R32(0603)
Added Component: Designator=R33(0603)
Added Component: Designator=R34(0603)
Added Component: Designator=R35(0603)
Added Component: Designator=R36(0603)
Added Component: Designator=R37(0603)
Added Component: Designator=R38(0603)
Added Component: Designator=R39(0603)
Added Component: Designator=R40(0603)
Added Component: Designator=U3(W5500)
Added Component: Designator=U4(RJ45)
Added Component: Designator=X2(3225无源晶振)
Added Pin To Net: NetName=GND Pin=C25-1
Added Pin To Net: NetName=VCC-3.3 Pin=C25-2
Added Pin To Net: NetName=GND Pin=C26-1
Added Pin To Net: NetName=VCC-3.3 Pin=C26-2
Added Pin To Net: NetName=3V3D2 Pin=C27-1
Added Pin To Net: NetName=GND Pin=C27-2
Added Pin To Net: NetName=3V3A2 Pin=C28-1
Added Pin To Net: NetName=GND Pin=C28-2
Added Pin To Net: NetName=3V3A2 Pin=C29-1
Added Pin To Net: NetName=GND Pin=C29-2
Added Pin To Net: NetName=3V3A2 Pin=C30-1
Added Pin To Net: NetName=GND Pin=C30-2
Added Pin To Net: NetName=3V3A2 Pin=C31-1
Added Pin To Net: NetName=GND Pin=C31-2
Added Pin To Net: NetName=3V3A2 Pin=C32-1
Added Pin To Net: NetName=GND Pin=C32-2
Added Pin To Net: NetName=3V3A2 Pin=C33-1
Added Pin To Net: NetName=GND Pin=C33-2
Added Pin To Net: NetName=3V3A2 Pin=C34-1
Added Pin To Net: NetName=GND Pin=C34-2
Added Pin To Net: NetName=GND Pin=C35-1
Added Pin To Net: NetName=NetC35_2 Pin=C35-2
Added Pin To Net: NetName=NetC36_1 Pin=C36-1
Added Pin To Net: NetName=GND Pin=C36-2
Added Pin To Net: NetName=NetC37_1 Pin=C37-1
Added Pin To Net: NetName=GND Pin=C37-2
Added Pin To Net: NetName=3V3D2 Pin=C38-1
Added Pin To Net: NetName=GND Pin=C38-2
Added Pin To Net: NetName=3V3D2 Pin=C39-1
Added Pin To Net: NetName=GND Pin=C39-2
Added Pin To Net: NetName=3V3D2 Pin=C40-1
Added Pin To Net: NetName=GND Pin=C40-2
Added Pin To Net: NetName=3V3D2 Pin=C41-1
Added Pin To Net: NetName=GND Pin=C41-2
Added Pin To Net: NetName=RX2_N Pin=C42-1
Added Pin To Net: NetName=NetC42_2 Pin=C42-2
Added Pin To Net: NetName=GND Pin=C43-1
Added Pin To Net: NetName=NetC43_2 Pin=C43-2
Added Pin To Net: NetName=GND Pin=C44-1
Added Pin To Net: NetName=3V3A2 Pin=C44-2
Added Pin To Net: NetName=RX2_P Pin=C45-1
Added Pin To Net: NetName=NetC45_2 Pin=C45-2
Added Pin To Net: NetName=GND Pin=C46-1
Added Pin To Net: NetName=XI2 Pin=C46-2
Added Pin To Net: NetName=NetC47_1 Pin=C47-1
Added Pin To Net: NetName=GND Pin=C47-2
Added Pin To Net: NetName=GND Pin=C48-1
Added Pin To Net: NetName=XO2 Pin=C48-2
Added Pin To Net: NetName=VCC-3.3 Pin=L3-1
Added Pin To Net: NetName=3V3D2 Pin=L3-2
Added Pin To Net: NetName=VCC-3.3 Pin=L4-1
Added Pin To Net: NetName=3V3A2 Pin=L4-2
Added Pin To Net: NetName=GND Pin=R21-1
Added Pin To Net: NetName=NetR21_2 Pin=R21-2
Added Pin To Net: NetName=GND Pin=R22-1
Added Pin To Net: NetName=NetR22_2 Pin=R22-2
Added Pin To Net: NetName=NetR23_1 Pin=R23-1
Added Pin To Net: NetName=3V3A2 Pin=R23-2
Added Pin To Net: NetName=GND Pin=R24-1
Added Pin To Net: NetName=NetR24_2 Pin=R24-2
Added Pin To Net: NetName=NetR25_1 Pin=R25-1
Added Pin To Net: NetName=3V3A2 Pin=R25-2
Added Pin To Net: NetName=GND Pin=R26-1
Added Pin To Net: NetName=NetR26_2 Pin=R26-2
Added Pin To Net: NetName=NetR27_1 Pin=R27-1
Added Pin To Net: NetName=3V3A2 Pin=R27-2
Added Pin To Net: NetName=GND Pin=R28-1
Added Pin To Net: NetName=NetR28_2 Pin=R28-2
Added Pin To Net: NetName=3V3D2 Pin=R29-1
Added Pin To Net: NetName=NetR29_2 Pin=R29-2
Added Pin To Net: NetName=NetR30_1 Pin=R30-1
Added Pin To Net: NetName=3V3D2 Pin=R30-2
Added Pin To Net: NetName=SPI1_NSS Pin=R31-1
Added Pin To Net: NetName=3V3D2 Pin=R31-2
Added Pin To Net: NetName=NetR32_1 Pin=R32-1
Added Pin To Net: NetName=GND Pin=R32-2
Added Pin To Net: NetName=GND Pin=R33-1
Added Pin To Net: NetName=NetR33_2 Pin=R33-2
Added Pin To Net: NetName=NetR34_1 Pin=R34-1
Added Pin To Net: NetName=3V3A2 Pin=R34-2
Added Pin To Net: NetName=NetC43_2 Pin=R35-1
Added Pin To Net: NetName=RX2_N Pin=R35-2
Added Pin To Net: NetName=NetR36_1 Pin=R36-1
Added Pin To Net: NetName=3V3A2 Pin=R36-2
Added Pin To Net: NetName=RX2_P Pin=R37-1
Added Pin To Net: NetName=NetC43_2 Pin=R37-2
Added Pin To Net: NetName=TX2_P Pin=R38-1
Added Pin To Net: NetName=3V3A2 Pin=R38-2
Added Pin To Net: NetName=TX2_N Pin=R39-1
Added Pin To Net: NetName=3V3A2 Pin=R39-2
Added Pin To Net: NetName=XI2 Pin=R40-1
Added Pin To Net: NetName=XO2 Pin=R40-2
Added Pin To Net: NetName=TX2_N Pin=U3-1
Added Pin To Net: NetName=TX2_P Pin=U3-2
Added Pin To Net: NetName=GND Pin=U3-3
Added Pin To Net: NetName=3V3A2 Pin=U3-4
Added Pin To Net: NetName=RX2_N Pin=U3-5
Added Pin To Net: NetName=RX2_P Pin=U3-6
Added Pin To Net: NetName=3V3A2 Pin=U3-8
Added Pin To Net: NetName=GND Pin=U3-9
Added Pin To Net: NetName=NetR32_1 Pin=U3-10
Added Pin To Net: NetName=3V3A2 Pin=U3-11
Added Pin To Net: NetName=GND Pin=U3-14
Added Pin To Net: NetName=3V3A2 Pin=U3-15
Added Pin To Net: NetName=GND Pin=U3-16
Added Pin To Net: NetName=3V3A2 Pin=U3-17
Added Pin To Net: NetName=GND Pin=U3-19
Added Pin To Net: NetName=NetC37_1 Pin=U3-20
Added Pin To Net: NetName=3V3D2 Pin=U3-21
Added Pin To Net: NetName=NetC35_2 Pin=U3-22
Added Pin To Net: NetName=NetR33_2 Pin=U3-23
Added Pin To Net: NetName=LINKLED2 Pin=U3-25
Added Pin To Net: NetName=ACTLED2 Pin=U3-27
Added Pin To Net: NetName=3V3D2 Pin=U3-28
Added Pin To Net: NetName=GND Pin=U3-29
Added Pin To Net: NetName=XI2 Pin=U3-30
Added Pin To Net: NetName=XO2 Pin=U3-31
Added Pin To Net: NetName=SPI1_NSS Pin=U3-32
Added Pin To Net: NetName=SPI1_MISO Pin=U3-34
Added Pin To Net: NetName=SPI1_MOSI Pin=U3-35
Added Pin To Net: NetName=NetR30_1 Pin=U3-36
Added Pin To Net: NetName=NetR29_2 Pin=U3-37
Added Pin To Net: NetName=NetR28_2 Pin=U3-38
Added Pin To Net: NetName=NetR26_2 Pin=U3-39
Added Pin To Net: NetName=NetR24_2 Pin=U3-40
Added Pin To Net: NetName=NetR22_2 Pin=U3-41
Added Pin To Net: NetName=NetR21_2 Pin=U3-42
Added Pin To Net: NetName=NetR23_1 Pin=U3-43
Added Pin To Net: NetName=NetR25_1 Pin=U3-44
Added Pin To Net: NetName=NetR27_1 Pin=U3-45
Added Pin To Net: NetName=GND Pin=U3-48
Added Pin To Net: NetName=TX2_P Pin=U4-1
Added Pin To Net: NetName=TX2_N Pin=U4-2
Added Pin To Net: NetName=NetC45_2 Pin=U4-3
Added Pin To Net: NetName=3V3A2 Pin=U4-4
Added Pin To Net: NetName=NetC43_2 Pin=U4-5
Added Pin To Net: NetName=NetC42_2 Pin=U4-6
Added Pin To Net: NetName=NetC36_1 Pin=U4-8
Added Pin To Net: NetName=NetR36_1 Pin=U4-9
Added Pin To Net: NetName=LINKLED2 Pin=U4-10
Added Pin To Net: NetName=ACTLED2 Pin=U4-11
Added Pin To Net: NetName=NetR34_1 Pin=U4-12
Added Pin To Net: NetName=NetC36_1 Pin=U4-13
Added Pin To Net: NetName=NetC47_1 Pin=U4-14
Added Pin To Net: NetName=XI2 Pin=X2-1
Added Pin To Net: NetName=GND Pin=X2-2
Added Pin To Net: NetName=XO2 Pin=X2-3
Added Pin To Net: NetName=GND Pin=X2-4
Added Pin To Net: NetName=NetU3_33 Pin=U3-33
Added Net: Name=NetU3_33
Added Differential Pair: Name=RX1
Added Differential Pair: Name=RX2
Added Differential Pair: Name=TX1
Added Differential Pair: Name=TX2
Added Member To Class: ClassName=U_W5500_1 Member=Component C1 Capacitor-0603
Added Member To Class: ClassName=U_W5500_1 Member=Component C2 Capacitor-0603
Added Member To Class: ClassName=U_W5500_1 Member=Component C3 Capacitor-0603
Added Member To Class: ClassName=U_W5500_1 Member=Component C4 Capacitor-0603
Added Member To Class: ClassName=U_W5500_1 Member=Component C5 Capacitor-0603
Added Member To Class: ClassName=U_W5500_1 Member=Component C6 Capacitor-0603
Added Member To Class: ClassName=U_W5500_1 Member=Component C7 Capacitor-0603
Added Member To Class: ClassName=U_W5500_1 Member=Component C8 Capacitor-0603
Added Member To Class: ClassName=U_W5500_1 Member=Component C9 Capacitor-0603
Added Member To Class: ClassName=U_W5500_1 Member=Component C10 Capacitor-0603
Added Member To Class: ClassName=U_W5500_1 Member=Component C11 Capacitor-0603
Added Member To Class: ClassName=U_W5500_1 Member=Component C12 Capacitor-0805
Added Member To Class: ClassName=U_W5500_1 Member=Component C13 Capacitor-0603
Added Member To Class: ClassName=U_W5500_1 Member=Component C14 Capacitor-0603
Added Member To Class: ClassName=U_W5500_1 Member=Component C15 Capacitor-0603
Added Member To Class: ClassName=U_W5500_1 Member=Component C16 Capacitor-0603
Added Member To Class: ClassName=U_W5500_1 Member=Component C17 Capacitor-0603
Added Member To Class: ClassName=U_W5500_1 Member=Component C18 Capacitor-0603
Added Member To Class: ClassName=U_W5500_1 Member=Component C19 Capacitor-0603
Added Member To Class: ClassName=U_W5500_1 Member=Component C20 Capacitor-0603
Added Member To Class: ClassName=U_W5500_1 Member=Component C21 Capacitor-0603
Added Member To Class: ClassName=U_W5500_1 Member=Component C22 Capacitor-0603
Added Member To Class: ClassName=U_W5500_1 Member=Component C23 Capacitor-0603
Added Member To Class: ClassName=U_W5500_1 Member=Component C24 电解电容
Added Member To Class: ClassName=U_W5500_2 Member=Component C25 电解电容
Added Member To Class: ClassName=U_W5500_2 Member=Component C26 Capacitor-0603
Added Member To Class: ClassName=U_W5500_2 Member=Component C27 Capacitor-0603
Added Member To Class: ClassName=U_W5500_2 Member=Component C28 Capacitor-0603
Added Member To Class: ClassName=U_W5500_2 Member=Component C29 Capacitor-0603
Added Member To Class: ClassName=U_W5500_2 Member=Component C30 Capacitor-0603
Added Member To Class: ClassName=U_W5500_2 Member=Component C31 Capacitor-0603
Added Member To Class: ClassName=U_W5500_2 Member=Component C32 Capacitor-0603
Added Member To Class: ClassName=U_W5500_2 Member=Component C33 Capacitor-0603
Added Member To Class: ClassName=U_W5500_2 Member=Component C34 Capacitor-0603
Added Member To Class: ClassName=U_W5500_2 Member=Component C35 Capacitor-0603
Added Member To Class: ClassName=U_W5500_2 Member=Component C36 Capacitor-0603
Added Member To Class: ClassName=U_W5500_2 Member=Component C37 Capacitor-0805
Added Member To Class: ClassName=U_W5500_2 Member=Component C38 Capacitor-0603
Added Member To Class: ClassName=U_W5500_2 Member=Component C39 Capacitor-0603
Added Member To Class: ClassName=U_W5500_2 Member=Component C40 Capacitor-0603
Added Member To Class: ClassName=U_W5500_2 Member=Component C41 Capacitor-0603
Added Member To Class: ClassName=U_W5500_2 Member=Component C42 Capacitor-0603
Added Member To Class: ClassName=U_W5500_2 Member=Component C43 Capacitor-0603
Added Member To Class: ClassName=U_W5500_2 Member=Component C44 Capacitor-0603
Added Member To Class: ClassName=U_W5500_2 Member=Component C45 Capacitor-0603
Added Member To Class: ClassName=U_W5500_2 Member=Component C46 Capacitor-0603
Added Member To Class: ClassName=U_W5500_2 Member=Component C47 Capacitor-0603
Added Member To Class: ClassName=U_W5500_2 Member=Component C48 Capacitor-0603
Added Member To Class: ClassName=U_W5500_1 Member=Component L1 Inductor
Added Member To Class: ClassName=U_W5500_1 Member=Component L2 Inductor
Added Member To Class: ClassName=U_W5500_2 Member=Component L3 Inductor
Added Member To Class: ClassName=U_W5500_2 Member=Component L4 Inductor
Added Member To Class: ClassName=U_W5500_1 Member=Component R1 Resistor-0603
Added Member To Class: ClassName=U_W5500_1 Member=Component R2 Resistor-0603
Added Member To Class: ClassName=U_W5500_1 Member=Component R3 Resistor-0603
Added Member To Class: ClassName=U_W5500_1 Member=Component R4 Resistor-0603
Added Member To Class: ClassName=U_W5500_1 Member=Component R5 Resistor-0603
Added Member To Class: ClassName=U_W5500_1 Member=Component R6 Resistor-0603
Added Member To Class: ClassName=U_W5500_1 Member=Component R7 Resistor-0603
Added Member To Class: ClassName=U_W5500_1 Member=Component R8 Resistor-0603
Added Member To Class: ClassName=U_W5500_1 Member=Component R9 Resistor-0603
Added Member To Class: ClassName=U_W5500_1 Member=Component R10 Resistor-0603
Added Member To Class: ClassName=U_W5500_1 Member=Component R11 Resistor-0603
Added Member To Class: ClassName=U_W5500_1 Member=Component R12 Resistor-0603
Added Member To Class: ClassName=U_W5500_1 Member=Component R13 Resistor-0603
Added Member To Class: ClassName=U_W5500_1 Member=Component R14 Resistor-0603
Added Member To Class: ClassName=U_W5500_1 Member=Component R15 Resistor-0603
Added Member To Class: ClassName=U_W5500_1 Member=Component R16 Resistor-0603
Added Member To Class: ClassName=U_W5500_1 Member=Component R17 Resistor-0603
Added Member To Class: ClassName=U_W5500_1 Member=Component R18 Resistor-0603
Added Member To Class: ClassName=U_W5500_1 Member=Component R19 Resistor-0603
Added Member To Class: ClassName=U_W5500_1 Member=Component R20 Resistor-0603
Added Member To Class: ClassName=U_W5500_2 Member=Component R21 Resistor-0603
Added Member To Class: ClassName=U_W5500_2 Member=Component R22 Resistor-0603
Added Member To Class: ClassName=U_W5500_2 Member=Component R23 Resistor-0603
Added Member To Class: ClassName=U_W5500_2 Member=Component R24 Resistor-0603
Added Member To Class: ClassName=U_W5500_2 Member=Component R25 Resistor-0603
Added Member To Class: ClassName=U_W5500_2 Member=Component R26 Resistor-0603
Added Member To Class: ClassName=U_W5500_2 Member=Component R27 Resistor-0603
Added Member To Class: ClassName=U_W5500_2 Member=Component R28 Resistor-0603
Added Member To Class: ClassName=U_W5500_2 Member=Component R29 Resistor-0603
Added Member To Class: ClassName=U_W5500_2 Member=Component R30 Resistor-0603
Added Member To Class: ClassName=U_W5500_2 Member=Component R31 Resistor-0603
Added Member To Class: ClassName=U_W5500_2 Member=Component R32 Resistor-0603
Added Member To Class: ClassName=U_W5500_2 Member=Component R33 Resistor-0603
Added Member To Class: ClassName=U_W5500_2 Member=Component R34 Resistor-0603
Added Member To Class: ClassName=U_W5500_2 Member=Component R35 Resistor-0603
Added Member To Class: ClassName=U_W5500_2 Member=Component R36 Resistor-0603
Added Member To Class: ClassName=U_W5500_2 Member=Component R37 Resistor-0603
Added Member To Class: ClassName=U_W5500_2 Member=Component R38 Resistor-0603
Added Member To Class: ClassName=U_W5500_2 Member=Component R39 Resistor-0603
Added Member To Class: ClassName=U_W5500_2 Member=Component R40 Resistor-0603
Added Member To Class: ClassName=U_W5500_1 Member=Component U1 W5500
Added Member To Class: ClassName=U_W5500_1 Member=Component U2 RJ45
Added Member To Class: ClassName=U_W5500_2 Member=Component U3 W5500
Added Member To Class: ClassName=U_W5500_2 Member=Component U4 RJ45
Added Member To Class: ClassName=U_W5500_1 Member=Component X1 3225无源晶振
Added Member To Class: ClassName=U_W5500_2 Member=Component X2 3225无源晶振
Added Room: Name=U_MCU
Added Room: Name=U_Module
Added Room: Name=U_Power
Added Room: Name=U_SM2200
Added Room: Name=U_W5500_2
