Added Component: Designator=C1(0603)
Added Component: Designator=C2(0603)
Added Component: Designator=C3(0603)
Added Component: Designator=C4(0603)
Added Component: Designator=C5(0603)
Added Component: Designator=C6(0603)
Added Component: Designator=C7(0603)
Added Component: Designator=C8(0603)
Added Component: Designator=C9(0603)
Added Component: Designator=C10(0603)
Added Component: Designator=C11(0603)
Added Component: Designator=C12(0603)
Added Component: Designator=C13(0603)
Added Component: Designator=C14(0603)
Added Component: Designator=C15(0603)
Added Component: Designator=C16(0603)
Added Component: Designator=C17(0603)
Added Component: Designator=C18(0603)
Added Component: Designator=C19(0603)
Added Component: Designator=C20(0603)
Added Component: Designator=C21(0603)
Added Component: Designator=C22(0603)
Added Component: Designator=C23(0603)
Added Component: Designator=C24(0603)
Added Component: Designator=C25(0603)
Added Component: Designator=C26(0603)
Added Component: Designator=C27(贴片铝电容-10*10)
Added Component: Designator=C28(0805)
Added Component: Designator=C29(0805)
Added Component: Designator=C30(贴片铝电容-8*10.3)
Added Component: Designator=C31(贴片铝电容-10*10)
Added Component: Designator=C32(0805)
Added Component: Designator=C33(0805)
Added Component: Designator=C34(贴片铝电容-8*10.3)
Added Component: Designator=C35(0805)
Added Component: Designator=C36(钽电容1206（A3216）)
Added Component: Designator=C37(钽电容1206（A3216）)
Added Component: Designator=C38(0805)
Added Component: Designator=C39(0805)
Added Component: Designator=C40(钽电容1206（A3216）)
Added Component: Designator=C41(钽电容1206（A3216）)
Added Component: Designator=C42(0805)
Added Component: Designator=C43(0805)
Added Component: Designator=C44(钽电容1206（A3216）)
Added Component: Designator=C45(钽电容1206（A3216）)
Added Component: Designator=C46(0805)
Added Component: Designator=C47(0603)
Added Component: Designator=C48(0603)
Added Component: Designator=C49(0603)
Added Component: Designator=C50(0603)
Added Component: Designator=C51(0603)
Added Component: Designator=C52(0603)
Added Component: Designator=C53(0603)
Added Component: Designator=C54(0603)
Added Component: Designator=C55(0603)
Added Component: Designator=C56(0603)
Added Component: Designator=C57(0603)
Added Component: Designator=C58(0603)
Added Component: Designator=C59(0603)
Added Component: Designator=C60(0603)
Added Component: Designator=C61(0603)
Added Component: Designator=C62(0603)
Added Component: Designator=C63(0603)
Added Component: Designator=C64(0603)
Added Component: Designator=C65(0603)
Added Component: Designator=C66(0603)
Added Component: Designator=C67(0603)
Added Component: Designator=C68(0603)
Added Component: Designator=C69(0603)
Added Component: Designator=C70(0603)
Added Component: Designator=C71(0603)
Added Component: Designator=C72(0603)
Added Component: Designator=C73(0603)
Added Component: Designator=C74(0603)
Added Component: Designator=C75(0603)
Added Component: Designator=C76(0603)
Added Component: Designator=C77(0603)
Added Component: Designator=C78(0603)
Added Component: Designator=C79(0603)
Added Component: Designator=C80(0603)
Added Component: Designator=C81(0603)
Added Component: Designator=C82(0805)
Added Component: Designator=C83(0603)
Added Component: Designator=C84(0603)
Added Component: Designator=C85(0603)
Added Component: Designator=C86(0603)
Added Component: Designator=C87(0603)
Added Component: Designator=C88_A1(钽电容1206（A3216）)
Added Component: Designator=C88_A2(钽电容1206（A3216）)
Added Component: Designator=C89_A1(0603)
Added Component: Designator=C89_A2(0603)
Added Component: Designator=C90_A1(0603)
Added Component: Designator=C90_A2(0603)
Added Component: Designator=C91_A1(0603)
Added Component: Designator=C91_A2(0603)
Added Component: Designator=C92_A1(0603)
Added Component: Designator=C92_A2(0603)
Added Component: Designator=C93_A1(0603)
Added Component: Designator=C93_A2(0603)
Added Component: Designator=C94_A1(0603)
Added Component: Designator=C94_A2(0603)
Added Component: Designator=C95_A1(0603)
Added Component: Designator=C95_A2(0603)
Added Component: Designator=C96_A1(0603)
Added Component: Designator=C96_A2(0603)
Added Component: Designator=C97_A1(0603)
Added Component: Designator=C97_A2(0603)
Added Component: Designator=C98_A1(0603)
Added Component: Designator=C98_A2(0603)
Added Component: Designator=C99_A1(0603)
Added Component: Designator=C99_A2(0603)
Added Component: Designator=C100_A1(0805)
Added Component: Designator=C100_A2(0805)
Added Component: Designator=C101_A1(0603)
Added Component: Designator=C101_A2(0603)
Added Component: Designator=C102_A1(0603)
Added Component: Designator=C102_A2(0603)
Added Component: Designator=C103_A1(0603)
Added Component: Designator=C103_A2(0603)
Added Component: Designator=C104_A1(0603)
Added Component: Designator=C104_A2(0603)
Added Component: Designator=C105_A1(0603)
Added Component: Designator=C105_A2(0603)
Added Component: Designator=C106_A1(0603)
Added Component: Designator=C106_A2(0603)
Added Component: Designator=C107_A1(0603)
Added Component: Designator=C107_A2(0603)
Added Component: Designator=C108_A1(0603)
Added Component: Designator=C108_A2(0603)
Added Component: Designator=C109_A1(0603)
Added Component: Designator=C109_A2(0603)
Added Component: Designator=C110_A1(0603)
Added Component: Designator=C110_A2(0603)
Added Component: Designator=C111_A1(0603)
Added Component: Designator=C111_A2(0603)
Added Component: Designator=D1(IN5824)
Added Component: Designator=D2(IN5824)
Added Component: Designator=D3(IN5824)
Added Component: Designator=D4(IN5824)
Added Component: Designator=D5(IN5824)
Added Component: Designator=D6(IN5824)
Added Component: Designator=K1(贴片按键)
Added Component: Designator=L1(0805)
Added Component: Designator=L2(SLF6025   电感)
Added Component: Designator=L3(SLF6025   电感)
Added Component: Designator=L4(1206)
Added Component: Designator=L5(Inductor(7.8*7*5))
Added Component: Designator=L6(工字电感0608)
Added Component: Designator=L7_A1(0805)
Added Component: Designator=L7_A2(0805)
Added Component: Designator=L8_A1(0805)
Added Component: Designator=L8_A2(0805)
Added Component: Designator=LED1(外插小灯)
Added Component: Designator=LED2(外插小灯)
Added Component: Designator=LED3(外插小灯)
Added Component: Designator=LED4(外插小灯)
Added Component: Designator=LED5(外插小灯)
Added Component: Designator=LED6(外插小灯)
Added Component: Designator=LED7(外插小灯)
Added Component: Designator=LED8(外插小灯)
Added Component: Designator=Q1(BC847B)
Added Component: Designator=Q2(BC847B)
Added Component: Designator=Q3(BC847B)
Added Component: Designator=Q4(BC847B)
Added Component: Designator=Q5(BC847B)
Added Component: Designator=Q6(BC847B)
Added Component: Designator=Q7(BC847B)
Added Component: Designator=Q8(BC847B)
Added Component: Designator=Q9(BC847B)
Added Component: Designator=Q10(BC847B)
Added Component: Designator=Q11(BC847B)
Added Component: Designator=R1(0603)
Added Component: Designator=R2(0603)
Added Component: Designator=R3(0603)
Added Component: Designator=R4(0603)
Added Component: Designator=R5(0603)
Added Component: Designator=R6(0603)
Added Component: Designator=R7(0603)
Added Component: Designator=R8(0603)
Added Component: Designator=R9(0603)
Added Component: Designator=R10(0603)
Added Component: Designator=R11(0603)
Added Component: Designator=R12(0603)
Added Component: Designator=R13(0603)
Added Component: Designator=R14(0603)
Added Component: Designator=R15(0603)
Added Component: Designator=R16(0603)
Added Component: Designator=R17(0603)
Added Component: Designator=R18(0603)
Added Component: Designator=R19(0603)
Added Component: Designator=R20(0603)
Added Component: Designator=R21(0603)
Added Component: Designator=R22(0603)
Added Component: Designator=R23(0603)
Added Component: Designator=R24(0603)
Added Component: Designator=R25(0603)
Added Component: Designator=R26(0603)
Added Component: Designator=R27(0603)
Added Component: Designator=R28(0603)
Added Component: Designator=R29(0603)
Added Component: Designator=R30(0603)
Added Component: Designator=R31(0603)
Added Component: Designator=R32(0603)
Added Component: Designator=R33(0603)
Added Component: Designator=R34(0603)
Added Component: Designator=R35(0603)
Added Component: Designator=R36(0603)
Added Component: Designator=R37(0603)
Added Component: Designator=R38(0603)
Added Component: Designator=R39(0603)
Added Component: Designator=R40(0603)
Added Component: Designator=R41(0603)
Added Component: Designator=R42(0603)
Added Component: Designator=R43(3296电位器)
Added Component: Designator=R44(0603)
Added Component: Designator=R45(0603)
Added Component: Designator=R46(0603)
Added Component: Designator=R47(0603)
Added Component: Designator=R48(0603)
Added Component: Designator=R49(0603)
Added Component: Designator=R50(0603)
Added Component: Designator=R51(0603)
Added Component: Designator=R52(0603)
Added Component: Designator=R53(0603)
Added Component: Designator=R54(0603)
Added Component: Designator=R55(0603)
Added Component: Designator=R56(0603)
Added Component: Designator=R57(0603)
Added Component: Designator=R58(0603)
Added Component: Designator=R59(0603)
Added Component: Designator=R60(0603)
Added Component: Designator=R61(0603)
Added Component: Designator=R62(0603)
Added Component: Designator=R63(0603)
Added Component: Designator=R64(0603)
Added Component: Designator=R65(0603)
Added Component: Designator=R66(0603)
Added Component: Designator=R67(0603)
Added Component: Designator=R68(0603)
Added Component: Designator=R69_A1(0603)
Added Component: Designator=R69_A2(0603)
Added Component: Designator=R70_A1(0603)
Added Component: Designator=R70_A2(0603)
Added Component: Designator=R71_A1(0603)
Added Component: Designator=R71_A2(0603)
Added Component: Designator=R72_A1(0603)
Added Component: Designator=R72_A2(0603)
Added Component: Designator=R73_A1(0603)
Added Component: Designator=R73_A2(0603)
Added Component: Designator=R74_A1(0603)
Added Component: Designator=R74_A2(0603)
Added Component: Designator=R75_A1(0603)
Added Component: Designator=R75_A2(0603)
Added Component: Designator=R76_A1(0603)
Added Component: Designator=R76_A2(0603)
Added Component: Designator=R77_A1(0603)
Added Component: Designator=R77_A2(0603)
Added Component: Designator=R78_A1(0603)
Added Component: Designator=R78_A2(0603)
Added Component: Designator=R79_A1(0603)
Added Component: Designator=R79_A2(0603)
Added Component: Designator=R80_A1(0603)
Added Component: Designator=R80_A2(0603)
Added Component: Designator=R81_A1(0603)
Added Component: Designator=R81_A2(0603)
Added Component: Designator=R82_A1(0603)
Added Component: Designator=R82_A2(0603)
Added Component: Designator=R83_A1(0603)
Added Component: Designator=R83_A2(0603)
Added Component: Designator=R84_A1(0603)
Added Component: Designator=R84_A2(0603)
Added Component: Designator=R85_A1(0603)
Added Component: Designator=R85_A2(0603)
Added Component: Designator=R86_A1(0603)
Added Component: Designator=R86_A2(0603)
Added Component: Designator=R87_A1(0603)
Added Component: Designator=R87_A2(0603)
Added Component: Designator=R88_A1(0603)
Added Component: Designator=R88_A2(0603)
Added Component: Designator=U1(Stm32f407ZET6 - duplicate)
Added Component: Designator=U2(JTAG-20)
Added Component: Designator=U3(AT24C02)
Added Component: Designator=U4(MAX3485)
Added Component: Designator=U5(MAX3232)
Added Component: Designator=U6(LM2596)
Added Component: Designator=U7(LM2596)
Added Component: Designator=U8(LT1963)
Added Component: Designator=U9(LT1963)
Added Component: Designator=U10(LT1963)
Added Component: Designator=U11(SM2200)
Added Component: Designator=U12(OPA564AIDWDR)
Added Component: Designator=U13_A1(W5500)
Added Component: Designator=U13_A2(W5500)
Added Component: Designator=U14_A1(RJ45)
Added Component: Designator=U14_A2(RJ45)
Added Component: Designator=X1(3225无源晶振)
Added Component: Designator=X2(3225无源晶振)
Added Component: Designator=X3_A1(3225无源晶振)
Added Component: Designator=X3_A2(3225无源晶振)
Added Pin To Net: NetName=3V3A1 Pin=C91_A1-1
Added Pin To Net: NetName=3V3A1 Pin=C91_A2-1
Added Pin To Net: NetName=3V3A1 Pin=C92_A1-1
Added Pin To Net: NetName=3V3A1 Pin=C92_A2-1
Added Pin To Net: NetName=3V3A1 Pin=C93_A1-1
Added Pin To Net: NetName=3V3A1 Pin=C93_A2-1
Added Pin To Net: NetName=3V3A1 Pin=C94_A1-1
Added Pin To Net: NetName=3V3A1 Pin=C94_A2-1
Added Pin To Net: NetName=3V3A1 Pin=C95_A1-1
Added Pin To Net: NetName=3V3A1 Pin=C95_A2-1
Added Pin To Net: NetName=3V3A1 Pin=C96_A1-1
Added Pin To Net: NetName=3V3A1 Pin=C96_A2-1
Added Pin To Net: NetName=3V3A1 Pin=C97_A1-1
Added Pin To Net: NetName=3V3A1 Pin=C97_A2-1
Added Pin To Net: NetName=3V3A1 Pin=C107_A1-2
Added Pin To Net: NetName=3V3A1 Pin=C107_A2-2
Added Pin To Net: NetName=3V3A1 Pin=L8_A1-2
Added Pin To Net: NetName=3V3A1 Pin=L8_A2-2
Added Pin To Net: NetName=3V3A1 Pin=R82_A1-2
Added Pin To Net: NetName=3V3A1 Pin=R82_A2-2
Added Pin To Net: NetName=3V3A1 Pin=R84_A1-2
Added Pin To Net: NetName=3V3A1 Pin=R84_A2-2
Added Pin To Net: NetName=3V3A1 Pin=R86_A1-2
Added Pin To Net: NetName=3V3A1 Pin=R86_A2-2
Added Pin To Net: NetName=3V3A1 Pin=R87_A1-2
Added Pin To Net: NetName=3V3A1 Pin=R87_A2-2
Added Pin To Net: NetName=3V3A1 Pin=U13_A1-4
Added Pin To Net: NetName=3V3A1 Pin=U13_A1-8
Added Pin To Net: NetName=3V3A1 Pin=U13_A1-11
Added Pin To Net: NetName=3V3A1 Pin=U13_A1-15
Added Pin To Net: NetName=3V3A1 Pin=U13_A1-17
Added Pin To Net: NetName=3V3A1 Pin=U13_A2-4
Added Pin To Net: NetName=3V3A1 Pin=U13_A2-8
Added Pin To Net: NetName=3V3A1 Pin=U13_A2-11
Added Pin To Net: NetName=3V3A1 Pin=U13_A2-15
Added Pin To Net: NetName=3V3A1 Pin=U13_A2-17
Added Pin To Net: NetName=3V3A1 Pin=U14_A1-4
Added Pin To Net: NetName=3V3A1 Pin=U14_A2-4
Added Net: Name=3V3A1
Added Pin To Net: NetName=3V3D1_A1 Pin=C90_A1-1
Added Pin To Net: NetName=3V3D1_A1 Pin=C90_A2-1
Added Pin To Net: NetName=3V3D1_A1 Pin=C101_A1-1
Added Pin To Net: NetName=3V3D1_A1 Pin=C101_A2-1
Added Pin To Net: NetName=3V3D1_A1 Pin=C102_A1-1
Added Pin To Net: NetName=3V3D1_A1 Pin=C102_A2-1
Added Pin To Net: NetName=3V3D1_A1 Pin=C103_A1-1
Added Pin To Net: NetName=3V3D1_A1 Pin=C103_A2-1
Added Pin To Net: NetName=3V3D1_A1 Pin=C104_A1-1
Added Pin To Net: NetName=3V3D1_A1 Pin=C104_A2-1
Added Pin To Net: NetName=3V3D1_A1 Pin=L7_A1-2
Added Pin To Net: NetName=3V3D1_A1 Pin=L7_A2-2
Added Pin To Net: NetName=3V3D1_A1 Pin=R71_A1-2
Added Pin To Net: NetName=3V3D1_A1 Pin=R71_A2-2
Added Pin To Net: NetName=3V3D1_A1 Pin=R73_A1-2
Added Pin To Net: NetName=3V3D1_A1 Pin=R73_A2-2
Added Pin To Net: NetName=3V3D1_A1 Pin=R75_A1-2
Added Pin To Net: NetName=3V3D1_A1 Pin=R75_A2-2
Added Pin To Net: NetName=3V3D1_A1 Pin=R77_A1-1
Added Pin To Net: NetName=3V3D1_A1 Pin=R77_A2-1
Added Pin To Net: NetName=3V3D1_A1 Pin=R78_A1-2
Added Pin To Net: NetName=3V3D1_A1 Pin=R78_A2-2
Added Pin To Net: NetName=3V3D1_A1 Pin=R79_A1-2
Added Pin To Net: NetName=3V3D1_A1 Pin=R79_A2-2
Added Pin To Net: NetName=3V3D1_A1 Pin=U13_A1-21
Added Pin To Net: NetName=3V3D1_A1 Pin=U13_A1-28
Added Pin To Net: NetName=3V3D1_A1 Pin=U13_A2-21
Added Pin To Net: NetName=3V3D1_A1 Pin=U13_A2-28
Added Net: Name=3V3D1_A1
Added Pin To Net: NetName=ACTLED_A1 Pin=U13_A1-27
Added Pin To Net: NetName=ACTLED_A1 Pin=U14_A1-11
Added Net: Name=ACTLED_A1
Added Pin To Net: NetName=ACTLED_A2 Pin=U13_A2-27
Added Pin To Net: NetName=ACTLED_A2 Pin=U14_A2-11
Added Net: Name=ACTLED_A2
Added Pin To Net: NetName=ADC_IN Pin=C71-1
Added Pin To Net: NetName=ADC_IN Pin=R50-2
Added Pin To Net: NetName=ADC_IN Pin=U11-1
Added Pin To Net: NetName=ADC_IN Pin=U11-48
Added Net: Name=ADC_IN
Added Pin To Net: NetName=AFE_VCC Pin=C48-2
Added Pin To Net: NetName=AFE_VCC Pin=C49-2
Added Pin To Net: NetName=AFE_VCC Pin=D3-2
Added Pin To Net: NetName=AFE_VCC Pin=D4-2
Added Pin To Net: NetName=AFE_VCC Pin=R45-2
Added Pin To Net: NetName=AFE_VCC Pin=U12-2
Added Pin To Net: NetName=AFE_VCC Pin=U12-2
Added Pin To Net: NetName=AFE_VCC Pin=U12-2
Added Pin To Net: NetName=AFE_VCC Pin=U12-2
Added Net: Name=AFE_VCC
Added Pin To Net: NetName=AGC_0 Pin=R59-2
Added Pin To Net: NetName=AGC_0 Pin=U11-21
Added Net: Name=AGC_0
Added Pin To Net: NetName=AGC_1 Pin=R61-2
Added Pin To Net: NetName=AGC_1 Pin=U11-16
Added Net: Name=AGC_1
Added Pin To Net: NetName=BASE Pin=C66-2
Added Pin To Net: NetName=BASE Pin=R44-1
Added Pin To Net: NetName=BASE Pin=R46-2
Added Pin To Net: NetName=BASE Pin=U11-2
Added Pin To Net: NetName=BASE Pin=U11-5
Added Net: Name=BASE
Added Pin To Net: NetName=BOOT0 Pin=R1-2
Added Pin To Net: NetName=BOOT0 Pin=U1-138
Added Net: Name=BOOT0
Added Pin To Net: NetName=BOOT1 Pin=R2-2
Added Pin To Net: NetName=BOOT1 Pin=U1-48
Added Net: Name=BOOT1
Added Pin To Net: NetName=BWSEL Pin=R60-1
Added Pin To Net: NetName=BWSEL Pin=U11-26
Added Net: Name=BWSEL
Added Pin To Net: NetName=DAC_OUT Pin=C52-2
Added Pin To Net: NetName=DAC_OUT Pin=U11-11
Added Net: Name=DAC_OUT
Added Pin To Net: NetName=GND Pin=B1-1
Added Pin To Net: NetName=GND Pin=B1-1
Added Pin To Net: NetName=GND Pin=B1-1
Added Pin To Net: NetName=GND Pin=B1-1
Added Pin To Net: NetName=GND Pin=C1-1
Added Pin To Net: NetName=GND Pin=C2-1
Added Pin To Net: NetName=GND Pin=C3-1
Added Pin To Net: NetName=GND Pin=C4-1
Added Pin To Net: NetName=GND Pin=C5-1
Added Pin To Net: NetName=GND Pin=C6-1
Added Pin To Net: NetName=GND Pin=C7-1
Added Pin To Net: NetName=GND Pin=C8-1
Added Pin To Net: NetName=GND Pin=C9-1
Added Pin To Net: NetName=GND Pin=C10-1
Added Pin To Net: NetName=GND Pin=C11-1
Added Pin To Net: NetName=GND Pin=C12-1
Added Pin To Net: NetName=GND Pin=C13-1
Added Pin To Net: NetName=GND Pin=C14-1
Added Pin To Net: NetName=GND Pin=C15-1
Added Pin To Net: NetName=GND Pin=C16-1
Added Pin To Net: NetName=GND Pin=C17-1
Added Pin To Net: NetName=GND Pin=C18-1
Added Pin To Net: NetName=GND Pin=C19-1
Added Pin To Net: NetName=GND Pin=C20-2
Added Pin To Net: NetName=GND Pin=C21-1
Added Pin To Net: NetName=GND Pin=C22-1
Added Pin To Net: NetName=GND Pin=C24-2
Added Pin To Net: NetName=GND Pin=C26-2
Added Pin To Net: NetName=GND Pin=C27-1
Added Pin To Net: NetName=GND Pin=C28-1
Added Pin To Net: NetName=GND Pin=C29-1
Added Pin To Net: NetName=GND Pin=C30-1
Added Pin To Net: NetName=GND Pin=C31-1
Added Pin To Net: NetName=GND Pin=C32-1
Added Pin To Net: NetName=GND Pin=C33-1
Added Pin To Net: NetName=GND Pin=C34-1
Added Pin To Net: NetName=GND Pin=C35-2
Added Pin To Net: NetName=GND Pin=C36-1
Added Pin To Net: NetName=GND Pin=C37-1
Added Pin To Net: NetName=GND Pin=C38-2
Added Pin To Net: NetName=GND Pin=C39-2
Added Pin To Net: NetName=GND Pin=C40-1
Added Pin To Net: NetName=GND Pin=C41-1
Added Pin To Net: NetName=GND Pin=C42-2
Added Pin To Net: NetName=GND Pin=C43-2
Added Pin To Net: NetName=GND Pin=C44-1
Added Pin To Net: NetName=GND Pin=C45-1
Added Pin To Net: NetName=GND Pin=C46-2
Added Pin To Net: NetName=GND Pin=C48-1
Added Pin To Net: NetName=GND Pin=C49-1
Added Pin To Net: NetName=GND Pin=C50-1
Added Pin To Net: NetName=GND Pin=C53-1
Added Pin To Net: NetName=GND Pin=C54-1
Added Pin To Net: NetName=GND Pin=C55-1
Added Pin To Net: NetName=GND Pin=C56-1
Added Pin To Net: NetName=GND Pin=C57-1
Added Pin To Net: NetName=GND Pin=C59-1
Added Pin To Net: NetName=GND Pin=C61-2
Added Pin To Net: NetName=GND Pin=C62-1
Added Pin To Net: NetName=GND Pin=C63-1
Added Pin To Net: NetName=GND Pin=C64-1
Added Pin To Net: NetName=GND Pin=C65-1
Added Pin To Net: NetName=GND Pin=C66-1
Added Pin To Net: NetName=GND Pin=C67-2
Added Pin To Net: NetName=GND Pin=C68-1
Added Pin To Net: NetName=GND Pin=C69-1
Added Pin To Net: NetName=GND Pin=C70-1
Added Pin To Net: NetName=GND Pin=C72-1
Added Pin To Net: NetName=GND Pin=C73-1
Added Pin To Net: NetName=GND Pin=C74-1
Added Pin To Net: NetName=GND Pin=C75-1
Added Pin To Net: NetName=GND Pin=C76-1
Added Pin To Net: NetName=GND Pin=C77-1
Added Pin To Net: NetName=GND Pin=C78-1
Added Pin To Net: NetName=GND Pin=C79-1
Added Pin To Net: NetName=GND Pin=C80-1
Added Pin To Net: NetName=GND Pin=C81-1
Added Pin To Net: NetName=GND Pin=C84-2
Added Pin To Net: NetName=GND Pin=C85-2
Added Pin To Net: NetName=GND Pin=C86-2
Added Pin To Net: NetName=GND Pin=C87-2
Added Pin To Net: NetName=GND Pin=C88_A1-1
Added Pin To Net: NetName=GND Pin=C88_A2-1
Added Pin To Net: NetName=GND Pin=C89_A1-1
Added Pin To Net: NetName=GND Pin=C89_A2-1
Added Pin To Net: NetName=GND Pin=C90_A1-2
Added Pin To Net: NetName=GND Pin=C90_A2-2
Added Pin To Net: NetName=GND Pin=C91_A1-2
Added Pin To Net: NetName=GND Pin=C91_A2-2
Added Pin To Net: NetName=GND Pin=C92_A1-2
Added Pin To Net: NetName=GND Pin=C92_A2-2
Added Pin To Net: NetName=GND Pin=C93_A1-2
Added Pin To Net: NetName=GND Pin=C93_A2-2
Added Pin To Net: NetName=GND Pin=C94_A1-2
Added Pin To Net: NetName=GND Pin=C94_A2-2
Added Pin To Net: NetName=GND Pin=C95_A1-2
Added Pin To Net: NetName=GND Pin=C95_A2-2
Added Pin To Net: NetName=GND Pin=C96_A1-2
Added Pin To Net: NetName=GND Pin=C96_A2-2
Added Pin To Net: NetName=GND Pin=C97_A1-2
Added Pin To Net: NetName=GND Pin=C97_A2-2
Added Pin To Net: NetName=GND Pin=C98_A1-1
Added Pin To Net: NetName=GND Pin=C98_A2-1
Added Pin To Net: NetName=GND Pin=C99_A1-2
Added Pin To Net: NetName=GND Pin=C99_A2-2
Added Pin To Net: NetName=GND Pin=C100_A1-2
Added Pin To Net: NetName=GND Pin=C100_A2-2
Added Pin To Net: NetName=GND Pin=C101_A1-2
Added Pin To Net: NetName=GND Pin=C101_A2-2
Added Pin To Net: NetName=GND Pin=C102_A1-2
Added Pin To Net: NetName=GND Pin=C102_A2-2
Added Pin To Net: NetName=GND Pin=C103_A1-2
Added Pin To Net: NetName=GND Pin=C103_A2-2
Added Pin To Net: NetName=GND Pin=C104_A1-2
Added Pin To Net: NetName=GND Pin=C104_A2-2
Added Pin To Net: NetName=GND Pin=C106_A1-1
Added Pin To Net: NetName=GND Pin=C106_A2-1
Added Pin To Net: NetName=GND Pin=C107_A1-1
Added Pin To Net: NetName=GND Pin=C107_A2-1
Added Pin To Net: NetName=GND Pin=C109_A1-1
Added Pin To Net: NetName=GND Pin=C109_A2-1
Added Pin To Net: NetName=GND Pin=C110_A1-2
Added Pin To Net: NetName=GND Pin=C110_A2-2
Added Pin To Net: NetName=GND Pin=C111_A1-1
Added Pin To Net: NetName=GND Pin=C111_A2-1
Added Pin To Net: NetName=GND Pin=D1-1
Added Pin To Net: NetName=GND Pin=D2-1
Added Pin To Net: NetName=GND Pin=D5-1
Added Pin To Net: NetName=GND Pin=D6-1
Added Pin To Net: NetName=GND Pin=J1-0
Added Pin To Net: NetName=GND Pin=J1-5
Added Pin To Net: NetName=GND Pin=J1-10
Added Pin To Net: NetName=GND Pin=K1-1
Added Pin To Net: NetName=GND Pin=L6-1
Added Pin To Net: NetName=GND Pin=LED6-2
Added Pin To Net: NetName=GND Pin=Q1-1
Added Pin To Net: NetName=GND Pin=Q2-1
Added Pin To Net: NetName=GND Pin=Q3-1
Added Pin To Net: NetName=GND Pin=Q4-1
Added Pin To Net: NetName=GND Pin=Q5-1
Added Pin To Net: NetName=GND Pin=Q6-1
Added Pin To Net: NetName=GND Pin=Q8-1
Added Pin To Net: NetName=GND Pin=Q9-1
Added Pin To Net: NetName=GND Pin=Q10-1
Added Pin To Net: NetName=GND Pin=Q11-1
Added Pin To Net: NetName=GND Pin=R1-1
Added Pin To Net: NetName=GND Pin=R2-1
Added Pin To Net: NetName=GND Pin=R9-2
Added Pin To Net: NetName=GND Pin=R15-1
Added Pin To Net: NetName=GND Pin=R34-1
Added Pin To Net: NetName=GND Pin=R36-1
Added Pin To Net: NetName=GND Pin=R46-1
Added Pin To Net: NetName=GND Pin=R47-1
Added Pin To Net: NetName=GND Pin=R48-1
Added Pin To Net: NetName=GND Pin=R49-1
Added Pin To Net: NetName=GND Pin=R54-1
Added Pin To Net: NetName=GND Pin=R60-2
Added Pin To Net: NetName=GND Pin=R64-2
Added Pin To Net: NetName=GND Pin=R69_A1-1
Added Pin To Net: NetName=GND Pin=R69_A2-1
Added Pin To Net: NetName=GND Pin=R70_A1-1
Added Pin To Net: NetName=GND Pin=R70_A2-1
Added Pin To Net: NetName=GND Pin=R72_A1-1
Added Pin To Net: NetName=GND Pin=R72_A2-1
Added Pin To Net: NetName=GND Pin=R74_A1-1
Added Pin To Net: NetName=GND Pin=R74_A2-1
Added Pin To Net: NetName=GND Pin=R76_A1-1
Added Pin To Net: NetName=GND Pin=R76_A2-1
Added Pin To Net: NetName=GND Pin=R80_A1-2
Added Pin To Net: NetName=GND Pin=R80_A2-2
Added Pin To Net: NetName=GND Pin=R81_A1-1
Added Pin To Net: NetName=GND Pin=R81_A2-1
Added Pin To Net: NetName=GND Pin=U1-16
Added Pin To Net: NetName=GND Pin=U1-31
Added Pin To Net: NetName=GND Pin=U1-38
Added Pin To Net: NetName=GND Pin=U1-51
Added Pin To Net: NetName=GND Pin=U1-61
Added Pin To Net: NetName=GND Pin=U1-83
Added Pin To Net: NetName=GND Pin=U1-94
Added Pin To Net: NetName=GND Pin=U1-107
Added Pin To Net: NetName=GND Pin=U1-120
Added Pin To Net: NetName=GND Pin=U1-130
Added Pin To Net: NetName=GND Pin=U2-4
Added Pin To Net: NetName=GND Pin=U2-6
Added Pin To Net: NetName=GND Pin=U2-8
Added Pin To Net: NetName=GND Pin=U2-10
Added Pin To Net: NetName=GND Pin=U2-12
Added Pin To Net: NetName=GND Pin=U2-14
Added Pin To Net: NetName=GND Pin=U2-16
Added Pin To Net: NetName=GND Pin=U2-18
Added Pin To Net: NetName=GND Pin=U2-20
Added Pin To Net: NetName=GND Pin=U3-1
Added Pin To Net: NetName=GND Pin=U3-2
Added Pin To Net: NetName=GND Pin=U3-3
Added Pin To Net: NetName=GND Pin=U3-4
Added Pin To Net: NetName=GND Pin=U3-7
Added Pin To Net: NetName=GND Pin=U4-5
Added Pin To Net: NetName=GND Pin=U5-11
Added Pin To Net: NetName=GND Pin=U5-13
Added Pin To Net: NetName=GND Pin=U5-15
Added Pin To Net: NetName=GND Pin=U6-3
Added Pin To Net: NetName=GND Pin=U6-6
Added Pin To Net: NetName=GND Pin=U7-3
Added Pin To Net: NetName=GND Pin=U7-5
Added Pin To Net: NetName=GND Pin=U7-6
Added Pin To Net: NetName=GND Pin=U8-3
Added Pin To Net: NetName=GND Pin=U8-6
Added Pin To Net: NetName=GND Pin=U8-7
Added Pin To Net: NetName=GND Pin=U9-3
Added Pin To Net: NetName=GND Pin=U9-6
Added Pin To Net: NetName=GND Pin=U9-7
Added Pin To Net: NetName=GND Pin=U10-3
Added Pin To Net: NetName=GND Pin=U10-6
Added Pin To Net: NetName=GND Pin=U10-7
Added Pin To Net: NetName=GND Pin=U11-7
Added Pin To Net: NetName=GND Pin=U11-10
Added Pin To Net: NetName=GND Pin=U11-13
Added Pin To Net: NetName=GND Pin=U11-17
Added Pin To Net: NetName=GND Pin=U11-19
Added Pin To Net: NetName=GND Pin=U11-27
Added Pin To Net: NetName=GND Pin=U11-32
Added Pin To Net: NetName=GND Pin=U11-37
Added Pin To Net: NetName=GND Pin=U11-38
Added Pin To Net: NetName=GND Pin=U11-39
Added Pin To Net: NetName=GND Pin=U11-41
Added Pin To Net: NetName=GND Pin=U11-43
Added Pin To Net: NetName=GND Pin=U11-46
Added Pin To Net: NetName=GND Pin=U12-1
Added Pin To Net: NetName=GND Pin=U12-1
Added Pin To Net: NetName=GND Pin=U12-1
Added Pin To Net: NetName=GND Pin=U12-1
Added Pin To Net: NetName=GND Pin=U12-1
Added Pin To Net: NetName=GND Pin=U12-1
Added Pin To Net: NetName=GND Pin=U13_A1-3
Added Pin To Net: NetName=GND Pin=U13_A1-9
Added Pin To Net: NetName=GND Pin=U13_A1-14
Added Pin To Net: NetName=GND Pin=U13_A1-16
Added Pin To Net: NetName=GND Pin=U13_A1-19
Added Pin To Net: NetName=GND Pin=U13_A1-29
Added Pin To Net: NetName=GND Pin=U13_A1-48
Added Pin To Net: NetName=GND Pin=U13_A2-3
Added Pin To Net: NetName=GND Pin=U13_A2-9
Added Pin To Net: NetName=GND Pin=U13_A2-14
Added Pin To Net: NetName=GND Pin=U13_A2-16
Added Pin To Net: NetName=GND Pin=U13_A2-19
Added Pin To Net: NetName=GND Pin=U13_A2-29
Added Pin To Net: NetName=GND Pin=U13_A2-48
Added Pin To Net: NetName=GND Pin=X1-2
Added Pin To Net: NetName=GND Pin=X1-4
Added Pin To Net: NetName=GND Pin=X2-2
Added Pin To Net: NetName=GND Pin=X2-4
Added Pin To Net: NetName=GND Pin=X3_A1-2
Added Pin To Net: NetName=GND Pin=X3_A1-4
Added Pin To Net: NetName=GND Pin=X3_A2-2
Added Pin To Net: NetName=GND Pin=X3_A2-4
Added Net: Name=GND
Added Pin To Net: NetName=INT Pin=R57-1
Added Pin To Net: NetName=INT Pin=U11-25
Added Net: Name=INT
Added Pin To Net: NetName=LINKLED_A1 Pin=U13_A1-25
Added Pin To Net: NetName=LINKLED_A1 Pin=U14_A1-10
Added Net: Name=LINKLED_A1
Added Pin To Net: NetName=LINKLED_A2 Pin=U13_A2-25
Added Pin To Net: NetName=LINKLED_A2 Pin=U14_A2-10
Added Net: Name=LINKLED_A2
Added Pin To Net: NetName=NetC13_2 Pin=C13-2
Added Pin To Net: NetName=NetC13_2 Pin=U1-106
Added Net: Name=NetC13_2
Added Pin To Net: NetName=NetC15_2 Pin=C15-2
Added Pin To Net: NetName=NetC15_2 Pin=U2-1
Added Pin To Net: NetName=NetC15_2 Pin=U2-2
Added Net: Name=NetC15_2
Added Pin To Net: NetName=NetC16_2 Pin=C16-2
Added Pin To Net: NetName=NetC16_2 Pin=U1-71
Added Net: Name=NetC16_2
Added Pin To Net: NetName=NetC23_1 Pin=C23-1
Added Pin To Net: NetName=NetC23_1 Pin=U5-3
Added Net: Name=NetC23_1
Added Pin To Net: NetName=NetC23_2 Pin=C23-2
Added Pin To Net: NetName=NetC23_2 Pin=U5-1
Added Net: Name=NetC23_2
Added Pin To Net: NetName=NetC24_1 Pin=C24-1
Added Pin To Net: NetName=NetC24_1 Pin=U5-2
Added Net: Name=NetC24_1
Added Pin To Net: NetName=NetC25_1 Pin=C25-1
Added Pin To Net: NetName=NetC25_1 Pin=U5-5
Added Net: Name=NetC25_1
Added Pin To Net: NetName=NetC25_2 Pin=C25-2
Added Pin To Net: NetName=NetC25_2 Pin=U5-4
Added Net: Name=NetC25_2
Added Pin To Net: NetName=NetC26_1 Pin=C26-1
Added Pin To Net: NetName=NetC26_1 Pin=U5-6
Added Net: Name=NetC26_1
Added Pin To Net: NetName=NetC45_2 Pin=C45-2
Added Pin To Net: NetName=NetC45_2 Pin=C46-1
Added Pin To Net: NetName=NetC45_2 Pin=U10-1
Added Pin To Net: NetName=NetC45_2 Pin=U10-2
Added Net: Name=NetC45_2
Added Pin To Net: NetName=NetC47_1 Pin=C47-1
Added Pin To Net: NetName=NetC47_1 Pin=D3-1
Added Pin To Net: NetName=NetC47_1 Pin=D5-2
Added Pin To Net: NetName=NetC47_1 Pin=L4-1
Added Pin To Net: NetName=NetC47_1 Pin=R37-2
Added Pin To Net: NetName=NetC47_1 Pin=U12-15
Added Pin To Net: NetName=NetC47_1 Pin=U12-15
Added Net: Name=NetC47_1
Added Pin To Net: NetName=NetC47_2 Pin=C47-2
Added Pin To Net: NetName=NetC47_2 Pin=R42-2
Added Pin To Net: NetName=NetC47_2 Pin=U12-6
Added Net: Name=NetC47_2
Added Pin To Net: NetName=NetC51_1 Pin=C51-1
Added Pin To Net: NetName=NetC51_1 Pin=C58-2
Added Pin To Net: NetName=NetC51_1 Pin=R38-2
Added Pin To Net: NetName=NetC51_1 Pin=U11-4
Added Net: Name=NetC51_1
Added Pin To Net: NetName=NetC51_2 Pin=C51-2
Added Pin To Net: NetName=NetC51_2 Pin=R40-2
Added Pin To Net: NetName=NetC51_2 Pin=U11-6
Added Net: Name=NetC51_2
Added Pin To Net: NetName=NetC52_1 Pin=C52-1
Added Pin To Net: NetName=NetC52_1 Pin=R39-1
Added Net: Name=NetC52_1
Added Pin To Net: NetName=NetC53_2 Pin=C53-2
Added Pin To Net: NetName=NetC53_2 Pin=U11-47
Added Net: Name=NetC53_2
Added Pin To Net: NetName=NetC58_1 Pin=C58-1
Added Pin To Net: NetName=NetC58_1 Pin=R41-1
Added Net: Name=NetC58_1
Added Pin To Net: NetName=NetC59_2 Pin=C59-2
Added Pin To Net: NetName=NetC59_2 Pin=R38-1
Added Pin To Net: NetName=NetC59_2 Pin=R39-2
Added Pin To Net: NetName=NetC59_2 Pin=R40-1
Added Net: Name=NetC59_2
Added Pin To Net: NetName=NetC60_1 Pin=C60-1
Added Pin To Net: NetName=NetC60_1 Pin=R43-1
Added Net: Name=NetC60_1
Added Pin To Net: NetName=NetC60_2 Pin=C60-2
Added Pin To Net: NetName=NetC60_2 Pin=D4-1
Added Pin To Net: NetName=NetC60_2 Pin=D6-2
Added Pin To Net: NetName=NetC60_2 Pin=L4-2
Added Net: Name=NetC60_2
Added Pin To Net: NetName=NetC61_1 Pin=C61-1
Added Pin To Net: NetName=NetC61_1 Pin=R37-1
Added Pin To Net: NetName=NetC61_1 Pin=R41-2
Added Pin To Net: NetName=NetC61_1 Pin=R42-1
Added Net: Name=NetC61_1
Added Pin To Net: NetName=NetC67_1 Pin=C67-1
Added Pin To Net: NetName=NetC67_1 Pin=R45-1
Added Pin To Net: NetName=NetC67_1 Pin=R47-2
Added Pin To Net: NetName=NetC67_1 Pin=U12-5
Added Net: Name=NetC67_1
Added Pin To Net: NetName=NetC70_2 Pin=C70-2
Added Pin To Net: NetName=NetC70_2 Pin=R49-2
Added Pin To Net: NetName=NetC70_2 Pin=U12-9
Added Net: Name=NetC70_2
Added Pin To Net: NetName=NetC71_2 Pin=C71-2
Added Pin To Net: NetName=NetC71_2 Pin=R53-2
Added Pin To Net: NetName=NetC71_2 Pin=U11-3
Added Net: Name=NetC71_2
Added Pin To Net: NetName=NetC82_1 Pin=C82-1
Added Pin To Net: NetName=NetC82_1 Pin=C84-1
Added Pin To Net: NetName=NetC82_1 Pin=L5-1
Added Pin To Net: NetName=NetC82_1 Pin=L6-2
Added Pin To Net: NetName=NetC82_1 Pin=R54-2
Added Pin To Net: NetName=NetC82_1 Pin=R55-2
Added Pin To Net: NetName=NetC82_1 Pin=R56-2
Added Net: Name=NetC82_1
Added Pin To Net: NetName=NetC82_2 Pin=C82-2
Added Pin To Net: NetName=NetC82_2 Pin=R51-1
Added Net: Name=NetC82_2
Added Pin To Net: NetName=NetC83_1 Pin=C83-1
Added Pin To Net: NetName=NetC83_1 Pin=R52-1
Added Net: Name=NetC83_1
Added Pin To Net: NetName=NetC83_2 Pin=C83-2
Added Pin To Net: NetName=NetC83_2 Pin=L5-2
Added Net: Name=NetC83_2
Added Pin To Net: NetName=NetC85_1 Pin=C85-1
Added Pin To Net: NetName=NetC85_1 Pin=R50-1
Added Pin To Net: NetName=NetC85_1 Pin=R51-2
Added Pin To Net: NetName=NetC85_1 Pin=R53-1
Added Net: Name=NetC85_1
Added Pin To Net: NetName=NetC86_1 Pin=C86-1
Added Pin To Net: NetName=NetC86_1 Pin=R65-2
Added Pin To Net: NetName=NetC86_1 Pin=X2-3
Added Net: Name=NetC86_1
Added Pin To Net: NetName=NetC98_A1_2 Pin=C98_A1-2
Added Pin To Net: NetName=NetC98_A1_2 Pin=U13_A1-22
Added Net: Name=NetC98_A1_2
Added Pin To Net: NetName=NetC98_A2_2 Pin=C98_A2-2
Added Pin To Net: NetName=NetC98_A2_2 Pin=U13_A2-22
Added Net: Name=NetC98_A2_2
Added Pin To Net: NetName=NetC99_A1_1 Pin=C99_A1-1
Added Pin To Net: NetName=NetC99_A1_1 Pin=U14_A1-8
Added Pin To Net: NetName=NetC99_A1_1 Pin=U14_A1-13
Added Net: Name=NetC99_A1_1
Added Pin To Net: NetName=NetC99_A2_1 Pin=C99_A2-1
Added Pin To Net: NetName=NetC99_A2_1 Pin=U14_A2-8
Added Pin To Net: NetName=NetC99_A2_1 Pin=U14_A2-13
Added Net: Name=NetC99_A2_1
Added Pin To Net: NetName=NetC100_A1_1 Pin=C100_A1-1
Added Pin To Net: NetName=NetC100_A1_1 Pin=U13_A1-20
Added Net: Name=NetC100_A1_1
Added Pin To Net: NetName=NetC100_A2_1 Pin=C100_A2-1
Added Pin To Net: NetName=NetC100_A2_1 Pin=U13_A2-20
Added Net: Name=NetC100_A2_1
Added Pin To Net: NetName=NetC105_A1_2 Pin=C105_A1-2
Added Pin To Net: NetName=NetC105_A1_2 Pin=U14_A1-6
Added Net: Name=NetC105_A1_2
Added Pin To Net: NetName=NetC105_A2_2 Pin=C105_A2-2
Added Pin To Net: NetName=NetC105_A2_2 Pin=U14_A2-6
Added Net: Name=NetC105_A2_2
Added Pin To Net: NetName=NetC106_A1_2 Pin=C106_A1-2
Added Pin To Net: NetName=NetC106_A1_2 Pin=R83_A1-1
Added Pin To Net: NetName=NetC106_A1_2 Pin=R85_A1-2
Added Pin To Net: NetName=NetC106_A1_2 Pin=U14_A1-5
Added Net: Name=NetC106_A1_2
Added Pin To Net: NetName=NetC106_A2_2 Pin=C106_A2-2
Added Pin To Net: NetName=NetC106_A2_2 Pin=R83_A2-1
Added Pin To Net: NetName=NetC106_A2_2 Pin=R85_A2-2
Added Pin To Net: NetName=NetC106_A2_2 Pin=U14_A2-5
Added Net: Name=NetC106_A2_2
Added Pin To Net: NetName=NetC108_A1_2 Pin=C108_A1-2
Added Pin To Net: NetName=NetC108_A1_2 Pin=U14_A1-3
Added Net: Name=NetC108_A1_2
Added Pin To Net: NetName=NetC108_A2_2 Pin=C108_A2-2
Added Pin To Net: NetName=NetC108_A2_2 Pin=U14_A2-3
Added Net: Name=NetC108_A2_2
Added Pin To Net: NetName=NetC110_A1_1 Pin=C110_A1-1
Added Pin To Net: NetName=NetC110_A1_1 Pin=U14_A1-14
Added Net: Name=NetC110_A1_1
Added Pin To Net: NetName=NetC110_A2_1 Pin=C110_A2-1
Added Pin To Net: NetName=NetC110_A2_1 Pin=U14_A2-14
Added Net: Name=NetC110_A2_1
Added Pin To Net: NetName=NetD1_2 Pin=D1-2
Added Pin To Net: NetName=NetD1_2 Pin=L2-1
Added Pin To Net: NetName=NetD1_2 Pin=U6-2
Added Net: Name=NetD1_2
Added Pin To Net: NetName=NetD2_2 Pin=D2-2
Added Pin To Net: NetName=NetD2_2 Pin=L3-1
Added Pin To Net: NetName=NetD2_2 Pin=U7-2
Added Net: Name=NetD2_2
Added Pin To Net: NetName=NetLED1_2 Pin=LED1-2
Added Pin To Net: NetName=NetLED1_2 Pin=R19-2
Added Net: Name=NetLED1_2
Added Pin To Net: NetName=NetLED2_2 Pin=LED2-2
Added Pin To Net: NetName=NetLED2_2 Pin=R20-2
Added Net: Name=NetLED2_2
Added Pin To Net: NetName=NetLED3_2 Pin=LED3-2
Added Pin To Net: NetName=NetLED3_2 Pin=R21-2
Added Net: Name=NetLED3_2
Added Pin To Net: NetName=NetLED4_2 Pin=LED4-2
Added Pin To Net: NetName=NetLED4_2 Pin=R22-2
Added Net: Name=NetLED4_2
Added Pin To Net: NetName=NetLED5_2 Pin=LED5-2
Added Pin To Net: NetName=NetLED5_2 Pin=R29-2
Added Net: Name=NetLED5_2
Added Pin To Net: NetName=NetLED6_1 Pin=LED6-1
Added Pin To Net: NetName=NetLED6_1 Pin=R31-1
Added Net: Name=NetLED6_1
Added Pin To Net: NetName=NetLED7_2 Pin=LED7-2
Added Pin To Net: NetName=NetLED7_2 Pin=R62-2
Added Net: Name=NetLED7_2
Added Pin To Net: NetName=NetLED8_2 Pin=LED8-2
Added Pin To Net: NetName=NetLED8_2 Pin=R63-2
Added Net: Name=NetLED8_2
Added Pin To Net: NetName=NetQ1_2 Pin=Q1-2
Added Pin To Net: NetName=NetQ1_2 Pin=R23-1
Added Net: Name=NetQ1_2
Added Pin To Net: NetName=NetQ1_3 Pin=Q1-3
Added Pin To Net: NetName=NetQ1_3 Pin=R19-1
Added Net: Name=NetQ1_3
Added Pin To Net: NetName=NetQ2_2 Pin=Q2-2
Added Pin To Net: NetName=NetQ2_2 Pin=R24-1
Added Net: Name=NetQ2_2
Added Pin To Net: NetName=NetQ2_3 Pin=Q2-3
Added Pin To Net: NetName=NetQ2_3 Pin=R20-1
Added Net: Name=NetQ2_3
Added Pin To Net: NetName=NetQ3_2 Pin=Q3-2
Added Pin To Net: NetName=NetQ3_2 Pin=R25-1
Added Net: Name=NetQ3_2
Added Pin To Net: NetName=NetQ3_3 Pin=Q3-3
Added Pin To Net: NetName=NetQ3_3 Pin=R21-1
Added Net: Name=NetQ3_3
Added Pin To Net: NetName=NetQ4_2 Pin=Q4-2
Added Pin To Net: NetName=NetQ4_2 Pin=R26-1
Added Net: Name=NetQ4_2
Added Pin To Net: NetName=NetQ4_3 Pin=Q4-3
Added Pin To Net: NetName=NetQ4_3 Pin=R22-1
Added Net: Name=NetQ4_3
Added Pin To Net: NetName=NetQ5_2 Pin=Q5-2
Added Pin To Net: NetName=NetQ5_2 Pin=R30-1
Added Net: Name=NetQ5_2
Added Pin To Net: NetName=NetQ5_3 Pin=Q5-3
Added Pin To Net: NetName=NetQ5_3 Pin=R29-1
Added Net: Name=NetQ5_3
Added Pin To Net: NetName=NetQ6_2 Pin=Q6-2
Added Pin To Net: NetName=NetQ6_2 Pin=R33-1
Added Pin To Net: NetName=NetQ6_2 Pin=R34-2
Added Net: Name=NetQ6_2
Added Pin To Net: NetName=NetQ6_3 Pin=Q6-3
Added Pin To Net: NetName=NetQ6_3 Pin=R32-2
Added Pin To Net: NetName=NetQ6_3 Pin=U6-5
Added Net: Name=NetQ6_3
Added Pin To Net: NetName=NetQ7_2 Pin=Q7-2
Added Pin To Net: NetName=NetQ7_2 Pin=R35-1
Added Net: Name=NetQ7_2
Added Pin To Net: NetName=NetQ7_3 Pin=Q7-3
Added Pin To Net: NetName=NetQ7_3 Pin=R36-2
Added Pin To Net: NetName=NetQ7_3 Pin=U9-5
Added Net: Name=NetQ7_3
Added Pin To Net: NetName=NetQ8_2 Pin=Q8-2
Added Pin To Net: NetName=NetQ8_2 Pin=R61-1
Added Net: Name=NetQ8_2
Added Pin To Net: NetName=NetQ8_3 Pin=Q8-3
Added Pin To Net: NetName=NetQ8_3 Pin=R55-1
Added Net: Name=NetQ8_3
Added Pin To Net: NetName=NetQ9_2 Pin=Q9-2
Added Pin To Net: NetName=NetQ9_2 Pin=R59-1
Added Net: Name=NetQ9_2
Added Pin To Net: NetName=NetQ9_3 Pin=Q9-3
Added Pin To Net: NetName=NetQ9_3 Pin=R56-1
Added Net: Name=NetQ9_3
Added Pin To Net: NetName=NetQ10_2 Pin=Q10-2
Added Pin To Net: NetName=NetQ10_2 Pin=R67-2
Added Net: Name=NetQ10_2
Added Pin To Net: NetName=NetQ10_3 Pin=Q10-3
Added Pin To Net: NetName=NetQ10_3 Pin=R63-1
Added Net: Name=NetQ10_3
Added Pin To Net: NetName=NetQ11_2 Pin=Q11-2
Added Pin To Net: NetName=NetQ11_2 Pin=R66-1
Added Net: Name=NetQ11_2
Added Pin To Net: NetName=NetQ11_3 Pin=Q11-3
Added Pin To Net: NetName=NetQ11_3 Pin=R62-1
Added Net: Name=NetQ11_3
Added Pin To Net: NetName=NetR9_1 Pin=R9-1
Added Pin To Net: NetName=NetR9_1 Pin=R12-2
Added Pin To Net: NetName=NetR9_1 Pin=U4-7
Added Net: Name=NetR9_1
Added Pin To Net: NetName=NetR10_2 Pin=R10-2
Added Pin To Net: NetName=NetR10_2 Pin=U3-6
Added Net: Name=NetR10_2
Added Pin To Net: NetName=NetR11_1 Pin=R11-1
Added Net: Name=NetR11_1
Added Pin To Net: NetName=NetR11_2 Pin=R11-2
Added Pin To Net: NetName=NetR11_2 Pin=U4-1
Added Net: Name=NetR11_2
Added Pin To Net: NetName=NetR13_2 Pin=R13-2
Added Pin To Net: NetName=NetR13_2 Pin=U3-5
Added Net: Name=NetR13_2
Added Pin To Net: NetName=NetR15_2 Pin=R15-2
Added Pin To Net: NetName=NetR15_2 Pin=U4-2
Added Pin To Net: NetName=NetR15_2 Pin=U4-3
Added Net: Name=NetR15_2
Added Pin To Net: NetName=NetR16_2 Pin=R16-2
Added Pin To Net: NetName=NetR16_2 Pin=R17-2
Added Pin To Net: NetName=NetR16_2 Pin=U4-6
Added Net: Name=NetR16_2
Added Pin To Net: NetName=NetR18_1 Pin=R18-1
Added Net: Name=NetR18_1
Added Pin To Net: NetName=NetR18_2 Pin=R18-2
Added Pin To Net: NetName=NetR18_2 Pin=U4-4
Added Net: Name=NetR18_2
Added Pin To Net: NetName=NetR23_2 Pin=R23-2
Added Net: Name=NetR23_2
Added Pin To Net: NetName=NetR24_2 Pin=R24-2
Added Net: Name=NetR24_2
Added Pin To Net: NetName=NetR25_2 Pin=R25-2
Added Net: Name=NetR25_2
Added Pin To Net: NetName=NetR26_2 Pin=R26-2
Added Net: Name=NetR26_2
Added Pin To Net: NetName=NetR27_1 Pin=R27-1
Added Net: Name=NetR27_1
Added Pin To Net: NetName=NetR27_2 Pin=R27-2
Added Pin To Net: NetName=NetR27_2 Pin=U5-10
Added Net: Name=NetR27_2
Added Pin To Net: NetName=NetR28_1 Pin=R28-1
Added Net: Name=NetR28_1
Added Pin To Net: NetName=NetR28_2 Pin=R28-2
Added Pin To Net: NetName=NetR28_2 Pin=U5-9
Added Net: Name=NetR28_2
Added Pin To Net: NetName=NetR30_2 Pin=R30-2
Added Net: Name=NetR30_2
Added Pin To Net: NetName=NetR33_2 Pin=R33-2
Added Net: Name=NetR33_2
Added Pin To Net: NetName=NetR69_A1_2 Pin=R69_A1-2
Added Pin To Net: NetName=NetR69_A1_2 Pin=U13_A1-42
Added Net: Name=NetR69_A1_2
Added Pin To Net: NetName=NetR69_A2_2 Pin=R69_A2-2
Added Pin To Net: NetName=NetR69_A2_2 Pin=U13_A2-42
Added Net: Name=NetR69_A2_2
Added Pin To Net: NetName=NetR70_A1_2 Pin=R70_A1-2
Added Pin To Net: NetName=NetR70_A1_2 Pin=U13_A1-41
Added Net: Name=NetR70_A1_2
Added Pin To Net: NetName=NetR70_A2_2 Pin=R70_A2-2
Added Pin To Net: NetName=NetR70_A2_2 Pin=U13_A2-41
Added Net: Name=NetR70_A2_2
Added Pin To Net: NetName=NetR71_A1_1 Pin=R71_A1-1
Added Pin To Net: NetName=NetR71_A1_1 Pin=U13_A1-43
Added Net: Name=NetR71_A1_1
Added Pin To Net: NetName=NetR71_A2_1 Pin=R71_A2-1
Added Pin To Net: NetName=NetR71_A2_1 Pin=U13_A2-43
Added Net: Name=NetR71_A2_1
Added Pin To Net: NetName=NetR72_A1_2 Pin=R72_A1-2
Added Pin To Net: NetName=NetR72_A1_2 Pin=U13_A1-40
Added Net: Name=NetR72_A1_2
Added Pin To Net: NetName=NetR72_A2_2 Pin=R72_A2-2
Added Pin To Net: NetName=NetR72_A2_2 Pin=U13_A2-40
Added Net: Name=NetR72_A2_2
Added Pin To Net: NetName=NetR73_A1_1 Pin=R73_A1-1
Added Pin To Net: NetName=NetR73_A1_1 Pin=U13_A1-44
Added Net: Name=NetR73_A1_1
Added Pin To Net: NetName=NetR73_A2_1 Pin=R73_A2-1
Added Pin To Net: NetName=NetR73_A2_1 Pin=U13_A2-44
Added Net: Name=NetR73_A2_1
Added Pin To Net: NetName=NetR74_A1_2 Pin=R74_A1-2
Added Pin To Net: NetName=NetR74_A1_2 Pin=U13_A1-39
Added Net: Name=NetR74_A1_2
Added Pin To Net: NetName=NetR74_A2_2 Pin=R74_A2-2
Added Pin To Net: NetName=NetR74_A2_2 Pin=U13_A2-39
Added Net: Name=NetR74_A2_2
Added Pin To Net: NetName=NetR75_A1_1 Pin=R75_A1-1
Added Pin To Net: NetName=NetR75_A1_1 Pin=U13_A1-45
Added Net: Name=NetR75_A1_1
Added Pin To Net: NetName=NetR75_A2_1 Pin=R75_A2-1
Added Pin To Net: NetName=NetR75_A2_1 Pin=U13_A2-45
Added Net: Name=NetR75_A2_1
Added Pin To Net: NetName=NetR76_A1_2 Pin=R76_A1-2
Added Pin To Net: NetName=NetR76_A1_2 Pin=U13_A1-38
Added Net: Name=NetR76_A1_2
Added Pin To Net: NetName=NetR76_A2_2 Pin=R76_A2-2
Added Pin To Net: NetName=NetR76_A2_2 Pin=U13_A2-38
Added Net: Name=NetR76_A2_2
Added Pin To Net: NetName=NetR78_A1_1 Pin=R78_A1-1
Added Pin To Net: NetName=NetR78_A1_1 Pin=U13_A1-36
Added Net: Name=NetR78_A1_1
Added Pin To Net: NetName=NetR78_A2_1 Pin=R78_A2-1
Added Pin To Net: NetName=NetR78_A2_1 Pin=U13_A2-36
Added Net: Name=NetR78_A2_1
Added Pin To Net: NetName=NetR79_A1_1 Pin=R79_A1-1
Added Pin To Net: NetName=NetR79_A1_1 Pin=U13_A1-32
Added Net: Name=NetR79_A1_1
Added Pin To Net: NetName=NetR79_A2_1 Pin=R79_A2-1
Added Pin To Net: NetName=NetR79_A2_1 Pin=U13_A2-32
Added Net: Name=NetR79_A2_1
Added Pin To Net: NetName=NetR80_A1_1 Pin=R80_A1-1
Added Pin To Net: NetName=NetR80_A1_1 Pin=U13_A1-10
Added Net: Name=NetR80_A1_1
Added Pin To Net: NetName=NetR80_A2_1 Pin=R80_A2-1
Added Pin To Net: NetName=NetR80_A2_1 Pin=U13_A2-10
Added Net: Name=NetR80_A2_1
Added Pin To Net: NetName=NetR81_A1_2 Pin=R81_A1-2
Added Pin To Net: NetName=NetR81_A1_2 Pin=U13_A1-23
Added Net: Name=NetR81_A1_2
Added Pin To Net: NetName=NetR81_A2_2 Pin=R81_A2-2
Added Pin To Net: NetName=NetR81_A2_2 Pin=U13_A2-23
Added Net: Name=NetR81_A2_2
Added Pin To Net: NetName=NetR82_A1_1 Pin=R82_A1-1
Added Pin To Net: NetName=NetR82_A1_1 Pin=U14_A1-12
Added Net: Name=NetR82_A1_1
Added Pin To Net: NetName=NetR82_A2_1 Pin=R82_A2-1
Added Pin To Net: NetName=NetR82_A2_1 Pin=U14_A2-12
Added Net: Name=NetR82_A2_1
Added Pin To Net: NetName=NetR84_A1_1 Pin=R84_A1-1
Added Pin To Net: NetName=NetR84_A1_1 Pin=U14_A1-9
Added Net: Name=NetR84_A1_1
Added Pin To Net: NetName=NetR84_A2_1 Pin=R84_A2-1
Added Pin To Net: NetName=NetR84_A2_1 Pin=U14_A2-9
Added Net: Name=NetR84_A2_1
Added Pin To Net: NetName=NetU1_34 Pin=U1-34
Added Net: Name=NetU1_34
Added Pin To Net: NetName=NetU1_35 Pin=U1-35
Added Net: Name=NetU1_35
Added Pin To Net: NetName=NetU1_36 Pin=U1-36
Added Net: Name=NetU1_36
Added Pin To Net: NetName=NetU1_37 Pin=U1-37
Added Net: Name=NetU1_37
Added Pin To Net: NetName=NetU1_45 Pin=U1-45
Added Net: Name=NetU1_45
Added Pin To Net: NetName=NetU1_65 Pin=U1-65
Added Net: Name=NetU1_65
Added Pin To Net: NetName=NetU1_66 Pin=U1-66
Added Net: Name=NetU1_66
Added Pin To Net: NetName=NetU1_67 Pin=U1-67
Added Net: Name=NetU1_67
Added Pin To Net: NetName=NetU1_77 Pin=U1-77
Added Net: Name=NetU1_77
Added Pin To Net: NetName=NetU1_78 Pin=U1-78
Added Net: Name=NetU1_78
Added Pin To Net: NetName=NetU1_80 Pin=U1-80
Added Net: Name=NetU1_80
Added Pin To Net: NetName=NetU1_81 Pin=U1-81
Added Net: Name=NetU1_81
Added Pin To Net: NetName=NetU1_82 Pin=U1-82
Added Net: Name=NetU1_82
Added Pin To Net: NetName=NetU1_92 Pin=U1-92
Added Net: Name=NetU1_92
Added Pin To Net: NetName=NetU1_101 Pin=U1-101
Added Net: Name=NetU1_101
Added Pin To Net: NetName=NetU1_102 Pin=U1-102
Added Net: Name=NetU1_102
Added Pin To Net: NetName=NetU1_103 Pin=U1-103
Added Net: Name=NetU1_103
Added Pin To Net: NetName=NetU1_137 Pin=U1-137
Added Net: Name=NetU1_137
Added Pin To Net: NetName=NetU1_139 Pin=U1-139
Added Net: Name=NetU1_139
Added Pin To Net: NetName=NetU1_140 Pin=U1-140
Added Net: Name=NetU1_140
Added Pin To Net: NetName=NetU1_141 Pin=U1-141
Added Net: Name=NetU1_141
Added Pin To Net: NetName=NetU1_142 Pin=U1-142
Added Net: Name=NetU1_142
Added Pin To Net: NetName=NetU13_A1_33 Pin=U13_A1-33
Added Net: Name=NetU13_A1_33
Added Pin To Net: NetName=NetU13_A1_34 Pin=U13_A1-34
Added Net: Name=NetU13_A1_34
Added Pin To Net: NetName=NetU13_A1_35 Pin=U13_A1-35
Added Net: Name=NetU13_A1_35
Added Pin To Net: NetName=NetU13_A2_33 Pin=U13_A2-33
Added Net: Name=NetU13_A2_33
Added Pin To Net: NetName=NetU13_A2_34 Pin=U13_A2-34
Added Net: Name=NetU13_A2_34
Added Pin To Net: NetName=NetU13_A2_35 Pin=U13_A2-35
Added Net: Name=NetU13_A2_35
Added Pin To Net: NetName=NRST Pin=C18-2
Added Pin To Net: NetName=NRST Pin=K1-2
Added Pin To Net: NetName=NRST Pin=R8-1
Added Pin To Net: NetName=NRST Pin=U1-25
Added Pin To Net: NetName=NRST Pin=U2-15
Added Net: Name=NRST
Added Pin To Net: NetName=NTRST Pin=R4-1
Added Pin To Net: NetName=NTRST Pin=U1-134
Added Pin To Net: NetName=NTRST Pin=U2-3
Added Net: Name=NTRST
Added Pin To Net: NetName=OSC_IN Pin=C17-2
Added Pin To Net: NetName=OSC_IN Pin=U1-23
Added Pin To Net: NetName=OSC_IN Pin=X1-1
Added Net: Name=OSC_IN
Added Pin To Net: NetName=OSC_OUT Pin=C19-2
Added Pin To Net: NetName=OSC_OUT Pin=U1-24
Added Pin To Net: NetName=OSC_OUT Pin=X1-3
Added Net: Name=OSC_OUT
Added Pin To Net: NetName=RS232_RX Pin=J1-2
Added Pin To Net: NetName=RS232_RX Pin=U5-7
Added Net: Name=RS232_RX
Added Pin To Net: NetName=RS232_TX Pin=J1-3
Added Pin To Net: NetName=RS232_TX Pin=U5-8
Added Net: Name=RS232_TX
Added Pin To Net: NetName=RS485_N Pin=J1-1
Added Pin To Net: NetName=RS485_N Pin=R14-2
Added Pin To Net: NetName=RS485_N Pin=R16-1
Added Net: Name=RS485_N
Added Pin To Net: NetName=RS485_P Pin=J1-6
Added Pin To Net: NetName=RS485_P Pin=R12-1
Added Pin To Net: NetName=RS485_P Pin=R14-1
Added Net: Name=RS485_P
Added Pin To Net: NetName=RST1_A1 Pin=R77_A1-2
Added Pin To Net: NetName=RST1_A1 Pin=U13_A1-37
Added Net: Name=RST1_A1
Added Pin To Net: NetName=RST1_A2 Pin=R77_A2-2
Added Pin To Net: NetName=RST1_A2 Pin=U13_A2-37
Added Net: Name=RST1_A2
Added Pin To Net: NetName=RST1 Pin=R58-1
Added Pin To Net: NetName=RST1 Pin=U11-24
Added Net: Name=RST1
Added Pin To Net: NetName=RX1_A1_N Pin=C105_A1-1
Added Pin To Net: NetName=RX1_A1_N Pin=R83_A1-2
Added Pin To Net: NetName=RX1_A1_N Pin=U13_A1-5
Added Net: Name=RX1_A1_N
Added Pin To Net: NetName=RX1_A1_P Pin=C108_A1-1
Added Pin To Net: NetName=RX1_A1_P Pin=R85_A1-1
Added Pin To Net: NetName=RX1_A1_P Pin=U13_A1-6
Added Net: Name=RX1_A1_P
Added Pin To Net: NetName=RX1_A2_N Pin=C105_A2-1
Added Pin To Net: NetName=RX1_A2_N Pin=R83_A2-2
Added Pin To Net: NetName=RX1_A2_N Pin=U13_A2-5
Added Net: Name=RX1_A2_N
Added Pin To Net: NetName=RX1_A2_P Pin=C108_A2-1
Added Pin To Net: NetName=RX1_A2_P Pin=R85_A2-1
Added Pin To Net: NetName=RX1_A2_P Pin=U13_A2-6
Added Net: Name=RX1_A2_P
Added Pin To Net: NetName=RX_LED Pin=R67-1
Added Pin To Net: NetName=RX_LED Pin=U11-23
Added Net: Name=RX_LED
Added Pin To Net: NetName=SHDN Pin=R64-1
Added Pin To Net: NetName=SHDN Pin=U11-28
Added Net: Name=SHDN
Added Pin To Net: NetName=SIGNAL Pin=B1-2
Added Pin To Net: NetName=SIGNAL Pin=R43-2
Added Pin To Net: NetName=SIGNAL Pin=R52-2
Added Net: Name=SIGNAL
Added Pin To Net: NetName=SPI1_CLK Pin=U1-41
Added Net: Name=SPI1_CLK
Added Pin To Net: NetName=SPI1_MISO Pin=U1-42
Added Net: Name=SPI1_MISO
Added Pin To Net: NetName=SPI1_MOSI Pin=U1-43
Added Net: Name=SPI1_MOSI
Added Pin To Net: NetName=SPI1_NSS Pin=U1-40
Added Net: Name=SPI1_NSS
Added Pin To Net: NetName=SPI2_CLK Pin=U1-74
Added Net: Name=SPI2_CLK
Added Pin To Net: NetName=SPI2_MISO Pin=U1-75
Added Net: Name=SPI2_MISO
Added Pin To Net: NetName=SPI2_MOSI Pin=U1-76
Added Net: Name=SPI2_MOSI
Added Pin To Net: NetName=SPI2_NSS Pin=U1-73
Added Net: Name=SPI2_NSS
Added Pin To Net: NetName=SPI3_CLK Pin=U1-111
Added Net: Name=SPI3_CLK
Added Pin To Net: NetName=SPI3_MISO Pin=U1-112
Added Net: Name=SPI3_MISO
Added Pin To Net: NetName=SPI3_MOSI Pin=U1-113
Added Net: Name=SPI3_MOSI
Added Pin To Net: NetName=SPI3_NSS Pin=U1-114
Added Net: Name=SPI3_NSS
Added Pin To Net: NetName=SPI_SCK Pin=U11-35
Added Net: Name=SPI_SCK
Added Pin To Net: NetName=SPI_SI Pin=U11-34
Added Net: Name=SPI_SI
Added Pin To Net: NetName=SPI_SO Pin=U11-33
Added Net: Name=SPI_SO
Added Pin To Net: NetName=SPISS Pin=U11-36
Added Net: Name=SPISS
Added Pin To Net: NetName=TCK Pin=R3-1
Added Pin To Net: NetName=TCK Pin=U1-109
Added Pin To Net: NetName=TCK Pin=U2-9
Added Net: Name=TCK
Added Pin To Net: NetName=TDI Pin=R5-1
Added Pin To Net: NetName=TDI Pin=U1-110
Added Pin To Net: NetName=TDI Pin=U2-5
Added Net: Name=TDI
Added Pin To Net: NetName=TDO Pin=R7-1
Added Pin To Net: NetName=TDO Pin=U1-133
Added Pin To Net: NetName=TDO Pin=U2-13
Added Net: Name=TDO
Added Pin To Net: NetName=TMS Pin=R6-1
Added Pin To Net: NetName=TMS Pin=U1-105
Added Pin To Net: NetName=TMS Pin=U2-7
Added Net: Name=TMS
Added Pin To Net: NetName=TX1_A1_N Pin=R87_A1-1
Added Pin To Net: NetName=TX1_A1_N Pin=U13_A1-1
Added Pin To Net: NetName=TX1_A1_N Pin=U14_A1-2
Added Net: Name=TX1_A1_N
Added Pin To Net: NetName=TX1_A1_P Pin=R86_A1-1
Added Pin To Net: NetName=TX1_A1_P Pin=U13_A1-2
Added Pin To Net: NetName=TX1_A1_P Pin=U14_A1-1
Added Net: Name=TX1_A1_P
Added Pin To Net: NetName=TX1_A2_N Pin=R87_A2-1
Added Pin To Net: NetName=TX1_A2_N Pin=U13_A2-1
Added Pin To Net: NetName=TX1_A2_N Pin=U14_A2-2
Added Net: Name=TX1_A2_N
Added Pin To Net: NetName=TX1_A2_P Pin=R86_A2-1
Added Pin To Net: NetName=TX1_A2_P Pin=U13_A2-2
Added Pin To Net: NetName=TX1_A2_P Pin=U14_A2-1
Added Net: Name=TX1_A2_P
Added Pin To Net: NetName=TX_EN Pin=R48-2
Added Pin To Net: NetName=TX_EN Pin=U11-15
Added Pin To Net: NetName=TX_EN Pin=U12-4
Added Net: Name=TX_EN
Added Pin To Net: NetName=TX_LED Pin=R66-2
Added Pin To Net: NetName=TX_LED Pin=U11-22
Added Net: Name=TX_LED
Added Pin To Net: NetName=VCC5 Pin=C29-2
Added Pin To Net: NetName=VCC5 Pin=C30-2
Added Pin To Net: NetName=VCC5 Pin=C43-1
Added Pin To Net: NetName=VCC5 Pin=C44-2
Added Pin To Net: NetName=VCC5 Pin=L2-2
Added Pin To Net: NetName=VCC5 Pin=U6-4
Added Pin To Net: NetName=VCC5 Pin=U10-5
Added Pin To Net: NetName=VCC5 Pin=U10-8
Added Net: Name=VCC5
Added Pin To Net: NetName=VCC15 Pin=C27-2
Added Pin To Net: NetName=VCC15 Pin=C28-2
Added Pin To Net: NetName=VCC15 Pin=C31-2
Added Pin To Net: NetName=VCC15 Pin=C32-2
Added Pin To Net: NetName=VCC15 Pin=U6-1
Added Pin To Net: NetName=VCC15 Pin=U7-1
Added Net: Name=VCC15
Added Pin To Net: NetName=VCC-3.3 Pin=C88_A1-2
Added Pin To Net: NetName=VCC-3.3 Pin=C88_A2-2
Added Pin To Net: NetName=VCC-3.3 Pin=C89_A1-2
Added Pin To Net: NetName=VCC-3.3 Pin=C89_A2-2
Added Pin To Net: NetName=VCC-3.3 Pin=L7_A1-1
Added Pin To Net: NetName=VCC-3.3 Pin=L7_A2-1
Added Pin To Net: NetName=VCC-3.3 Pin=L8_A1-1
Added Pin To Net: NetName=VCC-3.3 Pin=L8_A2-1
Added Net: Name=VCC-3.3
Added Pin To Net: NetName=VDD2.5 Pin=C54-2
Added Pin To Net: NetName=VDD2.5 Pin=C55-2
Added Pin To Net: NetName=VDD2.5 Pin=C56-2
Added Pin To Net: NetName=VDD2.5 Pin=C57-2
Added Pin To Net: NetName=VDD2.5 Pin=C68-2
Added Pin To Net: NetName=VDD2.5 Pin=C69-2
Added Pin To Net: NetName=VDD2.5 Pin=U11-8
Added Pin To Net: NetName=VDD2.5 Pin=U11-12
Added Pin To Net: NetName=VDD2.5 Pin=U11-14
Added Pin To Net: NetName=VDD2.5 Pin=U11-44
Added Net: Name=VDD2.5
Added Pin To Net: NetName=VDD3.3 Pin=C1-2
Added Pin To Net: NetName=VDD3.3 Pin=C2-2
Added Pin To Net: NetName=VDD3.3 Pin=C3-2
Added Pin To Net: NetName=VDD3.3 Pin=C4-2
Added Pin To Net: NetName=VDD3.3 Pin=C5-2
Added Pin To Net: NetName=VDD3.3 Pin=C6-2
Added Pin To Net: NetName=VDD3.3 Pin=C7-2
Added Pin To Net: NetName=VDD3.3 Pin=C8-2
Added Pin To Net: NetName=VDD3.3 Pin=C9-2
Added Pin To Net: NetName=VDD3.3 Pin=C10-2
Added Pin To Net: NetName=VDD3.3 Pin=C11-2
Added Pin To Net: NetName=VDD3.3 Pin=C12-2
Added Pin To Net: NetName=VDD3.3 Pin=C20-1
Added Pin To Net: NetName=VDD3.3 Pin=C21-2
Added Pin To Net: NetName=VDD3.3 Pin=C22-2
Added Pin To Net: NetName=VDD3.3 Pin=C37-2
Added Pin To Net: NetName=VDD3.3 Pin=C38-1
Added Pin To Net: NetName=VDD3.3 Pin=L1-1
Added Pin To Net: NetName=VDD3.3 Pin=Q7-1
Added Pin To Net: NetName=VDD3.3 Pin=R3-2
Added Pin To Net: NetName=VDD3.3 Pin=R4-2
Added Pin To Net: NetName=VDD3.3 Pin=R5-2
Added Pin To Net: NetName=VDD3.3 Pin=R6-2
Added Pin To Net: NetName=VDD3.3 Pin=R7-2
Added Pin To Net: NetName=VDD3.3 Pin=R8-2
Added Pin To Net: NetName=VDD3.3 Pin=R10-1
Added Pin To Net: NetName=VDD3.3 Pin=R13-1
Added Pin To Net: NetName=VDD3.3 Pin=R17-1
Added Pin To Net: NetName=VDD3.3 Pin=U1-6
Added Pin To Net: NetName=VDD3.3 Pin=U1-17
Added Pin To Net: NetName=VDD3.3 Pin=U1-39
Added Pin To Net: NetName=VDD3.3 Pin=U1-52
Added Pin To Net: NetName=VDD3.3 Pin=U1-62
Added Pin To Net: NetName=VDD3.3 Pin=U1-72
Added Pin To Net: NetName=VDD3.3 Pin=U1-84
Added Pin To Net: NetName=VDD3.3 Pin=U1-95
Added Pin To Net: NetName=VDD3.3 Pin=U1-108
Added Pin To Net: NetName=VDD3.3 Pin=U1-121
Added Pin To Net: NetName=VDD3.3 Pin=U1-131
Added Pin To Net: NetName=VDD3.3 Pin=U1-143
Added Pin To Net: NetName=VDD3.3 Pin=U1-144
Added Pin To Net: NetName=VDD3.3 Pin=U3-8
Added Pin To Net: NetName=VDD3.3 Pin=U4-8
Added Pin To Net: NetName=VDD3.3 Pin=U5-16
Added Pin To Net: NetName=VDD3.3 Pin=U8-1
Added Pin To Net: NetName=VDD3.3 Pin=U8-2
Added Net: Name=VDD3.3
Added Pin To Net: NetName=VDD5 Pin=C33-2
Added Pin To Net: NetName=VDD5 Pin=C34-2
Added Pin To Net: NetName=VDD5 Pin=C35-1
Added Pin To Net: NetName=VDD5 Pin=C36-2
Added Pin To Net: NetName=VDD5 Pin=C39-1
Added Pin To Net: NetName=VDD5 Pin=C40-2
Added Pin To Net: NetName=VDD5 Pin=L3-2
Added Pin To Net: NetName=VDD5 Pin=R31-2
Added Pin To Net: NetName=VDD5 Pin=R32-1
Added Pin To Net: NetName=VDD5 Pin=U7-4
Added Pin To Net: NetName=VDD5 Pin=U8-5
Added Pin To Net: NetName=VDD5 Pin=U8-8
Added Pin To Net: NetName=VDD5 Pin=U9-8
Added Net: Name=VDD5
Added Pin To Net: NetName=VDD-3.3 Pin=C41-2
Added Pin To Net: NetName=VDD-3.3 Pin=C42-1
Added Pin To Net: NetName=VDD-3.3 Pin=C50-2
Added Pin To Net: NetName=VDD-3.3 Pin=C62-2
Added Pin To Net: NetName=VDD-3.3 Pin=C63-2
Added Pin To Net: NetName=VDD-3.3 Pin=C64-2
Added Pin To Net: NetName=VDD-3.3 Pin=C65-2
Added Pin To Net: NetName=VDD-3.3 Pin=C72-2
Added Pin To Net: NetName=VDD-3.3 Pin=C73-2
Added Pin To Net: NetName=VDD-3.3 Pin=C74-2
Added Pin To Net: NetName=VDD-3.3 Pin=C75-2
Added Pin To Net: NetName=VDD-3.3 Pin=C76-2
Added Pin To Net: NetName=VDD-3.3 Pin=C77-2
Added Pin To Net: NetName=VDD-3.3 Pin=LED1-1
Added Pin To Net: NetName=VDD-3.3 Pin=LED2-1
Added Pin To Net: NetName=VDD-3.3 Pin=LED3-1
Added Pin To Net: NetName=VDD-3.3 Pin=LED4-1
Added Pin To Net: NetName=VDD-3.3 Pin=LED5-1
Added Pin To Net: NetName=VDD-3.3 Pin=LED7-1
Added Pin To Net: NetName=VDD-3.3 Pin=LED8-1
Added Pin To Net: NetName=VDD-3.3 Pin=R44-2
Added Pin To Net: NetName=VDD-3.3 Pin=R57-2
Added Pin To Net: NetName=VDD-3.3 Pin=R58-2
Added Pin To Net: NetName=VDD-3.3 Pin=U9-1
Added Pin To Net: NetName=VDD-3.3 Pin=U9-2
Added Pin To Net: NetName=VDD-3.3 Pin=U11-9
Added Pin To Net: NetName=VDD-3.3 Pin=U11-18
Added Pin To Net: NetName=VDD-3.3 Pin=U11-29
Added Pin To Net: NetName=VDD-3.3 Pin=U11-40
Added Pin To Net: NetName=VDD-3.3 Pin=U11-45
Added Pin To Net: NetName=VDD-3.3 Pin=U12-7
Added Net: Name=VDD-3.3
Added Pin To Net: NetName=VDD_CORE Pin=C78-2
Added Pin To Net: NetName=VDD_CORE Pin=C79-2
Added Pin To Net: NetName=VDD_CORE Pin=C80-2
Added Pin To Net: NetName=VDD_CORE Pin=C81-2
Added Pin To Net: NetName=VDD_CORE Pin=U11-20
Added Pin To Net: NetName=VDD_CORE Pin=U11-42
Added Net: Name=VDD_CORE
Added Pin To Net: NetName=VDD Pin=C14-2
Added Pin To Net: NetName=VDD Pin=L1-2
Added Pin To Net: NetName=VDD Pin=U1-30
Added Pin To Net: NetName=VDD Pin=U1-32
Added Pin To Net: NetName=VDD Pin=U1-33
Added Net: Name=VDD
Added Pin To Net: NetName=XI1_A1 Pin=C109_A1-2
Added Pin To Net: NetName=XI1_A1 Pin=R88_A1-1
Added Pin To Net: NetName=XI1_A1 Pin=U13_A1-30
Added Pin To Net: NetName=XI1_A1 Pin=X3_A1-1
Added Net: Name=XI1_A1
Added Pin To Net: NetName=XI1_A2 Pin=C109_A2-2
Added Pin To Net: NetName=XI1_A2 Pin=R88_A2-1
Added Pin To Net: NetName=XI1_A2 Pin=U13_A2-30
Added Pin To Net: NetName=XI1_A2 Pin=X3_A2-1
Added Net: Name=XI1_A2
Added Pin To Net: NetName=XIN Pin=C87-1
Added Pin To Net: NetName=XIN Pin=R68-1
Added Pin To Net: NetName=XIN Pin=U11-30
Added Pin To Net: NetName=XIN Pin=X2-1
Added Net: Name=XIN
Added Pin To Net: NetName=XO1_A1 Pin=C111_A1-2
Added Pin To Net: NetName=XO1_A1 Pin=R88_A1-2
Added Pin To Net: NetName=XO1_A1 Pin=U13_A1-31
Added Pin To Net: NetName=XO1_A1 Pin=X3_A1-3
Added Net: Name=XO1_A1
Added Pin To Net: NetName=XO1_A2 Pin=C111_A2-2
Added Pin To Net: NetName=XO1_A2 Pin=R88_A2-2
Added Pin To Net: NetName=XO1_A2 Pin=U13_A2-31
Added Pin To Net: NetName=XO1_A2 Pin=X3_A2-3
Added Net: Name=XO1_A2
Added Pin To Net: NetName=XOUT Pin=R65-1
Added Pin To Net: NetName=XOUT Pin=R68-2
Added Pin To Net: NetName=XOUT Pin=U11-31
Added Net: Name=XOUT
Added Class: Name=A1
Added Class: Name=A2
Added Class: Name=U_MCU
Added Class: Name=U_Module
Added Class: Name=U_Power
Added Class: Name=U_SM2200
Added Differential Pair: Name=RS485
Added Differential Pair: Name=RX1_A1
Added Differential Pair: Name=RX1_A2
Added Differential Pair: Name=TX1_A1
Added Differential Pair: Name=TX1_A2
Added Class: Name=W5500_1
Added Room: Name=A1
Added Room: Name=A2
Added Room: Name=U_MCU
Added Room: Name=U_Module
Added Room: Name=U_Power
Added Room: Name=U_SM2200
