Removed Pin From Net: NetName=VDD3.3 Pin=C114-2
Removed Pin From Net: NetName=VDD3.3 Pin=C115-2
Removed Pin From Net: NetName=VDD3.3 Pin=C116-1
Removed Pin From Net: NetName=VDD3.3 Pin=R92-1
Removed Pin From Net: NetName=VDD3.3 Pin=R96-1
Removed Pin From Net: NetName=VDD3.3 Pin=R100-1
Removed Pin From Net: NetName=VDD3.3 Pin=U12-16
Removed Pin From Net: NetName=VDD3.3 Pin=U13-8
Removed Pin From Net: NetName=VDD3.3 Pin=U14-8
Added Pin To Net: NetName=VCC-3.3 Pin=C91-1
Added Pin To Net: NetName=VCC-3.3 Pin=C101-2
Added Pin To Net: NetName=VCC-3.3 Pin=C114-2
Added Pin To Net: NetName=VCC-3.3 Pin=C115-2
Added Pin To Net: NetName=VCC-3.3 Pin=C116-1
Added Pin To Net: NetName=VCC-3.3 Pin=R92-1
Added Pin To Net: NetName=VCC-3.3 Pin=R96-1
Added Pin To Net: NetName=VCC-3.3 Pin=R100-1
Added Pin To Net: NetName=VCC-3.3 Pin=U7-1
Added Pin To Net: NetName=VCC-3.3 Pin=U7-2
Added Pin To Net: NetName=VCC-3.3 Pin=U12-16
Added Pin To Net: NetName=VCC-3.3 Pin=U13-8
Added Pin To Net: NetName=VCC-3.3 Pin=U14-8
