Removed Pin From Net: NetName=VDD3.3 Pin=C1-2
Removed Pin From Net: NetName=GND Pin=C2-1
Removed Pin From Net: NetName=VDD3.3 Pin=C2-2
Removed Pin From Net: NetName=VDD3.3 Pin=C3-2
Removed Pin From Net: NetName=GND Pin=C4-1
Removed Pin From Net: NetName=VDD3.3 Pin=C4-2
Removed Pin From Net: NetName=VDD3.3 Pin=C5-2
Removed Pin From Net: NetName=VDD3.3 Pin=C6-2
Removed Pin From Net: NetName=GND Pin=C7-1
Removed Pin From Net: NetName=VDD3.3 Pin=C7-2
Removed Pin From Net: NetName=GND Pin=C8-1
Removed Pin From Net: NetName=VDD3.3 Pin=C8-2
Removed Pin From Net: NetName=GND Pin=C9-1
Removed Pin From Net: NetName=VDD3.3 Pin=C9-2
Removed Pin From Net: NetName=GND Pin=C10-1
Removed Pin From Net: NetName=VDD3.3 Pin=C10-2
Removed Pin From Net: NetName=GND Pin=C11-1
Removed Pin From Net: NetName=VDD3.3 Pin=C11-2
Removed Pin From Net: NetName=GND Pin=C12-1
Removed Pin From Net: NetName=VDD3.3 Pin=C12-2
Removed Pin From Net: NetName=GND Pin=C13-1
Removed Pin From Net: NetName=VDD Pin=C14-2
Removed Pin From Net: NetName=GND Pin=C15-1
Removed Pin From Net: NetName=GND Pin=C16-1
Removed Pin From Net: NetName=GND Pin=C17-1
Removed Pin From Net: NetName=OSC_IN Pin=C17-2
Removed Pin From Net: NetName=GND Pin=C18-1
Removed Pin From Net: NetName=NRST Pin=C18-2
Removed Pin From Net: NetName=GND Pin=C19-1
Removed Pin From Net: NetName=OSC_OUT Pin=C19-2
Removed Pin From Net: NetName=3V3D1 Pin=C63-1
Removed Pin From Net: NetName=GND Pin=C63-2
Removed Pin From Net: NetName=GND Pin=C65-1
Removed Pin From Net: NetName=XI1 Pin=C65-2
Removed Pin From Net: NetName=VCC-3.3 Pin=C66-2
Removed Pin From Net: NetName=RX1_P Pin=C68-1
Removed Pin From Net: NetName=VCC-3.3 Pin=C68-2
Removed Pin From Net: NetName=3V3D1 Pin=C70-1
Removed Pin From Net: NetName=GND Pin=C70-2
Removed Pin From Net: NetName=XO1 Pin=C71-2
Removed Pin From Net: NetName=GND Pin=C?-2
Removed Pin From Net: NetName=VDD3.3 Pin=L1-1
Removed Pin From Net: NetName=VDD Pin=L1-2
Removed Pin From Net: NetName=VCC-3.3 Pin=L6-1
Removed Pin From Net: NetName=3V3D1 Pin=L6-2
Removed Pin From Net: NetName=VCC-3.3 Pin=L7-1
Removed Pin From Net: NetName=3V3A1 Pin=L7-2
Removed Pin From Net: NetName=GND Pin=R1-1
Removed Pin From Net: NetName=BOOT0 Pin=R1-2
Removed Pin From Net: NetName=GND Pin=R2-1
Removed Pin From Net: NetName=BOOT1 Pin=R2-2
Removed Pin From Net: NetName=TCK Pin=R3-1
Removed Pin From Net: NetName=VDD3.3 Pin=R3-2
Removed Pin From Net: NetName=VDD3.3 Pin=R4-2
Removed Pin From Net: NetName=VDD3.3 Pin=R5-2
Removed Pin From Net: NetName=TMS Pin=R6-1
Removed Pin From Net: NetName=VDD3.3 Pin=R6-2
Removed Pin From Net: NetName=VDD3.3 Pin=R7-2
Removed Pin From Net: NetName=NRST Pin=R8-1
Removed Pin From Net: NetName=VDD3.3 Pin=R8-2
Removed Pin From Net: NetName=3V3A1 Pin=R44-2
Removed Pin From Net: NetName=3V3A1 Pin=R48-2
Removed Pin From Net: NetName=XI1 Pin=R61-1
Removed Pin From Net: NetName=XO1 Pin=R61-2
Removed Pin From Net: NetName=VDD3.3 Pin=U1-6
Removed Pin From Net: NetName=VDD3.3 Pin=U1-17
Removed Pin From Net: NetName=OSC_IN Pin=U1-23
Removed Pin From Net: NetName=OSC_OUT Pin=U1-24
Removed Pin From Net: NetName=NRST Pin=U1-25
Removed Pin From Net: NetName=VDD Pin=U1-30
Removed Pin From Net: NetName=GND Pin=U1-31
Removed Pin From Net: NetName=VDD Pin=U1-32
Removed Pin From Net: NetName=VDD Pin=U1-33
Removed Pin From Net: NetName=GND Pin=U1-38
Removed Pin From Net: NetName=VDD3.3 Pin=U1-39
Removed Pin From Net: NetName=SPI1_NSS Pin=U1-40
Removed Pin From Net: NetName=SPI1_CLK Pin=U1-41
Removed Pin From Net: NetName=SPI1_MISO Pin=U1-42
Removed Pin From Net: NetName=SPI1_MOSI Pin=U1-43
Removed Pin From Net: NetName=BOOT1 Pin=U1-48
Removed Pin From Net: NetName=GND Pin=U1-51
Removed Pin From Net: NetName=VDD3.3 Pin=U1-52
Removed Pin From Net: NetName=GND Pin=U1-61
Removed Pin From Net: NetName=VDD3.3 Pin=U1-62
Removed Pin From Net: NetName=VDD3.3 Pin=U1-72
Removed Pin From Net: NetName=SPI2_NSS Pin=U1-73
Removed Pin From Net: NetName=SPI2_CLK Pin=U1-74
Removed Pin From Net: NetName=SPI2_MISO Pin=U1-75
Removed Pin From Net: NetName=SPI2_MOSI Pin=U1-76
Removed Pin From Net: NetName=GND Pin=U1-83
Removed Pin From Net: NetName=VDD3.3 Pin=U1-84
Removed Pin From Net: NetName=GND Pin=U1-94
Removed Pin From Net: NetName=VDD3.3 Pin=U1-95
Removed Pin From Net: NetName=TMS Pin=U1-105
Removed Pin From Net: NetName=GND Pin=U1-107
Removed Pin From Net: NetName=VDD3.3 Pin=U1-108
Removed Pin From Net: NetName=TCK Pin=U1-109
Removed Pin From Net: NetName=SPI3_CLK Pin=U1-111
Removed Pin From Net: NetName=SPI3_MISO Pin=U1-112
Removed Pin From Net: NetName=SPI3_MOSI Pin=U1-113
Removed Pin From Net: NetName=SPI3_NSS Pin=U1-114
Removed Pin From Net: NetName=GND Pin=U1-120
Removed Pin From Net: NetName=VDD3.3 Pin=U1-121
Removed Pin From Net: NetName=GND Pin=U1-130
Removed Pin From Net: NetName=VDD3.3 Pin=U1-131
Removed Pin From Net: NetName=BOOT0 Pin=U1-138
Removed Pin From Net: NetName=VDD3.3 Pin=U1-143
Removed Pin From Net: NetName=VDD3.3 Pin=U1-144
Removed Pin From Net: NetName=GND Pin=U2-4
Removed Pin From Net: NetName=GND Pin=U2-6
Removed Pin From Net: NetName=TMS Pin=U2-7
Removed Pin From Net: NetName=GND Pin=U2-8
Removed Pin From Net: NetName=TCK Pin=U2-9
Removed Pin From Net: NetName=GND Pin=U2-10
Removed Pin From Net: NetName=GND Pin=U2-12
Removed Pin From Net: NetName=GND Pin=U2-14
Removed Pin From Net: NetName=NRST Pin=U2-15
Removed Pin From Net: NetName=GND Pin=U2-16
Removed Pin From Net: NetName=GND Pin=U2-18
Removed Pin From Net: NetName=GND Pin=U2-20
Removed Pin From Net: NetName=TX1_P Pin=U15-1
Removed Pin From Net: NetName=TX1_N Pin=U15-2
Removed Pin From Net: NetName=3V3A1 Pin=U15-4
Removed Pin From Net: NetName=TX1_N Pin=U?-1
Removed Pin From Net: NetName=TX1_P Pin=U?-2
Removed Pin From Net: NetName=GND Pin=U?-3
Removed Pin From Net: NetName=3V3A1 Pin=U?-4
Removed Pin From Net: NetName=RX1_N Pin=U?-5
Removed Pin From Net: NetName=RX1_P Pin=U?-6
Removed Pin From Net: NetName=3V3A1 Pin=U?-8
Removed Pin From Net: NetName=GND Pin=U?-9
Removed Pin From Net: NetName=3V3A1 Pin=U?-11
Removed Pin From Net: NetName=GND Pin=U?-14
Removed Pin From Net: NetName=3V3A1 Pin=U?-15
Removed Pin From Net: NetName=GND Pin=U?-16
Removed Pin From Net: NetName=3V3A1 Pin=U?-17
Removed Pin From Net: NetName=GND Pin=U?-19
Removed Pin From Net: NetName=3V3D1 Pin=U?-21
Removed Pin From Net: NetName=3V3D1 Pin=U?-28
Removed Pin From Net: NetName=GND Pin=U?-29
Removed Pin From Net: NetName=XI1 Pin=U?-30
Removed Pin From Net: NetName=XO1 Pin=U?-31
Removed Pin From Net: NetName=GND Pin=U?-48
Removed Pin From Net: NetName=OSC_IN Pin=X1-1
Removed Pin From Net: NetName=OSC_OUT Pin=X1-3
Removed Pin From Net: NetName=XI1 Pin=X2-1
Removed Pin From Net: NetName=XO1 Pin=X2-3
Change Component DesignItemId : Designator=C17 Old DesignItemId=Capacitor-0 New DesignItemId=Capacitor-0603
Change Component DesignItemId : Designator=C18 Old DesignItemId=Capacitor-0 New DesignItemId=Capacitor-0603
Change Component DesignItemId : Designator=C19 Old DesignItemId=Capacitor-0 New DesignItemId=Capacitor-0603
Change Component DesignItemId : Designator=C63 Old DesignItemId=Capacitor-0603 New DesignItemId=Capacito
Change Component DesignItemId : Designator=C68 Old DesignItemId=Capacitor-0603 New DesignItemId=Capacito
Change Component DesignItemId : Designator=C71 Old DesignItemId=Capacitor-0603 New DesignItemId=Capacito
Change Component DesignItemId : Designator=C1 Old DesignItemId=Capacitor New DesignItemId=Capacitor-0603
Change Component DesignItemId : Designator=C2 Old DesignItemId=Capacitor New DesignItemId=Capacitor-0603
Change Component DesignItemId : Designator=C3 Old DesignItemId=Capacitor New DesignItemId=Capacitor-0603
Change Component DesignItemId : Designator=C4 Old DesignItemId=Capacitor New DesignItemId=Capacitor-0603
Change Component DesignItemId : Designator=C5 Old DesignItemId=Capacitor New DesignItemId=Capacitor-0603
Change Component DesignItemId : Designator=C6 Old DesignItemId=Capacitor New DesignItemId=Capacitor-0603
Change Component DesignItemId : Designator=C7 Old DesignItemId=Capacitor New DesignItemId=Capacitor-0603
Change Component DesignItemId : Designator=C8 Old DesignItemId=Capacitor New DesignItemId=Capacitor-0603
Change Component DesignItemId : Designator=C9 Old DesignItemId=Capacitor New DesignItemId=Capacitor-0603
Change Component DesignItemId : Designator=C10 Old DesignItemId=Capacitor New DesignItemId=Capacitor-0603
Change Component DesignItemId : Designator=C11 Old DesignItemId=Capacitor New DesignItemId=Capacitor-0603
Change Component DesignItemId : Designator=C14 Old DesignItemId=Capacitor New DesignItemId=Capacitor-0603
Change Component DesignItemId : Designator=C15 Old DesignItemId=Capacitor New DesignItemId=Capacitor-0603
Change Component DesignItemId : Designator=C12 Old DesignItemId=Capacitor New DesignItemId=Capacitor-0805
Change Component DesignItemId : Designator=L1 Old DesignItemId=Ind New DesignItemId=Inductor
Change Component DesignItemId : Designator=U2 Old DesignItemId=J New DesignItemId=RJ45
Change Component DesignItemId : Designator=R3 Old DesignItemId=Resistor-0 New DesignItemId=Resistor-0603
Change Component DesignItemId : Designator=R4 Old DesignItemId=Resistor-0 New DesignItemId=Resistor-0603
Change Component DesignItemId : Designator=R5 Old DesignItemId=Resistor-0 New DesignItemId=Resistor-0603
Change Component DesignItemId : Designator=R6 Old DesignItemId=Resistor-0 New DesignItemId=Resistor-0603
Change Component DesignItemId : Designator=R7 Old DesignItemId=Resistor-0 New DesignItemId=Resistor-0603
Change Component DesignItemId : Designator=R8 Old DesignItemId=Resistor-0 New DesignItemId=Resistor-0603
Change Component DesignItemId : Designator=R44 Old DesignItemId=Resistor-0603 New DesignItemId=Resisto
Change Component DesignItemId : Designator=R1 Old DesignItemId=Resistor New DesignItemId=Resistor-0603
Change Component DesignItemId : Designator=R2 Old DesignItemId=Resistor New DesignItemId=Resistor-0603
Change Component DesignItemId : Designator=U15 Old DesignItemId=RJ45 New DesignItemId=STM32F407Z
Change Component DesignItemId : Designator=U1 Old DesignItemId=STM32F407Z New DesignItemId=W5500
Change Component DesignItemId : Designator=C66 Old DesignItemId=电解电容 New DesignItemId=Capacitor-0603
Change Component Footprint: Designator=L7 Old Footprint=0805 New Footprint=Inductor(7.8*7*5)
Change Component Footprint: Designator=L6 Old Footprint=0805 New Footprint=工字电感0608
Change Component Footprint: Designator=U2 Old Footprint=JTAG-20 New Footprint=RJ45
Change Component Footprint: Designator=U15 Old Footprint=RJ45 New Footprint=Stm32f407ZET6 - duplicate
Change Component Footprint: Designator=U1 Old Footprint=Stm32f407ZET6 - duplicate New Footprint=W5500
Change Component Footprint: Designator=C66 Old Footprint=钽电容1206（A3216） New Footprint=0603
Change Component Comment : Designator=C63 Old Comment=Capacitor-0603 New Comment=Capacitor-0805
Change Component Comment : Designator=C68 Old Comment=Capacitor-0603 New Comment=Capacitor-0805
Change Component Comment : Designator=C71 Old Comment=Capacitor-0603 New Comment=Capacitor-0805
Change Component Comment : Designator=C1 Old Comment=Capacitor-0805 New Comment=Capacitor-0603
Change Component Comment : Designator=C2 Old Comment=Capacitor-0805 New Comment=Capacitor-0603
Change Component Comment : Designator=C3 Old Comment=Capacitor-0805 New Comment=Capacitor-0603
Change Component Comment : Designator=C4 Old Comment=Capacitor-0805 New Comment=Capacitor-0603
Change Component Comment : Designator=C5 Old Comment=Capacitor-0805 New Comment=Capacitor-0603
Change Component Comment : Designator=C6 Old Comment=Capacitor-0805 New Comment=Capacitor-0603
Change Component Comment : Designator=C7 Old Comment=Capacitor-0805 New Comment=Capacitor-0603
Change Component Comment : Designator=C8 Old Comment=Capacitor-0805 New Comment=Capacitor-0603
Change Component Comment : Designator=C9 Old Comment=Capacitor-0805 New Comment=Capacitor-0603
Change Component Comment : Designator=C10 Old Comment=Capacitor-0805 New Comment=Capacitor-0603
Change Component Comment : Designator=C11 Old Comment=Capacitor-0805 New Comment=Capacitor-0603
Change Component Comment : Designator=C14 Old Comment=Capacitor-0805 New Comment=Capacitor-0603
Change Component Comment : Designator=C15 Old Comment=Capacitor-0805 New Comment=Capacitor-0603
Change Component Comment : Designator=C17 Old Comment=Capacitor-0805 New Comment=Capacitor-0603
Change Component Comment : Designator=C18 Old Comment=Capacitor-0805 New Comment=Capacitor-0603
Change Component Comment : Designator=C19 Old Comment=Capacitor-0805 New Comment=Capacitor-0603
Change Component Comment : Designator=U2 Old Comment=JTAG New Comment=RJ45
Change Component Comment : Designator=R44 Old Comment=Resistor-0603 New Comment=Resistor-0805
Change Component Comment : Designator=R1 Old Comment=Resistor-0805 New Comment=Resistor-0603
Change Component Comment : Designator=R2 Old Comment=Resistor-0805 New Comment=Resistor-0603
Change Component Comment : Designator=R3 Old Comment=Resistor-0805 New Comment=Resistor-0603
Change Component Comment : Designator=R4 Old Comment=Resistor-0805 New Comment=Resistor-0603
Change Component Comment : Designator=R5 Old Comment=Resistor-0805 New Comment=Resistor-0603
Change Component Comment : Designator=R6 Old Comment=Resistor-0805 New Comment=Resistor-0603
Change Component Comment : Designator=R7 Old Comment=Resistor-0805 New Comment=Resistor-0603
Change Component Comment : Designator=R8 Old Comment=Resistor-0805 New Comment=Resistor-0603
Change Component Comment : Designator=U15 Old Comment=RJ45 New Comment=STM32F407ZET6
Change Component Comment : Designator=U1 Old Comment=STM32F407ZET6 New Comment=W5500
Change Component Comment : Designator=C66 Old Comment=电解电容 New Comment=Capacitor-0603
Change Component Library : Designator=C1 Old Library=集成库―大岐.IntLib New Library=原理图库.SchLib
Change Component Library : Designator=C2 Old Library=集成库―大岐.IntLib New Library=原理图库.SchLib
Change Component Library : Designator=C3 Old Library=集成库―大岐.IntLib New Library=原理图库.SchLib
Change Component Library : Designator=C4 Old Library=集成库―大岐.IntLib New Library=原理图库.SchLib
Change Component Library : Designator=C5 Old Library=集成库―大岐.IntLib New Library=原理图库.SchLib
Change Component Library : Designator=C6 Old Library=集成库―大岐.IntLib New Library=原理图库.SchLib
Change Component Library : Designator=C7 Old Library=集成库―大岐.IntLib New Library=原理图库.SchLib
Change Component Library : Designator=C8 Old Library=集成库―大岐.IntLib New Library=原理图库.SchLib
Change Component Library : Designator=C9 Old Library=集成库―大岐.IntLib New Library=原理图库.SchLib
Change Component Library : Designator=C10 Old Library=集成库―大岐.IntLib New Library=原理图库.SchLib
Change Component Library : Designator=C11 Old Library=集成库―大岐.IntLib New Library=原理图库.SchLib
Change Component Library : Designator=C12 Old Library=集成库―大岐.IntLib New Library=原理图库.SchLib
Change Component Library : Designator=C14 Old Library=集成库―大岐.IntLib New Library=原理图库.SchLib
Change Component Library : Designator=C15 Old Library=集成库―大岐.IntLib New Library=原理图库.SchLib
Change Component Library : Designator=L1 Old Library=集成库―大岐.IntLib New Library=原理图库.SchLib
Change Component Library : Designator=R1 Old Library=集成库―大岐.IntLib New Library=原理图库.SchLib
Change Component Library : Designator=R2 Old Library=集成库―大岐.IntLib New Library=原理图库.SchLib
Added Component: Designator=B1(BNC)
Added Component: Designator=C20(0603)
Added Component: Designator=C21(0603)
Added Component: Designator=C22(0603)
Added Component: Designator=C23(0603)
Added Component: Designator=C24(钽电容1206（A3216）)
Added Component: Designator=C25(0603)
Added Component: Designator=C26(0603)
Added Component: Designator=C27(0603)
Added Component: Designator=C28(0603)
Added Component: Designator=C29(0603)
Added Component: Designator=C30(0603)
Added Component: Designator=C31(0603)
Added Component: Designator=C32(0603)
Added Component: Designator=C33(0603)
Added Component: Designator=C34(0603)
Added Component: Designator=C35(0603)
Added Component: Designator=C36(0603)
Added Component: Designator=C37(0603)
Added Component: Designator=C38(0603)
Added Component: Designator=C39(0603)
Added Component: Designator=C40(0603)
Added Component: Designator=C41(0603)
Added Component: Designator=C42(0603)
Added Component: Designator=C43(0603)
Added Component: Designator=C44(0603)
Added Component: Designator=C45(0603)
Added Component: Designator=C46(0603)
Added Component: Designator=C47(0603)
Added Component: Designator=C48(钽电容1206（A3216）)
Added Component: Designator=C49(0603)
Added Component: Designator=C50(0603)
Added Component: Designator=C51(0603)
Added Component: Designator=C52(0603)
Added Component: Designator=C53(0603)
Added Component: Designator=C54(0805)
Added Component: Designator=C55(0603)
Added Component: Designator=C56(0603)
Added Component: Designator=C57(0603)
Added Component: Designator=C58(0603)
Added Component: Designator=C59(0603)
Added Component: Designator=C60(0603)
Added Component: Designator=C61(0603)
Added Component: Designator=C62(0603)
Added Component: Designator=C64(0603)
Added Component: Designator=C67(0603)
Added Component: Designator=C69(0603)
Added Component: Designator=C72(0603)
Added Component: Designator=C73(0603)
Added Component: Designator=C74(0603)
Added Component: Designator=C75(0603)
Added Component: Designator=C76(0603)
Added Component: Designator=C77(0603)
Added Component: Designator=C78(0603)
Added Component: Designator=C79(0603)
Added Component: Designator=C80(0603)
Added Component: Designator=C81(0603)
Added Component: Designator=C82(0603)
Added Component: Designator=C83(0603)
Added Component: Designator=C84(0603)
Added Component: Designator=C85(0603)
Added Component: Designator=C86(0603)
Added Component: Designator=C87(0603)
Added Component: Designator=C88(0603)
Added Component: Designator=C89(0603)
Added Component: Designator=C90(0805)
Added Component: Designator=C91(0805)
Added Component: Designator=C92(0805)
Added Component: Designator=C93(0805)
Added Component: Designator=C94(0805)
Added Component: Designator=C95(0805)
Added Component: Designator=C96(0805)
Added Component: Designator=C97(0805)
Added Component: Designator=C98(0805)
Added Component: Designator=C99(0805)
Added Component: Designator=C100(钽电容1206（A3216）)
Added Component: Designator=C101(钽电容1206（A3216）)
Added Component: Designator=C102(钽电容1206（A3216）)
Added Component: Designator=C103(钽电容1206（A3216）)
Added Component: Designator=C104(钽电容1206（A3216）)
Added Component: Designator=C105(钽电容1206（A3216）)
Added Component: Designator=C106(贴片铝电容-8*10.3)
Added Component: Designator=C107(贴片铝电容-8*10.3)
Added Component: Designator=C108(贴片铝电容-10*10)
Added Component: Designator=C109(贴片铝电容-10*10)
Added Component: Designator=C110(0603)
Added Component: Designator=C111(0603)
Added Component: Designator=C112(0603)
Added Component: Designator=C113(0603)
Added Component: Designator=C114(0603)
Added Component: Designator=C115(0603)
Added Component: Designator=C116(0603)
Added Component: Designator=C117(0603)
Added Component: Designator=C118(0603)
Added Component: Designator=C119(0603)
Added Component: Designator=C120(0603)
Added Component: Designator=C122(0603)
Added Component: Designator=C123(0603)
Added Component: Designator=C124(0603)
Added Component: Designator=C125(0603)
Added Component: Designator=C126(0603)
Added Component: Designator=C127(0603)
Added Component: Designator=C128(0603)
Added Component: Designator=C129(0603)
Added Component: Designator=C130(0603)
Added Component: Designator=C131(0603)
Added Component: Designator=C132(0603)
Added Component: Designator=C133(0603)
Added Component: Designator=C134(0603)
Added Component: Designator=C135(0603)
Added Component: Designator=C138(3528)
Added Component: Designator=C139(0805)
Added Component: Designator=C140(3528)
Added Component: Designator=C141(0603)
Added Component: Designator=D1(IN5824)
Added Component: Designator=D2(IN5824)
Added Component: Designator=D3(IN5824)
Added Component: Designator=D4(IN5824)
Added Component: Designator=D5(IN5824)
Added Component: Designator=D6(IN5824)
Added Component: Designator=J1(DB9)
Added Component: Designator=L2(0805)
Added Component: Designator=L3(0805)
Added Component: Designator=L4(0805)
Added Component: Designator=L5(1206)
Added Component: Designator=L8(SLF6025   电感)
Added Component: Designator=L9(SLF6025   电感)
Added Component: Designator=L10(0805)
Added Component: Designator=LED1(外插小灯)
Added Component: Designator=LED2(外插小灯)
Added Component: Designator=LED3(外插小灯)
Added Component: Designator=LED4(外插小灯)
Added Component: Designator=LED5(外插小灯)
Added Component: Designator=LED6(外插小灯)
Added Component: Designator=LED7(外插小灯)
Added Component: Designator=LED8(外插小灯)
Added Component: Designator=P1(MOLEX-2)
Added Component: Designator=Q1(BC847B)
Added Component: Designator=Q2(BC847B)
Added Component: Designator=Q3(BC847B)
Added Component: Designator=Q4(BC847B)
Added Component: Designator=Q5(BC847B)
Added Component: Designator=Q6(BC847B)
Added Component: Designator=Q7(BC847B)
Added Component: Designator=Q8(BC847B)
Added Component: Designator=Q9(BC847B)
Added Component: Designator=Q10(BC847B)
Added Component: Designator=Q11(BC847B)
Added Component: Designator=R9(0603)
Added Component: Designator=R10(0603)
Added Component: Designator=R11(0603)
Added Component: Designator=R12(0603)
Added Component: Designator=R13(0603)
Added Component: Designator=R14(0603)
Added Component: Designator=R15(0603)
Added Component: Designator=R16(0603)
Added Component: Designator=R17(0603)
Added Component: Designator=R18(0603)
Added Component: Designator=R19(0603)
Added Component: Designator=R20(0603)
Added Component: Designator=R21(0603)
Added Component: Designator=R22(0603)
Added Component: Designator=R23(0603)
Added Component: Designator=R24(0603)
Added Component: Designator=R25(0603)
Added Component: Designator=R26(0603)
Added Component: Designator=R27(0603)
Added Component: Designator=R28(0603)
Added Component: Designator=R29(0603)
Added Component: Designator=R30(0603)
Added Component: Designator=R31(0603)
Added Component: Designator=R32(0603)
Added Component: Designator=R33(0603)
Added Component: Designator=R34(0603)
Added Component: Designator=R35(0603)
Added Component: Designator=R36(0603)
Added Component: Designator=R37(0603)
Added Component: Designator=R38(0603)
Added Component: Designator=R39(0603)
Added Component: Designator=R40(0603)
Added Component: Designator=R41(0603)
Added Component: Designator=R42(0603)
Added Component: Designator=R43(0603)
Added Component: Designator=R45(0603)
Added Component: Designator=R46(0603)
Added Component: Designator=R47(0603)
Added Component: Designator=R49(0603)
Added Component: Designator=R50(0603)
Added Component: Designator=R51(0603)
Added Component: Designator=R52(0603)
Added Component: Designator=R53(0603)
Added Component: Designator=R54(0603)
Added Component: Designator=R55(0603)
Added Component: Designator=R56(0603)
Added Component: Designator=R57(0603)
Added Component: Designator=R58(0603)
Added Component: Designator=R59(0603)
Added Component: Designator=R60(0603)
Added Component: Designator=R62(0603)
Added Component: Designator=R63(0603)
Added Component: Designator=R64(0603)
Added Component: Designator=R65(0603)
Added Component: Designator=R66(0603)
Added Component: Designator=R67(0603)
Added Component: Designator=R68(0603)
Added Component: Designator=R69(0603)
Added Component: Designator=R70(0603)
Added Component: Designator=R71(0603)
Added Component: Designator=R72(3296电位器)
Added Component: Designator=R73(0603)
Added Component: Designator=R74(0603)
Added Component: Designator=R75(0603)
Added Component: Designator=R76(0603)
Added Component: Designator=R77(0603)
Added Component: Designator=R78(0603)
Added Component: Designator=R79(0603)
Added Component: Designator=R80(0603)
Added Component: Designator=R81(0603)
Added Component: Designator=R82(0603)
Added Component: Designator=R83(0603)
Added Component: Designator=R84(0603)
Added Component: Designator=R85(0603)
Added Component: Designator=R86(0603)
Added Component: Designator=R87(0603)
Added Component: Designator=R88(0603)
Added Component: Designator=R89(0603)
Added Component: Designator=R90(0603)
Added Component: Designator=R91(0603)
Added Component: Designator=R92(0603)
Added Component: Designator=R93(0603)
Added Component: Designator=R94(0603)
Added Component: Designator=R95(0603)
Added Component: Designator=R96(0603)
Added Component: Designator=R97(0603)
Added Component: Designator=R98(0603)
Added Component: Designator=R99(0603)
Added Component: Designator=R100(0603)
Added Component: Designator=R101(0603)
Added Component: Designator=R102(0603)
Added Component: Designator=R103(0603)
Added Component: Designator=R104(0603)
Added Component: Designator=R105(0603)
Added Component: Designator=R106(0603)
Added Component: Designator=R107(0603)
Added Component: Designator=R108(0603)
Added Component: Designator=R109(0603)
Added Component: Designator=R110(0603)
Added Component: Designator=U3(RJ45)
Added Component: Designator=U4(W5500)
Added Component: Designator=U5(SM2200)
Added Component: Designator=U6(OPA564AIDWDR)
Added Component: Designator=U7(LT1963)
Added Component: Designator=U8(LT1963)
Added Component: Designator=U9(LT1963)
Added Component: Designator=U10(LM2596)
Added Component: Designator=U11(LM2596)
Added Component: Designator=U12(MAX3232)
Added Component: Designator=U13(MAX3485)
Added Component: Designator=U14(AT24C02)
Added Component: Designator=U16(HDR2X2)
Added Component: Designator=U17(FDC6326L)
Added Component: Designator=X3(3225无源晶振)
Added Component: Designator=X4(3225无源晶振)
Added Pin To Net: NetName=GND Pin=B1-1
Added Pin To Net: NetName=GND Pin=B1-1
Added Pin To Net: NetName=GND Pin=B1-1
Added Pin To Net: NetName=GND Pin=B1-1
Added Pin To Net: NetName=XO1 Pin=C1-2
Added Pin To Net: NetName=GND Pin=C2-2
Added Pin To Net: NetName=XI1 Pin=C3-2
Added Pin To Net: NetName=RX1_P Pin=C4-1
Added Pin To Net: NetName=3V3A1 Pin=C5-2
Added Pin To Net: NetName=RX1_N Pin=C7-1
Added Pin To Net: NetName=3V3D1 Pin=C8-1
Added Pin To Net: NetName=GND Pin=C8-2
Added Pin To Net: NetName=3V3D1 Pin=C9-1
Added Pin To Net: NetName=GND Pin=C9-2
Added Pin To Net: NetName=3V3D1 Pin=C10-1
Added Pin To Net: NetName=GND Pin=C10-2
Added Pin To Net: NetName=3V3D1 Pin=C11-1
Added Pin To Net: NetName=GND Pin=C11-2
Added Pin To Net: NetName=GND Pin=C12-2
Added Pin To Net: NetName=GND Pin=C13-2
Added Pin To Net: NetName=3V3A1 Pin=C15-1
Added Pin To Net: NetName=GND Pin=C15-2
Added Pin To Net: NetName=3V3A1 Pin=C16-1
Added Pin To Net: NetName=GND Pin=C16-2
Added Pin To Net: NetName=3V3A1 Pin=C17-1
Added Pin To Net: NetName=GND Pin=C17-2
Added Pin To Net: NetName=3V3A1 Pin=C18-1
Added Pin To Net: NetName=GND Pin=C18-2
Added Pin To Net: NetName=3V3A1 Pin=C19-1
Added Pin To Net: NetName=GND Pin=C19-2
Added Pin To Net: NetName=3V3A1 Pin=C20-1
Added Pin To Net: NetName=GND Pin=C20-2
Added Pin To Net: NetName=3V3A1 Pin=C21-1
Added Pin To Net: NetName=GND Pin=C21-2
Added Pin To Net: NetName=3V3D1 Pin=C22-1
Added Pin To Net: NetName=GND Pin=C22-2
Added Pin To Net: NetName=GND Pin=C23-1
Added Pin To Net: NetName=VCC-3.3 Pin=C23-2
Added Pin To Net: NetName=GND Pin=C24-1
Added Pin To Net: NetName=VCC-3.3 Pin=C24-2
Added Pin To Net: NetName=GND Pin=C25-1
Added Pin To Net: NetName=GND Pin=C26-2
Added Pin To Net: NetName=GND Pin=C27-1
Added Pin To Net: NetName=GND Pin=C29-1
Added Pin To Net: NetName=GND Pin=C30-1
Added Pin To Net: NetName=GND Pin=C32-2
Added Pin To Net: NetName=GND Pin=C33-2
Added Pin To Net: NetName=GND Pin=C34-2
Added Pin To Net: NetName=GND Pin=C35-2
Added Pin To Net: NetName=GND Pin=C36-2
Added Pin To Net: NetName=GND Pin=C37-2
Added Pin To Net: NetName=GND Pin=C38-1
Added Pin To Net: NetName=GND Pin=C39-2
Added Pin To Net: NetName=GND Pin=C40-2
Added Pin To Net: NetName=GND Pin=C41-2
Added Pin To Net: NetName=GND Pin=C42-2
Added Pin To Net: NetName=GND Pin=C43-2
Added Pin To Net: NetName=GND Pin=C44-2
Added Pin To Net: NetName=GND Pin=C45-2
Added Pin To Net: NetName=GND Pin=C46-2
Added Pin To Net: NetName=GND Pin=C47-1
Added Pin To Net: NetName=VCC-3.3 Pin=C47-2
Added Pin To Net: NetName=GND Pin=C48-1
Added Pin To Net: NetName=VCC-3.3 Pin=C48-2
Added Pin To Net: NetName=GND Pin=C49-2
Added Pin To Net: NetName=GND Pin=C50-2
Added Pin To Net: NetName=GND Pin=C51-2
Added Pin To Net: NetName=GND Pin=C52-2
Added Pin To Net: NetName=GND Pin=C55-1
Added Pin To Net: NetName=GND Pin=C56-1
Added Pin To Net: NetName=GND Pin=C57-1
Added Pin To Net: NetName=GND Pin=C58-1
Added Pin To Net: NetName=GND Pin=C59-1
Added Pin To Net: NetName=GND Pin=C60-1
Added Pin To Net: NetName=GND Pin=C61-1
Added Pin To Net: NetName=GND Pin=C62-1
Added Pin To Net: NetName=GND Pin=C63-1
Added Pin To Net: NetName=GND Pin=C64-1
Added Pin To Net: NetName=GND Pin=C67-1
Added Pin To Net: NetName=GND Pin=C68-1
Added Pin To Net: NetName=GND Pin=C69-2
Added Pin To Net: NetName=GND Pin=C70-1
Added Pin To Net: NetName=GND Pin=C72-1
Added Pin To Net: NetName=GND Pin=C73-1
Added Pin To Net: NetName=GND Pin=C74-1
Added Pin To Net: NetName=GND Pin=C75-2
Added Pin To Net: NetName=GND Pin=C77-1
Added Pin To Net: NetName=GND Pin=C79-1
Added Pin To Net: NetName=GND Pin=C80-1
Added Pin To Net: NetName=GND Pin=C81-1
Added Pin To Net: NetName=GND Pin=C82-1
Added Pin To Net: NetName=GND Pin=C83-1
Added Pin To Net: NetName=GND Pin=C86-1
Added Pin To Net: NetName=GND Pin=C87-1
Added Pin To Net: NetName=GND Pin=C88-1
Added Pin To Net: NetName=GND Pin=C90-2
Added Pin To Net: NetName=VCC-3.3 Pin=C91-1
Added Pin To Net: NetName=GND Pin=C91-2
Added Pin To Net: NetName=GND Pin=C92-2
Added Pin To Net: NetName=GND Pin=C93-2
Added Pin To Net: NetName=GND Pin=C94-2
Added Pin To Net: NetName=VDD3.3 Pin=C95-1
Added Pin To Net: NetName=GND Pin=C95-2
Added Pin To Net: NetName=GND Pin=C96-1
Added Pin To Net: NetName=GND Pin=C97-1
Added Pin To Net: NetName=GND Pin=C98-1
Added Pin To Net: NetName=GND Pin=C99-1
Added Pin To Net: NetName=GND Pin=C100-1
Added Pin To Net: NetName=GND Pin=C101-1
Added Pin To Net: NetName=VCC-3.3 Pin=C101-2
Added Pin To Net: NetName=GND Pin=C102-1
Added Pin To Net: NetName=GND Pin=C103-1
Added Pin To Net: NetName=GND Pin=C104-1
Added Pin To Net: NetName=GND Pin=C105-1
Added Pin To Net: NetName=VDD3.3 Pin=C105-2
Added Pin To Net: NetName=GND Pin=C106-1
Added Pin To Net: NetName=GND Pin=C107-1
Added Pin To Net: NetName=GND Pin=C108-1
Added Pin To Net: NetName=GND Pin=C109-1
Added Pin To Net: NetName=GND Pin=C110-2
Added Pin To Net: NetName=GND Pin=C112-2
Added Pin To Net: NetName=GND Pin=C114-1
Added Pin To Net: NetName=VCC-3.3 Pin=C114-2
Added Pin To Net: NetName=GND Pin=C115-1
Added Pin To Net: NetName=VCC-3.3 Pin=C115-2
Added Pin To Net: NetName=VCC-3.3 Pin=C116-1
Added Pin To Net: NetName=GND Pin=C116-2
Added Pin To Net: NetName=GND Pin=C117-1
Added Pin To Net: NetName=OSC_OUT Pin=C117-2
Added Pin To Net: NetName=GND Pin=C118-1
Added Pin To Net: NetName=NRST Pin=C118-2
Added Pin To Net: NetName=GND Pin=C119-1
Added Pin To Net: NetName=OSC_IN Pin=C119-2
Added Pin To Net: NetName=GND Pin=C120-1
Added Pin To Net: NetName=GND Pin=C122-1
Added Pin To Net: NetName=VDD Pin=C122-2
Added Pin To Net: NetName=GND Pin=C123-1
Added Pin To Net: NetName=GND Pin=C124-1
Added Pin To Net: NetName=VDD3.3 Pin=C124-2
Added Pin To Net: NetName=GND Pin=C125-1
Added Pin To Net: NetName=VDD3.3 Pin=C125-2
Added Pin To Net: NetName=GND Pin=C126-1
Added Pin To Net: NetName=VDD3.3 Pin=C126-2
Added Pin To Net: NetName=GND Pin=C127-1
Added Pin To Net: NetName=VDD3.3 Pin=C127-2
Added Pin To Net: NetName=GND Pin=C128-1
Added Pin To Net: NetName=VDD3.3 Pin=C128-2
Added Pin To Net: NetName=GND Pin=C129-1
Added Pin To Net: NetName=VDD3.3 Pin=C129-2
Added Pin To Net: NetName=GND Pin=C130-1
Added Pin To Net: NetName=VDD3.3 Pin=C130-2
Added Pin To Net: NetName=GND Pin=C131-1
Added Pin To Net: NetName=VDD3.3 Pin=C131-2
Added Pin To Net: NetName=GND Pin=C132-1
Added Pin To Net: NetName=VDD3.3 Pin=C132-2
Added Pin To Net: NetName=GND Pin=C133-1
Added Pin To Net: NetName=VDD3.3 Pin=C133-2
Added Pin To Net: NetName=GND Pin=C134-1
Added Pin To Net: NetName=VDD3.3 Pin=C134-2
Added Pin To Net: NetName=GND Pin=C135-1
Added Pin To Net: NetName=VDD3.3 Pin=C135-2
Added Pin To Net: NetName=GND Pin=C138-1
Added Pin To Net: NetName=GND Pin=C139-1
Added Pin To Net: NetName=GND Pin=C140-1
Added Pin To Net: NetName=GND Pin=D1-1
Added Pin To Net: NetName=GND Pin=D2-1
Added Pin To Net: NetName=GND Pin=D5-1
Added Pin To Net: NetName=GND Pin=D6-1
Added Pin To Net: NetName=GND Pin=J1-0
Added Pin To Net: NetName=GND Pin=J1-5
Added Pin To Net: NetName=GND Pin=J1-10
Added Pin To Net: NetName=VCC-3.3 Pin=L1-1
Added Pin To Net: NetName=3V3A1 Pin=L1-2
Added Pin To Net: NetName=VCC-3.3 Pin=L2-1
Added Pin To Net: NetName=3V3D1 Pin=L2-2
Added Pin To Net: NetName=VCC-3.3 Pin=L3-1
Added Pin To Net: NetName=VCC-3.3 Pin=L4-1
Added Pin To Net: NetName=GND Pin=L6-1
Added Pin To Net: NetName=VDD3.3 Pin=L10-1
Added Pin To Net: NetName=VDD Pin=L10-2
Added Pin To Net: NetName=GND Pin=LED3-2
Added Pin To Net: NetName=GND Pin=P1-2
Added Pin To Net: NetName=GND Pin=P1-2
Added Pin To Net: NetName=GND Pin=P1-2
Added Pin To Net: NetName=GND Pin=Q1-1
Added Pin To Net: NetName=GND Pin=Q2-1
Added Pin To Net: NetName=GND Pin=Q3-1
Added Pin To Net: NetName=GND Pin=Q4-1
Added Pin To Net: NetName=VDD3.3 Pin=Q5-1
Added Pin To Net: NetName=GND Pin=Q6-1
Added Pin To Net: NetName=GND Pin=Q7-1
Added Pin To Net: NetName=GND Pin=Q8-1
Added Pin To Net: NetName=GND Pin=Q9-1
Added Pin To Net: NetName=GND Pin=Q10-1
Added Pin To Net: NetName=GND Pin=Q11-1
Added Pin To Net: NetName=XI1 Pin=R1-1
Added Pin To Net: NetName=XO1 Pin=R1-2
Added Pin To Net: NetName=TX1_P Pin=R2-1
Added Pin To Net: NetName=3V3A1 Pin=R2-2
Added Pin To Net: NetName=TX1_N Pin=R3-1
Added Pin To Net: NetName=3V3A1 Pin=R3-2
Added Pin To Net: NetName=RX1_P Pin=R4-1
Added Pin To Net: NetName=3V3A1 Pin=R5-2
Added Pin To Net: NetName=RX1_N Pin=R6-2
Added Pin To Net: NetName=3V3A1 Pin=R7-2
Added Pin To Net: NetName=GND Pin=R8-1
Added Pin To Net: NetName=GND Pin=R9-2
Added Pin To Net: NetName=SPI2_NSS Pin=R10-1
Added Pin To Net: NetName=3V3D1 Pin=R10-2
Added Pin To Net: NetName=3V3D1 Pin=R11-2
Added Pin To Net: NetName=3V3D1 Pin=R12-1
Added Pin To Net: NetName=GND Pin=R13-1
Added Pin To Net: NetName=3V3A1 Pin=R14-2
Added Pin To Net: NetName=GND Pin=R15-1
Added Pin To Net: NetName=3V3A1 Pin=R16-2
Added Pin To Net: NetName=GND Pin=R17-1
Added Pin To Net: NetName=3V3A1 Pin=R18-2
Added Pin To Net: NetName=GND Pin=R19-1
Added Pin To Net: NetName=GND Pin=R20-1
Added Pin To Net: NetName=GND Pin=R28-1
Added Pin To Net: NetName=GND Pin=R29-2
Added Pin To Net: NetName=SPI1_NSS Pin=R30-1
Added Pin To Net: NetName=GND Pin=R33-1
Added Pin To Net: NetName=GND Pin=R35-1
Added Pin To Net: NetName=GND Pin=R37-1
Added Pin To Net: NetName=GND Pin=R39-1
Added Pin To Net: NetName=GND Pin=R40-1
Added Pin To Net: NetName=GND Pin=R45-2
Added Pin To Net: NetName=GND Pin=R49-2
Added Pin To Net: NetName=GND Pin=R55-1
Added Pin To Net: NetName=GND Pin=R60-1
Added Pin To Net: NetName=GND Pin=R61-1
Added Pin To Net: NetName=GND Pin=R62-1
Added Pin To Net: NetName=GND Pin=R63-1
Added Pin To Net: NetName=GND Pin=R73-1
Added Pin To Net: NetName=GND Pin=R76-1
Added Pin To Net: NetName=VDD3.3 Pin=R77-1
Added Pin To Net: NetName=VCC-3.3 Pin=R92-1
Added Pin To Net: NetName=GND Pin=R94-1
Added Pin To Net: NetName=VCC-3.3 Pin=R96-1
Added Pin To Net: NetName=GND Pin=R99-2
Added Pin To Net: NetName=VCC-3.3 Pin=R100-1
Added Pin To Net: NetName=NRST Pin=R101-1
Added Pin To Net: NetName=VDD3.3 Pin=R101-2
Added Pin To Net: NetName=GND Pin=R102-1
Added Pin To Net: NetName=GND Pin=R103-1
Added Pin To Net: NetName=VDD3.3 Pin=R104-1
Added Pin To Net: NetName=TMS Pin=R104-2
Added Pin To Net: NetName=VDD3.3 Pin=R105-2
Added Pin To Net: NetName=TCK Pin=R106-1
Added Pin To Net: NetName=GND Pin=R106-2
Added Pin To Net: NetName=GND Pin=R107-1
Added Pin To Net: NetName=BOOT0 Pin=R107-2
Added Pin To Net: NetName=GND Pin=R108-1
Added Pin To Net: NetName=BOOT1 Pin=R108-2
Added Pin To Net: NetName=GND Pin=R110-1
Added Pin To Net: NetName=TX1_N Pin=U1-1
Added Pin To Net: NetName=TX1_P Pin=U1-2
Added Pin To Net: NetName=GND Pin=U1-3
Added Pin To Net: NetName=3V3A1 Pin=U1-4
Added Pin To Net: NetName=RX1_N Pin=U1-5
Added Pin To Net: NetName=RX1_P Pin=U1-6
Added Pin To Net: NetName=3V3A1 Pin=U1-8
Added Pin To Net: NetName=GND Pin=U1-9
Added Pin To Net: NetName=3V3A1 Pin=U1-11
Added Pin To Net: NetName=GND Pin=U1-14
Added Pin To Net: NetName=3V3A1 Pin=U1-15
Added Pin To Net: NetName=3V3A1 Pin=U1-17
Added Pin To Net: NetName=GND Pin=U1-19
Added Pin To Net: NetName=3V3D1 Pin=U1-21
Added Pin To Net: NetName=3V3D1 Pin=U1-28
Added Pin To Net: NetName=GND Pin=U1-29
Added Pin To Net: NetName=XI1 Pin=U1-30
Added Pin To Net: NetName=XO1 Pin=U1-31
Added Pin To Net: NetName=SPI2_NSS Pin=U1-32
Added Pin To Net: NetName=SPI2_CLK Pin=U1-33
Added Pin To Net: NetName=SPI2_MISO Pin=U1-34
Added Pin To Net: NetName=SPI2_MOSI Pin=U1-35
Added Pin To Net: NetName=GND Pin=U1-48
Added Pin To Net: NetName=TX1_P Pin=U2-1
Added Pin To Net: NetName=TX1_N Pin=U2-2
Added Pin To Net: NetName=3V3A1 Pin=U2-4
Added Pin To Net: NetName=GND Pin=U4-3
Added Pin To Net: NetName=GND Pin=U4-9
Added Pin To Net: NetName=GND Pin=U4-14
Added Pin To Net: NetName=GND Pin=U4-16
Added Pin To Net: NetName=GND Pin=U4-19
Added Pin To Net: NetName=GND Pin=U4-29
Added Pin To Net: NetName=SPI1_NSS Pin=U4-32
Added Pin To Net: NetName=SPI1_CLK Pin=U4-33
Added Pin To Net: NetName=SPI1_MISO Pin=U4-34
Added Pin To Net: NetName=SPI1_MOSI Pin=U4-35
Added Pin To Net: NetName=GND Pin=U4-48
Added Pin To Net: NetName=GND Pin=U5-7
Added Pin To Net: NetName=GND Pin=U5-10
Added Pin To Net: NetName=GND Pin=U5-13
Added Pin To Net: NetName=GND Pin=U5-17
Added Pin To Net: NetName=GND Pin=U5-19
Added Pin To Net: NetName=GND Pin=U5-27
Added Pin To Net: NetName=GND Pin=U5-32
Added Pin To Net: NetName=SPI3_MISO Pin=U5-33
Added Pin To Net: NetName=SPI3_MOSI Pin=U5-34
Added Pin To Net: NetName=SPI3_CLK Pin=U5-35
Added Pin To Net: NetName=SPI3_NSS Pin=U5-36
Added Pin To Net: NetName=GND Pin=U5-37
Added Pin To Net: NetName=GND Pin=U5-38
Added Pin To Net: NetName=GND Pin=U5-39
Added Pin To Net: NetName=GND Pin=U5-41
Added Pin To Net: NetName=GND Pin=U5-43
Added Pin To Net: NetName=GND Pin=U5-46
Added Pin To Net: NetName=GND Pin=U6-1
Added Pin To Net: NetName=GND Pin=U6-1
Added Pin To Net: NetName=GND Pin=U6-1
Added Pin To Net: NetName=GND Pin=U6-1
Added Pin To Net: NetName=GND Pin=U6-1
Added Pin To Net: NetName=GND Pin=U6-1
Added Pin To Net: NetName=VCC-3.3 Pin=U7-1
Added Pin To Net: NetName=VCC-3.3 Pin=U7-2
Added Pin To Net: NetName=GND Pin=U7-3
Added Pin To Net: NetName=GND Pin=U7-6
Added Pin To Net: NetName=GND Pin=U7-7
Added Pin To Net: NetName=GND Pin=U8-3
Added Pin To Net: NetName=GND Pin=U8-6
Added Pin To Net: NetName=GND Pin=U8-7
Added Pin To Net: NetName=VDD3.3 Pin=U9-1
Added Pin To Net: NetName=VDD3.3 Pin=U9-2
Added Pin To Net: NetName=GND Pin=U9-3
Added Pin To Net: NetName=GND Pin=U9-6
Added Pin To Net: NetName=GND Pin=U9-7
Added Pin To Net: NetName=GND Pin=U10-3
Added Pin To Net: NetName=GND Pin=U10-5
Added Pin To Net: NetName=GND Pin=U10-6
Added Pin To Net: NetName=GND Pin=U11-3
Added Pin To Net: NetName=GND Pin=U11-6
Added Pin To Net: NetName=GND Pin=U12-11
Added Pin To Net: NetName=GND Pin=U12-13
Added Pin To Net: NetName=GND Pin=U12-15
Added Pin To Net: NetName=VCC-3.3 Pin=U12-16
Added Pin To Net: NetName=GND Pin=U13-5
Added Pin To Net: NetName=VCC-3.3 Pin=U13-8
Added Pin To Net: NetName=GND Pin=U14-1
Added Pin To Net: NetName=GND Pin=U14-2
Added Pin To Net: NetName=GND Pin=U14-3
Added Pin To Net: NetName=GND Pin=U14-4
Added Pin To Net: NetName=GND Pin=U14-7
Added Pin To Net: NetName=VCC-3.3 Pin=U14-8
Added Pin To Net: NetName=VDD3.3 Pin=U15-6
Added Pin To Net: NetName=GND Pin=U15-16
Added Pin To Net: NetName=VDD3.3 Pin=U15-17
Added Pin To Net: NetName=OSC_IN Pin=U15-23
Added Pin To Net: NetName=OSC_OUT Pin=U15-24
Added Pin To Net: NetName=NRST Pin=U15-25
Added Pin To Net: NetName=VDD Pin=U15-30
Added Pin To Net: NetName=GND Pin=U15-31
Added Pin To Net: NetName=VDD Pin=U15-32
Added Pin To Net: NetName=VDD Pin=U15-33
Added Pin To Net: NetName=GND Pin=U15-38
Added Pin To Net: NetName=VDD3.3 Pin=U15-39
Added Pin To Net: NetName=SPI1_NSS Pin=U15-40
Added Pin To Net: NetName=SPI1_CLK Pin=U15-41
Added Pin To Net: NetName=SPI1_MISO Pin=U15-42
Added Pin To Net: NetName=SPI1_MOSI Pin=U15-43
Added Pin To Net: NetName=BOOT1 Pin=U15-48
Added Pin To Net: NetName=GND Pin=U15-51
Added Pin To Net: NetName=VDD3.3 Pin=U15-52
Added Pin To Net: NetName=GND Pin=U15-61
Added Pin To Net: NetName=VDD3.3 Pin=U15-62
Added Pin To Net: NetName=VDD3.3 Pin=U15-72
Added Pin To Net: NetName=SPI2_NSS Pin=U15-73
Added Pin To Net: NetName=SPI2_CLK Pin=U15-74
Added Pin To Net: NetName=SPI2_MISO Pin=U15-75
Added Pin To Net: NetName=SPI2_MOSI Pin=U15-76
Added Pin To Net: NetName=GND Pin=U15-83
Added Pin To Net: NetName=VDD3.3 Pin=U15-84
Added Pin To Net: NetName=GND Pin=U15-94
Added Pin To Net: NetName=VDD3.3 Pin=U15-95
Added Pin To Net: NetName=TMS Pin=U15-105
Added Pin To Net: NetName=GND Pin=U15-107
Added Pin To Net: NetName=VDD3.3 Pin=U15-108
Added Pin To Net: NetName=TCK Pin=U15-109
Added Pin To Net: NetName=SPI3_CLK Pin=U15-111
Added Pin To Net: NetName=SPI3_MISO Pin=U15-112
Added Pin To Net: NetName=SPI3_MOSI Pin=U15-113
Added Pin To Net: NetName=SPI3_NSS Pin=U15-114
Added Pin To Net: NetName=GND Pin=U15-120
Added Pin To Net: NetName=VDD3.3 Pin=U15-121
Added Pin To Net: NetName=GND Pin=U15-130
Added Pin To Net: NetName=VDD3.3 Pin=U15-131
Added Pin To Net: NetName=BOOT0 Pin=U15-138
Added Pin To Net: NetName=VDD3.3 Pin=U15-143
Added Pin To Net: NetName=VDD3.3 Pin=U15-144
Added Pin To Net: NetName=TCK Pin=U16-1
Added Pin To Net: NetName=NRST Pin=U16-2
Added Pin To Net: NetName=TMS Pin=U16-3
Added Pin To Net: NetName=GND Pin=U16-4
Added Pin To Net: NetName=XI1 Pin=X1-1
Added Pin To Net: NetName=XO1 Pin=X1-3
Added Pin To Net: NetName=GND Pin=X3-2
Added Pin To Net: NetName=GND Pin=X3-4
Added Pin To Net: NetName=OSC_IN Pin=X4-1
Added Pin To Net: NetName=GND Pin=X4-2
Added Pin To Net: NetName=OSC_OUT Pin=X4-3
Added Pin To Net: NetName=GND Pin=X4-4
Added Pin To Net: NetName=3V3A2 Pin=C29-2
Added Pin To Net: NetName=3V3A2 Pin=C39-1
Added Pin To Net: NetName=3V3A2 Pin=C40-1
Added Pin To Net: NetName=3V3A2 Pin=C41-1
Added Pin To Net: NetName=3V3A2 Pin=C42-1
Added Pin To Net: NetName=3V3A2 Pin=C43-1
Added Pin To Net: NetName=3V3A2 Pin=C44-1
Added Pin To Net: NetName=3V3A2 Pin=C45-1
Added Pin To Net: NetName=3V3A2 Pin=L3-2
Added Pin To Net: NetName=3V3A2 Pin=R22-2
Added Pin To Net: NetName=3V3A2 Pin=R23-2
Added Pin To Net: NetName=3V3A2 Pin=R25-2
Added Pin To Net: NetName=3V3A2 Pin=R27-2
Added Pin To Net: NetName=3V3A2 Pin=R34-2
Added Pin To Net: NetName=3V3A2 Pin=R36-2
Added Pin To Net: NetName=3V3A2 Pin=R38-2
Added Pin To Net: NetName=3V3A2 Pin=U3-4
Added Pin To Net: NetName=3V3A2 Pin=U4-4
Added Pin To Net: NetName=3V3A2 Pin=U4-8
Added Pin To Net: NetName=3V3A2 Pin=U4-11
Added Pin To Net: NetName=3V3A2 Pin=U4-15
Added Pin To Net: NetName=3V3A2 Pin=U4-17
Added Net: Name=3V3A2
Added Pin To Net: NetName=3V3D2 Pin=C32-1
Added Pin To Net: NetName=3V3D2 Pin=C33-1
Added Pin To Net: NetName=3V3D2 Pin=C34-1
Added Pin To Net: NetName=3V3D2 Pin=C35-1
Added Pin To Net: NetName=3V3D2 Pin=C46-1
Added Pin To Net: NetName=3V3D2 Pin=L4-2
Added Pin To Net: NetName=3V3D2 Pin=R30-2
Added Pin To Net: NetName=3V3D2 Pin=R31-2
Added Pin To Net: NetName=3V3D2 Pin=R32-1
Added Pin To Net: NetName=3V3D2 Pin=U4-21
Added Pin To Net: NetName=3V3D2 Pin=U4-28
Added Net: Name=3V3D2
Added Pin To Net: NetName=ACTLED1 Pin=U1-27
Added Pin To Net: NetName=ACTLED1 Pin=U2-11
Added Net: Name=ACTLED1
Added Pin To Net: NetName=ACTLED2 Pin=U3-11
Added Pin To Net: NetName=ACTLED2 Pin=U4-27
Added Net: Name=ACTLED2
Added Pin To Net: NetName=ADC_IN Pin=C65-1
Added Pin To Net: NetName=ADC_IN Pin=R59-2
Added Pin To Net: NetName=ADC_IN Pin=U5-1
Added Pin To Net: NetName=ADC_IN Pin=U5-48
Added Net: Name=ADC_IN
Added Pin To Net: NetName=AFE_VCC Pin=C87-2
Added Pin To Net: NetName=AFE_VCC Pin=C88-2
Added Pin To Net: NetName=AFE_VCC Pin=C138-2
Added Pin To Net: NetName=AFE_VCC Pin=C141-2
Added Pin To Net: NetName=AFE_VCC Pin=D3-2
Added Pin To Net: NetName=AFE_VCC Pin=D4-2
Added Pin To Net: NetName=AFE_VCC Pin=R64-2
Added Pin To Net: NetName=AFE_VCC Pin=R102-2
Added Pin To Net: NetName=AFE_VCC Pin=U6-2
Added Pin To Net: NetName=AFE_VCC Pin=U6-2
Added Pin To Net: NetName=AFE_VCC Pin=U6-2
Added Pin To Net: NetName=AFE_VCC Pin=U6-2
Added Pin To Net: NetName=AFE_VCC Pin=U17-2
Added Pin To Net: NetName=AFE_VCC Pin=U17-3
Added Net: Name=AFE_VCC
Added Pin To Net: NetName=AGC_0 Pin=R50-2
Added Pin To Net: NetName=AGC_0 Pin=U5-21
Added Net: Name=AGC_0
Added Pin To Net: NetName=AGC_1 Pin=R48-2
Added Pin To Net: NetName=AGC_1 Pin=U5-16
Added Net: Name=AGC_1
Added Pin To Net: NetName=BASE Pin=C70-2
Added Pin To Net: NetName=BASE Pin=R63-2
Added Pin To Net: NetName=BASE Pin=R65-1
Added Pin To Net: NetName=BASE Pin=U5-2
Added Pin To Net: NetName=BASE Pin=U5-5
Added Net: Name=BASE
Added Pin To Net: NetName=BWSEL Pin=R49-1
Added Pin To Net: NetName=BWSEL Pin=U5-26
Added Net: Name=BWSEL
Added Pin To Net: NetName=DAC_OUT Pin=C84-2
Added Pin To Net: NetName=DAC_OUT Pin=U5-11
Added Net: Name=DAC_OUT
Added Pin To Net: NetName=INT Pin=R52-1
Added Pin To Net: NetName=INT Pin=U5-25
Added Pin To Net: NetName=INT Pin=U15-34
Added Net: Name=INT
Added Pin To Net: NetName=LINKLED1 Pin=U1-25
Added Pin To Net: NetName=LINKLED1 Pin=U2-10
Added Net: Name=LINKLED1
Added Pin To Net: NetName=LINKLED2 Pin=U3-10
Added Pin To Net: NetName=LINKLED2 Pin=U4-25
Added Net: Name=LINKLED2
Added Pin To Net: NetName=NetC2_1 Pin=C2-1
Added Pin To Net: NetName=NetC2_1 Pin=U2-14
Added Net: Name=NetC2_1
Added Pin To Net: NetName=NetC4_2 Pin=C4-2
Added Pin To Net: NetName=NetC4_2 Pin=U2-3
Added Net: Name=NetC4_2
Added Pin To Net: NetName=NetC6_2 Pin=C6-2
Added Pin To Net: NetName=NetC6_2 Pin=R4-2
Added Pin To Net: NetName=NetC6_2 Pin=R6-1
Added Pin To Net: NetName=NetC6_2 Pin=U2-5
Added Net: Name=NetC6_2
Added Pin To Net: NetName=NetC7_2 Pin=C7-2
Added Pin To Net: NetName=NetC7_2 Pin=U2-6
Added Net: Name=NetC7_2
Added Pin To Net: NetName=NetC12_1 Pin=C12-1
Added Pin To Net: NetName=NetC12_1 Pin=U1-20
Added Net: Name=NetC12_1
Added Pin To Net: NetName=NetC13_1 Pin=C13-1
Added Pin To Net: NetName=NetC13_1 Pin=U2-8
Added Pin To Net: NetName=NetC13_1 Pin=U2-13
Added Net: Name=NetC13_1
Added Pin To Net: NetName=NetC14_2 Pin=C14-2
Added Pin To Net: NetName=NetC14_2 Pin=U1-22
Added Net: Name=NetC14_2
Added Pin To Net: NetName=NetC26_1 Pin=C26-1
Added Pin To Net: NetName=NetC26_1 Pin=U3-14
Added Net: Name=NetC26_1
Added Pin To Net: NetName=NetC28_2 Pin=C28-2
Added Pin To Net: NetName=NetC28_2 Pin=U3-3
Added Net: Name=NetC28_2
Added Pin To Net: NetName=NetC30_2 Pin=C30-2
Added Pin To Net: NetName=NetC30_2 Pin=R24-2
Added Pin To Net: NetName=NetC30_2 Pin=R26-1
Added Pin To Net: NetName=NetC30_2 Pin=U3-5
Added Net: Name=NetC30_2
Added Pin To Net: NetName=NetC31_2 Pin=C31-2
Added Pin To Net: NetName=NetC31_2 Pin=U3-6
Added Net: Name=NetC31_2
Added Pin To Net: NetName=NetC36_1 Pin=C36-1
Added Pin To Net: NetName=NetC36_1 Pin=U4-20
Added Net: Name=NetC36_1
Added Pin To Net: NetName=NetC37_1 Pin=C37-1
Added Pin To Net: NetName=NetC37_1 Pin=U3-8
Added Pin To Net: NetName=NetC37_1 Pin=U3-13
Added Net: Name=NetC37_1
Added Pin To Net: NetName=NetC38_2 Pin=C38-2
Added Pin To Net: NetName=NetC38_2 Pin=U4-22
Added Net: Name=NetC38_2
Added Pin To Net: NetName=NetC50_1 Pin=C50-1
Added Pin To Net: NetName=NetC50_1 Pin=R44-2
Added Pin To Net: NetName=NetC50_1 Pin=X3-3
Added Net: Name=NetC50_1
Added Pin To Net: NetName=NetC51_1 Pin=C51-1
Added Pin To Net: NetName=NetC51_1 Pin=R56-1
Added Pin To Net: NetName=NetC51_1 Pin=R57-2
Added Pin To Net: NetName=NetC51_1 Pin=R59-1
Added Net: Name=NetC51_1
Added Pin To Net: NetName=NetC52_1 Pin=C52-1
Added Pin To Net: NetName=NetC52_1 Pin=C54-1
Added Pin To Net: NetName=NetC52_1 Pin=L6-2
Added Pin To Net: NetName=NetC52_1 Pin=L7-1
Added Pin To Net: NetName=NetC52_1 Pin=R53-2
Added Pin To Net: NetName=NetC52_1 Pin=R54-2
Added Pin To Net: NetName=NetC52_1 Pin=R55-2
Added Net: Name=NetC52_1
Added Pin To Net: NetName=NetC53_1 Pin=C53-1
Added Pin To Net: NetName=NetC53_1 Pin=R58-1
Added Net: Name=NetC53_1
Added Pin To Net: NetName=NetC53_2 Pin=C53-2
Added Pin To Net: NetName=NetC53_2 Pin=L7-2
Added Net: Name=NetC53_2
Added Pin To Net: NetName=NetC54_2 Pin=C54-2
Added Pin To Net: NetName=NetC54_2 Pin=R57-1
Added Net: Name=NetC54_2
Added Pin To Net: NetName=NetC65_2 Pin=C65-2
Added Pin To Net: NetName=NetC65_2 Pin=R56-2
Added Pin To Net: NetName=NetC65_2 Pin=U5-3
Added Net: Name=NetC65_2
Added Pin To Net: NetName=NetC66_2 Pin=C66-2
Added Pin To Net: NetName=NetC66_2 Pin=R61-2
Added Pin To Net: NetName=NetC66_2 Pin=U6-9
Added Net: Name=NetC66_2
Added Pin To Net: NetName=NetC69_1 Pin=C69-1
Added Pin To Net: NetName=NetC69_1 Pin=R62-2
Added Pin To Net: NetName=NetC69_1 Pin=R64-1
Added Pin To Net: NetName=NetC69_1 Pin=U6-5
Added Net: Name=NetC69_1
Added Pin To Net: NetName=NetC75_1 Pin=C75-1
Added Pin To Net: NetName=NetC75_1 Pin=R66-2
Added Pin To Net: NetName=NetC75_1 Pin=R67-1
Added Pin To Net: NetName=NetC75_1 Pin=R71-1
Added Net: Name=NetC75_1
Added Pin To Net: NetName=NetC76_1 Pin=C76-1
Added Pin To Net: NetName=NetC76_1 Pin=R72-1
Added Net: Name=NetC76_1
Added Pin To Net: NetName=NetC76_2 Pin=C76-2
Added Pin To Net: NetName=NetC76_2 Pin=D1-2
Added Pin To Net: NetName=NetC76_2 Pin=D3-1
Added Pin To Net: NetName=NetC76_2 Pin=L5-2
Added Net: Name=NetC76_2
Added Pin To Net: NetName=NetC77_2 Pin=C77-2
Added Pin To Net: NetName=NetC77_2 Pin=R68-2
Added Pin To Net: NetName=NetC77_2 Pin=R69-1
Added Pin To Net: NetName=NetC77_2 Pin=R70-1
Added Net: Name=NetC77_2
Added Pin To Net: NetName=NetC78_1 Pin=C78-1
Added Pin To Net: NetName=NetC78_1 Pin=R66-1
Added Net: Name=NetC78_1
Added Pin To Net: NetName=NetC78_2 Pin=C78-2
Added Pin To Net: NetName=NetC78_2 Pin=C85-1
Added Pin To Net: NetName=NetC78_2 Pin=R70-2
Added Pin To Net: NetName=NetC78_2 Pin=U5-4
Added Net: Name=NetC78_2
Added Pin To Net: NetName=NetC83_2 Pin=C83-2
Added Pin To Net: NetName=NetC83_2 Pin=U5-47
Added Net: Name=NetC83_2
Added Pin To Net: NetName=NetC84_1 Pin=C84-1
Added Pin To Net: NetName=NetC84_1 Pin=R68-1
Added Net: Name=NetC84_1
Added Pin To Net: NetName=NetC85_2 Pin=C85-2
Added Pin To Net: NetName=NetC85_2 Pin=R69-2
Added Pin To Net: NetName=NetC85_2 Pin=U5-6
Added Net: Name=NetC85_2
Added Pin To Net: NetName=NetC89_1 Pin=C89-1
Added Pin To Net: NetName=NetC89_1 Pin=D2-2
Added Pin To Net: NetName=NetC89_1 Pin=D4-1
Added Pin To Net: NetName=NetC89_1 Pin=L5-1
Added Pin To Net: NetName=NetC89_1 Pin=R71-2
Added Pin To Net: NetName=NetC89_1 Pin=U6-15
Added Pin To Net: NetName=NetC89_1 Pin=U6-15
Added Net: Name=NetC89_1
Added Pin To Net: NetName=NetC89_2 Pin=C89-2
Added Pin To Net: NetName=NetC89_2 Pin=R67-2
Added Pin To Net: NetName=NetC89_2 Pin=U6-6
Added Net: Name=NetC89_2
Added Pin To Net: NetName=NetC110_1 Pin=C110-1
Added Pin To Net: NetName=NetC110_1 Pin=U12-6
Added Net: Name=NetC110_1
Added Pin To Net: NetName=NetC111_1 Pin=C111-1
Added Pin To Net: NetName=NetC111_1 Pin=U12-5
Added Net: Name=NetC111_1
Added Pin To Net: NetName=NetC111_2 Pin=C111-2
Added Pin To Net: NetName=NetC111_2 Pin=U12-4
Added Net: Name=NetC111_2
Added Pin To Net: NetName=NetC112_1 Pin=C112-1
Added Pin To Net: NetName=NetC112_1 Pin=U12-2
Added Net: Name=NetC112_1
Added Pin To Net: NetName=NetC113_1 Pin=C113-1
Added Pin To Net: NetName=NetC113_1 Pin=U12-3
Added Net: Name=NetC113_1
Added Pin To Net: NetName=NetC113_2 Pin=C113-2
Added Pin To Net: NetName=NetC113_2 Pin=U12-1
Added Net: Name=NetC113_2
Added Pin To Net: NetName=NetC120_2 Pin=C120-2
Added Pin To Net: NetName=NetC120_2 Pin=U15-71
Added Net: Name=NetC120_2
Added Pin To Net: NetName=NetC123_2 Pin=C123-2
Added Pin To Net: NetName=NetC123_2 Pin=U15-106
Added Net: Name=NetC123_2
Added Pin To Net: NetName=NetC141_1 Pin=C141-1
Added Pin To Net: NetName=NetC141_1 Pin=R109-2
Added Pin To Net: NetName=NetC141_1 Pin=U17-6
Added Net: Name=NetC141_1
Added Pin To Net: NetName=NetD5_2 Pin=D5-2
Added Pin To Net: NetName=NetD5_2 Pin=L8-1
Added Pin To Net: NetName=NetD5_2 Pin=U10-2
Added Net: Name=NetD5_2
Added Pin To Net: NetName=NetD6_2 Pin=D6-2
Added Pin To Net: NetName=NetD6_2 Pin=L9-1
Added Pin To Net: NetName=NetD6_2 Pin=U11-2
Added Net: Name=NetD6_2
Added Pin To Net: NetName=NetLED1_2 Pin=LED1-2
Added Pin To Net: NetName=NetLED1_2 Pin=R46-2
Added Net: Name=NetLED1_2
Added Pin To Net: NetName=NetLED2_2 Pin=LED2-2
Added Pin To Net: NetName=NetLED2_2 Pin=R47-2
Added Net: Name=NetLED2_2
Added Pin To Net: NetName=NetLED3_1 Pin=LED3-1
Added Pin To Net: NetName=NetLED3_1 Pin=R78-1
Added Net: Name=NetLED3_1
Added Pin To Net: NetName=NetLED4_2 Pin=LED4-2
Added Pin To Net: NetName=NetLED4_2 Pin=R80-2
Added Net: Name=NetLED4_2
Added Pin To Net: NetName=NetLED5_2 Pin=LED5-2
Added Pin To Net: NetName=NetLED5_2 Pin=R87-2
Added Net: Name=NetLED5_2
Added Pin To Net: NetName=NetLED6_2 Pin=LED6-2
Added Pin To Net: NetName=NetLED6_2 Pin=R88-2
Added Net: Name=NetLED6_2
Added Pin To Net: NetName=NetLED7_2 Pin=LED7-2
Added Pin To Net: NetName=NetLED7_2 Pin=R89-2
Added Net: Name=NetLED7_2
Added Pin To Net: NetName=NetLED8_2 Pin=LED8-2
Added Pin To Net: NetName=NetLED8_2 Pin=R90-2
Added Net: Name=NetLED8_2
Added Pin To Net: NetName=NetQ1_2 Pin=Q1-2
Added Pin To Net: NetName=NetQ1_2 Pin=R42-1
Added Net: Name=NetQ1_2
Added Pin To Net: NetName=NetQ1_3 Pin=Q1-3
Added Pin To Net: NetName=NetQ1_3 Pin=R46-1
Added Net: Name=NetQ1_3
Added Pin To Net: NetName=NetQ2_2 Pin=Q2-2
Added Pin To Net: NetName=NetQ2_2 Pin=R43-2
Added Net: Name=NetQ2_2
Added Pin To Net: NetName=NetQ2_3 Pin=Q2-3
Added Pin To Net: NetName=NetQ2_3 Pin=R47-1
Added Net: Name=NetQ2_3
Added Pin To Net: NetName=NetQ3_2 Pin=Q3-2
Added Pin To Net: NetName=NetQ3_2 Pin=R50-1
Added Net: Name=NetQ3_2
Added Pin To Net: NetName=NetQ3_3 Pin=Q3-3
Added Pin To Net: NetName=NetQ3_3 Pin=R53-1
Added Net: Name=NetQ3_3
Added Pin To Net: NetName=NetQ4_2 Pin=Q4-2
Added Pin To Net: NetName=NetQ4_2 Pin=R48-1
Added Net: Name=NetQ4_2
Added Pin To Net: NetName=NetQ4_3 Pin=Q4-3
Added Pin To Net: NetName=NetQ4_3 Pin=R54-1
Added Net: Name=NetQ4_3
Added Pin To Net: NetName=NetQ5_2 Pin=Q5-2
Added Pin To Net: NetName=NetQ5_2 Pin=R74-1
Added Net: Name=NetQ5_2
Added Pin To Net: NetName=NetQ5_3 Pin=Q5-3
Added Pin To Net: NetName=NetQ5_3 Pin=R73-2
Added Pin To Net: NetName=NetQ5_3 Pin=U8-5
Added Net: Name=NetQ5_3
Added Pin To Net: NetName=NetQ6_2 Pin=Q6-2
Added Pin To Net: NetName=NetQ6_2 Pin=R75-1
Added Pin To Net: NetName=NetQ6_2 Pin=R76-2
Added Net: Name=NetQ6_2
Added Pin To Net: NetName=NetQ6_3 Pin=Q6-3
Added Pin To Net: NetName=NetQ6_3 Pin=R77-2
Added Pin To Net: NetName=NetQ6_3 Pin=U11-5
Added Net: Name=NetQ6_3
Added Pin To Net: NetName=NetQ7_2 Pin=Q7-2
Added Pin To Net: NetName=NetQ7_2 Pin=R79-1
Added Net: Name=NetQ7_2
Added Pin To Net: NetName=NetQ7_3 Pin=Q7-3
Added Pin To Net: NetName=NetQ7_3 Pin=R80-1
Added Net: Name=NetQ7_3
Added Pin To Net: NetName=NetQ8_2 Pin=Q8-2
Added Pin To Net: NetName=NetQ8_2 Pin=R83-1
Added Net: Name=NetQ8_2
Added Pin To Net: NetName=NetQ8_3 Pin=Q8-3
Added Pin To Net: NetName=NetQ8_3 Pin=R87-1
Added Net: Name=NetQ8_3
Added Pin To Net: NetName=NetQ9_2 Pin=Q9-2
Added Pin To Net: NetName=NetQ9_2 Pin=R84-1
Added Net: Name=NetQ9_2
Added Pin To Net: NetName=NetQ9_3 Pin=Q9-3
Added Pin To Net: NetName=NetQ9_3 Pin=R88-1
Added Net: Name=NetQ9_3
Added Pin To Net: NetName=NetQ10_2 Pin=Q10-2
Added Pin To Net: NetName=NetQ10_2 Pin=R85-1
Added Net: Name=NetQ10_2
Added Pin To Net: NetName=NetQ10_3 Pin=Q10-3
Added Pin To Net: NetName=NetQ10_3 Pin=R89-1
Added Net: Name=NetQ10_3
Added Pin To Net: NetName=NetQ11_2 Pin=Q11-2
Added Pin To Net: NetName=NetQ11_2 Pin=R86-1
Added Net: Name=NetQ11_2
Added Pin To Net: NetName=NetQ11_3 Pin=Q11-3
Added Pin To Net: NetName=NetQ11_3 Pin=R90-1
Added Net: Name=NetQ11_3
Added Pin To Net: NetName=NetR5_1 Pin=R5-1
Added Pin To Net: NetName=NetR5_1 Pin=U2-9
Added Net: Name=NetR5_1
Added Pin To Net: NetName=NetR7_1 Pin=R7-1
Added Pin To Net: NetName=NetR7_1 Pin=U2-12
Added Net: Name=NetR7_1
Added Pin To Net: NetName=NetR8_2 Pin=R8-2
Added Pin To Net: NetName=NetR8_2 Pin=U1-23
Added Net: Name=NetR8_2
Added Pin To Net: NetName=NetR9_1 Pin=R9-1
Added Pin To Net: NetName=NetR9_1 Pin=U1-10
Added Net: Name=NetR9_1
Added Pin To Net: NetName=NetR11_1 Pin=R11-1
Added Pin To Net: NetName=NetR11_1 Pin=U1-36
Added Pin To Net: NetName=NetR11_1 Pin=U15-67
Added Net: Name=NetR11_1
Added Pin To Net: NetName=NetR12_2 Pin=R12-2
Added Pin To Net: NetName=NetR12_2 Pin=U1-37
Added Pin To Net: NetName=NetR12_2 Pin=U15-65
Added Net: Name=NetR12_2
Added Pin To Net: NetName=NetR13_2 Pin=R13-2
Added Pin To Net: NetName=NetR13_2 Pin=U1-38
Added Net: Name=NetR13_2
Added Pin To Net: NetName=NetR14_1 Pin=R14-1
Added Pin To Net: NetName=NetR14_1 Pin=U1-45
Added Net: Name=NetR14_1
Added Pin To Net: NetName=NetR15_2 Pin=R15-2
Added Pin To Net: NetName=NetR15_2 Pin=U1-39
Added Net: Name=NetR15_2
Added Pin To Net: NetName=NetR16_1 Pin=R16-1
Added Pin To Net: NetName=NetR16_1 Pin=U1-44
Added Net: Name=NetR16_1
Added Pin To Net: NetName=NetR17_2 Pin=R17-2
Added Pin To Net: NetName=NetR17_2 Pin=U1-40
Added Net: Name=NetR17_2
Added Pin To Net: NetName=NetR18_1 Pin=R18-1
Added Pin To Net: NetName=NetR18_1 Pin=U1-43
Added Net: Name=NetR18_1
Added Pin To Net: NetName=NetR19_2 Pin=R19-2
Added Pin To Net: NetName=NetR19_2 Pin=U1-41
Added Net: Name=NetR19_2
Added Pin To Net: NetName=NetR20_2 Pin=R20-2
Added Pin To Net: NetName=NetR20_2 Pin=U1-42
Added Net: Name=NetR20_2
Added Pin To Net: NetName=NetR25_1 Pin=R25-1
Added Pin To Net: NetName=NetR25_1 Pin=U3-9
Added Net: Name=NetR25_1
Added Pin To Net: NetName=NetR27_1 Pin=R27-1
Added Pin To Net: NetName=NetR27_1 Pin=U3-12
Added Net: Name=NetR27_1
Added Pin To Net: NetName=NetR28_2 Pin=R28-2
Added Pin To Net: NetName=NetR28_2 Pin=U4-23
Added Net: Name=NetR28_2
Added Pin To Net: NetName=NetR29_1 Pin=R29-1
Added Pin To Net: NetName=NetR29_1 Pin=U4-10
Added Net: Name=NetR29_1
Added Pin To Net: NetName=NetR31_1 Pin=R31-1
Added Pin To Net: NetName=NetR31_1 Pin=U4-36
Added Pin To Net: NetName=NetR31_1 Pin=U15-45
Added Net: Name=NetR31_1
Added Pin To Net: NetName=NetR32_2 Pin=R32-2
Added Pin To Net: NetName=NetR32_2 Pin=U4-37
Added Pin To Net: NetName=NetR32_2 Pin=U15-36
Added Net: Name=NetR32_2
Added Pin To Net: NetName=NetR33_2 Pin=R33-2
Added Pin To Net: NetName=NetR33_2 Pin=U4-38
Added Net: Name=NetR33_2
Added Pin To Net: NetName=NetR34_1 Pin=R34-1
Added Pin To Net: NetName=NetR34_1 Pin=U4-45
Added Net: Name=NetR34_1
Added Pin To Net: NetName=NetR35_2 Pin=R35-2
Added Pin To Net: NetName=NetR35_2 Pin=U4-39
Added Net: Name=NetR35_2
Added Pin To Net: NetName=NetR36_1 Pin=R36-1
Added Pin To Net: NetName=NetR36_1 Pin=U4-44
Added Net: Name=NetR36_1
Added Pin To Net: NetName=NetR37_2 Pin=R37-2
Added Pin To Net: NetName=NetR37_2 Pin=U4-40
Added Net: Name=NetR37_2
Added Pin To Net: NetName=NetR38_1 Pin=R38-1
Added Pin To Net: NetName=NetR38_1 Pin=U4-43
Added Net: Name=NetR38_1
Added Pin To Net: NetName=NetR39_2 Pin=R39-2
Added Pin To Net: NetName=NetR39_2 Pin=U4-41
Added Net: Name=NetR39_2
Added Pin To Net: NetName=NetR40_2 Pin=R40-2
Added Pin To Net: NetName=NetR40_2 Pin=U4-42
Added Net: Name=NetR40_2
Added Pin To Net: NetName=NetR74_2 Pin=R74-2
Added Pin To Net: NetName=NetR74_2 Pin=U15-125
Added Net: Name=NetR74_2
Added Pin To Net: NetName=NetR75_2 Pin=R75-2
Added Pin To Net: NetName=NetR75_2 Pin=U15-92
Added Net: Name=NetR75_2
Added Pin To Net: NetName=NetR79_2 Pin=R79-2
Added Pin To Net: NetName=NetR79_2 Pin=U15-142
Added Net: Name=NetR79_2
Added Pin To Net: NetName=NetR81_1 Pin=R81-1
Added Pin To Net: NetName=NetR81_1 Pin=U15-102
Added Net: Name=NetR81_1
Added Pin To Net: NetName=NetR81_2 Pin=R81-2
Added Pin To Net: NetName=NetR81_2 Pin=U12-9
Added Net: Name=NetR81_2
Added Pin To Net: NetName=NetR82_1 Pin=R82-1
Added Pin To Net: NetName=NetR82_1 Pin=U15-101
Added Net: Name=NetR82_1
Added Pin To Net: NetName=NetR82_2 Pin=R82-2
Added Pin To Net: NetName=NetR82_2 Pin=U12-10
Added Net: Name=NetR82_2
Added Pin To Net: NetName=NetR83_2 Pin=R83-2
Added Pin To Net: NetName=NetR83_2 Pin=U15-140
Added Net: Name=NetR83_2
Added Pin To Net: NetName=NetR84_2 Pin=R84-2
Added Pin To Net: NetName=NetR84_2 Pin=U15-139
Added Net: Name=NetR84_2
Added Pin To Net: NetName=NetR85_2 Pin=R85-2
Added Pin To Net: NetName=NetR85_2 Pin=U15-141
Added Net: Name=NetR85_2
Added Pin To Net: NetName=NetR86_2 Pin=R86-2
Added Pin To Net: NetName=NetR86_2 Pin=U15-137
Added Net: Name=NetR86_2
Added Pin To Net: NetName=NetR91_1 Pin=R91-1
Added Pin To Net: NetName=NetR91_1 Pin=U15-77
Added Net: Name=NetR91_1
Added Pin To Net: NetName=NetR91_2 Pin=R91-2
Added Pin To Net: NetName=NetR91_2 Pin=U13-4
Added Net: Name=NetR91_2
Added Pin To Net: NetName=NetR92_2 Pin=R92-2
Added Pin To Net: NetName=NetR92_2 Pin=R93-2
Added Pin To Net: NetName=NetR92_2 Pin=U13-6
Added Net: Name=NetR92_2
Added Pin To Net: NetName=NetR94_2 Pin=R94-2
Added Pin To Net: NetName=NetR94_2 Pin=U13-2
Added Pin To Net: NetName=NetR94_2 Pin=U13-3
Added Pin To Net: NetName=NetR94_2 Pin=U15-80
Added Net: Name=NetR94_2
Added Pin To Net: NetName=NetR96_2 Pin=R96-2
Added Pin To Net: NetName=NetR96_2 Pin=U14-5
Added Pin To Net: NetName=NetR96_2 Pin=U15-82
Added Net: Name=NetR96_2
Added Pin To Net: NetName=NetR97_2 Pin=R97-2
Added Pin To Net: NetName=NetR97_2 Pin=R99-1
Added Pin To Net: NetName=NetR97_2 Pin=U13-7
Added Net: Name=NetR97_2
Added Pin To Net: NetName=NetR98_1 Pin=R98-1
Added Pin To Net: NetName=NetR98_1 Pin=U15-78
Added Net: Name=NetR98_1
Added Pin To Net: NetName=NetR98_2 Pin=R98-2
Added Pin To Net: NetName=NetR98_2 Pin=U13-1
Added Net: Name=NetR98_2
Added Pin To Net: NetName=NetR100_2 Pin=R100-2
Added Pin To Net: NetName=NetR100_2 Pin=U14-6
Added Pin To Net: NetName=NetR100_2 Pin=U15-81
Added Net: Name=NetR100_2
Added Pin To Net: NetName=NetR103_2 Pin=R103-2
Added Pin To Net: NetName=NetR103_2 Pin=R105-1
Added Pin To Net: NetName=NetR103_2 Pin=U17-5
Added Net: Name=NetR103_2
Added Pin To Net: NetName=NetR110_2 Pin=R110-2
Added Pin To Net: NetName=NetR110_2 Pin=U17-1
Added Net: Name=NetR110_2
Added Pin To Net: NetName=NetU15_66 Pin=U15-66
Added Net: Name=NetU15_66
Added Pin To Net: NetName=RS232_RX Pin=J1-2
Added Pin To Net: NetName=RS232_RX Pin=U12-7
Added Net: Name=RS232_RX
Added Pin To Net: NetName=RS232_TX Pin=J1-3
Added Pin To Net: NetName=RS232_TX Pin=U12-8
Added Net: Name=RS232_TX
Added Pin To Net: NetName=RS485_N Pin=J1-1
Added Pin To Net: NetName=RS485_N Pin=R93-1
Added Pin To Net: NetName=RS485_N Pin=R95-2
Added Net: Name=RS485_N
Added Pin To Net: NetName=RS485_P Pin=J1-6
Added Pin To Net: NetName=RS485_P Pin=R95-1
Added Pin To Net: NetName=RS485_P Pin=R97-1
Added Net: Name=RS485_P
Added Pin To Net: NetName=RST_SM2200 Pin=R51-1
Added Pin To Net: NetName=RST_SM2200 Pin=U5-24
Added Pin To Net: NetName=RST_SM2200 Pin=U15-35
Added Net: Name=RST_SM2200
Added Pin To Net: NetName=RX2_N Pin=C31-1
Added Pin To Net: NetName=RX2_N Pin=R26-2
Added Pin To Net: NetName=RX2_N Pin=U4-5
Added Net: Name=RX2_N
Added Pin To Net: NetName=RX2_P Pin=C28-1
Added Pin To Net: NetName=RX2_P Pin=R24-1
Added Pin To Net: NetName=RX2_P Pin=U4-6
Added Net: Name=RX2_P
Added Pin To Net: NetName=RX_LED Pin=R43-1
Added Pin To Net: NetName=RX_LED Pin=U5-23
Added Net: Name=RX_LED
Added Pin To Net: NetName=SHDN Pin=R45-1
Added Pin To Net: NetName=SHDN Pin=U5-28
Added Net: Name=SHDN
Added Pin To Net: NetName=SIGNAL Pin=B1-2
Added Pin To Net: NetName=SIGNAL Pin=R58-2
Added Pin To Net: NetName=SIGNAL Pin=R72-2
Added Net: Name=SIGNAL
Added Pin To Net: NetName=TX2_N Pin=R23-1
Added Pin To Net: NetName=TX2_N Pin=U3-2
Added Pin To Net: NetName=TX2_N Pin=U4-1
Added Net: Name=TX2_N
Added Pin To Net: NetName=TX2_P Pin=R22-1
Added Pin To Net: NetName=TX2_P Pin=U3-1
Added Pin To Net: NetName=TX2_P Pin=U4-2
Added Net: Name=TX2_P
Added Pin To Net: NetName=TX_EN Pin=R60-2
Added Pin To Net: NetName=TX_EN Pin=U5-15
Added Pin To Net: NetName=TX_EN Pin=U6-4
Added Net: Name=TX_EN
Added Pin To Net: NetName=TX_LED Pin=R42-2
Added Pin To Net: NetName=TX_LED Pin=U5-22
Added Net: Name=TX_LED
Added Pin To Net: NetName=VCC5 Pin=C90-1
Added Pin To Net: NetName=VCC5 Pin=C98-2
Added Pin To Net: NetName=VCC5 Pin=C100-2
Added Pin To Net: NetName=VCC5 Pin=C107-2
Added Pin To Net: NetName=VCC5 Pin=L9-2
Added Pin To Net: NetName=VCC5 Pin=U7-5
Added Pin To Net: NetName=VCC5 Pin=U7-8
Added Pin To Net: NetName=VCC5 Pin=U11-4
Added Net: Name=VCC5
Added Pin To Net: NetName=VCC15 Pin=C97-2
Added Pin To Net: NetName=VCC15 Pin=C99-2
Added Pin To Net: NetName=VCC15 Pin=C108-2
Added Pin To Net: NetName=VCC15 Pin=C109-2
Added Pin To Net: NetName=VCC15 Pin=C139-2
Added Pin To Net: NetName=VCC15 Pin=C140-2
Added Pin To Net: NetName=VCC15 Pin=P1-1
Added Pin To Net: NetName=VCC15 Pin=R109-1
Added Pin To Net: NetName=VCC15 Pin=U10-1
Added Pin To Net: NetName=VCC15 Pin=U11-1
Added Pin To Net: NetName=VCC15 Pin=U17-4
Added Net: Name=VCC15
Added Pin To Net: NetName=VDD2.5 Pin=C67-2
Added Pin To Net: NetName=VDD2.5 Pin=C68-2
Added Pin To Net: NetName=VDD2.5 Pin=C79-2
Added Pin To Net: NetName=VDD2.5 Pin=C80-2
Added Pin To Net: NetName=VDD2.5 Pin=C81-2
Added Pin To Net: NetName=VDD2.5 Pin=C82-2
Added Pin To Net: NetName=VDD2.5 Pin=U5-8
Added Pin To Net: NetName=VDD2.5 Pin=U5-12
Added Pin To Net: NetName=VDD2.5 Pin=U5-14
Added Pin To Net: NetName=VDD2.5 Pin=U5-44
Added Net: Name=VDD2.5
Added Pin To Net: NetName=VDD5 Pin=C92-1
Added Pin To Net: NetName=VDD5 Pin=C94-1
Added Pin To Net: NetName=VDD5 Pin=C96-2
Added Pin To Net: NetName=VDD5 Pin=C102-2
Added Pin To Net: NetName=VDD5 Pin=C104-2
Added Pin To Net: NetName=VDD5 Pin=C106-2
Added Pin To Net: NetName=VDD5 Pin=L8-2
Added Pin To Net: NetName=VDD5 Pin=R78-2
Added Pin To Net: NetName=VDD5 Pin=U8-8
Added Pin To Net: NetName=VDD5 Pin=U9-5
Added Pin To Net: NetName=VDD5 Pin=U9-8
Added Pin To Net: NetName=VDD5 Pin=U10-4
Added Net: Name=VDD5
Added Pin To Net: NetName=VDD-3.3 Pin=C59-2
Added Pin To Net: NetName=VDD-3.3 Pin=C60-2
Added Pin To Net: NetName=VDD-3.3 Pin=C61-2
Added Pin To Net: NetName=VDD-3.3 Pin=C62-2
Added Pin To Net: NetName=VDD-3.3 Pin=C63-2
Added Pin To Net: NetName=VDD-3.3 Pin=C64-2
Added Pin To Net: NetName=VDD-3.3 Pin=C71-2
Added Pin To Net: NetName=VDD-3.3 Pin=C72-2
Added Pin To Net: NetName=VDD-3.3 Pin=C73-2
Added Pin To Net: NetName=VDD-3.3 Pin=C74-2
Added Pin To Net: NetName=VDD-3.3 Pin=C86-2
Added Pin To Net: NetName=VDD-3.3 Pin=C93-1
Added Pin To Net: NetName=VDD-3.3 Pin=C103-2
Added Pin To Net: NetName=VDD-3.3 Pin=LED1-1
Added Pin To Net: NetName=VDD-3.3 Pin=LED2-1
Added Pin To Net: NetName=VDD-3.3 Pin=LED4-1
Added Pin To Net: NetName=VDD-3.3 Pin=LED5-1
Added Pin To Net: NetName=VDD-3.3 Pin=LED6-1
Added Pin To Net: NetName=VDD-3.3 Pin=LED7-1
Added Pin To Net: NetName=VDD-3.3 Pin=LED8-1
Added Pin To Net: NetName=VDD-3.3 Pin=R51-2
Added Pin To Net: NetName=VDD-3.3 Pin=R52-2
Added Pin To Net: NetName=VDD-3.3 Pin=R65-2
Added Pin To Net: NetName=VDD-3.3 Pin=U5-9
Added Pin To Net: NetName=VDD-3.3 Pin=U5-18
Added Pin To Net: NetName=VDD-3.3 Pin=U5-29
Added Pin To Net: NetName=VDD-3.3 Pin=U5-40
Added Pin To Net: NetName=VDD-3.3 Pin=U5-45
Added Pin To Net: NetName=VDD-3.3 Pin=U6-7
Added Pin To Net: NetName=VDD-3.3 Pin=U8-1
Added Pin To Net: NetName=VDD-3.3 Pin=U8-2
Added Net: Name=VDD-3.3
Added Pin To Net: NetName=VDD_CORE Pin=C55-2
Added Pin To Net: NetName=VDD_CORE Pin=C56-2
Added Pin To Net: NetName=VDD_CORE Pin=C57-2
Added Pin To Net: NetName=VDD_CORE Pin=C58-2
Added Pin To Net: NetName=VDD_CORE Pin=U5-20
Added Pin To Net: NetName=VDD_CORE Pin=U5-42
Added Net: Name=VDD_CORE
Added Pin To Net: NetName=XI2 Pin=C27-2
Added Pin To Net: NetName=XI2 Pin=R21-1
Added Pin To Net: NetName=XI2 Pin=U4-30
Added Pin To Net: NetName=XI2 Pin=X2-1
Added Net: Name=XI2
Added Pin To Net: NetName=XIN Pin=C49-1
Added Pin To Net: NetName=XIN Pin=R41-1
Added Pin To Net: NetName=XIN Pin=U5-30
Added Pin To Net: NetName=XIN Pin=X3-1
Added Net: Name=XIN
Added Pin To Net: NetName=XO2 Pin=C25-2
Added Pin To Net: NetName=XO2 Pin=R21-2
Added Pin To Net: NetName=XO2 Pin=U4-31
Added Pin To Net: NetName=XO2 Pin=X2-3
Added Net: Name=XO2
Added Pin To Net: NetName=XOUT Pin=R41-2
Added Pin To Net: NetName=XOUT Pin=R44-1
Added Pin To Net: NetName=XOUT Pin=U5-31
Added Net: Name=XOUT
Added Class: Name=U_MCU
Added Class: Name=U_Module
Added Class: Name=U_Power
Added Class: Name=U_SM2200
Added Class: Name=U_W5500_1
Added Class: Name=U_W5500_2
Added Differential Pair: Name=RS485
Added Differential Pair: Name=RX2
Added Differential Pair: Name=TX2
Added Room: Name=U_MCU
Added Room: Name=U_Module
Added Room: Name=U_Power
Added Room: Name=U_SM2200
Added Room: Name=U_W5500_1
Added Room: Name=U_W5500_2
