Change Component Footprint: Designator=C12 Old Footprint=0805 New Footprint=0603
Added Component: Designator=C25(Ó„µÁ»›1206£®A3216£©)
Added Component: Designator=C26(0603)
Added Component: Designator=C27(0603)
Added Component: Designator=C28(0603)
Added Component: Designator=C29(0603)
Added Component: Designator=C30(0603)
Added Component: Designator=C31(0603)
Added Component: Designator=C32(0603)
Added Component: Designator=C33(0603)
Added Component: Designator=C34(0603)
Added Component: Designator=C35(0603)
Added Component: Designator=C36(0603)
Added Component: Designator=C37(0603)
Added Component: Designator=C38(0603)
Added Component: Designator=C39(0603)
Added Component: Designator=C40(0603)
Added Component: Designator=C41(0603)
Added Component: Designator=C42(0603)
Added Component: Designator=C43(0603)
Added Component: Designator=C44(0603)
Added Component: Designator=C45(0603)
Added Component: Designator=C46(0603)
Added Component: Designator=C47(0603)
Added Component: Designator=C48(0603)
Added Component: Designator=L3(0805)
Added Component: Designator=L4(0805)
Added Component: Designator=R21(0603)
Added Component: Designator=R22(0603)
Added Component: Designator=R23(0603)
Added Component: Designator=R24(0603)
Added Component: Designator=R25(0603)
Added Component: Designator=R26(0603)
Added Component: Designator=R27(0603)
Added Component: Designator=R28(0603)
Added Component: Designator=R29(0603)
Added Component: Designator=R30(0603)
Added Component: Designator=R31(0603)
Added Component: Designator=R32(0603)
Added Component: Designator=R33(0603)
Added Component: Designator=R34(0603)
Added Component: Designator=R35(0603)
Added Component: Designator=R36(0603)
Added Component: Designator=R37(0603)
Added Component: Designator=R38(0603)
Added Component: Designator=R39(0603)
Added Component: Designator=R40(0603)
Added Component: Designator=U3(W5500)
Added Component: Designator=U4(RJ45)
Added Component: Designator=X2(3225Œﬁ‘¥æß’Ò)
Added Pin To Net: NetName=3V3A_A2 Pin=C5-2
Added Pin To Net: NetName=GND Pin=C25-1
Added Pin To Net: NetName=VCC-3.3 Pin=C25-2
Added Pin To Net: NetName=GND Pin=C26-1
Added Pin To Net: NetName=VCC-3.3 Pin=C26-2
Added Pin To Net: NetName=GND Pin=C27-2
Added Pin To Net: NetName=GND Pin=C28-2
Added Pin To Net: NetName=GND Pin=C29-2
Added Pin To Net: NetName=GND Pin=C30-2
Added Pin To Net: NetName=GND Pin=C31-2
Added Pin To Net: NetName=GND Pin=C32-2
Added Pin To Net: NetName=GND Pin=C33-2
Added Pin To Net: NetName=GND Pin=C34-2
Added Pin To Net: NetName=GND Pin=C35-1
Added Pin To Net: NetName=GND Pin=C36-2
Added Pin To Net: NetName=GND Pin=C37-2
Added Pin To Net: NetName=GND Pin=C38-2
Added Pin To Net: NetName=GND Pin=C39-2
Added Pin To Net: NetName=GND Pin=C40-2
Added Pin To Net: NetName=GND Pin=C41-2
Added Pin To Net: NetName=GND Pin=C43-1
Added Pin To Net: NetName=GND Pin=C44-1
Added Pin To Net: NetName=GND Pin=C46-1
Added Pin To Net: NetName=GND Pin=C47-2
Added Pin To Net: NetName=GND Pin=C48-1
Added Pin To Net: NetName=VCC-3.3 Pin=L3-1
Added Pin To Net: NetName=VCC-3.3 Pin=L4-1
Added Pin To Net: NetName=3V3A_A2 Pin=R2-2
Added Pin To Net: NetName=3V3A_A2 Pin=R3-2
Added Pin To Net: NetName=GND Pin=R21-1
Added Pin To Net: NetName=GND Pin=R22-1
Added Pin To Net: NetName=GND Pin=R24-1
Added Pin To Net: NetName=GND Pin=R26-1
Added Pin To Net: NetName=GND Pin=R28-1
Added Pin To Net: NetName=GND Pin=R32-2
Added Pin To Net: NetName=GND Pin=R33-1
Added Pin To Net: NetName=3V3A_A2 Pin=U2-4
Added Pin To Net: NetName=GND Pin=U3-3
Added Pin To Net: NetName=GND Pin=U3-9
Added Pin To Net: NetName=GND Pin=U3-14
Added Pin To Net: NetName=GND Pin=U3-16
Added Pin To Net: NetName=GND Pin=U3-19
Added Pin To Net: NetName=GND Pin=U3-29
Added Pin To Net: NetName=GND Pin=U3-48
Added Pin To Net: NetName=GND Pin=X2-2
Added Pin To Net: NetName=GND Pin=X2-4
Change Net Name : Old Net Name=3V3A_A2 New Net Name=3V3A1
Change Net Name : Old Net Name=3V3D_A2 New Net Name=3V3D1
Change Net Name : Old Net Name=ACTLED_A2 New Net Name=ACTLED1
Change Net Name : Old Net Name=LINKLED_A2 New Net Name=LINKLED1
Change Net Name : Old Net Name=NetC26_A2_1 New Net Name=NetC2_1
Change Net Name : Old Net Name=NetC28_A2_2 New Net Name=NetC4_2
Change Net Name : Old Net Name=NetC30_A2_2 New Net Name=NetC6_2
Change Net Name : Old Net Name=NetC31_A2_2 New Net Name=NetC7_2
Change Net Name : Old Net Name=NetC36_A2_1 New Net Name=NetC12_1
Change Net Name : Old Net Name=NetC37_A2_1 New Net Name=NetC13_1
Change Net Name : Old Net Name=NetC38_A2_2 New Net Name=NetC14_2
Change Net Name : Old Net Name=NetR25_A2_1 New Net Name=NetR5_1
Change Net Name : Old Net Name=NetR27_A2_1 New Net Name=NetR7_1
Change Net Name : Old Net Name=NetR28_A2_2 New Net Name=NetR8_2
Change Net Name : Old Net Name=NetR29_A2_1 New Net Name=NetR9_1
Change Net Name : Old Net Name=NetR33_A2_2 New Net Name=NetR13_2
Change Net Name : Old Net Name=NetR34_A2_1 New Net Name=NetR14_1
Change Net Name : Old Net Name=NetR35_A2_2 New Net Name=NetR15_2
Change Net Name : Old Net Name=NetR36_A2_1 New Net Name=NetR16_1
Change Net Name : Old Net Name=NetR37_A2_2 New Net Name=NetR17_2
Change Net Name : Old Net Name=NetR38_A2_1 New Net Name=NetR18_1
Change Net Name : Old Net Name=NetR39_A2_2 New Net Name=NetR19_2
Change Net Name : Old Net Name=NetR40_A2_2 New Net Name=NetR20_2
Change Net Name : Old Net Name=RX1_A2_N New Net Name=RX1_N
Change Net Name : Old Net Name=RX1_A2_P New Net Name=RX1_P
Change Net Name : Old Net Name=TX1_A2_N New Net Name=TX1_N
Change Net Name : Old Net Name=TX1_A2_P New Net Name=TX1_P
Change Net Name : Old Net Name=XI1_A2 New Net Name=XI1
Change Net Name : Old Net Name=XO1_A2 New Net Name=XO1
Added Pin To Net: NetName=3V3A2 Pin=C28-1
Added Pin To Net: NetName=3V3A2 Pin=C29-1
Added Pin To Net: NetName=3V3A2 Pin=C30-1
Added Pin To Net: NetName=3V3A2 Pin=C31-1
Added Pin To Net: NetName=3V3A2 Pin=C32-1
Added Pin To Net: NetName=3V3A2 Pin=C33-1
Added Pin To Net: NetName=3V3A2 Pin=C34-1
Added Pin To Net: NetName=3V3A2 Pin=C44-2
Added Pin To Net: NetName=3V3A2 Pin=L4-2
Added Pin To Net: NetName=3V3A2 Pin=R23-2
Added Pin To Net: NetName=3V3A2 Pin=R25-2
Added Pin To Net: NetName=3V3A2 Pin=R27-2
Added Pin To Net: NetName=3V3A2 Pin=R34-2
Added Pin To Net: NetName=3V3A2 Pin=R36-2
Added Pin To Net: NetName=3V3A2 Pin=R38-2
Added Pin To Net: NetName=3V3A2 Pin=R39-2
Added Pin To Net: NetName=3V3A2 Pin=U3-4
Added Pin To Net: NetName=3V3A2 Pin=U3-8
Added Pin To Net: NetName=3V3A2 Pin=U3-11
Added Pin To Net: NetName=3V3A2 Pin=U3-15
Added Pin To Net: NetName=3V3A2 Pin=U3-17
Added Pin To Net: NetName=3V3A2 Pin=U4-4
Added Net: Name=3V3A2
Added Pin To Net: NetName=3V3D2 Pin=C27-1
Added Pin To Net: NetName=3V3D2 Pin=C38-1
Added Pin To Net: NetName=3V3D2 Pin=C39-1
Added Pin To Net: NetName=3V3D2 Pin=C40-1
Added Pin To Net: NetName=3V3D2 Pin=C41-1
Added Pin To Net: NetName=3V3D2 Pin=L3-2
Added Pin To Net: NetName=3V3D2 Pin=R29-1
Added Pin To Net: NetName=3V3D2 Pin=R30-2
Added Pin To Net: NetName=3V3D2 Pin=R31-2
Added Pin To Net: NetName=3V3D2 Pin=U3-21
Added Pin To Net: NetName=3V3D2 Pin=U3-28
Added Net: Name=3V3D2
Added Pin To Net: NetName=ACTLED2 Pin=U3-27
Added Pin To Net: NetName=ACTLED2 Pin=U4-11
Added Net: Name=ACTLED2
Added Pin To Net: NetName=LINKLED2 Pin=U3-25
Added Pin To Net: NetName=LINKLED2 Pin=U4-10
Added Net: Name=LINKLED2
Added Pin To Net: NetName=NetC35_2 Pin=C35-2
Added Pin To Net: NetName=NetC35_2 Pin=U3-22
Added Net: Name=NetC35_2
Added Pin To Net: NetName=NetC36_1 Pin=C36-1
Added Pin To Net: NetName=NetC36_1 Pin=U4-8
Added Pin To Net: NetName=NetC36_1 Pin=U4-13
Added Net: Name=NetC36_1
Added Pin To Net: NetName=NetC37_1 Pin=C37-1
Added Pin To Net: NetName=NetC37_1 Pin=U3-20
Added Net: Name=NetC37_1
Added Pin To Net: NetName=NetC42_2 Pin=C42-2
Added Pin To Net: NetName=NetC42_2 Pin=U4-6
Added Net: Name=NetC42_2
Added Pin To Net: NetName=NetC43_2 Pin=C43-2
Added Pin To Net: NetName=NetC43_2 Pin=R35-1
Added Pin To Net: NetName=NetC43_2 Pin=R37-2
Added Pin To Net: NetName=NetC43_2 Pin=U4-5
Added Net: Name=NetC43_2
Added Pin To Net: NetName=NetC45_2 Pin=C45-2
Added Pin To Net: NetName=NetC45_2 Pin=U4-3
Added Net: Name=NetC45_2
Added Pin To Net: NetName=NetC47_1 Pin=C47-1
Added Pin To Net: NetName=NetC47_1 Pin=U4-14
Added Net: Name=NetC47_1
Added Pin To Net: NetName=NetR11_1 Pin=R11-1
Added Pin To Net: NetName=NetR11_1 Pin=U1-36
Added Pin To Net: NetName=NetR11_1 Pin=U15-67
Added Net: Name=NetR11_1
Added Pin To Net: NetName=NetR12_2 Pin=R12-2
Added Pin To Net: NetName=NetR12_2 Pin=U1-37
Added Pin To Net: NetName=NetR12_2 Pin=U15-65
Added Net: Name=NetR12_2
Added Pin To Net: NetName=NetR21_2 Pin=R21-2
Added Pin To Net: NetName=NetR21_2 Pin=U3-42
Added Net: Name=NetR21_2
Added Pin To Net: NetName=NetR22_2 Pin=R22-2
Added Pin To Net: NetName=NetR22_2 Pin=U3-41
Added Net: Name=NetR22_2
Added Pin To Net: NetName=NetR23_1 Pin=R23-1
Added Pin To Net: NetName=NetR23_1 Pin=U3-43
Added Net: Name=NetR23_1
Added Pin To Net: NetName=NetR24_2 Pin=R24-2
Added Pin To Net: NetName=NetR24_2 Pin=U3-40
Added Net: Name=NetR24_2
Added Pin To Net: NetName=NetR25_1 Pin=R25-1
Added Pin To Net: NetName=NetR25_1 Pin=U3-44
Added Net: Name=NetR25_1
Added Pin To Net: NetName=NetR26_2 Pin=R26-2
Added Pin To Net: NetName=NetR26_2 Pin=U3-39
Added Net: Name=NetR26_2
Added Pin To Net: NetName=NetR27_1 Pin=R27-1
Added Pin To Net: NetName=NetR27_1 Pin=U3-45
Added Net: Name=NetR27_1
Added Pin To Net: NetName=NetR28_2 Pin=R28-2
Added Pin To Net: NetName=NetR28_2 Pin=U3-38
Added Net: Name=NetR28_2
Added Pin To Net: NetName=NetR29_2 Pin=R29-2
Added Pin To Net: NetName=NetR29_2 Pin=U3-37
Added Pin To Net: NetName=NetR29_2 Pin=U15-36
Added Net: Name=NetR29_2
Added Pin To Net: NetName=NetR30_1 Pin=R30-1
Added Pin To Net: NetName=NetR30_1 Pin=U3-36
Added Pin To Net: NetName=NetR30_1 Pin=U15-45
Added Net: Name=NetR30_1
Added Pin To Net: NetName=NetR32_1 Pin=R32-1
Added Pin To Net: NetName=NetR32_1 Pin=U3-10
Added Net: Name=NetR32_1
Added Pin To Net: NetName=NetR33_2 Pin=R33-2
Added Pin To Net: NetName=NetR33_2 Pin=U3-23
Added Net: Name=NetR33_2
Added Pin To Net: NetName=NetR34_1 Pin=R34-1
Added Pin To Net: NetName=NetR34_1 Pin=U4-12
Added Net: Name=NetR34_1
Added Pin To Net: NetName=NetR36_1 Pin=R36-1
Added Pin To Net: NetName=NetR36_1 Pin=U4-9
Added Net: Name=NetR36_1
Added Pin To Net: NetName=RST_SM2200 Pin=U5-24
Added Pin To Net: NetName=RST_SM2200 Pin=U15-35
Added Net: Name=RST_SM2200
Added Pin To Net: NetName=RST_SM2201 Pin=R51-1
Added Net: Name=RST_SM2201
Added Pin To Net: NetName=RX2_N Pin=C42-1
Added Pin To Net: NetName=RX2_N Pin=R35-2
Added Pin To Net: NetName=RX2_N Pin=U3-5
Added Net: Name=RX2_N
Added Pin To Net: NetName=RX2_P Pin=C45-1
Added Pin To Net: NetName=RX2_P Pin=R37-1
Added Pin To Net: NetName=RX2_P Pin=U3-6
Added Net: Name=RX2_P
Added Pin To Net: NetName=SPI1_CLK Pin=U3-33
Added Pin To Net: NetName=SPI1_CLK Pin=U15-41
Added Net: Name=SPI1_CLK
Added Pin To Net: NetName=SPI1_MISO Pin=U3-34
Added Pin To Net: NetName=SPI1_MISO Pin=U15-42
Added Net: Name=SPI1_MISO
Added Pin To Net: NetName=SPI1_MOSI Pin=U3-35
Added Pin To Net: NetName=SPI1_MOSI Pin=U15-43
Added Net: Name=SPI1_MOSI
Added Pin To Net: NetName=SPI1_NSS Pin=R31-1
Added Pin To Net: NetName=SPI1_NSS Pin=U3-32
Added Pin To Net: NetName=SPI1_NSS Pin=U15-40
Added Net: Name=SPI1_NSS
Added Pin To Net: NetName=SPI2_CLK Pin=U1-33
Added Pin To Net: NetName=SPI2_CLK Pin=U15-74
Added Net: Name=SPI2_CLK
Added Pin To Net: NetName=SPI2_MISO Pin=U1-34
Added Pin To Net: NetName=SPI2_MISO Pin=U15-75
Added Net: Name=SPI2_MISO
Added Pin To Net: NetName=SPI2_MOSI Pin=U1-35
Added Pin To Net: NetName=SPI2_MOSI Pin=U15-76
Added Net: Name=SPI2_MOSI
Added Pin To Net: NetName=SPI2_NSS Pin=R10-1
Added Pin To Net: NetName=SPI2_NSS Pin=U1-32
Added Pin To Net: NetName=SPI2_NSS Pin=U15-73
Added Net: Name=SPI2_NSS
Added Pin To Net: NetName=TX2_N Pin=R39-1
Added Pin To Net: NetName=TX2_N Pin=U3-1
Added Pin To Net: NetName=TX2_N Pin=U4-2
Added Net: Name=TX2_N
Added Pin To Net: NetName=TX2_P Pin=R38-1
Added Pin To Net: NetName=TX2_P Pin=U3-2
Added Pin To Net: NetName=TX2_P Pin=U4-1
Added Net: Name=TX2_P
Added Pin To Net: NetName=XI2 Pin=C46-2
Added Pin To Net: NetName=XI2 Pin=R40-1
Added Pin To Net: NetName=XI2 Pin=U3-30
Added Pin To Net: NetName=XI2 Pin=X2-1
Added Net: Name=XI2
Added Pin To Net: NetName=XO2 Pin=C48-2
Added Pin To Net: NetName=XO2 Pin=R40-2
Added Pin To Net: NetName=XO2 Pin=U3-31
Added Pin To Net: NetName=XO2 Pin=X2-3
Added Net: Name=XO2
Change Class Name : Old Net Name=A2 New Net Name=U_W5500_1
Added Class: Name=U_W5500_2
Added Differential Pair: Name=RX1
Added Differential Pair: Name=RX2
Added Differential Pair: Name=TX1
Added Differential Pair: Name=TX2
Added Room: Name=U_W5500_1
Added Room: Name=U_W5500_2
