Change Component Designator: Old Designator=C35 New Designator=C27
Change Component Designator: Old Designator=C36 New Designator=C28
Change Component Designator: Old Designator=C41 New Designator=C29
Change Component Designator: Old Designator=C42 New Designator=C31
Change Component Designator: Old Designator=C43 New Designator=C30
Change Component Designator: Old Designator=C44 New Designator=C32
Change Component Designator: Old Designator=C45 New Designator=C33
Change Component Designator: Old Designator=C46 New Designator=C34
Change Component Designator: Old Designator=C47 New Designator=C35
Change Component Designator: Old Designator=C48 New Designator=C36
Change Component Designator: Old Designator=C49 New Designator=C37
Change Component Designator: Old Designator=C50 New Designator=C38
Change Component Designator: Old Designator=C51 New Designator=C43
Change Component Designator: Old Designator=C52 New Designator=C44
Change Component Designator: Old Designator=C53 New Designator=C45
Change Component Designator: Old Designator=C54 New Designator=C46
Change Component Designator: Old Designator=C55 New Designator=C39
Change Component Designator: Old Designator=C56 New Designator=C40
Change Component Designator: Old Designator=C57 New Designator=C41
Change Component Designator: Old Designator=C58 New Designator=C42
Change Component Designator: Old Designator=D3 New Designator=D1
Change Component Designator: Old Designator=D4 New Designator=D2
Change Component Designator: Old Designator=L3 New Designator=L2
Change Component Designator: Old Designator=L4 New Designator=L3
Change Component Designator: Old Designator=R36 New Designator=R31
Change Component Designator: Old Designator=R37 New Designator=R32
Change Component Designator: Old Designator=R38 New Designator=R33
Change Component Designator: Old Designator=R39 New Designator=R34
Change Component Designator: Old Designator=R40 New Designator=R35
Change Component Designator: Old Designator=R41 New Designator=R36
Change Component Designator: Old Designator=U10 New Designator=U6
Change Component Designator: Old Designator=U11 New Designator=U7
Change Component Designator: Old Designator=U12 New Designator=U8
Change Component Designator: Old Designator=U13 New Designator=U10
Change Component Designator: Old Designator=U14 New Designator=U9
