Change Component Designator: Old Designator=C85 New Designator=C47
Change Component Designator: Old Designator=C86 New Designator=C50
Change Component Designator: Old Designator=C87 New Designator=C51
Change Component Designator: Old Designator=C88 New Designator=C52
Change Component Designator: Old Designator=C89 New Designator=C53
Change Component Designator: Old Designator=C90 New Designator=C54
Change Component Designator: Old Designator=C91 New Designator=C55
Change Component Designator: Old Designator=C92 New Designator=C56
Change Component Designator: Old Designator=C93 New Designator=C57
Change Component Designator: Old Designator=C94 New Designator=C58
Change Component Designator: Old Designator=C95 New Designator=C59
Change Component Designator: Old Designator=C96 New Designator=C60
Change Component Designator: Old Designator=C97 New Designator=C61
Change Component Designator: Old Designator=C98 New Designator=C62
Change Component Designator: Old Designator=C99 New Designator=C63
Change Component Designator: Old Designator=C100 New Designator=C64
Change Component Designator: Old Designator=C101 New Designator=C65
Change Component Designator: Old Designator=C102 New Designator=C66
Change Component Designator: Old Designator=C103 New Designator=C67
Change Component Designator: Old Designator=C104 New Designator=C68
Change Component Designator: Old Designator=C105 New Designator=C69
Change Component Designator: Old Designator=C106 New Designator=C70
Change Component Designator: Old Designator=C107 New Designator=C71
Change Component Designator: Old Designator=C108 New Designator=C72
Change Component Designator: Old Designator=C109 New Designator=C73
Change Component Designator: Old Designator=C110 New Designator=C74
Change Component Designator: Old Designator=C111 New Designator=C75
Change Component Designator: Old Designator=C112 New Designator=C76
Change Component Designator: Old Designator=C113 New Designator=C77
Change Component Designator: Old Designator=C114 New Designator=C78
Change Component Designator: Old Designator=C115 New Designator=C79
Change Component Designator: Old Designator=C116 New Designator=C80
Change Component Designator: Old Designator=C117 New Designator=C81
Change Component Designator: Old Designator=C118 New Designator=C82
Change Component Designator: Old Designator=C119 New Designator=C83
Change Component Designator: Old Designator=C120 New Designator=C84
Change Component Designator: Old Designator=C121 New Designator=C85
Change Component Designator: Old Designator=C122 New Designator=C86
Change Component Designator: Old Designator=C123 New Designator=C87
Change Component Designator: Old Designator=C124 New Designator=C48
Change Component Designator: Old Designator=C125 New Designator=C49
Change Component Designator: Old Designator=D5 New Designator=D3
Change Component Designator: Old Designator=D6 New Designator=D4
Change Component Designator: Old Designator=D7 New Designator=D5
Change Component Designator: Old Designator=D8 New Designator=D6
Change Component Designator: Old Designator=L11 New Designator=L4
Change Component Designator: Old Designator=L12 New Designator=L5
Change Component Designator: Old Designator=L13 New Designator=L6
Change Component Designator: Old Designator=R82 New Designator=R37
Change Component Designator: Old Designator=R83 New Designator=R38
Change Component Designator: Old Designator=R84 New Designator=R39
Change Component Designator: Old Designator=R85 New Designator=R40
Change Component Designator: Old Designator=R86 New Designator=R41
Change Component Designator: Old Designator=R87 New Designator=R42
Change Component Designator: Old Designator=R88 New Designator=R44
Change Component Designator: Old Designator=R89 New Designator=R45
Change Component Designator: Old Designator=R90 New Designator=R46
Change Component Designator: Old Designator=R91 New Designator=R47
Change Component Designator: Old Designator=R92 New Designator=R48
Change Component Designator: Old Designator=R93 New Designator=R49
Change Component Designator: Old Designator=R94 New Designator=R50
Change Component Designator: Old Designator=R95 New Designator=R51
Change Component Designator: Old Designator=R96 New Designator=R52
Change Component Designator: Old Designator=R97 New Designator=R53
Change Component Designator: Old Designator=R98 New Designator=R54
Change Component Designator: Old Designator=R99 New Designator=R55
Change Component Designator: Old Designator=R100 New Designator=R56
Change Component Designator: Old Designator=R101 New Designator=R57
Change Component Designator: Old Designator=R102 New Designator=R58
Change Component Designator: Old Designator=R103 New Designator=R59
Change Component Designator: Old Designator=R104 New Designator=R60
Change Component Designator: Old Designator=R105 New Designator=R61
Change Component Designator: Old Designator=R106 New Designator=R62
Change Component Designator: Old Designator=R107 New Designator=R63
Change Component Designator: Old Designator=R108 New Designator=R64
Change Component Designator: Old Designator=R109 New Designator=R65
Change Component Designator: Old Designator=R110 New Designator=R66
Change Component Designator: Old Designator=R111 New Designator=R67
Change Component Designator: Old Designator=R112 New Designator=R68
Change Component Designator: Old Designator=R? New Designator=R43
Change Component Designator: Old Designator=U19 New Designator=U11
Change Component Designator: Old Designator=U19 New Designator=U11
Change Component Designator: Old Designator=U19 New Designator=U11
Change Component Designator: Old Designator=U20 New Designator=U12
Change Component Designator: Old Designator=X4 New Designator=X2
