Change Component Designator: OldDesignator=C25 NewDesignator=C25
Change Component Designator: OldDesignator=C25 NewDesignator=C1
Change Component Designator: OldDesignator=C26 NewDesignator=C26
Change Component Designator: OldDesignator=C26 NewDesignator=C2
Change Component Designator: OldDesignator=C27 NewDesignator=C27
Change Component Designator: OldDesignator=C27 NewDesignator=C3
Change Component Designator: OldDesignator=C28 NewDesignator=C28
Change Component Designator: OldDesignator=C28 NewDesignator=C4
Change Component Designator: OldDesignator=C29 NewDesignator=C29
Change Component Designator: OldDesignator=C29 NewDesignator=C5
Change Component Designator: OldDesignator=C30 NewDesignator=C30
Change Component Designator: OldDesignator=C30 NewDesignator=C6
Change Component Designator: OldDesignator=C31 NewDesignator=C31
Change Component Designator: OldDesignator=C31 NewDesignator=C7
Change Component Designator: OldDesignator=C32 NewDesignator=C32
Change Component Designator: OldDesignator=C32 NewDesignator=C8
Change Component Designator: OldDesignator=C33 NewDesignator=C33
Change Component Designator: OldDesignator=C33 NewDesignator=C9
Change Component Designator: OldDesignator=C34 NewDesignator=C34
Change Component Designator: OldDesignator=C34 NewDesignator=C10
Change Component Designator: OldDesignator=C35 NewDesignator=C35
Change Component Designator: OldDesignator=C35 NewDesignator=C11
Change Component Designator: OldDesignator=C36 NewDesignator=C36
Change Component Designator: OldDesignator=C36 NewDesignator=C12
Change Component Designator: OldDesignator=C37 NewDesignator=C37
Change Component Designator: OldDesignator=C37 NewDesignator=C13
Change Component Designator: OldDesignator=C38 NewDesignator=C38
Change Component Designator: OldDesignator=C38 NewDesignator=C14
Change Component Designator: OldDesignator=C39 NewDesignator=C39
Change Component Designator: OldDesignator=C39 NewDesignator=C15
Change Component Designator: OldDesignator=C40 NewDesignator=C40
Change Component Designator: OldDesignator=C40 NewDesignator=C16
Change Component Designator: OldDesignator=C41 NewDesignator=C41
Change Component Designator: OldDesignator=C41 NewDesignator=C17
Change Component Designator: OldDesignator=C42 NewDesignator=C42
Change Component Designator: OldDesignator=C42 NewDesignator=C18
Change Component Designator: OldDesignator=C43 NewDesignator=C43
Change Component Designator: OldDesignator=C43 NewDesignator=C19
Change Component Designator: OldDesignator=C44 NewDesignator=C44
Change Component Designator: OldDesignator=C44 NewDesignator=C20
Change Component Designator: OldDesignator=C45 NewDesignator=C45
Change Component Designator: OldDesignator=C45 NewDesignator=C21
Change Component Designator: OldDesignator=C46 NewDesignator=C46
Change Component Designator: OldDesignator=C46 NewDesignator=C22
Change Component Designator: OldDesignator=C47 NewDesignator=C47
Change Component Designator: OldDesignator=C47 NewDesignator=C23
Change Component Designator: OldDesignator=C48 NewDesignator=C48
Change Component Designator: OldDesignator=C48 NewDesignator=C24
Change Component Designator: OldDesignator=L3 NewDesignator=L3
Change Component Designator: OldDesignator=L3 NewDesignator=L1
Change Component Designator: OldDesignator=L4 NewDesignator=L4
Change Component Designator: OldDesignator=L4 NewDesignator=L2
Change Component Designator: OldDesignator=R21 NewDesignator=R21
Change Component Designator: OldDesignator=R21 NewDesignator=R1
Change Component Designator: OldDesignator=R22 NewDesignator=R22
Change Component Designator: OldDesignator=R22 NewDesignator=R2
Change Component Designator: OldDesignator=R23 NewDesignator=R23
Change Component Designator: OldDesignator=R23 NewDesignator=R3
Change Component Designator: OldDesignator=R24 NewDesignator=R24
Change Component Designator: OldDesignator=R24 NewDesignator=R4
Change Component Designator: OldDesignator=R25 NewDesignator=R25
Change Component Designator: OldDesignator=R25 NewDesignator=R5
Change Component Designator: OldDesignator=R26 NewDesignator=R26
Change Component Designator: OldDesignator=R26 NewDesignator=R6
Change Component Designator: OldDesignator=R27 NewDesignator=R27
Change Component Designator: OldDesignator=R27 NewDesignator=R7
Change Component Designator: OldDesignator=R28 NewDesignator=R28
Change Component Designator: OldDesignator=R28 NewDesignator=R8
Change Component Designator: OldDesignator=R29 NewDesignator=R29
Change Component Designator: OldDesignator=R29 NewDesignator=R9
Change Component Designator: OldDesignator=R30 NewDesignator=R30
Change Component Designator: OldDesignator=R30 NewDesignator=R10
Change Component Designator: OldDesignator=R31 NewDesignator=R31
Change Component Designator: OldDesignator=R31 NewDesignator=R11
Change Component Designator: OldDesignator=R32 NewDesignator=R32
Change Component Designator: OldDesignator=R32 NewDesignator=R12
Change Component Designator: OldDesignator=R33 NewDesignator=R33
Change Component Designator: OldDesignator=R33 NewDesignator=R13
Change Component Designator: OldDesignator=R34 NewDesignator=R34
Change Component Designator: OldDesignator=R34 NewDesignator=R14
Change Component Designator: OldDesignator=R35 NewDesignator=R35
Change Component Designator: OldDesignator=R35 NewDesignator=R15
Change Component Designator: OldDesignator=R36 NewDesignator=R36
Change Component Designator: OldDesignator=R36 NewDesignator=R16
Change Component Designator: OldDesignator=R37 NewDesignator=R37
Change Component Designator: OldDesignator=R37 NewDesignator=R17
Change Component Designator: OldDesignator=R38 NewDesignator=R38
Change Component Designator: OldDesignator=R38 NewDesignator=R18
Change Component Designator: OldDesignator=R39 NewDesignator=R39
Change Component Designator: OldDesignator=R39 NewDesignator=R19
Change Component Designator: OldDesignator=R40 NewDesignator=R40
Change Component Designator: OldDesignator=R40 NewDesignator=R20
Change Component Designator: OldDesignator=U3 NewDesignator=U3
Change Component Designator: OldDesignator=U3 NewDesignator=U1
Change Component Designator: OldDesignator=U4 NewDesignator=U4
Change Component Designator: OldDesignator=U4 NewDesignator=U2
Change Component Designator: OldDesignator=X2 NewDesignator=X2
Change Component Designator: OldDesignator=X2 NewDesignator=X1
