Change Component Designator: OldDesignator=C1 NewDesignator=C124
Change Component Designator: OldDesignator=C2 NewDesignator=C125
Change Component Designator: OldDesignator=C3 NewDesignator=C126
Change Component Designator: OldDesignator=C4 NewDesignator=C127
Change Component Designator: OldDesignator=C5 NewDesignator=C128
Change Component Designator: OldDesignator=C6 NewDesignator=C129
Change Component Designator: OldDesignator=C7 NewDesignator=C130
Change Component Designator: OldDesignator=C8 NewDesignator=C131
Change Component Designator: OldDesignator=C9 NewDesignator=C132
Change Component Designator: OldDesignator=C10 NewDesignator=C133
Change Component Designator: OldDesignator=C11 NewDesignator=C134
Change Component Designator: OldDesignator=C12 NewDesignator=C135
Change Component Designator: OldDesignator=C13 NewDesignator=C123
Change Component Designator: OldDesignator=C14 NewDesignator=C122
Change Component Designator: OldDesignator=C15 NewDesignator=C121
Change Component Designator: OldDesignator=C16 NewDesignator=C120
Change Component Designator: OldDesignator=C17 NewDesignator=C119
Change Component Designator: OldDesignator=C18 NewDesignator=C118
Change Component Designator: OldDesignator=C19 NewDesignator=C117
Change Component Designator: OldDesignator=C20 NewDesignator=C116
Change Component Designator: OldDesignator=C21 NewDesignator=C115
Change Component Designator: OldDesignator=C22 NewDesignator=C114
Change Component Designator: OldDesignator=C23 NewDesignator=C113
Change Component Designator: OldDesignator=C24 NewDesignator=C112
Change Component Designator: OldDesignator=C25 NewDesignator=C111
Change Component Designator: OldDesignator=C26 NewDesignator=C110
Change Component Designator: OldDesignator=C27 NewDesignator=C109
Change Component Designator: OldDesignator=C28 NewDesignator=C99
Change Component Designator: OldDesignator=C29 NewDesignator=C98
Change Component Designator: OldDesignator=C30 NewDesignator=C107
Change Component Designator: OldDesignator=C31 NewDesignator=C108
Change Component Designator: OldDesignator=C32 NewDesignator=C97
Change Component Designator: OldDesignator=C33 NewDesignator=C96
Change Component Designator: OldDesignator=C34 NewDesignator=C106
Change Component Designator: OldDesignator=C35 NewDesignator=C94
Change Component Designator: OldDesignator=C36 NewDesignator=C104
Change Component Designator: OldDesignator=C37 NewDesignator=C105
Change Component Designator: OldDesignator=C38 NewDesignator=C95
Change Component Designator: OldDesignator=C39 NewDesignator=C92
Change Component Designator: OldDesignator=C40 NewDesignator=C102
Change Component Designator: OldDesignator=C41 NewDesignator=C103
Change Component Designator: OldDesignator=C42 NewDesignator=C93
Change Component Designator: OldDesignator=C43 NewDesignator=C90
Change Component Designator: OldDesignator=C44 NewDesignator=C100
Change Component Designator: OldDesignator=C45 NewDesignator=C101
Change Component Designator: OldDesignator=C46 NewDesignator=C91
Change Component Designator: OldDesignator=C47 NewDesignator=C89
Change Component Designator: OldDesignator=C48 NewDesignator=C87
Change Component Designator: OldDesignator=C49 NewDesignator=C88
Change Component Designator: OldDesignator=C50 NewDesignator=C86
Change Component Designator: OldDesignator=C51 NewDesignator=C85
Change Component Designator: OldDesignator=C52 NewDesignator=C84
Change Component Designator: OldDesignator=C53 NewDesignator=C83
Change Component Designator: OldDesignator=C54 NewDesignator=C79
Change Component Designator: OldDesignator=C55 NewDesignator=C80
Change Component Designator: OldDesignator=C56 NewDesignator=C81
Change Component Designator: OldDesignator=C57 NewDesignator=C82
Change Component Designator: OldDesignator=C58 NewDesignator=C78
Change Component Designator: OldDesignator=C59 NewDesignator=C77
Change Component Designator: OldDesignator=C60 NewDesignator=C76
Change Component Designator: OldDesignator=C61 NewDesignator=C75
Change Component Designator: OldDesignator=C62 NewDesignator=C71
Change Component Designator: OldDesignator=C63 NewDesignator=C72
Change Component Designator: OldDesignator=C64 NewDesignator=C73
Change Component Designator: OldDesignator=C65 NewDesignator=C74
Change Component Designator: OldDesignator=C66 NewDesignator=C70
Change Component Designator: OldDesignator=C67 NewDesignator=C69
Change Component Designator: OldDesignator=C68 NewDesignator=C67
Change Component Designator: OldDesignator=C69 NewDesignator=C68
Change Component Designator: OldDesignator=C70 NewDesignator=C66
Change Component Designator: OldDesignator=C71 NewDesignator=C65
Change Component Designator: OldDesignator=C72 NewDesignator=C59
Change Component Designator: OldDesignator=C73 NewDesignator=C60
Change Component Designator: OldDesignator=C74 NewDesignator=C61
Change Component Designator: OldDesignator=C75 NewDesignator=C62
Change Component Designator: OldDesignator=C76 NewDesignator=C63
Change Component Designator: OldDesignator=C77 NewDesignator=C64
Change Component Designator: OldDesignator=C78 NewDesignator=C57
Change Component Designator: OldDesignator=C79 NewDesignator=C58
Change Component Designator: OldDesignator=C80 NewDesignator=C55
Change Component Designator: OldDesignator=C81 NewDesignator=C56
Change Component Designator: OldDesignator=C82 NewDesignator=C54
Change Component Designator: OldDesignator=C83 NewDesignator=C53
Change Component Designator: OldDesignator=C84 NewDesignator=C52
Change Component Designator: OldDesignator=C85 NewDesignator=C51
Change Component Designator: OldDesignator=C86 NewDesignator=C50
Change Component Designator: OldDesignator=C87 NewDesignator=C49
Change Component Designator: OldDesignator=C88 NewDesignator=C24
Change Component Designator: OldDesignator=C24 NewDesignator=C48
Change Component Designator: OldDesignator=C89 NewDesignator=C23
Change Component Designator: OldDesignator=C23 NewDesignator=C47
Change Component Designator: OldDesignator=C90 NewDesignator=C22
Change Component Designator: OldDesignator=C22 NewDesignator=C46
Change Component Designator: OldDesignator=C91 NewDesignator=C21
Change Component Designator: OldDesignator=C21 NewDesignator=C45
Change Component Designator: OldDesignator=C92 NewDesignator=C15
Change Component Designator: OldDesignator=C15 NewDesignator=C39
Change Component Designator: OldDesignator=C93 NewDesignator=C16
Change Component Designator: OldDesignator=C16 NewDesignator=C40
Change Component Designator: OldDesignator=C94 NewDesignator=C17
Change Component Designator: OldDesignator=C17 NewDesignator=C41
Change Component Designator: OldDesignator=C95 NewDesignator=C18
Change Component Designator: OldDesignator=C18 NewDesignator=C42
Change Component Designator: OldDesignator=C96 NewDesignator=C19
Change Component Designator: OldDesignator=C19 NewDesignator=C43
Change Component Designator: OldDesignator=C97 NewDesignator=C20
Change Component Designator: OldDesignator=C20 NewDesignator=C44
Change Component Designator: OldDesignator=C98 NewDesignator=C14
Change Component Designator: OldDesignator=C14 NewDesignator=C38
Change Component Designator: OldDesignator=C99 NewDesignator=C13
Change Component Designator: OldDesignator=C13 NewDesignator=C37
Change Component Designator: OldDesignator=C100 NewDesignator=C12
Change Component Designator: OldDesignator=C12 NewDesignator=C36
Change Component Designator: OldDesignator=C101 NewDesignator=C8
Change Component Designator: OldDesignator=C8 NewDesignator=C32
Change Component Designator: OldDesignator=C102 NewDesignator=C9
Change Component Designator: OldDesignator=C9 NewDesignator=C33
Change Component Designator: OldDesignator=C103 NewDesignator=C10
Change Component Designator: OldDesignator=C10 NewDesignator=C34
Change Component Designator: OldDesignator=C104 NewDesignator=C11
Change Component Designator: OldDesignator=C11 NewDesignator=C35
Change Component Designator: OldDesignator=C105 NewDesignator=C7
Change Component Designator: OldDesignator=C7 NewDesignator=C31
Change Component Designator: OldDesignator=C106 NewDesignator=C6
Change Component Designator: OldDesignator=C6 NewDesignator=C30
Change Component Designator: OldDesignator=C107 NewDesignator=C5
Change Component Designator: OldDesignator=C5 NewDesignator=C29
Change Component Designator: OldDesignator=C108 NewDesignator=C4
Change Component Designator: OldDesignator=C4 NewDesignator=C28
Change Component Designator: OldDesignator=C109 NewDesignator=C3
Change Component Designator: OldDesignator=C3 NewDesignator=C27
Change Component Designator: OldDesignator=C110 NewDesignator=C2
Change Component Designator: OldDesignator=C2 NewDesignator=C26
Change Component Designator: OldDesignator=C111 NewDesignator=C1
Change Component Designator: OldDesignator=C1 NewDesignator=C25
Change Component Designator: OldDesignator=D1 NewDesignator=D6
Change Component Designator: OldDesignator=D2 NewDesignator=D5
Change Component Designator: OldDesignator=D3 NewDesignator=D4
Change Component Designator: OldDesignator=D4 NewDesignator=D3
Change Component Designator: OldDesignator=D5 NewDesignator=D2
Change Component Designator: OldDesignator=D6 NewDesignator=D1
Change Component Designator: OldDesignator=L1 NewDesignator=L10
Change Component Designator: OldDesignator=L2 NewDesignator=L9
Change Component Designator: OldDesignator=L3 NewDesignator=L8
Change Component Designator: OldDesignator=L4 NewDesignator=L5
Change Component Designator: OldDesignator=L5 NewDesignator=L7
Change Component Designator: OldDesignator=L7 NewDesignator=L2
Change Component Designator: OldDesignator=L2 NewDesignator=L4
Change Component Designator: OldDesignator=L8 NewDesignator=L1
Change Component Designator: OldDesignator=L1 NewDesignator=L3
Change Component Designator: OldDesignator=LED1 NewDesignator=LED8
Change Component Designator: OldDesignator=LED2 NewDesignator=LED7
Change Component Designator: OldDesignator=LED3 NewDesignator=LED5
Change Component Designator: OldDesignator=LED4 NewDesignator=LED6
Change Component Designator: OldDesignator=LED5 NewDesignator=LED4
Change Component Designator: OldDesignator=LED6 NewDesignator=LED3
Change Component Designator: OldDesignator=LED7 NewDesignator=LED1
Change Component Designator: OldDesignator=LED8 NewDesignator=LED2
Change Component Designator: OldDesignator=Q1 NewDesignator=Q11
Change Component Designator: OldDesignator=Q2 NewDesignator=Q10
Change Component Designator: OldDesignator=Q3 NewDesignator=Q8
Change Component Designator: OldDesignator=Q4 NewDesignator=Q9
Change Component Designator: OldDesignator=Q5 NewDesignator=Q7
Change Component Designator: OldDesignator=Q7 NewDesignator=Q5
Change Component Designator: OldDesignator=Q8 NewDesignator=Q4
Change Component Designator: OldDesignator=Q9 NewDesignator=Q3
Change Component Designator: OldDesignator=Q10 NewDesignator=Q2
Change Component Designator: OldDesignator=Q11 NewDesignator=Q1
Change Component Designator: OldDesignator=R1 NewDesignator=R107
Change Component Designator: OldDesignator=R2 NewDesignator=R108
Change Component Designator: OldDesignator=R3 NewDesignator=R106
Change Component Designator: OldDesignator=R4 NewDesignator=R102
Change Component Designator: OldDesignator=R5 NewDesignator=R103
Change Component Designator: OldDesignator=R6 NewDesignator=R104
Change Component Designator: OldDesignator=R7 NewDesignator=R105
Change Component Designator: OldDesignator=R8 NewDesignator=R101
Change Component Designator: OldDesignator=R9 NewDesignator=R99
Change Component Designator: OldDesignator=R10 NewDesignator=R100
Change Component Designator: OldDesignator=R11 NewDesignator=R98
Change Component Designator: OldDesignator=R12 NewDesignator=R97
Change Component Designator: OldDesignator=R13 NewDesignator=R96
Change Component Designator: OldDesignator=R14 NewDesignator=R95
Change Component Designator: OldDesignator=R15 NewDesignator=R94
Change Component Designator: OldDesignator=R16 NewDesignator=R93
Change Component Designator: OldDesignator=R17 NewDesignator=R92
Change Component Designator: OldDesignator=R18 NewDesignator=R91
Change Component Designator: OldDesignator=R19 NewDesignator=R90
Change Component Designator: OldDesignator=R20 NewDesignator=R89
Change Component Designator: OldDesignator=R21 NewDesignator=R87
Change Component Designator: OldDesignator=R22 NewDesignator=R88
Change Component Designator: OldDesignator=R23 NewDesignator=R86
Change Component Designator: OldDesignator=R24 NewDesignator=R85
Change Component Designator: OldDesignator=R25 NewDesignator=R83
Change Component Designator: OldDesignator=R26 NewDesignator=R84
Change Component Designator: OldDesignator=R27 NewDesignator=R82
Change Component Designator: OldDesignator=R28 NewDesignator=R81
Change Component Designator: OldDesignator=R29 NewDesignator=R80
Change Component Designator: OldDesignator=R30 NewDesignator=R79
Change Component Designator: OldDesignator=R31 NewDesignator=R78
Change Component Designator: OldDesignator=R32 NewDesignator=R77
Change Component Designator: OldDesignator=R33 NewDesignator=R75
Change Component Designator: OldDesignator=R34 NewDesignator=R76
Change Component Designator: OldDesignator=R35 NewDesignator=R74
Change Component Designator: OldDesignator=R36 NewDesignator=R73
Change Component Designator: OldDesignator=R37 NewDesignator=R71
Change Component Designator: OldDesignator=R38 NewDesignator=R70
Change Component Designator: OldDesignator=R39 NewDesignator=R68
Change Component Designator: OldDesignator=R40 NewDesignator=R69
Change Component Designator: OldDesignator=R41 NewDesignator=R66
Change Component Designator: OldDesignator=R42 NewDesignator=R67
Change Component Designator: OldDesignator=R43 NewDesignator=R72
Change Component Designator: OldDesignator=R44 NewDesignator=R65
Change Component Designator: OldDesignator=R45 NewDesignator=R64
Change Component Designator: OldDesignator=R46 NewDesignator=R63
Change Component Designator: OldDesignator=R47 NewDesignator=R62
Change Component Designator: OldDesignator=R48 NewDesignator=R60
Change Component Designator: OldDesignator=R49 NewDesignator=R61
Change Component Designator: OldDesignator=R50 NewDesignator=R59
Change Component Designator: OldDesignator=R51 NewDesignator=R57
Change Component Designator: OldDesignator=R52 NewDesignator=R58
Change Component Designator: OldDesignator=R53 NewDesignator=R56
Change Component Designator: OldDesignator=R54 NewDesignator=R55
Change Component Designator: OldDesignator=R55 NewDesignator=R54
Change Component Designator: OldDesignator=R56 NewDesignator=R53
Change Component Designator: OldDesignator=R57 NewDesignator=R52
Change Component Designator: OldDesignator=R58 NewDesignator=R51
Change Component Designator: OldDesignator=R59 NewDesignator=R50
Change Component Designator: OldDesignator=R60 NewDesignator=R49
Change Component Designator: OldDesignator=R61 NewDesignator=R48
Change Component Designator: OldDesignator=R62 NewDesignator=R46
Change Component Designator: OldDesignator=R63 NewDesignator=R47
Change Component Designator: OldDesignator=R64 NewDesignator=R45
Change Component Designator: OldDesignator=R65 NewDesignator=R44
Change Component Designator: OldDesignator=R66 NewDesignator=R42
Change Component Designator: OldDesignator=R67 NewDesignator=R43
Change Component Designator: OldDesignator=R68 NewDesignator=R41
Change Component Designator: OldDesignator=R69 NewDesignator=R20
Change Component Designator: OldDesignator=R20 NewDesignator=R40
Change Component Designator: OldDesignator=R70 NewDesignator=R19
Change Component Designator: OldDesignator=R19 NewDesignator=R39
Change Component Designator: OldDesignator=R71 NewDesignator=R18
Change Component Designator: OldDesignator=R18 NewDesignator=R38
Change Component Designator: OldDesignator=R72 NewDesignator=R17
Change Component Designator: OldDesignator=R17 NewDesignator=R37
Change Component Designator: OldDesignator=R73 NewDesignator=R16
Change Component Designator: OldDesignator=R16 NewDesignator=R36
Change Component Designator: OldDesignator=R74 NewDesignator=R15
Change Component Designator: OldDesignator=R15 NewDesignator=R35
Change Component Designator: OldDesignator=R75 NewDesignator=R14
Change Component Designator: OldDesignator=R14 NewDesignator=R34
Change Component Designator: OldDesignator=R76 NewDesignator=R13
Change Component Designator: OldDesignator=R13 NewDesignator=R33
Change Component Designator: OldDesignator=R77 NewDesignator=R12
Change Component Designator: OldDesignator=R12 NewDesignator=R32
Change Component Designator: OldDesignator=R78 NewDesignator=R11
Change Component Designator: OldDesignator=R11 NewDesignator=R31
Change Component Designator: OldDesignator=R79 NewDesignator=R10
Change Component Designator: OldDesignator=R10 NewDesignator=R30
Change Component Designator: OldDesignator=R80 NewDesignator=R9
Change Component Designator: OldDesignator=R9 NewDesignator=R29
Change Component Designator: OldDesignator=R81 NewDesignator=R8
Change Component Designator: OldDesignator=R8 NewDesignator=R28
Change Component Designator: OldDesignator=R82 NewDesignator=R7
Change Component Designator: OldDesignator=R7 NewDesignator=R27
Change Component Designator: OldDesignator=R83 NewDesignator=R6
Change Component Designator: OldDesignator=R6 NewDesignator=R26
Change Component Designator: OldDesignator=R84 NewDesignator=R5
Change Component Designator: OldDesignator=R5 NewDesignator=R25
Change Component Designator: OldDesignator=R85 NewDesignator=R4
Change Component Designator: OldDesignator=R4 NewDesignator=R24
Change Component Designator: OldDesignator=R86 NewDesignator=R2
Change Component Designator: OldDesignator=R2 NewDesignator=R22
Change Component Designator: OldDesignator=R87 NewDesignator=R3
Change Component Designator: OldDesignator=R3 NewDesignator=R23
Change Component Designator: OldDesignator=R88 NewDesignator=R1
Change Component Designator: OldDesignator=R1 NewDesignator=R21
Change Component Designator: OldDesignator=U1 NewDesignator=U15
Change Component Designator: OldDesignator=U2 NewDesignator=U16
Change Component Designator: OldDesignator=U3 NewDesignator=U14
Change Component Designator: OldDesignator=U4 NewDesignator=U13
Change Component Designator: OldDesignator=U5 NewDesignator=U12
Change Component Designator: OldDesignator=U6 NewDesignator=U11
Change Component Designator: OldDesignator=U7 NewDesignator=U10
Change Component Designator: OldDesignator=U8 NewDesignator=U9
Change Component Designator: OldDesignator=U9 NewDesignator=U8
Change Component Designator: OldDesignator=U10 NewDesignator=U7
Change Component Designator: OldDesignator=U11 NewDesignator=U5
Change Component Designator: OldDesignator=U11 NewDesignator=U5
Change Component Designator: OldDesignator=U11 NewDesignator=U5
Change Component Designator: OldDesignator=U12 NewDesignator=U6
Change Component Designator: OldDesignator=U13 NewDesignator=U1
Change Component Designator: OldDesignator=U1 NewDesignator=U3
Change Component Designator: OldDesignator=U14 NewDesignator=U2
Change Component Designator: OldDesignator=U2 NewDesignator=U4
Change Component Designator: OldDesignator=X1 NewDesignator=X4
Change Component Designator: OldDesignator=X2 NewDesignator=X3
Change Component Designator: OldDesignator=X3 NewDesignator=X1
Change Component Designator: OldDesignator=X1 NewDesignator=X2
