Change Component Designator: Old Designator=C63 New Designator=C90
Change Component Designator: Old Designator=C65 New Designator=C109
Change Component Designator: Old Designator=C66 New Designator=C88
Change Component Designator: Old Designator=C68 New Designator=C89
Change Component Designator: Old Designator=C68 New Designator=C98
Change Component Designator: Old Designator=C68 New Designator=C99
Change Component Designator: Old Designator=C68 New Designator=C105
Change Component Designator: Old Designator=C68 New Designator=C106
Change Component Designator: Old Designator=C68 New Designator=C107
Change Component Designator: Old Designator=C68 New Designator=C108
Change Component Designator: Old Designator=C68 New Designator=C110
Change Component Designator: Old Designator=C70 New Designator=C91
Change Component Designator: Old Designator=C70 New Designator=C92
Change Component Designator: Old Designator=C70 New Designator=C93
Change Component Designator: Old Designator=C70 New Designator=C94
Change Component Designator: Old Designator=C70 New Designator=C95
Change Component Designator: Old Designator=C70 New Designator=C96
Change Component Designator: Old Designator=C70 New Designator=C97
Change Component Designator: Old Designator=C70 New Designator=C101
Change Component Designator: Old Designator=C70 New Designator=C102
Change Component Designator: Old Designator=C70 New Designator=C103
Change Component Designator: Old Designator=C70 New Designator=C104
Change Component Designator: Old Designator=C71 New Designator=C111
Change Component Designator: Old Designator=C? New Designator=C100
Change Component Designator: Old Designator=L6 New Designator=L7
Change Component Designator: Old Designator=L7 New Designator=L8
Change Component Designator: Old Designator=R44 New Designator=R82
Change Component Designator: Old Designator=R48 New Designator=R84
Change Component Designator: Old Designator=R61 New Designator=R83
Change Component Designator: Old Designator=R61 New Designator=R85
Change Component Designator: Old Designator=R61 New Designator=R86
Change Component Designator: Old Designator=R61 New Designator=R87
Change Component Designator: Old Designator=R61 New Designator=R88
Change Component Designator: Old Designator=R? New Designator=R69
Change Component Designator: Old Designator=R? New Designator=R70
Change Component Designator: Old Designator=R? New Designator=R71
Change Component Designator: Old Designator=R? New Designator=R72
Change Component Designator: Old Designator=R? New Designator=R73
Change Component Designator: Old Designator=R? New Designator=R74
Change Component Designator: Old Designator=R? New Designator=R75
Change Component Designator: Old Designator=R? New Designator=R76
Change Component Designator: Old Designator=R? New Designator=R77
Change Component Designator: Old Designator=R? New Designator=R78
Change Component Designator: Old Designator=R? New Designator=R79
Change Component Designator: Old Designator=R? New Designator=R80
Change Component Designator: Old Designator=R? New Designator=R81
Change Component Designator: Old Designator=U15 New Designator=U14
Change Component Designator: Old Designator=U? New Designator=U13
Change Component Designator: Old Designator=X2 New Designator=X3
